08-08-2019 09:56:22 ERROR MailSender:215 - [Assunto:NF-e número 002690] Erro ao enviar a mensagem: No recipient addresses

::::::::::::::::::::::::::::::::::::::::::::::::
    Username .......... : ecar08
    Hostname .......... : PV241
    IP ................ : 10.33.1.107
::::::::::::::::::::::::::::::::::::::::::::::::

STACKTRACE: javax.mail.SendFailedException: No recipient addresses
	at javax.mail.Transport.send0(Transport.java:154)
	at javax.mail.Transport.send(Transport.java:124)
	at br.com.zeta.mail.helper.MailSender.sendMailNFe(MailSender.java:208)
	at br.com.zeta.mail.helper.MailSender.sendMail(MailSender.java:43)
	at br.com.zeta.mail.Main.main(Main.java:65)

08-08-2019 11:56:22 ERROR Utils:73 - [Assunto:NF-e número 002691] Email do destinatário não esta preenchido
08-08-2019 11:56:22 ERROR Utils:73 - [Assunto:NF-e número 002692] Email do destinatário não esta preenchido
08-08-2019 11:56:22 ERROR MailSender:215 - [Assunto:NF-e número 002692] Erro ao enviar a mensagem: No recipient addresses

::::::::::::::::::::::::::::::::::::::::::::::::
    Username .......... : ecar08
    Hostname .......... : PV241
    IP ................ : 10.33.1.107
::::::::::::::::::::::::::::::::::::::::::::::::

STACKTRACE: javax.mail.SendFailedException: No recipient addresses
	at javax.mail.Transport.send0(Transport.java:154)
	at javax.mail.Transport.send(Transport.java:124)
	at br.com.zeta.mail.helper.MailSender.sendMailNFe(MailSender.java:208)
	at br.com.zeta.mail.helper.MailSender.sendMail(MailSender.java:43)
	at br.com.zeta.mail.Main.main(Main.java:65)

08-08-2019 11:56:22 ERROR MailSender:215 - [Assunto:NF-e número 002691] Erro ao enviar a mensagem: No recipient addresses

::::::::::::::::::::::::::::::::::::::::::::::::
    Username .......... : ecar08
    Hostname .......... : PV241
    IP ................ : 10.33.1.107
::::::::::::::::::::::::::::::::::::::::::::::::

STACKTRACE: javax.mail.SendFailedException: No recipient addresses
	at javax.mail.Transport.send0(Transport.java:154)
	at javax.mail.Transport.send(Transport.java:124)
	at br.com.zeta.mail.helper.MailSender.sendMailNFe(MailSender.java:208)
	at br.com.zeta.mail.helper.MailSender.sendMail(MailSender.java:43)
	at br.com.zeta.mail.Main.main(Main.java:65)

08-08-2019 11:56:22 ERROR Utils:73 - [Assunto:NF-e número 002693] Email do destinatário não esta preenchido
08-08-2019 11:56:22 ERROR MailSender:215 - [Assunto:NF-e número 002693] Erro ao enviar a mensagem: No recipient addresses

::::::::::::::::::::::::::::::::::::::::::::::::
    Username .......... : ecar08
    Hostname .......... : PV241
    IP ................ : 10.33.1.107
::::::::::::::::::::::::::::::::::::::::::::::::

STACKTRACE: javax.mail.SendFailedException: No recipient addresses
	at javax.mail.Transport.send0(Transport.java:154)
	at javax.mail.Transport.send(Transport.java:124)
	at br.com.zeta.mail.helper.MailSender.sendMailNFe(MailSender.java:208)
	at br.com.zeta.mail.helper.MailSender.sendMail(MailSender.java:43)
	at br.com.zeta.mail.Main.main(Main.java:65)

08-08-2019 14:19:53 ERROR Utils:73 - [Assunto:[Cancelamento] NF-e número 002692] Email do destinatário não esta preenchido
08-08-2019 14:19:53 ERROR MailSender:215 - [Assunto:[Cancelamento] NF-e número 002692] Erro ao enviar a mensagem: No recipient addresses

::::::::::::::::::::::::::::::::::::::::::::::::
    Username .......... : ecar08
    Hostname .......... : PV241
    IP ................ : 10.33.1.107
::::::::::::::::::::::::::::::::::::::::::::::::

STACKTRACE: javax.mail.SendFailedException: No recipient addresses
	at javax.mail.Transport.send0(Transport.java:154)
	at javax.mail.Transport.send(Transport.java:124)
	at br.com.zeta.mail.helper.MailSender.sendMailNFe(MailSender.java:208)
	at br.com.zeta.mail.helper.MailSender.sendMail(MailSender.java:43)
	at br.com.zeta.mail.Main.main(Main.java:65)

08-08-2019 14:39:31 ERROR Utils:73 - [Assunto:NF-e número 002694] Email do destinatário não esta preenchido
08-08-2019 14:39:31 ERROR MailSender:215 - [Assunto:NF-e número 002694] Erro ao enviar a mensagem: No recipient addresses

::::::::::::::::::::::::::::::::::::::::::::::::
    Username .......... : reifel.carvalho
    Hostname .......... : PV241
    IP ................ : 10.33.1.107
::::::::::::::::::::::::::::::::::::::::::::::::

STACKTRACE: javax.mail.SendFailedException: No recipient addresses
	at javax.mail.Transport.send0(Transport.java:154)
	at javax.mail.Transport.send(Transport.java:124)
	at br.com.zeta.mail.helper.MailSender.sendMailNFe(MailSender.java:208)
	at br.com.zeta.mail.helper.MailSender.sendMail(MailSender.java:43)
	at br.com.zeta.mail.Main.main(Main.java:65)

08-08-2019 15:24:07 INFO  MailSender:141 - [Assunto:Cotação Solicitação de cotação de peças] Email enviado com sucesso!
::::::::::::::::::::::::::::::::::::::::::::::::
    Username .......... : ecar08
    Hostname .......... : PV241
    IP ................ : 10.33.1.107
::::::::::::::::::::::::::::::::::::::::::::::::

08-08-2019 15:24:12 INFO  MailSender:141 - [Assunto:Cotação Solicitação de cotação de peças] Email enviado com sucesso!
::::::::::::::::::::::::::::::::::::::::::::::::
    Username .......... : ecar08
    Hostname .......... : PV241
    IP ................ : 10.33.1.107
::::::::::::::::::::::::::::::::::::::::::::::::

08-08-2019 15:43:54 ERROR Utils:73 - [Assunto:NF-e número 002695] Email do destinatário não esta preenchido
08-08-2019 15:43:54 ERROR MailSender:215 - [Assunto:NF-e número 002695] Erro ao enviar a mensagem: No recipient addresses

::::::::::::::::::::::::::::::::::::::::::::::::
    Username .......... : ecar08
    Hostname .......... : PV241
    IP ................ : 10.33.1.107
::::::::::::::::::::::::::::::::::::::::::::::::

STACKTRACE: javax.mail.SendFailedException: No recipient addresses
	at javax.mail.Transport.send0(Transport.java:154)
	at javax.mail.Transport.send(Transport.java:124)
	at br.com.zeta.mail.helper.MailSender.sendMailNFe(MailSender.java:208)
	at br.com.zeta.mail.helper.MailSender.sendMail(MailSender.java:43)
	at br.com.zeta.mail.Main.main(Main.java:65)

08-08-2019 16:26:30 INFO  MailSender:141 - [Assunto:Ordem de Compra] Email enviado com sucesso!
::::::::::::::::::::::::::::::::::::::::::::::::
    Username .......... : ecar08
    Hostname .......... : PV241
    IP ................ : 10.33.1.107
::::::::::::::::::::::::::::::::::::::::::::::::

08-08-2019 16:35:07 INFO  MailSender:210 - [Assunto:NF-e número 002696] Email enviado com sucesso!
::::::::::::::::::::::::::::::::::::::::::::::::
    Username .......... : ecar07
    Hostname .......... : PV241
    IP ................ : 10.33.1.107
::::::::::::::::::::::::::::::::::::::::::::::::

08-08-2019 16:39:59 INFO  MailSender:210 - [Assunto:NF-e número 002697] Email enviado com sucesso!
::::::::::::::::::::::::::::::::::::::::::::::::
    Username .......... : ecar08
    Hostname .......... : PV241
    IP ................ : 10.33.1.107
::::::::::::::::::::::::::::::::::::::::::::::::

09-08-2019 14:42:56 ERROR Utils:73 - [Assunto:NF-e número 002698] Email do destinatário não esta preenchido
09-08-2019 14:42:56 ERROR MailSender:215 - [Assunto:NF-e número 002698] Erro ao enviar a mensagem: No recipient addresses

::::::::::::::::::::::::::::::::::::::::::::::::
    Username .......... : alexandre.souza
    Hostname .......... : PV241
    IP ................ : 10.33.1.107
::::::::::::::::::::::::::::::::::::::::::::::::

STACKTRACE: javax.mail.SendFailedException: No recipient addresses
	at javax.mail.Transport.send0(Transport.java:154)
	at javax.mail.Transport.send(Transport.java:124)
	at br.com.zeta.mail.helper.MailSender.sendMailNFe(MailSender.java:208)
	at br.com.zeta.mail.helper.MailSender.sendMail(MailSender.java:43)
	at br.com.zeta.mail.Main.main(Main.java:65)

09-08-2019 16:31:13 ERROR Utils:73 - [Assunto:NF-e número 002699] Email do destinatário não esta preenchido
09-08-2019 16:31:14 ERROR MailSender:215 - [Assunto:NF-e número 002699] Erro ao enviar a mensagem: No recipient addresses

::::::::::::::::::::::::::::::::::::::::::::::::
    Username .......... : leonardo.freitas
    Hostname .......... : PV241
    IP ................ : 10.33.1.107
::::::::::::::::::::::::::::::::::::::::::::::::

STACKTRACE: javax.mail.SendFailedException: No recipient addresses
	at javax.mail.Transport.send0(Transport.java:154)
	at javax.mail.Transport.send(Transport.java:124)
	at br.com.zeta.mail.helper.MailSender.sendMailNFe(MailSender.java:208)
	at br.com.zeta.mail.helper.MailSender.sendMail(MailSender.java:43)
	at br.com.zeta.mail.Main.main(Main.java:65)

09-08-2019 17:05:11 INFO  MailSender:141 - [Assunto:Cotação Solicitação de cotação de peças] Email enviado com sucesso!
::::::::::::::::::::::::::::::::::::::::::::::::
    Username .......... : ecar08
    Hostname .......... : PV241
    IP ................ : 10.33.1.107
::::::::::::::::::::::::::::::::::::::::::::::::

09-08-2019 17:05:16 INFO  MailSender:141 - [Assunto:Cotação Solicitação de cotação de peças] Email enviado com sucesso!
::::::::::::::::::::::::::::::::::::::::::::::::
    Username .......... : ecar08
    Hostname .......... : PV241
    IP ................ : 10.33.1.107
::::::::::::::::::::::::::::::::::::::::::::::::

09-08-2019 17:05:20 INFO  MailSender:141 - [Assunto:Cotação Solicitação de cotação de peças] Email enviado com sucesso!
::::::::::::::::::::::::::::::::::::::::::::::::
    Username .......... : ecar08
    Hostname .......... : PV241
    IP ................ : 10.33.1.107
::::::::::::::::::::::::::::::::::::::::::::::::

09-08-2019 17:05:24 INFO  MailSender:141 - [Assunto:Cotação Solicitação de cotação de peças] Email enviado com sucesso!
::::::::::::::::::::::::::::::::::::::::::::::::
    Username .......... : ecar08
    Hostname .......... : PV241
    IP ................ : 10.33.1.107
::::::::::::::::::::::::::::::::::::::::::::::::

09-08-2019 17:07:33 INFO  MailSender:141 - [Assunto:Cotação Solicitação de cotação de peças] Email enviado com sucesso!
::::::::::::::::::::::::::::::::::::::::::::::::
    Username .......... : ecar08
    Hostname .......... : PV241
    IP ................ : 10.33.1.107
::::::::::::::::::::::::::::::::::::::::::::::::

09-08-2019 17:07:37 INFO  MailSender:141 - [Assunto:Cotação Solicitação de cotação de peças] Email enviado com sucesso!
::::::::::::::::::::::::::::::::::::::::::::::::
    Username .......... : ecar08
    Hostname .......... : PV241
    IP ................ : 10.33.1.107
::::::::::::::::::::::::::::::::::::::::::::::::

09-08-2019 17:07:41 INFO  MailSender:141 - [Assunto:Cotação Solicitação de cotação de peças] Email enviado com sucesso!
::::::::::::::::::::::::::::::::::::::::::::::::
    Username .......... : ecar08
    Hostname .......... : PV241
    IP ................ : 10.33.1.107
::::::::::::::::::::::::::::::::::::::::::::::::

09-08-2019 17:07:46 INFO  MailSender:141 - [Assunto:Cotação Solicitação de cotação de peças] Email enviado com sucesso!
::::::::::::::::::::::::::::::::::::::::::::::::
    Username .......... : ecar08
    Hostname .......... : PV241
    IP ................ : 10.33.1.107
::::::::::::::::::::::::::::::::::::::::::::::::

12-08-2019 07:48:47 INFO  MailSender:141 - [Assunto:Ordem de Compra] Email enviado com sucesso!
::::::::::::::::::::::::::::::::::::::::::::::::
    Username .......... : ecar08
    Hostname .......... : PV241
    IP ................ : 10.33.1.107
::::::::::::::::::::::::::::::::::::::::::::::::

12-08-2019 10:08:10 ERROR Utils:73 - [Assunto:NF-e número 002700] Email do destinatário não esta preenchido
12-08-2019 10:08:10 ERROR MailSender:215 - [Assunto:NF-e número 002700] Erro ao enviar a mensagem: No recipient addresses

::::::::::::::::::::::::::::::::::::::::::::::::
    Username .......... : ecar07
    Hostname .......... : PV241
    IP ................ : 10.33.1.107
::::::::::::::::::::::::::::::::::::::::::::::::

STACKTRACE: javax.mail.SendFailedException: No recipient addresses
	at javax.mail.Transport.send0(Transport.java:154)
	at javax.mail.Transport.send(Transport.java:124)
	at br.com.zeta.mail.helper.MailSender.sendMailNFe(MailSender.java:208)
	at br.com.zeta.mail.helper.MailSender.sendMail(MailSender.java:43)
	at br.com.zeta.mail.Main.main(Main.java:65)

12-08-2019 11:45:21 ERROR Utils:73 - [Assunto:NF-e número 002701] Email do destinatário não esta preenchido
12-08-2019 11:45:21 ERROR MailSender:215 - [Assunto:NF-e número 002701] Erro ao enviar a mensagem: No recipient addresses

::::::::::::::::::::::::::::::::::::::::::::::::
    Username .......... : ecar02
    Hostname .......... : PV241
    IP ................ : 10.33.1.107
::::::::::::::::::::::::::::::::::::::::::::::::

STACKTRACE: javax.mail.SendFailedException: No recipient addresses
	at javax.mail.Transport.send0(Transport.java:154)
	at javax.mail.Transport.send(Transport.java:124)
	at br.com.zeta.mail.helper.MailSender.sendMailNFe(MailSender.java:208)
	at br.com.zeta.mail.helper.MailSender.sendMail(MailSender.java:43)
	at br.com.zeta.mail.Main.main(Main.java:65)

12-08-2019 11:49:37 INFO  MailSender:141 - [Assunto:Cotação Solicitação de cotação de peças] Email enviado com sucesso!
::::::::::::::::::::::::::::::::::::::::::::::::
    Username .......... : ecar08
    Hostname .......... : PV241
    IP ................ : 10.33.1.107
::::::::::::::::::::::::::::::::::::::::::::::::

12-08-2019 11:49:42 INFO  MailSender:141 - [Assunto:Cotação Solicitação de cotação de peças] Email enviado com sucesso!
::::::::::::::::::::::::::::::::::::::::::::::::
    Username .......... : ecar08
    Hostname .......... : PV241
    IP ................ : 10.33.1.107
::::::::::::::::::::::::::::::::::::::::::::::::

12-08-2019 11:49:46 INFO  MailSender:141 - [Assunto:Cotação Solicitação de cotação de peças] Email enviado com sucesso!
::::::::::::::::::::::::::::::::::::::::::::::::
    Username .......... : ecar08
    Hostname .......... : PV241
    IP ................ : 10.33.1.107
::::::::::::::::::::::::::::::::::::::::::::::::

12-08-2019 11:49:50 INFO  MailSender:141 - [Assunto:Cotação Solicitação de cotação de peças] Email enviado com sucesso!
::::::::::::::::::::::::::::::::::::::::::::::::
    Username .......... : ecar08
    Hostname .......... : PV241
    IP ................ : 10.33.1.107
::::::::::::::::::::::::::::::::::::::::::::::::

12-08-2019 11:53:36 INFO  MailSender:141 - [Assunto:Ordem de Compra] Email enviado com sucesso!
::::::::::::::::::::::::::::::::::::::::::::::::
    Username .......... : ecar08
    Hostname .......... : PV241
    IP ................ : 10.33.1.107
::::::::::::::::::::::::::::::::::::::::::::::::

12-08-2019 13:56:11 INFO  MailSender:141 - [Assunto:Serviço Zeta Execute] Email enviado com sucesso!
::::::::::::::::::::::::::::::::::::::::::::::::
    Username .......... : PV241$
    Hostname .......... : PV241
    IP ................ : 10.33.1.107
::::::::::::::::::::::::::::::::::::::::::::::::

12-08-2019 14:51:52 ERROR Utils:73 - [Assunto:NF-e número 002702] Email do destinatário não esta preenchido
12-08-2019 14:51:52 ERROR MailSender:215 - [Assunto:NF-e número 002702] Erro ao enviar a mensagem: No recipient addresses

::::::::::::::::::::::::::::::::::::::::::::::::
    Username .......... : ecar04
    Hostname .......... : PV241
    IP ................ : 10.33.1.107
::::::::::::::::::::::::::::::::::::::::::::::::

STACKTRACE: javax.mail.SendFailedException: No recipient addresses
	at javax.mail.Transport.send0(Transport.java:154)
	at javax.mail.Transport.send(Transport.java:124)
	at br.com.zeta.mail.helper.MailSender.sendMailNFe(MailSender.java:208)
	at br.com.zeta.mail.helper.MailSender.sendMail(MailSender.java:43)
	at br.com.zeta.mail.Main.main(Main.java:65)

12-08-2019 15:00:03 INFO  MailSender:141 - [Assunto:Cotação Solicitação de cotação de peças] Email enviado com sucesso!
::::::::::::::::::::::::::::::::::::::::::::::::
    Username .......... : ecar08
    Hostname .......... : PV241
    IP ................ : 10.33.1.107
::::::::::::::::::::::::::::::::::::::::::::::::

12-08-2019 15:00:08 INFO  MailSender:141 - [Assunto:Cotação Solicitação de cotação de peças] Email enviado com sucesso!
::::::::::::::::::::::::::::::::::::::::::::::::
    Username .......... : ecar08
    Hostname .......... : PV241
    IP ................ : 10.33.1.107
::::::::::::::::::::::::::::::::::::::::::::::::

12-08-2019 15:00:12 INFO  MailSender:141 - [Assunto:Cotação Solicitação de cotação de peças] Email enviado com sucesso!
::::::::::::::::::::::::::::::::::::::::::::::::
    Username .......... : ecar08
    Hostname .......... : PV241
    IP ................ : 10.33.1.107
::::::::::::::::::::::::::::::::::::::::::::::::

12-08-2019 15:09:37 ERROR Utils:73 - [Assunto:NF-e número 002703] Email do destinatário não esta preenchido
12-08-2019 15:09:38 ERROR MailSender:215 - [Assunto:NF-e número 002703] Erro ao enviar a mensagem: No recipient addresses

::::::::::::::::::::::::::::::::::::::::::::::::
    Username .......... : ecar06
    Hostname .......... : PV241
    IP ................ : 10.33.1.107
::::::::::::::::::::::::::::::::::::::::::::::::

STACKTRACE: javax.mail.SendFailedException: No recipient addresses
	at javax.mail.Transport.send0(Transport.java:154)
	at javax.mail.Transport.send(Transport.java:124)
	at br.com.zeta.mail.helper.MailSender.sendMailNFe(MailSender.java:208)
	at br.com.zeta.mail.helper.MailSender.sendMail(MailSender.java:43)
	at br.com.zeta.mail.Main.main(Main.java:65)

12-08-2019 15:52:53 ERROR Utils:73 - [Assunto:NF-e número 002704] Email do destinatário não esta preenchido
12-08-2019 15:52:53 ERROR MailSender:215 - [Assunto:NF-e número 002704] Erro ao enviar a mensagem: No recipient addresses

::::::::::::::::::::::::::::::::::::::::::::::::
    Username .......... : ecar04
    Hostname .......... : PV241
    IP ................ : 10.33.1.107
::::::::::::::::::::::::::::::::::::::::::::::::

STACKTRACE: javax.mail.SendFailedException: No recipient addresses
	at javax.mail.Transport.send0(Transport.java:154)
	at javax.mail.Transport.send(Transport.java:124)
	at br.com.zeta.mail.helper.MailSender.sendMailNFe(MailSender.java:208)
	at br.com.zeta.mail.helper.MailSender.sendMail(MailSender.java:43)
	at br.com.zeta.mail.Main.main(Main.java:65)

13-08-2019 08:27:10 ERROR Utils:73 - [Assunto:NF-e número 002705] Email do destinatário não esta preenchido
13-08-2019 08:27:10 ERROR MailSender:215 - [Assunto:NF-e número 002705] Erro ao enviar a mensagem: No recipient addresses

::::::::::::::::::::::::::::::::::::::::::::::::
    Username .......... : ecar06
    Hostname .......... : PV241
    IP ................ : 10.33.1.107
::::::::::::::::::::::::::::::::::::::::::::::::

STACKTRACE: javax.mail.SendFailedException: No recipient addresses
	at javax.mail.Transport.send0(Transport.java:154)
	at javax.mail.Transport.send(Transport.java:124)
	at br.com.zeta.mail.helper.MailSender.sendMailNFe(MailSender.java:208)
	at br.com.zeta.mail.helper.MailSender.sendMail(MailSender.java:43)
	at br.com.zeta.mail.Main.main(Main.java:65)

13-08-2019 09:31:40 INFO  MailSender:141 - [Assunto:Ordem de Compra] Email enviado com sucesso!
::::::::::::::::::::::::::::::::::::::::::::::::
    Username .......... : ecar08
    Hostname .......... : PV241
    IP ................ : 10.33.1.107
::::::::::::::::::::::::::::::::::::::::::::::::

13-08-2019 10:16:52 ERROR Utils:73 - [Assunto:NF-e número 002706] Email do destinatário não esta preenchido
13-08-2019 10:16:52 ERROR MailSender:215 - [Assunto:NF-e número 002706] Erro ao enviar a mensagem: No recipient addresses

::::::::::::::::::::::::::::::::::::::::::::::::
    Username .......... : ecar07
    Hostname .......... : PV241
    IP ................ : 10.33.1.107
::::::::::::::::::::::::::::::::::::::::::::::::

STACKTRACE: javax.mail.SendFailedException: No recipient addresses
	at javax.mail.Transport.send0(Transport.java:154)
	at javax.mail.Transport.send(Transport.java:124)
	at br.com.zeta.mail.helper.MailSender.sendMailNFe(MailSender.java:208)
	at br.com.zeta.mail.helper.MailSender.sendMail(MailSender.java:43)
	at br.com.zeta.mail.Main.main(Main.java:65)

13-08-2019 14:26:16 ERROR Utils:73 - [Assunto:NF-e número 002707] Email do destinatário não esta preenchido
13-08-2019 14:26:16 ERROR MailSender:215 - [Assunto:NF-e número 002707] Erro ao enviar a mensagem: No recipient addresses

::::::::::::::::::::::::::::::::::::::::::::::::
    Username .......... : ecar04
    Hostname .......... : PV241
    IP ................ : 10.33.1.107
::::::::::::::::::::::::::::::::::::::::::::::::

STACKTRACE: javax.mail.SendFailedException: No recipient addresses
	at javax.mail.Transport.send0(Transport.java:154)
	at javax.mail.Transport.send(Transport.java:124)
	at br.com.zeta.mail.helper.MailSender.sendMailNFe(MailSender.java:208)
	at br.com.zeta.mail.helper.MailSender.sendMail(MailSender.java:43)
	at br.com.zeta.mail.Main.main(Main.java:65)

13-08-2019 15:17:42 ERROR Utils:73 - [Assunto:NF-e número 002708] Email do destinatário não esta preenchido
13-08-2019 15:17:43 ERROR MailSender:215 - [Assunto:NF-e número 002708] Erro ao enviar a mensagem: No recipient addresses

::::::::::::::::::::::::::::::::::::::::::::::::
    Username .......... : ecar06
    Hostname .......... : PV241
    IP ................ : 10.33.1.107
::::::::::::::::::::::::::::::::::::::::::::::::

STACKTRACE: javax.mail.SendFailedException: No recipient addresses
	at javax.mail.Transport.send0(Transport.java:154)
	at javax.mail.Transport.send(Transport.java:124)
	at br.com.zeta.mail.helper.MailSender.sendMailNFe(MailSender.java:208)
	at br.com.zeta.mail.helper.MailSender.sendMail(MailSender.java:43)
	at br.com.zeta.mail.Main.main(Main.java:65)

13-08-2019 16:47:41 INFO  MailSender:210 - [Assunto:NF-e número 002709] Email enviado com sucesso!
::::::::::::::::::::::::::::::::::::::::::::::::
    Username .......... : ecar02
    Hostname .......... : PV241
    IP ................ : 10.33.1.107
::::::::::::::::::::::::::::::::::::::::::::::::

13-08-2019 17:43:58 INFO  MailSender:210 - [Assunto:NF-e número 002710] Email enviado com sucesso!
::::::::::::::::::::::::::::::::::::::::::::::::
    Username .......... : ecar07
    Hostname .......... : PV241
    IP ................ : 10.33.1.107
::::::::::::::::::::::::::::::::::::::::::::::::

