Unable to open MDI window (No APPLICATION active)
Process PID=00004EB4  Image: C:\ERP\Esteticar\zeta.exe
Thread 2  Handle=00000368  TID=000049D0

Stack frame: 0D71B88C

Call Stack:
0141DF22
0141E248
0097963D
009204FC
00321136
02BC4578
02B65F2F
02B67E5D
01385285

Clarion modules:
01000000  08.00:9563  C:\ERP\Esteticar\ClaRUN.dll
056F0000  08.00:9563  C:\ERP\Esteticar\ClaASC.dll
05710000  08.00:9563  C:\ERP\Esteticar\ClaTPS.dll
00C50000  08.00:9563  C:\ERP\Esteticar\ZWACC.dll
05730000  08.00:9563  C:\ERP\Esteticar\ClaDOS.dll
07500000  08.00:9563  C:\ERP\Esteticar\ZWFUNCOESWMF.dll
003C0000  08.00:9563  C:\ERP\Esteticar\ZWFUNCOES.dll
05780000  08.00:9759  C:\ERP\Esteticar\IQXML80.dll
00550000  08.00:9563  C:\ERP\Esteticar\ZW15ARQ.dll
00030000  08.00:9563  C:\ERP\Esteticar\ZW33TAB.dll
06E50000  08.00:9563  C:\ERP\Esteticar\ZWFAARQ.dll
06110000  08.00:9563  C:\ERP\Esteticar\ClaOLE.dll
090D0000  08.00:9563  C:\ERP\Esteticar\ClaDB3.dll
09100000  08.00:9563  C:\ERP\Esteticar\ClaDB4.dll
09130000  08.00:9563  C:\ERP\Esteticar\ClaODB.dll
06CC0000  08.00:9563  C:\ERP\Esteticar\ZWENARQ.dll
00310000  08.00:9563  C:\ERP\Esteticar\ZWIND.dll
09050000  08.00:9563  C:\ERP\Esteticar\ZWCMARQ.dll
06F10000  08.00:9563  C:\ERP\Esteticar\ZWFLARQ.dll
06660000  08.00:9563  C:\ERP\Esteticar\ZWCOARQ.dll
068A0000  08.00:9563  C:\ERP\Esteticar\ZWCXARQ.dll
00FF0000  08.00:9563  C:\ERP\Esteticar\ZWPEDP.dll
06E30000  08.00:9563  C:\ERP\Esteticar\ZWETARQ.dll
077C0000  08.00:9563  C:\ERP\Esteticar\ZWGIND.dll
077D0000  08.00:9563  C:\ERP\Esteticar\ZWPRARQ.dll
07F60000  08.00:9563  C:\ERP\Esteticar\ZWREEMB.dll
07D50000  08.00:9563  C:\ERP\Esteticar\ZWVARQ.dll
06BE0000  08.00:9563  C:\ERP\Esteticar\ZWDARQ.dll
06EB0000  08.00:9563  C:\ERP\Esteticar\ZWFIARQ.dll
08A50000  08.00:9563  C:\ERP\Esteticar\ZW33NFCE.dll
09180000  08.00:9563  C:\ERP\Esteticar\ZWAGFC.dll
09200000  08.00:9563  C:\ERP\Esteticar\ZWAOCM.dll
044F0000  08.00:9563  C:\ERP\Esteticar\ZWRELHTM.dll
09330000  08.00:9563  C:\ERP\Esteticar\ZWEIARQ.dll
07620000  08.00:9563  C:\ERP\Esteticar\E_PON.dll
07630000  08.00:9563  C:\ERP\Esteticar\ZWPOARQ.dll
076A0000  08.00:9563  C:\ERP\Esteticar\ZWSOPE.dll
07600000  08.00:9563  C:\ERP\Esteticar\ZWOCARQ.dll
07320000  08.00:9563  C:\ERP\Esteticar\ZWFRARQ.dll
07400000  08.00:9563  C:\ERP\Esteticar\ZWFRREL.dll
07380000  08.00:9563  C:\ERP\Esteticar\ZWFRFNC.dll
07310000  08.00:9563  C:\ERP\Esteticar\EXT_FRE.dll
035F0000  08.00:9563  C:\ERP\Esteticar\ZWFRPRI.dll
06E70000  08.00:9563  C:\ERP\Esteticar\ZWRFAS.dll
06170000  08.00:9563  C:\ERP\Esteticar\ZW15FIC.dll
05BE0000  08.00:9563  C:\ERP\Esteticar\ZW15REL.dll
09090000  08.00:9563  C:\ERP\Esteticar\ZWCMREL.dll
00FC0000  08.00:9563  C:\ERP\Esteticar\ZWMSG.dll
068F0000  08.00:9563  C:\ERP\Esteticar\ZWCXREL.dll
06F90000  08.00:9563  C:\ERP\Esteticar\ZWFLX2.dll
070E0000  08.00:9563  C:\ERP\Esteticar\ZWFLREL.dll
070B0000  08.00:9563  C:\ERP\Esteticar\ZWFLCABC.dll
078A0000  08.00:9563  C:\ERP\Esteticar\ZWRPRO.dll
03DC0000  08.00:9563  C:\ERP\Esteticar\ZWOCORR.dll
088C0000  08.00:9563  C:\ERP\Esteticar\ZWVCXA.dll
07650000  08.00:9563  C:\ERP\Esteticar\ZWRPON.dll
060F0000  08.00:9563  C:\ERP\Esteticar\ZWGPON.dll
03E00000  08.00:9563  C:\ERP\Esteticar\ZWPONTO.dll
00F60000  08.00:9563  C:\ERP\Esteticar\ZWHENT.dll
092C0000  08.00:9563  C:\ERP\Esteticar\ZWEID.dll
092A0000  08.00:9563  C:\ERP\Esteticar\EXT_VEN.dll
08980000  08.00:9563  C:\ERP\Esteticar\ZWVFRE.dll
04CE0000  08.00:9563  C:\ERP\Esteticar\ZWVCHAM.dll
07E60000  08.00:9563  C:\ERP\Esteticar\ZWVFCH.dll
06960000  08.00:9563  C:\ERP\Esteticar\ZWSCU.dll
07F70000  08.00:9563  C:\ERP\Esteticar\ZWRVEN.dll
09280000  08.00:9563  C:\ERP\Esteticar\ZWROCM.dll
09230000  08.00:9563  C:\ERP\Esteticar\ZWFOCM.dll
07EC0000  08.00:9563  C:\ERP\Esteticar\ZWOCM.dll
07C40000  08.00:9563  C:\ERP\Esteticar\ZWGVEN.dll
091F0000  08.00:9563  C:\ERP\Esteticar\ZWRGFC.dll
091B0000  08.00:9563  C:\ERP\Esteticar\ZWFGFC.dll
076D0000  08.00:9563  C:\ERP\Esteticar\ZWGFC.dll
06990000  08.00:9563  C:\ERP\Esteticar\ZWVFNC.dll
04520000  08.00:9563  C:\ERP\Esteticar\ZWRENT.dll
06700000  08.00:9563  C:\ERP\Esteticar\ZWRCOM.dll
07C20000  08.00:9563  C:\ERP\Esteticar\EXT_SERV.dll
04810000  08.00:9563  C:\ERP\Esteticar\ZWSERV.dll
06440000  08.00:9563  C:\ERP\Esteticar\ZWGFISCA.dll
060C0000  08.00:9563  C:\ERP\Esteticar\ZWGFAS.dll
02CB0000  08.00:9563  C:\ERP\Esteticar\ZWFISCA.dll
024B0000  08.00:9563  C:\ERP\Esteticar\ZWEXPNF.dll
06380000  08.00:9563  C:\ERP\Esteticar\ZWECEP.dll
05670000  08.00:9563  C:\ERP\Esteticar\ZWWSI.dll
06C30000  08.00:9563  C:\ERP\Esteticar\ZWDFNC.dll
00E00000  08.00:9563  C:\ERP\Esteticar\ZWDIM.dll
04D80000  08.00:9563  C:\ERP\Esteticar\ZWVEN.dll
06D30000  08.00:9563  C:\ERP\Esteticar\ZWMOD.dll
03D10000  08.00:9563  C:\ERP\Esteticar\ZWGENT.dll
00E80000  08.00:9563  C:\ERP\Esteticar\ZWDOCMNT.dll
064E0000  08.00:9563  C:\ERP\Esteticar\ZWGPRO.dll
049F0000  08.00:9563  C:\ERP\Esteticar\ZWTAB.dll
076B0000  08.00:9563  C:\ERP\Esteticar\EXT_PRO.dll
03ED0000  08.00:9563  C:\ERP\Esteticar\ZWPRO.dll
066D0000  08.00:9563  C:\ERP\Esteticar\ZWETG.dll
001D0000  08.00:9563  C:\ERP\Esteticar\ZWETIQ.dll
01D40000  08.00:9563  C:\ERP\Esteticar\ZWDOC.dll
03270000  08.00:9563  C:\ERP\Esteticar\ZWFLUXO.dll
068D0000  08.00:9563  C:\ERP\Esteticar\ZWCXGLO.dll
00D40000  08.00:9563  C:\ERP\Esteticar\ZWCXF.dll
03180000  08.00:9563  C:\ERP\Esteticar\ZWFLPAG.dll
063F0000  08.00:9563  C:\ERP\Esteticar\ZWGCOM.dll
06340000  08.00:9563  C:\ERP\Esteticar\ZW15IMG.dll
06630000  08.00:9563  C:\ERP\Esteticar\E_CPR.dll
01870000  08.00:9563  C:\ERP\Esteticar\ZWCOMPRS.dll
07090000  08.00:9563  C:\ERP\Esteticar\EXT_FLU.dll
05F10000  08.00:9563  C:\ERP\Esteticar\ZWFLGLO.dll
09070000  08.00:9563  C:\ERP\Esteticar\ZWCMGLO.dll
06C70000  08.00:9563  C:\ERP\Esteticar\ZWCMIS.dll
01FA0000  08.00:9563  C:\ERP\Esteticar\ZWENT.dll
00600000  08.00:9563  C:\ERP\Esteticar\ZW15CON.dll
00740000  08.00:9563  C:\ERP\Esteticar\ZW15ENT.dll
06130000  08.00:9563  C:\ERP\Esteticar\EXT_ENT.dll
01180000  08.00:9563  C:\ERP\Esteticar\ZW15OPE.dll
02B60000  08.00:9563  C:\ERP\Esteticar\ZWFASES.dll
05750000  08.00:9563  C:\ERP\Esteticar\E_FAS.dll
00850000  08.00:9563  C:\ERP\Esteticar\ZW15GLO.dll
00320000  08.00:9563  C:\ERP\Esteticar\EXTERNAL.dll
037D0000  08.00:9563  C:\ERP\Esteticar\ZWFUNC1.dll
00490000  08.00:9563  C:\ERP\Esteticar\BRWCONF.dll
001B0000  08.00:9563  C:\ERP\Esteticar\ZWBACK.dll
07BF0000  08.00:9563  C:\ERP\Esteticar\EXT_RES.dll
047D0000  08.00:9563  C:\ERP\Esteticar\ZWRESUMO.dll
00400000  08.00:9563  C:\ERP\Esteticar\zeta.exe
0B7D0000  08.00:9563  C:\ERP\Esteticar\zwpaacc.dll

Thread stack:
0D71B880: 01 00 00 00  8C B8 71 0D  20 BB 71 0D  C4 B8 71 0D 
0D71B890: 22 DF 41 01  28 A5 49 0D  2C A5 49 0D  1B 00 00 00 
0D71B8A0: AC 38 4F 01  1B 00 00 00  8C 25 72 0D  2C 54 72 0D 
0D71B8B0: 58 88 74 0D  C0 88 74 0D  2C 88 74 0D  C4 B8 71 0D 
0D71B8C0: 20 BB 71 0D  20 BB 71 0D  48 E2 41 01  B8 E1 CC 0F 
0D71B8D0: B0 D1 CC 0F  01 00 00 00  0B 00 00 00  C9 02 00 00 
0D71B8E0: 33 B9 71 20  05 7A 1B 00  00 00 00 01  00 00 00 08 
0D71B8F0: 29 79 1B E8  46 4F 01 00  00 00 00 00  40 00 00 08 
0D71B900: 29 79 1B 40  D5 67 1B 04  47 4F 01 00  00 00 00 00 
0D71B910: 40 00 00 40  D5 67 1B 27  B9 71 0D B0  46 4F 01 00 
0D71B920: 00 00 00 78  00 00 00 20  20 20 20 20  20 20 20 20 
0D71B930: 20 20 20 20  20 20 20 20  20 20 20 20  20 20 20 20 
0D71B940: 20 20 20 20  20 20 20 20  20 20 20 20  20 20 20 20 
0D71B950: 20 20 20 20  20 20 20 20  20 20 20 20  20 20 20 20 
0D71B960: 20 20 20 20  20 20 20 20  20 20 20 20  20 20 20 20 
0D71B970: 20 20 20 20  20 20 20 20  20 20 20 20  20 20 20 20 
0D71B980: 20 20 20 20  20 20 20 20  20 20 20 20  20 20 20 20 
0D71B990: 20 20 20 20  20 20 20 20  20 20 20 20  20 20 20 00 
0D71B9A0: EB 77 1B 60  E0 7A 1B D0  46 4F 01 00  00 00 00 00 
0D71B9B0: 10 00 00 60  E0 7A 1B 0B  00 00 00 5A  4D 45 43 5F 
0D71B9C0: 4D 75 64 61  72 53 69 74  75 61 63 61  6F 4D 6F 76 
0D71B9D0: 69 6D 65 6E  74 6F 20 20  20 20 20 20  20 20 20 20 
0D71B9E0: 20 20 20 20  20 20 20 20  20 20 20 20  20 20 20 20 
0D71B9F0: 20 20 20 20  20 20 20 20  20 20 20 20  20 20 20 20 
0D71BA00: 20 20 20 20  20 20 20 20  20 20 20 20  20 20 20 20 
0D71BA10: 20 20 20 20  20 20 20 20  20 20 20 20  20 20 20 20 
0D71BA20: 20 20 20 20  20 20 20 20  20 20 20 20  20 20 20 20 
0D71BA30: 20 20 20 20  20 20 20 20  20 20 20 20  20 20 20 20 
0D71BA40: 20 20 20 20  20 20 20 20  20 20 20 20  20 20 20 20 
0D71BA50: 20 20 20 20  20 20 20 20  20 20 20 20  20 20 20 20 
0D71BA60: 20 20 20 20  20 20 20 20  20 20 20 20  20 20 20 20 
0D71BA70: 20 20 20 20  20 20 20 20  20 20 20 20  20 20 20 20 
0D71BA80: 20 20 20 20  20 20 20 20  20 20 20 20  20 20 20 20 
0D71BA90: 20 20 20 20  20 20 20 20  20 20 20 20  20 20 20 20 
0D71BAA0: 20 20 20 20  20 20 20 20  20 20 20 20  20 20 20 20 
0D71BAB0: 20 20 20 20  20 20 20 20  20 20 20 20  20 20 20 20 
0D71BAC0: 20 20 20 20  20 20 20 20  20 20 20 20  20 20 20 20 
0D71BAD0: 20 20 20 20  20 40 6E 30  36 62 00 0D  F0 EC 0B 0E 
0D71BAE0: 0B 00 00 00  0B 00 00 00  F0 00 00 00  00 00 00 00 
0D71BAF0: 00 A0 91 7C  1B 00 00 00  00 C9 02 00  00 80 AC 78 
0D71BB00: 1B 02 00 00  00 01 00 00  00 00 00 40  02 00 00 00 
0D71BB10: 48 D2 CB 0F  00 00 00 00  01 00 00 00  20 BB 71 0D 
0D71BB20: 10 BD 71 0D  3D 96 97 00  00 00 00 00  60 45 73 1B 
0D71BB30: 00 10 00 00  06 00 00 00  F0 35 A1 00  00 10 00 00 
0D71BB40: 93 0B 00 00  00 7E BB 71  0D C9 02 00  00 D8 FC 81 
0D71BB50: 1B 8C 25 72  0D 28 A5 49  0D A6 BB 71  0D CA BC 71 
0D71BB60: 0D D0 BC 71  0D B5 BC 71  0D 92 BB 71  0D 9C 17 72 
0D71BB70: 0D 0C 5B 73  0D 2C A5 49  0D 04 00 00  00 00 20 20 
0D71BB80: 20 20 20 20  20 20 20 20  20 20 20 20  20 20 20 20 
0D71BB90: 20 20 46 69  6E 61 6C 69  7A 61 64 6F  20 20 20 20 
0D71BBA0: 20 20 20 20  20 20 5A 4D  45 43 5F 47  72 61 76 61 
0D71BBB0: 72 44 61 64  6F 73 46 61  73 65 73 4F  53 08 E8 79 
0D71BBC0: 1B 00 10 00  00 BD 71 0D  00 1D 08 01  84 C7 13 01 
0D71BBD0: 20 BC 14 10  B8 56 73 1B  00 56 73 1B  B8 56 73 1B 
0D71BBE0: 53 00 00 00  47 00 00 00  32 4B 01 01  88 56 73 1B 
0D71BBF0: B8 56 73 1B  68 C4 1A 10  B8 56 00 00  70 C4 1A 10 
0D71BC00: F8 21 17 10  AB AC 00 01  20 BC 14 10  20 BC 14 10 
0D71BC10: B8 56 73 1B  72 B1 00 01  20 BC 14 10  04 D4 12 01 
0D71BC20: 7B B0 00 01  C0 D5 12 01  04 D4 12 01  20 EE 17 10 
0D71BC30: 5C BC 71 0D  C3 E0 00 01  2C 25 72 0D  4C 25 72 0D 
0D71BC40: 10 BD 71 0D  58 BC 71 0D  20 EE 17 10  B8 0B 00 00 
0D71BC50: 00 00 00 00  20 EE 17 10  78 CC 14 10  53 45 52 3A 
0D71BC60: 4F 62 73 65  72 76 61 63  61 6F 49 6E  74 0B 00 00 
0D71BC70: 00 00 00 00  00 00 00 26  40 0B 00 00  00 00 00 00 
0D71BC80: 00 00 00 22  40 0B 00 00  00 00 00 00  00 00 00 32 
0D71BC90: 40 0B 00 00  00 00 00 00  00 00 00 31  40 0B 00 00 
0D71BCA0: 00 00 00 00  00 00 00 14  40 0B 00 00  00 00 00 00 
0D71BCB0: 00 00 00 33  40 40 6E 30  36 62 00 10  B4 BD 71 0D 
0D71BCC0: 00 1D 08 01  84 C7 13 01  60 00 00 00  00 00 15 39 
0D71BCD0: 00 00 00 00  22 35 00 00  01 45 23 03  00 00 00 00 
0D71BCE0: 00 00 00 00  70 7F 6F 1B  01 00 00 00  00 00 00 00 
0D71BCF0: B4 BD 71 0D  02 00 00 00  01 00 00 00  70 7F 6F 1B 
0D71BD00: B8 8D A3 00  E0 16 CD 0F  41 59 00 00  10 BD 71 0D 
0D71BD10: B4 BD 71 0D  FC 04 92 00  60 45 73 1B  28 3C 7A 1B 
0D71BD20: B4 BD 71 0D  38 BD 71 0D  60 45 73 1B  04 BE 71 0D 
0D71BD30: 04 BE 71 0D  00 10 00 00  10 CE 28 A5  49 0D 38 9B 
0D71BD40: 73 1B 08 01  07 00 00 00  08 F2 0B 0E  00 01 00 00 
0D71BD50: F0 2C 0F 10  FE 41 0B 01  07 00 78 BD  71 0D 80 BD 
0D71BD60: 71 0D 90 BD  71 0D 2C A5  49 0D 71 0D  20 00 00 00 
0D71BD70: 12 00 00 00  EE 00 00 00  00 00 00 00  00 00 00 00 
0D71BD80: 00 00 00 00  00 00 00 00  04 BE 71 0D  00 00 00 00 
0D71BD90: 4D 65 63 61  6E 69 63 61  45 78 65 63  75 74 65 38 
0D71BDA0: 9B 73 1B 00  00 00 00 00  02 00 00 00  01 00 00 00 
0D71BDB0: B4 BD 71 0D  64 BE 71 0D  36 11 32 00  C9 02 00 00 
0D71BDC0: 60 45 73 1B  64 BE 71 0D  DC BD 71 0D  60 45 73 1B 
0D71BDD0: 06 00 00 00  00 00 00 00  00 10 00 00  81 01 00 00 
0D71BDE0: 00 B2 01 01  C9 00 10 00  00 04 34 0C  64 00 00 00 
0D71BDF0: 00 00 00 00  00 00 00 00  03 45 58 54  5F 45 78 65 
0D71BE00: 63 75 74 65  28 3C 7A 1B  10 20 32 00  00 00 00 00 
0D71BE10: 00 10 00 00  31 1B BD 02  3C 75 4F 0D  D8 B0 5A 1B 
0D71BE20: 64 BE 71 0D  38 BE 71 0D  C9 02 00 00  A0 8A 4F 0D 
0D71BE30: 00 BF 71 0D  01 00 00 00  00 28 A5 49  0D 2C A5 49 
0D71BE40: 0D 01 00 00  00 46 41 53  5F 41 74 75  61 6C 69 7A 
0D71BE50: 61 72 4F 72  69 67 65 6D  02 00 00 00  01 00 00 00 
0D71BE60: 64 BE 71 0D  90 BF 71 0D  78 45 BC 02  EC C1 71 0D 
0D71BE70: D0 A0 5A 1B  20 34 00 00  BD BF 71 0D  07 00 00 00 
0D71BE80: 02 00 00 00  3E BF 71 0D  40 77 4F 0D  00 00 00 00 
0D71BE90: 07 00 00 00  28 A5 49 0D  A0 8A 4F 0D  D1 BE 71 0D 
0D71BEA0: 95 31 35 00  35 37 01 00  45 BF 71 0D  F0 74 4F 0D 
0D71BEB0: 55 BF 71 0D  BD BF 71 0D  2C A5 49 0D  20 34 00 00 
0D71BEC0: A0 8A 4F 0D  01 00 00 00  01 00 00 05  00 30 00 00 
0D71BED0: 00 46 69 6E  61 6C 69 7A  61 64 6F 20  20 20 20 20 
0D71BEE0: 20 20 20 20  20 20 20 20  20 20 20 20  20 20 20 7F 
0D71BEF0: 0E 7F 02 01  00 00 00 00  00 00 00 00  00 F0 3F 7F 
0D71BF00: 0E 7F 02 1A  00 00 00 00  00 00 00 00  00 3A 40 00 
0D71BF10: 00 00 00 00  47 96 00 00  26 35 37 01  00 05 30 35 
0D71BF20: 00 35 37 01  00 95 31 35  00 8B 90 58  16 FD 3F 52 
0D71BF30: 3F 00 C6 11  00 00 00 00  00 00 C6 11  00 00 00 00 
0D71BF40: 00 00 00 47  96 0F BF 71  0D 4C 8F BF  02 10 A3 75 
0D71BF50: 1B 27 00 00  00 46 41 53  46 65 63 68  61 54 6F 64 
0D71BF60: 6F 73 54 72  61 62 61 6C  68 6F 73 50  72 6F 63 65 
0D71BF70: 73 73 6F 01  20 34 00 00  E8 B6 01 01  02 00 00 00 
0D71BF80: 20 1C 70 1B  00 00 00 00  01 00 00 00  90 BF 71 0D 
0D71BF90: CC BF 71 0D  2F 5F B6 02  D0 A0 5A 1B  00 10 00 00 
0D71BFA0: 90 C0 71 0D  C8 90 5A 1B  16 00 00 00  40 1B 1A 10 
0D71BFB0: 00 00 00 00  00 BD BF 71  0D 00 00 00  40 00 00 00 
0D71BFC0: 00 00 47 96  CC BF 71 0D  EC C1 71 0D  EC C1 71 0D 
0D71BFD0: 5D 7E B6 02  2C C6 71 0D  C8 90 5A 1B  EC C1 71 0D 
0D71BFE0: F4 BF 71 0D  C8 90 5A 1B  16 00 00 00  00 00 00 00 
0D71BFF0: 00 10 00 00  9C C1 71 0D  01 00 00 00  00 00 00 00 
0D71C000: 7C 28 8E 74  42 47 E5 1D  40 00 00 00  9C C1 71 0D 
0D71C010: 00 00 00 00  00 F1 3F 75  E4 C0 71 0D  EC C0 71 0D 
0D71C020: F4 C0 71 0D  FC C0 71 0D  04 C1 71 0D  0C C1 71 0D 
0D71C030: 14 C1 71 0D  1C C1 71 0D  24 C1 71 0D  2C C1 71 0D 
0D71C040: 34 C1 71 0D  3C C1 71 0D  44 C1 71 0D  4C C1 71 0D 
0D71C050: 54 C1 71 0D  5C C1 71 0D  64 C1 71 0D  6C C1 71 0D 
0D71C060: 74 C1 71 0D  7C C1 71 0D  84 C1 71 0D  8C C1 71 0D 
0D71C070: 94 C1 71 0D  9C C1 71 0D  A4 C1 71 0D  AC C1 71 0D 
0D71C080: B4 C1 71 0D  BC C1 71 0D  CC C1 71 0D  C4 C1 71 0D 
0D71C090: 46 61 73 65  73 45 78 65  63 75 74 65  02 02 00 00 
0D71C0A0: E4 C3 13 01  74 CA 05 01  02 02 00 00  18 00 0F 00 
0D71C0B0: 3A 09 0F 00  02 02 00 00  00 00 00 00  18 00 0F 00 
0D71C0C0: 00 00 00 00  01 00 00 00  71 8E 3C 75  3A 09 0F 00 
0D71C0D0: 02 02 00 00  00 00 00 00  18 00 0F 00  02 02 00 00 
0D71C0E0: CD AB BA DC  00 00 00 00  00 00 00 00  00 00 00 00 
0D71C0F0: 00 00 00 00  00 00 00 00  00 00 00 00  00 00 00 00 
0D71C100: 00 00 00 00  00 00 00 00  00 00 00 00  00 00 00 00 
0D71C110: 00 00 00 00  00 00 00 00  00 00 00 00  00 00 00 00 
0D71C120: 00 00 00 00  00 00 00 00  00 00 00 00  00 00 00 00 
0D71C130: 00 00 00 00  00 00 00 00  00 00 00 00  00 00 00 00 
0D71C140: 00 00 00 00  00 00 00 00  00 00 00 00  00 00 00 00 
0D71C150: 00 00 00 00  00 00 00 00  00 00 00 00  00 00 00 00 
0D71C160: 00 00 00 00  00 00 00 00  00 00 00 00  00 00 00 00 
0D71C170: 00 00 00 00  00 00 00 00  00 00 00 00  00 00 00 00 
0D71C180: 00 00 00 00  00 00 00 00  00 00 00 00  00 00 00 00 
0D71C190: 00 00 00 00  00 00 00 00  00 00 00 00  00 00 00 00 
0D71C1A0: 00 00 00 00  00 00 00 00  00 00 00 00  00 00 00 00 
0D71C1B0: 00 00 00 00  00 00 00 00  00 00 00 00  00 00 00 00 
0D71C1C0: 00 00 00 00  00 00 00 00  00 00 00 00  00 00 00 00 
0D71C1D0: 00 00 00 00  58 22 18 10  00 00 00 00  00 10 00 00 
0D71C1E0: C8 90 5A 1B  00 00 00 00  EC C1 71 0D  14 C2 71 0D 
0D71C1F0: 85 52 38 01  45 78 76 1B  00 00 00 00  50 5C 81 1B 
0D71C200: 00 00 00 00  0C C3 71 0D  0C C3 71 00  14 C2 71 0D 
0D71C210: 2C C6 71 0D  2C C6 71 0D  EF 63 38 01  0C C3 71 0D 
0D71C220: 44 C2 71 0D  04 A9 0D 01  45 78 76 1B  50 5C 81 1B 
0D71C230: 9E 78 76 1B  00 00 00 00  50 5C 81 1B  9E 78 76 1B 
0D71C240: 00 00 00 00  0C C3 71 0D  CF 86 0D 01  F8 77 76 1B 
0D71C250: 00 00 00 00  48 AC 7F 1B  9E 78 76 1B  50 5C 81 1B 
0D71C260: F8 77 76 1B  50 5C 81 1B  0C 82 0D 01  9E 78 76 1B 
0D71C270: 00 00 00 00  84 01 13 01  00 00 00 00  F8 77 76 1B 
0D71C280: F8 77 76 1B  00 00 00 00  0C C3 71 0D  20 6B 0D 01 
0D71C290: 97 6B 0D 01  28 A5 49 0D  2C A5 49 0D  00 00 00 00 
0D71C2A0: 0C C3 71 0D  E3 5E 38 01  00 00 00 00  F8 77 76 1B 
0D71C2B0: 00 00 00 FE  00 00 00 06  00 00 00 00  00 00 00 00 
0D71C2C0: E4 C2 71 0D  00 00 00 00  1E 04 10 00  01 B0 00 00 
0D71C2D0: 00 00 00 00  00 00 00 00  87 11 2A 44  4C 02 00 00 
0D71C2E0: 1F 01 00 00  3A 09 0F 00  02 02 00 00  00 00 00 00 
0D71C2F0: 18 00 0F 00  C6 11 2A 44  4C 02 00 00  1F 01 00 00 
0D71C300: 2E 9E 0F 01  00 00 00 00  0C C3 71 0D  2C C6 71 0D 
0D71C310: D8 6C 38 01  3D 4A 74 1B  00 00 00 00  2C C6 71 0D 
0D71C320: 34 C3 71 0D  01 00 00 00  D4 CB 71 0D  00 00 00 00 
0D71C330: 1A 00 00 00  20 F8 7A 76  1B EA 2C 35  00 01 00 00 
0D71C340: 00 01 7A 00  00 00 7A 00  00 00 41 4C  49 4E 4F 20 
0D71C350: 20 20 20 20  20 20 20 20  20 20 20 20  20 20 20 20 
0D71C360: 20 20 20 20  20 20 20 20  20 20 20 20  20 20 20 20 
0D71C370: 20 20 20 20  20 20 20 20  20 20 20 20  20 20 20 20 
0D71C380: 20 20 20 20  20 20 20 20  20 20 20 20  20 20 20 20 
0D71C390: 20 20 20 20  20 20 20 20  20 20 20 20  20 20 20 20 
0D71C3A0: 20 20 20 20  20 20 20 20  20 20 20 20  20 20 39 39 
0D71C3B0: 30 32 30 30  30 37 31 33  20 20 20 20  20 20 20 20 
0D71C3C0: 20 20 20 20  20 20 20 20  20 20 20 20  20 20 20 20 
0D71C3D0: 20 20 20 20  20 20 20 20  20 20 20 20  20 20 20 20 
0D71C3E0: 20 20 20 20  20 20 20 20  20 20 20 20  20 20 20 20 
0D71C3F0: 20 20 20 20  20 20 20 20  20 20 20 20  20 20 20 20 
0D71C400: 20 20 20 20  20 20 20 20  20 20 20 20  20 20 20 20 
0D71C410: 20 20 20 20  20 20 20 20  20 20 20 20  20 20 20 20 
0D71C420: 20 20 20 20  20 20 20 20  20 20 20 20  20 20 20 20 
0D71C430: 20 20 20 20  20 20 20 20  20 20 20 20  20 20 20 20 
0D71C440: 20 20 20 20  20 20 20 20  20 20 20 20  20 20 20 20 
0D71C450: 20 20 20 20  20 20 20 20  20 20 20 20  20 20 20 20 
0D71C460: 20 20 20 20  20 20 20 20  20 20 20 20  20 20 20 20 
0D71C470: 20 20 20 20  20 20 20 20  20 20 20 20  20 20 20 20 
0D71C480: 20 20 20 20  20 20 20 20  20 20 20 20  20 20 20 20 
0D71C490: 20 20 20 20  20 20 20 20  20 20 20 20  20 20 20 20 
0D71C4A0: 20 20 20 20  20 20 20 20  20 20 20 20  20 01 00 00 
0D71C4B0: 00 00 02 00  00 00 F8 77  76 1B 01 00  00 00 C8 76 
0D71C4C0: 76 1B 01 00  00 00 00 00  00 00 00 01  50 00 01 00 
0D71C4D0: 00 00 E2 C4  71 0D 64 DA  4C 01 B8 E2  7C 1B 8B 00 
0D71C4E0: 00 00 BC 12  00 00 00 00  45 6D 20 41  6E 64 61 6D 
0D71C4F0: 65 6E 74 6F  20 20 20 20  20 20 20 20  20 20 20 20 
0D71C500: 20 20 20 20  20 20 4D 41  54 45 52 49  41 4C 20 20 
0D71C510: 20 20 20 20  20 20 20 20  20 20 20 20  20 20 20 20 
0D71C520: 20 20 20 20  20 20 20 20  20 20 20 20  20 20 20 20 
0D71C530: 20 20 20 20  20 20 20 20  20 20 20 20  20 20 20 20 
0D71C540: 20 20 20 20  20 20 20 20  20 20 20 20  20 20 20 20 
0D71C550: 20 20 20 20  20 20 20 20  20 20 20 20  20 20 20 20 
0D71C560: 20 20 20 20  20 20 20 20  20 20 01 00  01 00 00 00 
0D71C570: 00 98 C5 71  0D F8 DA 4C  01 D8 7F 82  1B 8B 00 00 
0D71C580: 00 57 69 6E  53 65 6C 65  63 69 6F 6E  61 4F 53 46 
0D71C590: 61 73 65 73  1A 00 00 00  BC 12 00 00  09 00 45 6D 
0D71C5A0: 20 41 6E 64  61 6D 65 6E  74 6F 20 20  20 20 20 20 
0D71C5B0: 20 20 20 20  20 20 20 20  20 20 20 20  4D 41 54 45 
0D71C5C0: 52 49 41 4C  20 20 20 20  20 20 20 20  20 20 20 20 
0D71C5D0: 20 20 20 20  20 20 20 20  20 20 20 20  20 20 20 20 
0D71C5E0: 20 20 20 20  20 20 20 20  20 20 20 20  20 20 20 20 
0D71C5F0: 20 20 20 20  20 20 20 20  20 20 20 20  20 20 20 20 
0D71C600: 20 20 20 20  20 20 20 20  20 20 20 20  20 20 20 20 
0D71C610: 20 20 20 20  20 20 20 20  20 20 20 20  20 20 20 20 
0D71C620: 01 00 01 C9  02 00 00 01  2C C6 71 0D  48 C6 71 0D 
0D71C630: 16 09 38 01  98 76 76 1B  00 00 00 00  40 C7 71 0D 
0D71C640: 48 C6 71 0D  D4 CB 71 0D  D4 CB 71 0D  56 48 38 01 
0D71C650: 40 C7 71 0D  78 C6 71 0D  04 A9 0D 01  3D 4A 74 1B 
0D71C660: 98 76 76 1B  96 4A 74 1B  00 00 00 00  98 76 76 1B 
0D71C670: 96 4A 74 1B  00 00 00 00  40 C7 71 0D  CF 86 0D 01 
0D71C680: F0 49 74 1B  00 00 00 00  D8 83 C6 0F  96 4A 74 1B 
0D71C690: 98 76 76 1B  F0 49 74 1B  98 76 76 1B  0C 82 0D 01 
0D71C6A0: 96 4A 74 1B  00 00 00 00  84 01 13 01  00 00 00 00 
0D71C6B0: F0 49 74 1B  F0 49 74 1B  00 00 00 00  40 C7 71 0D 
0D71C6C0: 20 6B 0D 01  97 6B 0D 01  28 A5 49 0D  2C A5 49 0D 
0D71C6D0: 00 00 00 00  40 C7 71 0D  49 45 38 01  00 00 00 00 
0D71C6E0: F0 49 74 1B  00 00 00 06  7D 00 00 B0  00 00 00 00 
0D71C6F0: 00 00 00 00  18 C7 71 0D  00 00 00 00  70 01 05 00 
0D71C700: 01 B0 00 00  00 00 00 00  00 00 00 00  55 D3 29 44 
0D71C710: 21 01 00 00  5C 00 00 00  F0 04 0F 00  01 02 00 00 
0D71C720: 01 00 00 00  04 01 34 00  46 D3 29 44  21 01 00 00 
0D71C730: 5C 00 00 00  2E 9E 0F 01  00 00 00 00  40 C7 71 0D 
0D71C740: D4 CB 71 0D  62 48 38 01  9D E0 0B 0E  00 00 00 00 
0D71C750: D4 CB 71 0D  68 C7 71 0D  00 00 00 00  70 63 C6 0F 
0D71C760: 00 00 00 00  00 07 00 00  3F 00 00 00  A8 4C 74 1B 
0D71C770: E8 47 74 1B  7B C9 71 0D  01 00 00 00  20 20 20 20 
0D71C780: 20 20 20 20  20 20 20 20  20 20 20 20  20 20 20 20 
0D71C790: 20 20 20 20  20 20 20 20  20 20 20 20  20 20 20 20 
0D71C7A0: 20 20 20 20  20 20 20 20  20 20 20 20  20 20 20 20 
0D71C7B0: 20 20 20 20  20 20 20 20  20 20 20 20  20 20 20 20 
0D71C7C0: 20 20 20 20  20 20 20 20  20 20 20 20  20 20 20 20 
0D71C7D0: 20 20 20 20  20 20 20 20  20 20 20 20  20 20 20 20 
0D71C7E0: 20 20 20 20  20 20 20 20  20 20 20 20  20 20 20 20 
0D71C7F0: 20 20 20 20  20 20 20 20  20 20 20 20  20 20 20 20 
0D71C800: 20 20 20 20  20 20 20 20  20 20 20 20  20 20 20 20 
0D71C810: 20 20 20 20  20 20 20 20  20 20 20 20  20 20 20 20 
0D71C820: 20 20 20 20  20 20 20 20  20 20 20 20  20 20 20 20 
0D71C830: 20 20 20 20  20 20 20 20  20 20 20 20  20 20 20 20 
0D71C840: 20 20 20 20  20 20 20 20  20 20 20 20  20 20 20 20 
0D71C850: 20 20 20 20  20 20 20 20  20 20 20 20  20 20 20 20 
0D71C860: 20 20 20 20  20 20 20 20  20 20 20 20  20 20 20 20 
0D71C870: 20 20 20 20  20 20 20 20  20 20 20 20  20 20 20 20 
0D71C880: 20 20 20 20  20 20 20 20  20 20 20 20  20 20 20 20 
0D71C890: 20 20 20 20  20 20 20 20  20 20 20 20  20 20 20 20 
0D71C8A0: 20 20 20 20  20 20 20 20  20 20 20 20  20 20 20 20 
0D71C8B0: 20 20 20 20  20 20 20 20  20 20 20 20  20 20 20 20 
0D71C8C0: 20 20 20 20  20 20 20 20  20 20 20 20  20 20 20 20 
0D71C8D0: 20 20 20 20  20 20 20 20  20 20 20 20  20 20 20 20 
0D71C8E0: 20 20 20 20  20 20 20 20  20 20 20 20  20 20 20 20 
0D71C8F0: 20 20 20 20  20 20 20 20  20 20 20 20  20 20 20 20 
0D71C900: 20 20 20 20  20 20 20 20  20 20 20 20  20 20 20 20 
0D71C910: 20 20 20 20  20 20 20 20  20 20 20 20  20 20 20 20 
0D71C920: 20 20 20 20  20 20 20 20  20 20 20 20  20 20 20 20 
0D71C930: 20 20 20 20  20 20 20 20  20 20 20 20  20 20 20 20 
0D71C940: 20 20 20 20  20 20 20 20  20 20 20 20  20 20 20 20 
0D71C950: 20 20 20 20  20 20 20 20  20 20 20 20  20 20 20 20 
0D71C960: 20 20 20 20  20 20 20 20  20 20 20 20  20 20 20 20 
0D71C970: 20 20 20 20  20 20 20 20  20 20 20 84  55 43 01 00 
0D71C980: 00 0C 00 00  00 00 00 00  00 70 01 00  00 C8 00 00 
0D71C990: 00 00 00 C0  83 80 1B 01  00 00 00 00  B0 FF FF FF 
0D71C9A0: 45 05 00 00  86 02 00 00  01 38 84 80  1B 00 58 02 
0D71C9B0: 00 00 02 01  00 00 7A 00  00 00 7A 00  00 00 00 80 
0D71C9C0: 00 00 FF FF  00 00 FF 00  00 00 20 20  20 20 20 20 
0D71C9D0: 20 20 20 20  20 20 20 20  20 20 20 20  20 20 20 20 
0D71C9E0: 20 20 20 20  20 20 20 20  20 20 20 20  20 20 20 20 
0D71C9F0: 20 20 20 20  20 20 20 20  20 20 20 20  20 20 20 20 
0D71CA00: 20 20 20 20  20 20 20 20  20 20 20 20  20 20 20 20 
0D71CA10: 20 20 20 20  20 20 20 20  20 20 20 20  20 20 20 20 
0D71CA20: 20 20 20 20  20 20 20 20  20 20 20 20  20 20 20 20 
0D71CA30: 20 20 20 20  20 20 20 20  20 20 20 20  20 20 20 20 
0D71CA40: 20 20 20 20  20 20 20 20  20 20 20 20  20 20 20 20 
0D71CA50: 20 20 20 20  20 20 20 20  20 20 20 20  20 20 20 20 
0D71CA60: 20 20 20 20  20 20 20 20  20 20 20 20  20 20 20 20 
0D71CA70: 20 20 20 20  20 20 20 20  20 20 20 20  20 20 20 20 
0D71CA80: 20 20 20 20  20 20 20 20  20 20 20 20  20 20 20 20 
0D71CA90: 20 20 20 20  20 20 20 20  20 20 20 20  20 20 20 20 
0D71CAA0: 20 20 20 20  20 20 20 20  20 20 20 20  20 20 20 20 
0D71CAB0: 20 20 20 20  20 20 20 20  20 20 20 20  20 20 20 20 
0D71CAC0: 20 20 20 20  20 20 20 20  20 00 00 00  00 00 DE CA 
0D71CAD0: 71 0D 64 D5  4C 01 D0 5E  80 1B 08 00  00 00 09 01 
0D71CAE0: 00 00 08 00  00 00 0E 00  00 00 06 00  00 00 00 00 
0D71CAF0: 00 00 36 33  20 20 20 20  20 20 20 20  20 20 20 20 
0D71CB00: 20 20 20 20  20 20 10 0E  00 00 00 00  00 00 00 00 
0D71CB10: 00 01 50 00  00 00 00 00  00 00 00 00  00 00 00 00 
0D71CB20: 00 00 00 0D  00 00 00 00  00 00 00 0C  00 00 00 01 
0D71CB30: 00 00 00 00  00 00 00 D0  63 C6 0F 94  D5 4C 01 00 
0D71CB40: 8A 80 1B 4D  02 00 00 00  00 00 00 00  00 00 00 57 
0D71CB50: 69 6E 47 72  61 64 65 46  75 6E 63 69  6F 6E 61 72 
0D71CB60: 69 6F 73 77  CB 71 0D EC  D4 4C 01 00  00 00 00 21 
0D71CB70: 00 00 00 00  00 00 00 00  00 00 00 00  00 00 00 00 
0D71CB80: 00 00 00 00  00 00 00 00  00 00 00 00  00 00 00 00 
0D71CB90: 00 00 00 00  00 00 00 00  D0 63 C6 0F  01 01 01 00 
0D71CBA0: 64 00 00 00  6E 00 00 00  A8 36 74 1B  90 D7 4C 01 
0D71CBB0: 60 58 70 1B  35 11 00 00  A8 36 74 1B  02 00 00 00 
0D71CBC0: F0 49 74 1B  01 00 00 00  28 66 C6 0F  01 00 00 00 
0D71CBD0: D4 CB 71 0D  BC FE 71 0D  96 AD 27 01  CC CC 71 0D 
0D71CBE0: 04 CC 71 0D  04 A9 0D 01  9D E0 0B 0E  70 63 C6 0F 
0D71CBF0: F6 E0 0B 0E  00 00 00 00  70 63 C6 0F  F6 E0 0B 0E 
0D71CC00: 00 00 00 00  CC CC 71 0D  CF 86 0D 01  50 E0 0B 0E 
0D71CC10: 00 00 00 00  88 7A 8C 0B  F6 E0 0B 0E  70 63 C6 0F 
0D71CC20: 50 E0 0B 0E  70 63 C6 0F  0C 82 0D 01  F6 E0 0B 0E 
0D71CC30: 00 00 00 00  3C 03 13 01  00 00 00 00  50 E0 0B 0E 
0D71CC40: 50 E0 0B 0E  00 00 00 00  CC CC 71 0D  20 6B 0D 01 
0D71CC50: 97 6B 0D 01  A1 E4 71 0D  2C A5 49 0D  00 00 00 00 
0D71CC60: CC CC 71 0D  35 50 27 01  00 00 00 00  50 E0 0B 0E 
0D71CC70: 00 00 00 00  6D 04 34 00  00 00 00 00  00 00 00 00 
0D71CC80: A4 CC 71 0D  00 00 00 00  74 01 04 00  01 B0 00 00 
0D71CC90: 00 00 00 00  00 00 00 00  14 C9 29 44  05 01 00 00 
0D71CCA0: 97 02 00 00  8C 01 03 00  02 02 00 00  00 00 00 00 
0D71CCB0: 0D 00 0B 00  C0 C9 29 44  03 01 00 00  97 02 00 00 
0D71CCC0: 2E 9E 0F 01  00 00 00 00  CC CC 71 0D  BC FE 71 0D 
0D71CCD0: 90 BA 27 01  CC FF 71 0D  1C D7 0B 01  BC FE 71 0D 
0D71CCE0: F4 CC 71 0D  00 10 00 00  0A 00 00 00  C0 0D 4E 01 
0D71CCF0: 00 00 00 00  00 00 B7 ED  71 0D C0 DE  71 0D 27 E4 
0D71CD00: 71 0D 24 E4  71 0D 64 4F  73 0D 21 E4  71 0D 1E E4 
0D71CD10: 71 0D 2C A5  49 0D 95 DC  71 0D 00 00  00 00 D0 10 
0D71CD20: 35 0C C3 D6  71 0D 30 E8  0B 0E 28 A5  49 0D B8 FD 
0D71CD30: 4F 0D 0C 5B  73 0D D8 A6  0B 0E B8 A7  35 0C EC FD 
0D71CD40: 4F 0D 68 FA  4F 0D EC DE  71 0D 04 DF  71 0D 0D E7 
0D71CD50: 71 0D A9 DF  71 0D D2 DF  71 0D E1 F5  71 0D A3 E3 
0D71CD60: 71 0D 72 E4  71 0D C8 86  0B 0E 04 E4  71 0D 8C 25 
0D71CD70: 72 0D 00 00  00 00 A1 E4  71 0D 74 0D  72 0D F2 D6 
0D71CD80: 71 0D 50 0D  72 0D 40 10  72 0D 00 00  00 00 00 00 
0D71CD90: 00 00 98 DE  71 0D 00 00  00 00 3B D0  71 0D 3A D0 
0D71CDA0: 71 0D 00 00  00 00 07 D0  71 0D 40 0C  72 0D 68 0C 
0D71CDB0: 72 0D 56 E1  71 0D 00 00  00 00 00 00  00 00 D4 CF 
0D71CDC0: 71 0D A9 E7  71 0D 00 00  00 00 00 00  00 00 6D DC 
0D71CDD0: 71 0D 0B D5  71 0D 32 DC  71 0D 0A DC  71 0D 00 00 
0D71CDE0: 00 00 F1 F5  71 0D 11 DB  71 0D F4 DA  71 0D DC F8 
0D71CDF0: 71 0D E8 FD  4F 0D 14 DF  71 0D E5 E7  71 0D B9 DF 
0D71CE00: 71 0D E2 DF  71 0D 1C F6  71 0D 03 F6  71 0D B1 FD 
0D71CE10: 71 0D 03 D6  71 0D D8 18  35 0C D1 F5  71 0D CC E6 
0D71CE20: 71 0D C3 E3  71 0D E1 E7  71 0D 2F FC  71 0D AC D7 
0D71CE30: 71 0D 28 FD  71 0D CD DC  71 0D 01 D3  71 0D 4A F5 
0D71CE40: 71 0D 1D E7  71 0D 4A FD  71 0D 11 D3  71 0D A6 D3 
0D71CE50: 71 0D 76 D4  71 0D E4 FD  71 0D A5 D8  71 0D 4C 25 
0D71CE60: 72 0D 92 DD  71 0D 20 D8  71 0D B8 D7  71 0D 41 DF 
0D71CE70: 71 0D 94 D1  71 0D 2A E4  71 0D 08 D0  71 0D D5 CF 
0D71CE80: 71 0D 2A CF  71 0D A2 CF  71 0D 8C 24  72 0D 00 00 
0D71CE90: 00 00 70 50  73 0D A8 51  74 0D 01 00  00 00 20 20 
0D71CEA0: 20 20 20 20  20 20 20 20  20 20 20 20  20 20 20 20 
0D71CEB0: 20 20 20 20  20 20 20 20  20 20 20 20  20 20 20 20 
0D71CEC0: 20 20 20 20  20 20 20 20  20 20 20 20  20 20 20 20 
0D71CED0: 20 20 20 20  20 20 20 20  20 20 20 20  20 20 20 20 
0D71CEE0: 20 20 20 20  20 20 20 20  20 20 20 20  20 20 20 20 
0D71CEF0: 20 20 20 20  20 20 20 20  20 20 20 20  20 20 20 20 
0D71CF00: 20 20 20 20  20 20 20 20  20 20 20 20  20 20 20 20 
0D71CF10: 20 20 20 20  20 20 20 20  20 20 20 20  20 20 20 20 
0D71CF20: 20 20 20 20  20 20 20 20  20 20 20 20  20 20 20 20 
0D71CF30: 20 20 20 20  20 20 20 20  20 20 20 20  20 20 20 20 
0D71CF40: 20 20 20 20  20 20 20 20  20 20 20 20  20 20 20 20 
0D71CF50: 20 20 20 20  20 20 20 20  20 20 20 20  20 20 20 20 
0D71CF60: 20 20 20 20  20 20 20 20  20 20 20 20  20 20 20 20 
0D71CF70: 20 20 20 20  20 20 20 20  20 20 20 20  20 20 20 20 
0D71CF80: 20 20 20 20  20 20 20 20  20 20 20 20  20 20 20 20 
0D71CF90: 20 20 20 20  20 20 20 20  20 20 20 20  20 20 20 20 
0D71CFA0: 20 20 20 20  20 20 20 20  20 20 20 20  20 20 20 20 
0D71CFB0: 20 20 20 20  20 20 20 20  20 20 20 20  20 20 20 20 
0D71CFC0: 20 20 20 20  20 20 20 20  20 20 20 20  20 20 20 20 
0D71CFD0: 20 20 20 20  53 20 20 20  20 20 20 20  20 20 20 20 
0D71CFE0: 20 20 20 20  20 20 20 20  20 20 20 20  20 20 20 20 
0D71CFF0: 20 20 20 20  20 20 20 20  20 20 20 20  20 20 20 20 
0D71D000: 20 20 20 20  20 20 20 52  20 20 20 20  20 20 20 20 
0D71D010: 20 20 20 20  20 20 20 20  20 20 20 20  20 20 20 20 
0D71D020: 20 20 20 20  20 20 20 20  20 20 20 20  20 20 20 20 
0D71D030: 20 20 20 20  20 20 20 20  20 20 56 20  20 20 20 20 
0D71D040: 20 20 20 20  20 20 20 20  20 20 20 20  20 20 20 20 
0D71D050: 20 20 20 20  20 20 20 20  20 20 20 20  20 20 20 20 
0D71D060: 20 20 20 20  20 20 20 20  20 20 20 20  20 20 20 20 
0D71D070: 20 20 20 20  20 20 20 20  20 20 20 20  20 20 20 20 
0D71D080: 20 20 20 20  20 20 20 20  20 20 20 20  20 20 20 20 
0D71D090: 20 20 20 20  20 20 20 20  20 20 20 20  20 20 20 20 
0D71D0A0: 20 20 20 20  20 20 20 20  20 20 20 20  20 20 20 20 
0D71D0B0: 20 20 20 20  20 20 20 20  20 20 20 20  20 20 20 20 
0D71D0C0: 20 20 20 20  20 20 20 20  20 20 20 20  20 20 20 20 
0D71D0D0: 20 20 20 20  20 20 20 20  20 20 20 20  20 20 20 20 
0D71D0E0: 20 20 20 20  20 20 20 20  20 20 20 20  20 20 20 20 
0D71D0F0: 20 20 20 20  20 20 20 20  20 20 20 20  20 20 20 20 
0D71D100: 20 20 20 20  20 20 20 20  20 20 20 20  20 20 20 20 
0D71D110: 20 20 20 20  20 20 20 20  20 20 20 20  20 20 20 20 
0D71D120: 20 20 20 20  20 20 20 20  20 20 20 20  20 20 20 20 
0D71D130: 20 20 20 20  20 20 20 20  20 20 20 20  20 20 20 20 
0D71D140: 20 20 20 20  20 20 20 20  20 20 20 20  20 20 20 20 
0D71D150: 20 20 20 20  20 20 20 20  20 20 20 20  20 20 20 20 
0D71D160: 20 20 20 20  20 20 20 20  20 20 20 20  20 20 20 20 
0D71D170: 20 20 20 20  20 20 20 20  20 20 20 20  20 20 20 20 
0D71D180: 20 20 20 20  20 20 20 20  20 20 20 20  20 20 20 20 
0D71D190: 20 20 20 20  20 20 20 20  20 20 20 20  20 20 20 20 
0D71D1A0: 20 20 20 20  20 20 20 20  20 20 20 20  20 20 20 20 
0D71D1B0: 20 20 20 20  20 20 20 20  20 20 20 20  20 20 20 20 
0D71D1C0: 20 20 20 20  20 20 20 20  20 20 20 20  20 20 20 20 
0D71D1D0: 20 20 20 20  20 20 20 20  20 20 20 20  20 20 20 20 
0D71D1E0: 20 20 20 20  20 20 20 20  20 20 20 20  20 20 20 20 
0D71D1F0: 20 20 20 20  20 20 20 20  20 20 20 20  20 20 20 20 
0D71D200: 20 20 20 20  20 20 20 20  20 20 20 20  20 20 20 20 
0D71D210: 20 20 20 20  20 20 20 20  20 20 20 20  20 20 20 20 
0D71D220: 20 20 20 20  20 20 20 20  20 20 20 20  20 20 20 20 
0D71D230: 20 20 20 20  20 20 20 20  20 20 20 20  20 20 20 20 
0D71D240: 20 20 20 20  20 20 20 20  20 20 20 20  20 20 20 20 
0D71D250: 20 20 20 20  20 20 20 20  20 20 20 20  20 20 20 20 
0D71D260: 20 20 20 20  20 20 20 20  20 20 20 20  20 20 20 20 
0D71D270: 20 20 20 20  20 20 20 20  20 20 20 20  20 20 20 20 
0D71D280: 20 20 20 20  20 20 20 20  20 20 20 20  20 20 20 20 
0D71D290: 20 20 20 20  20 20 20 20  20 20 20 20  20 20 20 20 
0D71D2A0: 20 20 20 20  20 20 20 20  20 20 20 20  20 20 20 20 
0D71D2B0: 20 20 20 20  20 20 20 20  20 20 20 20  20 20 20 20 
0D71D2C0: 20 20 20 20  20 20 20 20  20 20 20 20  20 20 20 20 
0D71D2D0: 20 20 20 20  20 20 20 20  20 20 20 20  20 20 20 20 
0D71D2E0: 20 20 20 20  20 20 20 20  20 20 20 20  20 20 20 20 
0D71D2F0: 20 20 20 20  20 20 20 20  20 20 20 20  20 20 20 20 
0D71D300: 20 00 00 00  00 00 00 00  00 00 00 00  00 00 00 00 
0D71D310: 00 20 20 20  20 20 20 20  20 20 20 20  20 20 20 20 
0D71D320: 20 20 20 20  20 20 20 20  20 20 20 20  20 20 20 20 
0D71D330: 20 20 20 20  20 20 20 20  20 20 20 20  20 20 20 20 
0D71D340: 20 20 20 20  20 20 20 20  20 20 20 20  20 20 20 20 
0D71D350: 20 20 20 20  20 20 20 20  20 20 20 20  20 20 20 20 
0D71D360: 20 00 00 00  00 00 00 00  00 00 00 00  20 20 20 20 
0D71D370: 20 20 20 20  20 20 20 20  20 20 20 20  20 20 20 20 
0D71D380: 20 20 20 20  20 20 20 20  20 20 20 20  20 20 20 20 
0D71D390: 20 20 20 20  20 20 20 20  20 20 20 20  20 20 00 00 
0D71D3A0: 00 00 00 00  00 00 20 20  20 20 20 20  20 20 20 20 
0D71D3B0: 20 20 20 20  20 20 20 20  20 20 20 20  20 20 20 20 
0D71D3C0: 20 20 20 20  20 20 20 20  20 20 20 20  20 20 00 00 
0D71D3D0: 20 20 20 20  20 20 20 20  20 20 20 20  20 20 20 20 
0D71D3E0: 20 20 20 20  20 20 20 20  20 20 20 20  20 20 20 20 
0D71D3F0: 20 20 20 20  20 20 20 20  20 20 20 20  20 20 20 20 
0D71D400: 20 20 20 20  20 20 20 20  20 20 20 20  20 20 20 20 
0D71D410: 20 20 20 20  20 20 20 20  20 20 20 20  20 20 20 20 
0D71D420: 20 20 20 20  20 20 20 20  20 20 20 20  20 20 20 20 
0D71D430: 20 20 20 20  20 20 20 20  20 20 20 20  20 20 20 20 
0D71D440: 20 20 20 20  20 20 20 20  20 20 20 20  20 20 20 20 
0D71D450: 20 20 20 20  20 20 20 20  20 20 20 20  20 20 20 20 
0D71D460: 20 20 20 20  20 20 20 20  20 20 20 20  20 20 20 20 
0D71D470: 20 20 20 20  20 00 42 72  77 4F 53 20  20 20 20 20 
0D71D480: 20 20 20 20  20 20 20 20  20 20 20 20  20 20 20 20 
0D71D490: 20 20 20 20  20 20 20 20  20 20 20 20  20 20 54 61 
0D71D4A0: 62 65 6C 61  20 64 65 20  4F 53 20 20  20 20 20 20 
0D71D4B0: 20 20 20 20  20 20 20 20  20 20 20 20  20 20 20 20 
0D71D4C0: 20 20 20 20  20 20 08 00  00 00 26 00  00 00 00 00 
0D71D4D0: 00 20 20 20  20 20 20 20  20 20 20 20  20 20 20 20 
0D71D4E0: 20 20 20 20  20 20 20 20  20 20 20 20  20 20 20 20 
0D71D4F0: 20 20 20 20  20 20 20 20  20 20 20 20  20 20 20 20 
0D71D500: 20 20 20 41  00 00 00 E4  01 00 00 20  20 20 20 20 
0D71D510: 20 20 20 20  20 20 20 20  20 20 20 20  20 20 20 20 
0D71D520: 20 20 20 20  20 20 20 20  20 20 20 00  00 00 00 00 
0D71D530: 00 00 00 00  00 00 00 00  00 00 00 00  00 00 00 00 
0D71D540: 00 00 00 00  00 00 00 00  00 00 00 00  00 00 00 00 
0D71D550: 00 00 00 00  00 00 00 00  00 00 00 00  00 00 00 00 
0D71D560: 00 00 00 00  00 00 00 00  00 00 00 00  00 00 00 00 
0D71D570: 00 00 00 00  00 00 00 00  00 00 00 00  00 00 00 00 
0D71D580: 00 00 00 00  00 00 00 00  00 00 00 00  00 00 00 00 
0D71D590: 00 00 00 00  00 00 00 00  00 00 00 00  00 00 00 00 
0D71D5A0: 00 00 00 00  00 00 00 00  00 00 00 00  00 00 00 00 
0D71D5B0: 00 00 00 00  00 00 00 00  00 00 00 00  00 00 00 00 
0D71D5C0: 00 00 00 00  00 00 00 00  00 00 00 00  00 00 00 00 
0D71D5D0: 00 00 00 00  00 00 00 00  00 00 00 00  00 00 00 00 
0D71D5E0: 00 00 00 00  00 00 00 00  00 00 00 00  00 00 00 00 
0D71D5F0: 00 00 00 00  00 00 00 00  00 00 00 00  00 00 00 00 
0D71D600: 00 00 00 00  00 00 00 00  00 00 00 00  00 00 00 00 
0D71D610: 00 00 00 00  00 00 00 00  00 00 00 00  00 00 00 00 
0D71D620: 00 00 00 00  00 00 00 00  00 20 20 20  20 20 20 20 
0D71D630: 20 20 20 20  20 20 20 20  20 A6 D3 71  0D 84 CC 46 
0D71D640: 01 00 00 00  00 D0 00 00  00 11 D3 71  0D 40 CD 46 
0D71D650: 01 00 00 00  00 95 00 00  00 01 D3 71  0D 18 50 47 
0D71D660: 01 00 00 00  00 10 00 00  00 D8 18 35  0C 40 65 47 
0D71D670: 01 00 00 00  00 00 10 00  00 03 D6 71  0D 64 65 47 
0D71D680: 01 00 00 00  00 04 00 00  00 20 00 00  00 00 00 01 
0D71D690: 50 20 20 20  20 20 20 20  20 20 20 20  20 20 20 20 
0D71D6A0: 20 20 20 20  20 20 20 20  20 20 20 20  20 20 20 20 
0D71D6B0: 20 20 20 20  20 20 20 20  20 20 20 20  20 20 20 20 
0D71D6C0: 20 20 20 44  72 6F 70 4C  69 73 74 20  20 20 20 20 
0D71D6D0: 20 20 20 20  20 20 20 01  00 00 00 00  00 00 00 00 
0D71D6E0: 00 00 30 19  34 0C 00 10  00 00 01 00  00 00 00 00 
0D71D6F0: 00 00 20 20  20 20 20 20  20 20 00 00  00 00 00 00 
0D71D700: 00 00 01 00  F8 EA 35 0C  84 5C 47 01  B0 93 A8 0F 
0D71D710: 00 10 00 00  F8 EA 35 0C  5A 4D 45 43  4F 53 20 20 
0D71D720: 20 20 20 20  20 20 20 20  5A 4D 45 43  4F 53 49 54 
0D71D730: 45 4E 53 20  20 20 20 20  AC D7 71 0D  E0 5C 47 01 
0D71D740: 78 9E AB 0F  04 00 00 00  4D E3 6F 2D  64 65 2D 4F 
0D71D750: 62 72 61 20  20 20 20 20  20 20 20 20  20 20 20 20 
0D71D760: 20 20 20 20  20 20 20 20  20 20 20 20  20 20 20 20 
0D71D770: 20 20 20 20  20 20 20 20  20 20 20 20  20 20 20 20 
0D71D780: 20 20 20 20  20 20 20 20  20 20 20 20  20 20 20 20 
0D71D790: 20 20 20 20  20 20 20 20  20 20 20 20  20 20 20 20 
0D71D7A0: 20 20 20 20  20 20 20 20  20 20 20 20  04 00 00 00 
0D71D7B0: F0 DA 35 0C  38 29 34 0C  41 4C 49 4E  4F 20 53 41 
0D71D7C0: 4E 54 4F 53  20 47 4F 4D  45 53 20 20  20 20 20 20 
0D71D7D0: 20 20 20 20  20 20 20 20  20 20 20 20  20 20 20 20 
0D71D7E0: 20 20 20 20  20 20 20 20  20 20 20 20  20 20 20 20 
0D71D7F0: 20 20 20 20  20 20 20 20  20 20 20 20  20 20 20 20 
0D71D800: 20 20 20 20  20 20 20 20  20 20 20 20  20 20 20 20 
0D71D810: 20 20 20 20  20 20 20 20  20 20 20 20  00 BA 0B 0E 
0D71D820: 20 20 20 20  20 20 20 20  20 20 20 20  20 20 20 20 
0D71D830: 20 20 20 20  20 20 20 20  20 20 20 20  20 20 20 20 
0D71D840: 20 20 20 20  20 20 20 20  20 20 20 20  20 20 20 20 
0D71D850: 20 20 20 20  20 20 20 20  20 20 20 20  20 20 20 20 
0D71D860: 20 20 20 20  20 20 20 20  20 20 20 20  20 20 20 20 
0D71D870: 20 20 20 20  20 20 20 20  20 20 20 20  20 20 20 20 
0D71D880: 20 20 20 20  00 00 00 00  28 CD 0B 0E  05 01 00 00 
0D71D890: 00 00 00 00  A5 D8 71 0D  14 CA 46 01  C8 F2 C5 0F 
0D71D8A0: 81 00 00 00  00 31 20 2D  20 4E E3 6F  20 56 69 73 
0D71D8B0: 74 6F 72 69  61 64 6F 20  20 20 20 20  20 20 20 20 
0D71D8C0: 20 20 20 20  20 20 20 20  20 20 20 20  20 20 20 20 
0D71D8D0: 20 20 20 20  20 20 20 00  00 45 01 00  00 00 0A 00 
0D71D8E0: 00 00 63 00  00 00 0A 00  00 00 26 53  69 74 2E 20 
0D71D8F0: 56 69 73 74  6F 72 69 61  3A 20 20 20  20 20 01 00 
0D71D900: 00 00 00 00  00 00 44 72  6F 70 4C 69  73 74 20 20 
0D71D910: 00 31 20 20  20 20 20 20  20 20 20 20  20 20 20 20 
0D71D920: 20 20 20 20  20 00 06 01  00 00 00 00  00 00 37 31 
0D71D930: 34 20 20 20  20 20 20 20  20 20 20 20  20 20 20 20 
0D71D940: 20 20 20 20  20 20 20 20  20 20 20 20  20 20 20 20 
0D71D950: 20 20 20 20  20 20 20 20  20 20 20 20  20 20 20 20 
0D71D960: 20 20 20 20  20 20 20 20  20 20 20 20  20 20 20 20 
0D71D970: 20 20 20 20  20 20 20 20  20 20 20 20  20 20 20 20 
0D71D980: 20 20 20 20  20 20 20 20  20 20 20 20  20 20 20 20 
0D71D990: 20 20 20 20  20 20 20 20  20 20 20 20  20 20 20 20 
0D71D9A0: 20 20 20 20  20 20 20 20  20 20 20 20  20 20 20 20 
0D71D9B0: 20 20 20 20  20 20 20 20  20 20 20 20  20 20 20 20 
0D71D9C0: 20 20 20 20  20 20 20 20  20 20 20 20  20 20 20 20 
0D71D9D0: 20 20 20 20  20 20 20 20  20 20 20 20  20 20 20 20 
0D71D9E0: 20 20 20 20  20 20 20 20  20 20 20 20  20 20 20 20 
0D71D9F0: 20 20 20 20  20 20 20 20  20 20 20 20  20 20 20 20 
0D71DA00: 20 20 20 20  20 20 20 20  20 20 20 20  20 20 20 20 
0D71DA10: 20 20 20 20  20 20 20 20  20 20 20 20  20 20 20 20 
0D71DA20: 20 20 20 20  20 20 20 20  20 20 20 20  20 20 20 20 
0D71DA30: 20 20 20 20  20 20 20 20  20 20 20 20  20 20 20 20 
0D71DA40: 20 20 20 20  20 20 20 20  20 20 20 20  20 20 20 20 
0D71DA50: 20 20 20 20  20 20 20 20  20 20 20 20  20 20 20 20 
0D71DA60: 20 20 20 20  20 20 20 20  20 20 20 20  20 20 20 20 
0D71DA70: 20 20 20 20  20 20 20 20  01 00 00 00  00 00 00 00 
0D71DA80: 00 00 00 00  00 00 01 00  01 18 A6 0E  0E C8 50 47 
0D71DA90: 01 70 5F 63  1B 00 10 00  00 18 A6 0E  0E 01 20 B6 
0D71DAA0: 0E 0E A4 50  47 01 80 B1  C8 0F 00 10  00 00 20 B6 
0D71DAB0: 0E 0E 01 01  20 20 20 20  20 20 20 20  20 20 20 20 
0D71DAC0: 20 20 20 20  20 20 20 20  20 20 20 20  20 20 20 20 
0D71DAD0: 20 20 20 20  20 20 20 20  20 20 20 20  20 20 20 20 
0D71DAE0: 20 20 20 20  20 20 20 20  20 20 20 20  20 20 20 20 
0D71DAF0: 00 00 00 00  68 E6 4F 01  50 E0 0B 0E  1C 02 00 00 
0D71DB00: 24 01 00 00  71 01 00 00  4D 00 00 00  01 F0 D1 0D 
0D71DB10: 0E 68 E6 4F  01 50 E0 0B  0E 1C 02 00  00 24 01 00 
0D71DB20: 00 71 01 00  00 4D 00 00  00 01 28 D2  0D 0E 71 01 
0D71DB30: 00 00 00 00  00 00 00 00  00 00 00 00  00 0A 00 00 
0D71DB40: 00 0D 00 00  00 00 00 00  00 90 80 34  0C 00 00 00 
0D71DB50: 00 01 01 00  01 01 05 00  00 00 02 00  00 00 05 00 
0D71DB60: 00 00 A0 C4  19 10 01 00  00 00 A3 E3  71 0D BC 4D 
0D71DB70: 1A 10 28 48  18 10 A0 38  17 10 D0 37  1A 10 C4 62 
0D71DB80: 18 10 84 6C  18 10 2C 4D  1A 10 04 48  16 10 F4 95 
0D71DB90: 18 10 A8 50  1A 10 6C 43  1A 10 F4 85  16 10 00 00 
0D71DBA0: 00 00 40 B8  17 10 B4 B9  0F 10 F8 6D  1A 10 7C 28 
0D71DBB0: 18 10 32 00  00 00 00 00  00 00 00 00  00 00 00 00 
0D71DBC0: 00 00 00 00  00 00 00 00  00 00 00 00  00 00 00 00 
0D71DBD0: 00 00 00 00  00 00 00 00  00 00 00 00  00 00 00 00 
0D71DBE0: 00 00 00 00  00 00 00 00  00 00 00 00  00 00 00 00 
0D71DBF0: 00 00 00 00  00 01 76 D4  71 0D D0 CB  46 01 F0 42 
0D71DC00: A8 0F 95 00  00 00 05 01  00 00 42 72  77 4F 53 20 
0D71DC10: 20 20 20 20  20 20 20 20  20 20 20 20  20 20 20 20 
0D71DC20: 20 20 20 20  20 20 20 20  20 20 20 20  20 20 20 20 
0D71DC30: 20 20 47 45  52 41 4C 20  20 20 20 20  20 20 20 20 
0D71DC40: 20 20 20 20  20 20 20 20  20 20 20 20  20 20 20 20 
0D71DC50: 20 20 20 20  20 20 20 20  20 20 B0 5F  0B 0E 00 00 
0D71DC60: 00 00 00 00  00 00 00 00  00 00 00 00  00 42 72 77 
0D71DC70: 4F 53 49 74  65 6E 73 20  20 20 20 20  20 20 20 20 
0D71DC80: 20 20 20 20  20 20 20 20  20 20 20 20  20 20 20 20 
0D71DC90: 20 20 20 20  20 47 45 52  41 4C 20 20  20 20 20 20 
0D71DCA0: 20 20 20 20  20 20 20 20  20 20 20 20  20 20 20 20 
0D71DCB0: 20 20 20 20  20 20 20 20  20 20 20 20  20 CD DC 71 
0D71DCC0: 0D 58 F8 4F  01 78 26 BD  0F 9C 00 00  00 55 56 4C 
0D71DCD0: 6F 63 61 6C  69 7A 61 E7  E3 6F 20 20  20 20 20 20 
0D71DCE0: 20 20 20 20  20 20 20 20  20 20 20 20  20 20 20 20 
0D71DCF0: 20 20 20 20  20 20 20 50  00 4C 6F 63  61 6C 69 7A 
0D71DD00: 61 E7 E3 6F  20 20 20 20  20 20 20 20  20 20 20 20 
0D71DD10: 20 20 20 20  20 20 20 20  20 20 20 20  20 20 20 20 
0D71DD20: 20 40 73 32  30 20 20 20  20 20 20 20  20 20 20 20 
0D71DD30: 20 20 20 20  20 00 5A 42  52 57 5A 4D  45 43 4F 53 
0D71DD40: 49 54 45 4E  53 43 36 39  20 20 20 20  20 20 20 20 
0D71DD50: 20 20 20 20  20 20 20 20  20 20 20 20  20 20 20 20 
0D71DD60: 20 20 20 20  20 20 20 20  43 01 00 00  00 00 00 00 
0D71DD70: 00 08 E5 0B  0E 00 00 00  00 00 CA 02  00 00 00 01 
0D71DD80: 01 0C 00 00  00 00 00 00  00 A8 5D 0B  0E 00 01 00 
0D71DD90: 01 00 20 20  20 20 20 20  20 20 20 20  20 20 20 20 
0D71DDA0: 20 20 20 20  20 20 20 20  20 20 20 20  20 20 20 20 
0D71DDB0: 20 20 20 20  20 20 20 20  20 20 20 20  20 20 20 20 
0D71DDC0: 20 20 20 20  20 20 20 20  20 20 20 20  20 20 20 20 
0D71DDD0: 20 20 20 20  20 20 20 20  20 20 20 20  20 20 20 20 
0D71DDE0: 20 20 20 20  20 20 20 20  20 20 20 20  20 20 20 20 
0D71DDF0: 20 20 20 20  20 20 20 20  20 20 20 20  20 20 20 20 
0D71DE00: 20 20 20 20  20 20 20 20  20 20 20 20  20 20 20 20 
0D71DE10: 20 20 20 20  20 20 20 20  20 20 20 20  20 20 20 20 
0D71DE20: 20 20 20 20  20 20 20 20  20 20 20 20  20 20 20 20 
0D71DE30: 20 20 20 20  20 20 20 20  20 20 20 20  20 20 20 20 
0D71DE40: 20 20 20 20  20 20 20 20  20 20 20 20  20 20 20 20 
0D71DE50: 20 20 20 20  20 20 20 20  20 20 20 20  20 20 20 20 
0D71DE60: 20 20 20 20  20 20 20 20  20 20 20 20  20 20 20 20 
0D71DE70: 20 20 20 20  20 20 20 20  20 20 20 20  20 20 20 20 
0D71DE80: 20 20 20 20  20 20 20 20  20 20 20 20  20 20 20 20 
0D71DE90: 20 00 00 00  00 01 00 00  42 72 77 4F  53 41 76 61 
0D71DEA0: 6E 63 61 64  61 20 20 20  20 20 20 20  20 20 20 20 
0D71DEB0: 20 20 20 20  20 20 20 20  20 20 20 20  20 20 20 20 
0D71DEC0: 47 45 52 41  4C 20 20 20  20 20 20 20  20 20 20 20 
0D71DED0: 20 20 20 20  20 20 20 20  20 20 20 20  20 20 20 20 
0D71DEE0: 20 20 20 20  20 20 20 20  D0 96 0B 0E  48 49 34 0C 
0D71DEF0: 54 67 47 01  80 C3 3A 0D  23 03 00 00  48 49 34 0C 
0D71DF00: E0 28 35 0C  14 DF 71 0D  14 67 47 01  00 59 39 0D 
0D71DF10: 2D 00 00 00  53 49 54 45  20 20 20 20  20 20 20 20 
0D71DF20: 20 20 20 20  20 20 20 20  20 20 20 20  20 20 20 20 
0D71DF30: 20 20 20 20  20 20 20 20  20 20 20 20  40 00 00 00 
0D71DF40: 00 20 20 20  20 20 20 20  20 20 20 20  20 20 20 20 
0D71DF50: 20 20 20 20  20 20 20 20  20 20 20 20  20 20 20 20 
0D71DF60: 20 20 20 20  20 20 20 20  20 20 20 20  20 20 20 20 
0D71DF70: 20 20 20 20  20 20 20 20  20 20 20 20  20 20 20 20 
0D71DF80: 20 20 20 20  20 20 20 20  20 20 20 20  20 20 20 20 
0D71DF90: 20 20 20 20  20 20 20 20  20 20 20 20  20 20 20 20 
0D71DFA0: 20 20 20 20  20 00 00 00  00 B9 DF 71  0D 9C 66 47 
0D71DFB0: 01 00 37 8C  0B 19 00 00  00 45 4E 54  52 45 47 55 
0D71DFC0: 45 20 20 20  20 20 20 20  20 20 20 20  20 08 00 00 
0D71DFD0: 00 00 E2 DF  71 0D 60 66  47 01 C8 84  39 0D 19 00 
0D71DFE0: 00 00 52 65  73 70 6F 6E  64 69 64 6F  20 20 20 20 
0D71DFF0: 20 20 20 20  20 20 37 00  00 00 00 00  00 00 00 00 
0D71E000: 00 00 00 00  20 20 20 20  20 20 20 20  20 20 20 20 
0D71E010: 20 20 20 20  20 20 20 20  20 20 20 20  20 20 20 20 
0D71E020: 20 20 20 20  20 20 20 20  20 20 20 20  20 20 20 20 
0D71E030: 20 20 20 20  20 20 20 20  20 20 20 20  20 20 20 20 
0D71E040: 20 20 20 20  20 20 20 20  20 20 20 20  20 20 20 20 
0D71E050: 20 20 20 20  20 20 20 20  20 20 20 20  20 20 20 20 
0D71E060: 20 20 20 20  20 20 20 20  00 00 00 00  00 08 00 00 
0D71E070: 00 00 C8 00  35 0C 02 00  00 00 00 00  00 20 20 20 
0D71E080: 20 20 20 20  20 20 20 20  20 20 20 20  20 20 20 20 
0D71E090: 20 20 20 20  20 20 20 20  20 20 20 20  20 20 20 20 
0D71E0A0: 20 20 20 20  20 20 20 20  20 20 20 20  20 20 20 20 
0D71E0B0: 20 20 20 20  20 20 00 00  00 20 20 20  20 20 20 20 
0D71E0C0: 20 20 20 20  20 20 20 20  20 20 20 20  20 20 20 20 
0D71E0D0: 20 20 20 20  20 20 20 20  20 20 20 20  20 20 20 20 
0D71E0E0: 20 20 20 20  20 20 20 20  20 20 20 20  20 20 20 20 
0D71E0F0: 20 20 38 03  0B 0E 08 06  0B 0E 00 0C  0B 0E 90 1F 
0D71E100: 0B 0E 00 00  00 00 68 0A  0B 0E 00 00  00 00 D0 08 
0D71E110: 0B 0E 00 00  00 00 70 04  0B 0E 00 00  00 00 A0 01 
0D71E120: 0B 0E 00 00  00 00 08 00  0B 0E 00 00  00 00 00 00 
0D71E130: 00 00 00 00  00 00 00 00  00 00 00 00  00 00 00 00 
0D71E140: 00 00 00 00  00 00 00 00  00 00 00 00  00 00 00 00 
0D71E150: 00 00 00 00  00 00 20 20  20 20 20 20  20 20 20 20 
0D71E160: 20 20 20 20  20 20 20 20  20 20 20 00  00 00 00 00 
0D71E170: 00 00 00 00  00 00 00 20  20 20 20 20  20 20 20 20 
0D71E180: 20 20 20 20  20 20 20 20  20 20 20 20  00 00 00 00 
0D71E190: 00 00 00 00  20 20 00 00  00 00 00 00  00 00 20 20 
0D71E1A0: 00 00 00 00  00 00 00 00  20 20 00 00  00 00 00 00 
0D71E1B0: 00 00 20 20  00 00 00 00  00 00 00 00  20 20 00 00 
0D71E1C0: 00 00 00 00  00 00 00 00  00 00 00 00  00 00 20 20 
0D71E1D0: 00 00 00 00  00 00 00 00  00 00 00 00  00 00 00 00 
0D71E1E0: 00 00 00 00  00 00 00 00  20 20 00 00  00 00 00 00 
0D71E1F0: 00 00 00 00  00 00 00 00  00 00 20 20  00 00 00 00 
0D71E200: 00 00 00 00  20 20 00 00  00 00 00 00  00 00 00 00 
0D71E210: 00 00 00 00  00 00 20 20  00 00 00 00  00 00 00 00 
0D71E220: 00 00 00 00  20 20 00 00  00 00 20 20  00 00 00 00 
0D71E230: 1A 00 00 00  00 00 00 00  00 00 00 00  20 20 00 00 
0D71E240: 00 00 00 00  00 00 00 00  00 00 20 20  00 00 00 00 
0D71E250: 00 00 00 00  20 20 00 00  00 00 00 00  00 00 00 00 
0D71E260: 00 00 20 20  00 00 00 00  00 00 00 00  20 20 00 00 
0D71E270: 00 00 00 00  00 00 00 00  00 00 20 20  00 00 00 00 
0D71E280: 20 20 00 00  00 00 00 00  00 00 00 00  00 00 00 00 
0D71E290: 00 00 20 20  00 00 00 00  00 00 00 00  20 20 00 00 
0D71E2A0: 00 00 00 00  00 00 20 20  00 00 00 00  00 00 00 00 
0D71E2B0: 00 00 00 00  00 00 00 00  20 20 00 00  00 00 00 00 
0D71E2C0: 00 00 00 20  20 00 2D 20  20 20 00 00  00 00 00 00 
0D71E2D0: 00 00 20 20  00 00 00 00  00 00 00 00  20 00 00 00 
0D71E2E0: 00 00 00 00  00 20 20 20  20 00 00 00  00 00 00 00 
0D71E2F0: 00 20 20 20  20 00 00 00  00 00 00 00  00 20 20 20 
0D71E300: 20 20 00 00  00 00 00 00  00 00 20 00  00 00 00 00 
0D71E310: 00 00 00 20  20 20 20 00  00 00 00 00  00 00 00 20 
0D71E320: 20 20 20 00  00 00 00 00  00 00 00 00  00 00 00 20 
0D71E330: 20 00 00 00  00 20 20 20  00 00 00 00  00 00 00 00 
0D71E340: 20 00 00 00  00 00 00 00  00 00 00 00  00 00 00 00 
0D71E350: 00 00 00 00  00 00 00 00  00 20 20 00  00 00 00 00 
0D71E360: 00 00 00 20  20 00 00 00  00 00 00 00  00 00 00 00 
0D71E370: 00 00 00 00  00 20 20 00  00 00 00 00  00 00 00 20 
0D71E380: 20 20 00 00  00 00 00 00  00 00 53 CA  02 00 00 01 
0D71E390: 01 00 00 00  00 0E 00 00  00 28 21 0B  0E 00 01 CA 
0D71E3A0: 02 00 00 D8  81 38 0D BC  16 47 01 60  B1 A8 0F F0 
0D71E3B0: 58 00 00 C3  E3 71 0D 38  5E 47 01 00  00 00 00 35 
0D71E3C0: 00 00 00 00  00 00 00 20  20 20 20 20  20 20 20 20 
0D71E3D0: 20 20 20 20  20 20 20 20  20 20 20 20  20 20 20 20 
0D71E3E0: 20 20 20 20  20 20 20 20  20 20 20 20  20 20 20 00 
0D71E3F0: 00 00 00 00  00 00 00 00  80 55 35 0C  00 00 00 00 
0D71E400: 48 2D 35 0C  40 6E 30 36  62 00 00 00  00 00 00 00 
0D71E410: 00 00 00 00  00 00 00 00  78 4C 34 0C  01 01 00 00 
0D71E420: 00 00 00 00  00 00 00 00  00 00 20 20  20 20 20 20 
0D71E430: 20 20 20 20  20 20 20 20  20 20 20 20  20 20 00 00 
0D71E440: 00 00 00 00  00 00 00 00  00 00 00 00  00 00 00 00 
0D71E450: 00 00 00 00  00 00 00 00  00 00 00 00  00 00 00 00 
0D71E460: 00 00 35 37  01 00 35 37  01 00 35 37  01 00 35 37 
0D71E470: 01 00 48 4A  0B 0E F4 CD  46 01 90 17  AB 0F 55 13 
0D71E480: 00 00 00 00  00 00 00 10  53 35 0C 7C  5E 47 01 58 
0D71E490: 0E C9 0F 64  02 00 00 10  42 35 0C 10  53 35 0C 01 
0D71E4A0: 01 42 72 77  4F 53 00 00  00 00 20 20  20 20 20 20 
0D71E4B0: 20 20 20 20  20 20 20 20  20 20 20 20  20 20 20 20 
0D71E4C0: 20 20 20 20  20 20 20 20  20 20 20 20  20 20 20 20 
0D71E4D0: 20 20 20 20  20 20 20 20  20 20 20 20  20 20 20 20 
0D71E4E0: 20 20 20 20  20 20 20 20  20 20 20 20  20 20 20 20 
0D71E4F0: 20 20 20 20  20 20 20 20  20 20 20 20  20 20 20 20 
0D71E500: 20 20 20 20  20 20 20 20  20 20 20 20  20 20 20 20 
0D71E510: 20 20 20 20  20 20 20 20  20 20 20 20  20 20 20 20 
0D71E520: 20 20 20 20  20 20 20 20  20 20 20 20  20 20 20 20 
0D71E530: 20 20 20 20  20 20 A8 95  35 0C A0 85  35 0C 50 41 
0D71E540: 50 45 4C 20  44 45 20 4D  41 53 43 41  52 41 4D 45 
0D71E550: 4E 54 4F 20  34 35 43 4D  20 20 20 20  20 20 20 20 
0D71E560: 20 20 20 20  20 20 20 20  20 20 20 20  20 20 20 20 
0D71E570: 20 20 20 20  20 20 20 20  20 20 20 20  20 20 20 20 
0D71E580: 20 20 20 20  20 20 20 20  20 20 20 20  20 20 20 20 
0D71E590: 20 20 20 20  20 20 20 20  20 20 20 20  20 20 20 20 
0D71E5A0: 20 20 20 20  20 20 20 20  20 20 20 20  20 20 20 20 
0D71E5B0: 20 20 20 20  20 20 20 20  20 20 20 20  20 20 20 20 
0D71E5C0: 20 20 20 20  20 20 20 20  20 20 01 B8  EE 0D 0E EC 
0D71E5D0: 50 47 01 98  15 67 1B 00  10 00 00 B8  EE 0D 0E 00 
0D71E5E0: 00 00 00 00  00 00 00 00  01 00 00 00  00 20 03 00 
0D71E5F0: 00 00 50 E0  0B 0E FF FF  FF 00 00 00  00 00 00 FF 
0D71E600: FF 00 00 00  FF 00 36 37  01 00 FF 53  53 00 FF 00 
0D71E610: 00 00 35 37  01 00 00 FF  FF FF 00 00  00 00 00 00 
0D71E620: FF FF 00 00  00 FF 00 36  37 01 00 FF  53 53 00 FF 
0D71E630: 00 00 00 35  37 01 00 01  FF FF FF 00  00 00 00 00 
0D71E640: 00 FF FF 00  00 00 FF 00  36 37 01 00  FF 53 53 00 
0D71E650: FF 00 00 00  35 37 01 00  01 FF FF FF  00 00 00 00 
0D71E660: 00 00 FF FF  00 00 00 FF  00 36 37 01  00 FF 53 53 
0D71E670: 00 FF 00 00  00 35 37 01  00 01 FF FF  FF 00 00 00 
0D71E680: 00 00 00 FF  FF 00 00 00  FF 00 36 37  01 00 FF 53 
0D71E690: 53 00 FF 00  00 00 35 37  01 00 01 FF  FF FF 00 00 
0D71E6A0: 00 00 00 00  FF FF 00 00  00 FF 00 36  37 01 00 FF 
0D71E6B0: 53 53 00 FF  00 00 00 35  37 01 00 01  CC E6 71 0D 
0D71E6C0: 9C 5F 47 01  B8 CE 5D 1B  02 00 00 00  00 00 0E 00 
0D71E6D0: 00 00 C0 FE  0D 0E 70 4B  47 01 00 00  00 00 64 02 
0D71E6E0: 00 00 00 00  00 00 C0 FE  0D 0E 00 00  00 00 30 23 
0D71E6F0: 0B 0E 00 00  00 00 00 00  00 B0 A5 35  0C 1D E7 71 
0D71E700: 0D E0 4D 47  01 00 00 00  00 6C 00 00  00 E5 E7 71 
0D71E710: 0D D8 66 47  01 C8 FB 3B  0D 69 00 00  00 20 20 20 
0D71E720: 20 20 20 20  20 20 20 20  20 20 20 20  20 20 20 20 
0D71E730: 20 20 20 20  20 20 20 20  20 20 20 20  20 20 20 20 
0D71E740: 20 20 20 20  20 20 20 20  20 20 20 20  20 20 20 20 
0D71E750: 20 20 20 20  20 20 20 20  20 20 20 20  20 20 20 20 
0D71E760: 20 20 20 20  20 20 20 20  20 20 20 20  20 20 20 20 
0D71E770: 20 20 20 20  20 20 20 20  20 20 20 20  20 20 20 20 
0D71E780: 20 00 00 00  00 00 00 00  00 E1 E7 71  0D E8 5D 47 
0D71E790: 01 C0 5D 3D  0D 04 00 00  00 88 65 35  0C 10 5E 47 
0D71E7A0: 01 00 00 00  00 04 10 00  00 20 20 20  20 20 20 20 
0D71E7B0: 20 02 00 00  00 00 00 01  88 65 35 0C  00 00 00 00 
0D71E7C0: B8 E0 34 0C  B0 D0 34 0C  00 00 00 00  00 00 00 00 
0D71E7D0: 00 A0 A0 34  0C 00 00 00  00 98 90 34  0C 00 00 00 
0D71E7E0: 00 0A 00 00  00 52 65 63  69 62 6F 20  20 20 20 20 
0D71E7F0: 20 20 20 20  20 20 20 20  20 20 20 20  20 20 20 20 
0D71E800: 20 20 20 20  20 20 20 20  20 20 20 20  20 20 20 20 
0D71E810: 20 20 20 20  20 20 20 20  20 20 20 20  20 20 20 20 
0D71E820: 20 20 20 20  20 20 20 20  20 20 20 20  20 20 20 20 
0D71E830: 20 20 20 20  20 20 20 20  20 20 20 20  20 20 20 20 
0D71E840: 20 20 20 20  20 20 20 20  20 0B 00 00  00 01 00 00 
0D71E850: 00 00 00 00  00 00 00 35  37 01 00 2A  37 01 00 00 
0D71E860: 00 00 00 00  00 00 00 00  00 00 00 00  00 00 00 00 
0D71E870: 00 00 00 00  00 00 00 00  00 00 00 00  00 00 00 00 
0D71E880: 00 00 00 00  00 00 00 00  00 00 00 00  00 00 00 00 
0D71E890: 00 00 00 00  00 00 01 00  00 00 00 01  00 00 00 00 
0D71E8A0: 00 53 00 01  D1 F5 71 0D  C0 5F 47 01  E8 27 C6 0F 
0D71E8B0: 10 00 00 00  50 61 64 72  E3 6F 20 20  20 20 20 20 
0D71E8C0: 20 20 20 20  20 20 20 20  20 20 20 20  20 20 20 20 
0D71E8D0: 20 20 20 20  20 20 20 20  20 20 20 20  20 20 20 20 
0D71E8E0: 20 20 20 20  20 20 20 20  20 20 20 20  20 20 20 20 
0D71E8F0: 20 20 20 20  20 20 20 20  20 20 20 20  20 20 20 20 
0D71E900: 20 20 20 20  20 20 20 20  20 20 20 20  20 20 20 20 
0D71E910: 20 20 20 20  20 20 20 20  20 20 20 20  20 20 20 20 
0D71E920: 20 20 20 20  20 20 20 20  20 20 20 20  20 20 20 20 
0D71E930: 20 20 20 20  20 20 20 20  20 20 20 20  20 20 20 20 
0D71E940: 20 20 20 20  20 20 20 20  20 20 20 20  20 20 20 20 
0D71E950: 20 20 20 20  20 20 20 20  20 20 20 20  20 20 20 20 
0D71E960: 20 20 20 20  20 20 20 20  20 20 20 20  20 20 20 20 
0D71E970: 20 20 20 20  20 20 20 20  20 20 20 20  20 20 20 20 
0D71E980: 20 20 20 20  20 20 20 20  20 20 20 20  20 20 20 20 
0D71E990: 20 20 20 20  20 20 20 20  20 20 20 20  20 20 20 20 
0D71E9A0: 20 20 20 20  20 20 20 20  20 20 20 20  20 20 20 20 
0D71E9B0: 20 20 20 41  4C 41 4E 20  52 45 49 53  20 53 49 4C 
0D71E9C0: 56 41 20 20  20 20 20 20  20 20 20 20  20 20 20 20 
0D71E9D0: 20 20 20 20  20 20 20 20  20 20 20 20  20 20 20 20 
0D71E9E0: 20 20 20 20  20 20 20 20  20 20 20 20  20 20 20 20 
0D71E9F0: 20 20 20 20  20 20 20 20  20 20 20 20  20 20 20 20 
0D71EA00: 20 20 20 20  20 20 20 20  20 20 20 20  20 20 20 20 
0D71EA10: 20 20 20 20  20 20 20 20  20 20 20 20  20 20 20 20 
0D71EA20: 20 20 20 20  20 20 20 20  20 20 20 20  20 20 20 20 
0D71EA30: 20 20 20 20  20 20 20 20  20 20 20 20  20 20 20 20 
0D71EA40: 20 20 20 20  20 20 20 20  20 20 20 20  20 20 20 20 
0D71EA50: 20 20 20 20  20 20 20 20  20 20 20 20  20 20 20 20 
0D71EA60: 20 20 20 20  20 20 20 20  20 20 20 20  20 20 20 20 
0D71EA70: 20 20 20 20  20 20 20 20  20 20 20 20  20 20 20 20 
0D71EA80: 20 20 20 20  20 20 20 20  20 20 20 20  20 20 20 20 
0D71EA90: 20 20 20 20  20 20 20 20  20 20 20 20  20 20 20 20 
0D71EAA0: 20 20 20 20  20 20 20 20  20 20 20 20  20 20 20 20 
0D71EAB0: 20 20 31 30  2E 36 30 33  2E 39 38 39  2F 30 30 30 
0D71EAC0: 31 2D 38 31  20 20 20 20  20 20 20 20  20 20 20 20 
0D71EAD0: 20 20 20 20  20 20 20 20  20 20 20 20  20 20 20 20 
0D71EAE0: 20 20 C0 D0  0D 0E C4 68  47 01 00 00  00 00 25 01 
0D71EAF0: 00 00 00 00  00 00 00 00  00 00 00 00  00 00 00 00 
0D71EB00: 00 00 00 00  00 00 00 00  00 00 00 00  00 00 00 00 
0D71EB10: 00 00 00 00  00 00 00 00  00 00 00 00  00 00 00 00 
0D71EB20: 00 00 00 00  00 00 00 00  00 00 00 00  00 00 00 00 
0D71EB30: 00 00 00 00  00 00 00 00  00 00 00 00  00 00 00 00 
0D71EB40: 00 00 00 00  00 00 00 00  00 00 00 00  00 00 00 00 
0D71EB50: 00 00 00 00  00 00 00 00  00 00 00 00  00 00 00 00 
0D71EB60: 00 00 00 00  00 00 00 00  00 00 00 00  00 00 00 00 
0D71EB70: 00 00 00 00  00 00 00 00  00 00 00 00  00 00 00 00 
0D71EB80: 00 00 00 00  00 00 00 00  00 00 00 00  00 00 00 00 
0D71EB90: 00 00 00 00  00 00 00 00  00 00 00 00  00 00 00 00 
0D71EBA0: 00 00 00 00  00 00 00 00  00 00 00 00  00 00 00 00 
0D71EBB0: 00 00 00 00  00 00 00 00  00 00 00 00  00 00 00 00 
0D71EBC0: 00 00 00 00  00 00 00 00  00 00 00 00  00 00 00 00 
0D71EBD0: 00 00 00 00  00 00 00 00  00 00 00 00  00 00 00 00 
0D71EBE0: 00 00 20 20  20 20 20 20  20 20 20 20  20 20 43 20 
0D71EBF0: 20 20 20 20  20 20 20 20  20 20 20 20  20 20 20 20 
0D71EC00: 20 20 20 20  20 20 20 20  20 20 20 20  20 20 20 20 
0D71EC10: 20 20 20 20  20 20 20 20  20 20 20 20  20 20 20 20 
0D71EC20: 20 20 20 20  20 20 20 20  20 20 20 20  20 20 20 20 
0D71EC30: 20 20 20 20  20 20 20 20  20 20 20 20  20 20 20 20 
0D71EC40: 20 20 20 20  20 20 20 20  20 20 20 20  20 20 20 20 
0D71EC50: 20 20 20 20  20 20 20 20  20 20 20 20  20 20 20 20 
0D71EC60: 20 20 20 20  20 20 20 20  20 20 20 20  20 20 20 20 
0D71EC70: 20 20 20 20  20 20 20 20  20 20 20 20  20 20 20 20 
0D71EC80: 20 20 20 20  20 20 20 20  20 20 20 20  20 20 20 20 
0D71EC90: 20 20 20 20  20 20 20 20  20 20 20 20  20 20 20 20 
0D71ECA0: 20 20 20 20  20 20 20 20  20 20 20 20  20 20 20 20 
0D71ECB0: 20 20 20 20  20 20 20 20  20 20 20 20  20 20 20 20 
0D71ECC0: 20 20 20 20  20 20 20 20  20 20 20 20  20 20 20 20 
0D71ECD0: 20 20 20 20  20 20 20 20  20 20 20 20  20 20 20 20 
0D71ECE0: 20 20 20 20  20 20 20 20  20 20 20 20  20 20 20 20 
0D71ECF0: 20 20 20 20  20 20 20 20  20 20 20 20  20 20 20 20 
0D71ED00: 20 20 20 20  20 20 20 20  20 20 20 20  20 20 20 20 
0D71ED10: 20 20 20 20  20 20 20 20  20 20 20 20  20 20 20 20 
0D71ED20: 20 20 20 20  20 20 20 20  20 20 20 20  20 20 20 20 
0D71ED30: 20 20 20 20  20 20 20 20  20 20 20 20  20 20 20 20 
0D71ED40: 20 20 20 20  20 20 20 20  20 20 20 20  20 20 20 20 
0D71ED50: 20 20 20 20  20 20 20 50  41 52 54 49  43 55 4C 41 
0D71ED60: 52 20 20 20  20 20 20 20  20 20 20 20  20 20 20 20 
0D71ED70: 20 20 20 20  20 20 20 20  20 20 20 20  20 20 20 50 
0D71ED80: 61 72 74 69  63 75 6C 61  72 20 20 20  20 20 20 20 
0D71ED90: 20 20 20 50  52 45 50 2E  20 50 49 4E  54 55 52 41 
0D71EDA0: 20 20 20 20  20 20 20 4A  F5 71 0D 8C  4F 47 01 20 
0D71EDB0: 0A C6 0F 61  00 00 00 4E  E3 6F 20 49  6E 69 63 69 
0D71EDC0: 61 64 6F 20  20 20 20 20  20 20 20 00  00 00 00 00 
0D71EDD0: 00 00 00 00  00 00 00 00  00 00 00 00  00 00 00 00 
0D71EDE0: 00 00 00 4E  E3 6F 20 63  6F 6E 73 75  6C 74 61 64 
0D71EDF0: 6F 20 20 20  20 20 20 20  20 20 20 20  20 20 20 20 
0D71EE00: 20 20 20 20  20 20 20 20  20 20 20 20  20 20 20 20 
0D71EE10: 20 20 20 20  20 20 20 20  20 20 20 20  20 20 20 53 
0D71EE20: 45 47 55 52  41 44 4F 52  41 20 20 20  20 20 20 20 
0D71EE30: 20 20 20 20  20 20 20 20  20 20 20 20  20 20 20 20 
0D71EE40: 20 20 20 20  20 20 20 4E  E3 6F 20 45  6E 76 69 61 
0D71EE50: 64 6F 20 20  20 20 20 20  20 20 20 20  20 20 20 20 
0D71EE60: 20 20 20 20  20 20 20 20  20 20 20 20  20 20 20 20 
0D71EE70: 20 20 20 20  20 20 20 20  20 20 20 20  20 20 20 20 
0D71EE80: 20 20 20 20  20 20 20 20  20 20 20 20  20 20 20 20 
0D71EE90: 20 20 20 20  20 20 20 20  20 20 20 20  20 20 20 20 
0D71EEA0: 20 20 20 20  20 20 20 20  20 20 20 20  20 20 20 20 
0D71EEB0: 20 20 20 20  20 20 20 20  20 20 20 20  20 20 20 20 
0D71EEC0: 20 20 20 20  20 20 20 20  20 20 20 20  20 20 20 20 
0D71EED0: 20 20 20 20  20 20 20 20  20 20 20 20  20 20 20 20 
0D71EEE0: 20 20 20 20  20 20 20 20  20 20 20 20  20 20 20 20 
0D71EEF0: 20 20 20 20  20 20 20 20  20 20 20 20  20 20 20 20 
0D71EF00: 20 20 20 20  20 20 20 20  20 20 20 20  20 20 20 20 
0D71EF10: 20 20 20 20  20 20 20 20  20 20 20 20  20 20 20 20 
0D71EF20: 20 20 20 20  20 20 20 20  20 20 20 20  20 20 20 20 
0D71EF30: 20 20 20 20  20 20 20 20  20 20 20 20  20 20 20 20 
0D71EF40: 20 20 20 20  20 20 20 20  20 20 20 20  20 20 20 20 
0D71EF50: 20 20 20 20  20 20 20 20  20 20 20 20  20 20 20 20 
0D71EF60: 20 20 20 20  20 20 20 20  20 20 20 20  20 20 20 20 
0D71EF70: 20 20 20 20  20 20 20 20  20 20 20 20  20 20 20 20 
0D71EF80: 20 20 20 20  20 20 20 20  20 20 20 20  20 20 20 20 
0D71EF90: 20 20 20 20  20 20 20 20  20 20 20 20  20 20 20 20 
0D71EFA0: 20 20 20 20  20 20 20 20  20 20 20 20  20 20 20 20 
0D71EFB0: 20 20 20 20  20 20 20 20  20 20 20 20  20 20 20 20 
0D71EFC0: 20 20 20 20  20 20 20 20  20 20 20 20  20 20 20 20 
0D71EFD0: 20 20 20 20  20 20 20 20  20 20 20 20  20 20 20 20 
0D71EFE0: 20 20 20 20  20 20 20 20  20 20 20 20  20 20 20 20 
0D71EFF0: 20 20 20 20  20 20 20 20  20 20 20 20  20 20 20 20 
0D71F000: 20 20 20 20  20 20 20 20  20 20 20 20  20 20 20 20 
0D71F010: 20 20 20 20  20 20 20 20  20 20 20 20  20 20 20 20 
0D71F020: 20 20 20 20  20 20 20 20  20 20 20 20  20 20 20 20 
0D71F030: 20 20 20 20  20 20 20 20  20 20 20 20  20 20 20 20 
0D71F040: 20 20 20 20  20 20 20 20  20 20 20 20  20 20 20 20 
0D71F050: 20 20 20 20  20 20 20 20  20 20 20 20  20 20 20 20 
0D71F060: 20 20 45 4D  20 53 45 52  56 49 C7 4F  20 20 20 20 
0D71F070: 20 20 20 20  20 20 20 20  20 20 20 20  20 20 20 20 
0D71F080: 20 20 20 20  20 20 20 20  20 20 20 20  20 20 20 20 
0D71F090: 20 20 20 20  43 6F 6C 69  73 E3 6F 20  20 20 20 20 
0D71F0A0: 20 20 20 20  20 20 20 20  20 20 20 20  20 20 20 20 
0D71F0B0: 20 20 34 20  2D 20 50 61  72 74 69 63  75 6C 61 72 
0D71F0C0: 20 20 20 20  20 20 20 20  20 20 20 20  20 20 20 20 
0D71F0D0: 28 37 37 29  20 33 34 32  34 20 30 30  37 37 20 28 
0D71F0E0: 72 65 73 29  20 20 20 20  20 20 20 20  20 20 20 20 
0D71F0F0: 20 20 20 20  20 20 20 20  20 20 20 20  20 20 20 20 
0D71F100: 20 20 20 20  20 20 20 20  20 20 20 20  20 20 20 20 
0D71F110: 20 20 20 20  20 20 20 20  20 20 20 20  20 20 20 20 
0D71F120: 20 20 20 20  20 20 20 20  20 20 20 20  20 20 20 20 
0D71F130: 20 20 20 20  20 20 20 20  20 20 20 20  20 20 20 20 
0D71F140: 20 20 20 20  20 20 20 20  20 20 20 20  20 20 20 20 
0D71F150: 20 20 20 20  20 20 20 20  20 20 20 20  20 20 20 20 
0D71F160: 20 20 20 20  20 20 20 20  20 20 20 20  20 20 20 20 
0D71F170: 20 20 20 20  20 20 20 20  20 20 20 20  20 20 20 20 
0D71F180: 20 20 20 20  20 20 20 20  20 20 20 20  20 20 20 20 
0D71F190: 20 20 20 20  20 20 20 20  20 20 20 20  20 20 20 20 
0D71F1A0: 20 20 20 20  20 20 20 20  20 20 20 20  20 20 20 20 
0D71F1B0: 20 20 20 20  20 20 20 20  20 20 20 20  20 20 20 20 
0D71F1C0: 20 20 20 20  20 20 20 20  20 20 20 20  20 20 20 20 
0D71F1D0: 20 20 20 20  20 20 20 20  20 20 20 20  20 20 20 20 
0D71F1E0: 20 20 20 20  20 20 20 20  20 20 20 20  20 20 20 20 
0D71F1F0: 20 20 20 20  20 20 20 20  20 20 20 20  20 20 20 20 
0D71F200: 20 20 20 20  20 20 20 20  20 20 20 20  20 20 20 20 
0D71F210: 20 20 20 20  20 20 20 20  20 20 20 20  20 20 20 20 
0D71F220: 20 20 20 20  20 20 20 20  20 20 20 20  20 20 20 20 
0D71F230: 20 20 20 20  20 20 20 20  20 20 20 20  20 20 20 20 
0D71F240: 20 20 20 20  20 20 20 20  20 20 20 20  20 20 20 20 
0D71F250: 20 20 20 20  20 20 20 20  20 20 20 20  20 20 20 20 
0D71F260: 20 20 20 20  20 20 20 20  20 20 20 20  20 20 20 20 
0D71F270: 20 20 20 20  20 20 20 20  20 20 20 20  20 20 20 20 
0D71F280: 20 20 20 20  20 20 20 20  20 20 20 20  20 20 20 20 
0D71F290: 20 20 20 20  20 20 20 20  20 20 20 20  20 20 20 20 
0D71F2A0: 20 20 20 20  20 20 20 20  20 20 20 20  20 20 20 20 
0D71F2B0: 20 20 20 20  20 20 20 20  20 20 20 20  20 20 20 20 
0D71F2C0: 20 20 20 20  20 20 20 20  20 20 20 20  20 20 20 20 
0D71F2D0: 20 20 20 20  20 20 20 20  20 20 20 20  20 20 20 20 
0D71F2E0: 20 20 20 20  20 20 20 20  20 20 20 20  20 20 20 20 
0D71F2F0: 20 34 20 20  20 20 20 20  20 20 20 20  20 20 20 20 
0D71F300: 20 20 45 20  20 41 4C 41  4E 20 52 45  49 53 20 53 
0D71F310: 49 4C 56 41  20 20 20 20  20 20 20 20  20 20 20 20 
0D71F320: 20 20 20 20  20 20 20 20  20 20 20 20  20 20 20 20 
0D71F330: 20 20 20 20  20 20 20 20  20 20 20 20  20 20 20 20 
0D71F340: 20 52 20 53  61 6E 74 69  61 67 6F 2C  20 34 38 20 
0D71F350: 20 20 20 20  20 20 20 20  20 20 20 20  20 20 20 20 
0D71F360: 20 20 20 20  20 20 20 20  20 20 20 20  20 20 20 20 
0D71F370: 20 20 20 20  20 20 20 20  20 20 20 20  20 20 20 20 
0D71F380: 20 20 20 20  20 20 20 20  20 20 20 20  20 20 20 20 
0D71F390: 20 4A 75 72  65 6D 61 20  20 20 20 20  20 20 20 20 
0D71F3A0: 20 20 20 20  20 20 20 20  20 20 20 20  20 20 20 56 
0D71F3B0: 69 74 6F 72  69 61 20 64  61 20 43 6F  6E 71 75 69 
0D71F3C0: 73 74 61 20  20 20 20 20  20 20 20 20  20 42 41 20 
0D71F3D0: 20 20 20 20  20 20 20 20  20 20 20 20  20 20 20 20 
0D71F3E0: 20 34 35 30  32 33 2D 30  31 30 20 30  34 31 2E 38 
0D71F3F0: C0 D0 0D 0E  00 00 00 00  00 00 00 00  00 00 00 00 
0D71F400: 00 00 00 00  00 00 00 00  00 00 00 00  00 00 00 00 
0D71F410: 00 00 00 00  00 00 00 00  00 00 00 00  00 00 00 00 
0D71F420: 00 00 00 00  00 00 00 00  00 00 00 00  00 00 00 00 
0D71F430: 00 00 00 00  00 00 00 00  00 00 00 00  00 00 00 00 
0D71F440: 00 00 00 00  00 00 00 00  00 00 00 00  00 00 00 00 
0D71F450: 00 00 00 00  00 00 00 00  00 00 00 00  00 A8 B0 34 
0D71F460: 0C 00 00 00  00 00 00 02  00 00 00 00  00 00 00 00 
0D71F470: 00 00 00 00  00 20 20 20  20 20 20 20  20 20 20 20 
0D71F480: 20 20 20 20  20 20 20 20  20 20 20 20  20 20 20 20 
0D71F490: 20 20 20 20  20 20 20 20  20 20 20 20  20 20 20 20 
0D71F4A0: 20 20 20 20  20 20 20 20  20 20 20 20  20 20 20 20 
0D71F4B0: 20 20 20 20  20 20 20 20  20 00 00 00  00 00 35 37 
0D71F4C0: 01 00 35 37  01 00 00 00  00 00 00 00  00 00 88 70 
0D71F4D0: 34 0C 00 00  00 00 00 00  01 00 00 00  00 00 00 00 
0D71F4E0: 00 00 00 00  00 00 20 20  D8 81 38 0D  88 6E 34 0C 
0D71F4F0: 88 6C 34 0C  E0 BA 35 0C  00 00 00 00  00 00 00 20 
0D71F500: 20 20 20 20  20 20 20 20  20 20 20 20  20 20 20 20 
0D71F510: 20 20 20 20  20 20 20 20  20 20 20 20  20 20 20 20 
0D71F520: 20 20 20 20  20 20 20 20  20 20 20 20  20 20 20 20 
0D71F530: 20 20 20 20  20 20 20 20  20 20 20 00  00 00 00 00 
0D71F540: 00 00 00 00  00 00 00 00  07 00 B8 02  00 00 44 45 
0D71F550: 53 4D 4F 4E  54 41 47 45  4D 20 20 20  20 20 20 20 
0D71F560: 20 20 20 20  20 20 20 20  20 20 20 20  20 20 20 20 
0D71F570: 20 20 20 20  20 20 4E E3  6F 20 49 6E  69 63 69 61 
0D71F580: 64 6F 20 20  20 20 20 20  20 20 20 20  20 20 20 20 
0D71F590: 20 20 20 20  20 20 20 20  20 20 20 20  20 20 01 07 
0D71F5A0: 00 00 00 00  00 00 00 00  00 46 60 01  43 20 47 20 
0D71F5B0: C0 F0 34 0C  00 00 00 00  00 00 00 00  00 00 00 01 
0D71F5C0: 01 00 00 00  00 00 00 00  00 00 00 00  01 01 00 00 
0D71F5D0: 00 B8 02 00  00 00 00 00  00 20 20 20  20 20 20 20 
0D71F5E0: 20 1C F6 71  0D F8 65 47  01 38 32 80  0B 1B 00 00 
0D71F5F0: 00 03 F6 71  0D B0 65 47  01 18 29 E1  0B 19 00 00 
0D71F600: 00 01 00 4F  53 20 30 30  30 37 31 34  20 20 20 20 
0D71F610: 20 20 20 20  20 20 20 01  CA 02 00 00  4D 41 54 2E 
0D71F620: 20 43 4F 4E  53 2E 20 20  20 20 20 20  20 20 20 20 
0D71F630: 03 00 00 00  00 00 01 02  B1 FD 71 0D  80 65 47 01 
0D71F640: 00 00 00 00  22 00 00 00  4D 41 54 2E  20 43 4F 4E 
0D71F650: 53 2E 20 20  20 20 20 20  20 20 20 20  20 20 20 20 
0D71F660: 20 20 20 20  20 20 20 20  20 20 20 20  20 20 20 20 
0D71F670: 20 20 20 20  20 20 20 20  20 20 20 20  20 20 20 20 
0D71F680: 20 20 20 20  54 49 4E 54  41 20 42 50  20 4C 41 5A 
0D71F690: 5A 55 44 55  52 20 20 20  20 20 20 20  20 20 20 20 
0D71F6A0: 20 20 20 20  20 20 20 20  20 20 20 20  20 20 20 20 
0D71F6B0: 20 20 20 20  20 20 20 20  20 20 20 20  20 20 20 20 
0D71F6C0: 20 20 20 20  20 20 20 20  20 20 20 20  20 20 20 20 
0D71F6D0: 20 20 20 20  20 20 20 20  20 20 20 20  20 20 20 20 
0D71F6E0: 20 20 20 20  20 20 20 20  20 20 20 20  20 20 20 20 
0D71F6F0: 20 20 20 20  20 20 20 20  20 20 20 20  20 20 20 20 
0D71F700: 20 20 20 20  20 20 20 20  20 20 20 20  20 20 20 20 
0D71F710: 00 00 00 01  35 00 00 00  00 00 00 00  00 00 00 00 
0D71F720: 00 00 00 00  00 20 20 20  20 20 20 20  20 20 20 20 
0D71F730: 20 20 20 20  20 20 20 20  20 20 00 00  00 00 00 00 
0D71F740: 00 00 00 00  00 55 75 50  F0 00 00 00  00 55 75 50 
0D71F750: 00 00 00 00  00 00 00 00  00 01 00 00  00 20 20 20 
0D71F760: 20 20 20 20  20 20 20 20  20 20 20 20  20 20 20 20 
0D71F770: 20 20 20 20  20 20 20 20  20 20 20 20  20 20 20 20 
0D71F780: 20 20 20 20  20 20 20 20  20 20 20 20  20 20 20 20 
0D71F790: 20 20 20 20  20 20 20 20  20 20 20 20  20 20 20 20 
0D71F7A0: 20 20 20 20  20 20 20 20  20 20 20 20  20 20 20 20 
0D71F7B0: 20 20 20 20  20 20 20 20  20 20 20 20  20 20 20 20 
0D71F7C0: 20 20 20 20  20 20 20 20  20 20 20 20  20 20 20 20 
0D71F7D0: 20 20 20 20  20 20 20 20  20 20 20 20  20 20 20 20 
0D71F7E0: 20 20 20 20  20 20 20 20  20 20 20 20  20 20 20 20 
0D71F7F0: 20 20 20 20  20 20 20 20  20 20 20 20  20 20 20 20 
0D71F800: 20 20 20 20  20 20 20 20  20 20 20 20  20 20 20 20 
0D71F810: 20 20 20 20  20 20 20 20  20 20 20 20  20 20 20 20 
0D71F820: 20 20 20 20  20 20 20 20  20 20 20 20  20 20 20 20 
0D71F830: 20 20 20 20  20 20 20 20  20 20 20 20  20 20 20 20 
0D71F840: 20 20 20 20  20 20 20 20  20 20 20 20  20 20 20 20 
0D71F850: 20 20 20 20  20 20 20 20  20 20 20 20  20 20 20 20 
0D71F860: 20 20 20 20  20 20 20 20  20 20 20 20  20 20 20 20 
0D71F870: 20 20 20 20  20 20 20 20  20 20 45 73  74 6F 71 75 
0D71F880: 65 20 20 20  20 20 20 20  20 20 20 20  20 20 20 20 
0D71F890: 20 20 20 20  20 20 20 20  20 20 20 20  20 20 20 20 
0D71F8A0: 20 20 20 20  20 20 20 20  20 20 20 20  20 20 20 20 
0D71F8B0: 20 20 20 20  20 20 20 20  20 20 20 20  20 20 20 20 
0D71F8C0: 20 20 20 20  20 20 20 20  20 20 20 20  20 20 20 20 
0D71F8D0: 20 20 20 20  F0 00 00 00  01 00 00 00  28 A2 4F 01 
0D71F8E0: 35 F9 71 0D  07 04 3C F9  71 0D 07 03  43 F9 71 0D 
0D71F8F0: 07 04 4A F9  71 0D 07 04  51 F9 71 0D  07 04 58 F9 
0D71F900: 71 0D 07 04  5F F9 71 0D  03 00 62 F9  71 0D 00 00 
0D71F910: 00 00 00 00  00 00 00 00  00 00 00 00  00 00 00 00 
0D71F920: 00 00 00 00  00 00 00 00  00 00 00 00  00 00 00 00 
0D71F930: 00 00 00 00  01 00 00 00  00 00 00 00  00 00 00 00 
0D71F940: 00 02 50 00  00 00 00 00  00 00 00 00  00 00 00 00 
0D71F950: 00 00 00 00  00 00 00 00  00 00 00 00  00 00 00 00 
0D71F960: 00 03 01 00  00 00 00 00  00 00 00 00  00 00 00 00 
0D71F970: 00 00 00 00  00 00 00 00  00 00 00 00  00 00 00 00 
0D71F980: 00 00 00 00  00 00 00 00  00 00 00 30  C6 14 10 00 
0D71F990: 00 00 00 00  00 00 00 00  00 00 00 00  00 00 00 00 
0D71F9A0: 00 00 00 00  00 00 00 00  00 00 00 00  00 00 00 00 
0D71F9B0: 00 00 00 00  00 00 00 00  00 00 20 20  20 20 20 20 
0D71F9C0: 20 20 20 20  20 20 20 20  20 20 20 20  20 20 20 20 
0D71F9D0: 20 20 20 20  20 20 20 20  20 20 20 20  20 20 20 20 
0D71F9E0: 20 20 20 20  20 20 20 20  20 20 20 20  20 20 20 20 
0D71F9F0: 20 20 20 20  20 20 20 20  20 20 20 20  20 20 20 20 
0D71FA00: 20 20 20 20  20 20 20 20  20 20 20 20  20 20 20 20 
0D71FA10: 20 20 20 20  20 20 20 20  20 20 20 20  20 20 20 20 
0D71FA20: 20 20 20 20  20 20 20 20  20 20 20 20  20 20 20 20 
0D71FA30: 20 20 20 20  20 20 20 20  20 20 20 20  20 20 20 20 
0D71FA40: 20 20 20 20  20 20 20 20  20 20 20 20  20 20 20 20 
0D71FA50: 20 20 20 20  20 20 20 20  20 20 20 20  20 20 20 20 
0D71FA60: 20 20 20 20  20 20 20 20  20 20 20 20  20 20 20 20 
0D71FA70: 20 20 20 20  20 20 20 20  20 20 20 20  20 20 20 20 
0D71FA80: 20 20 20 20  20 20 20 20  20 20 20 20  20 20 20 20 
0D71FA90: 20 20 20 20  20 20 20 20  20 20 20 20  20 20 20 20 
0D71FAA0: 20 20 20 20  20 20 20 20  20 20 20 20  20 20 20 20 
0D71FAB0: 20 20 20 20  20 20 20 20  20 20 20 20  20 20 20 20 
0D71FAC0: 20 20 20 20  20 20 20 20  20 20 20 20  20 20 20 20 
0D71FAD0: 20 20 20 20  20 20 20 20  20 20 20 20  20 20 20 20 
0D71FAE0: 20 20 20 20  20 20 20 20  20 20 20 20  20 20 20 20 
0D71FAF0: 20 20 20 20  20 20 20 20  20 20 20 20  20 20 20 2F 
0D71FB00: FC 71 0D 04  5D 47 01 38  71 38 0D 81  00 00 00 08 
0D71FB10: 02 34 0C 04  60 47 01 20  42 CE 0F 0B  01 00 00 00 
0D71FB20: 00 00 00 00  00 00 00 00  00 00 00 00  00 00 00 00 
0D71FB30: 00 00 00 00  00 00 00 00  00 00 00 00  00 00 00 00 
0D71FB40: 00 00 00 00  00 00 00 00  00 00 00 00  00 00 00 00 
0D71FB50: 00 00 00 00  00 00 00 00  00 00 00 00  00 00 00 00 
0D71FB60: 00 00 00 00  00 00 00 00  00 00 00 00  00 00 00 00 
0D71FB70: 00 00 00 00  FB 35 0C 38  4C 47 01 00  00 00 00 12 
0D71FB80: 01 00 00 50  2E 20 56 65  6E 64 61 20  20 20 20 20 
0D71FB90: 20 20 20 20  20 20 20 20  20 20 20 20  20 20 20 20 
0D71FBA0: 20 20 20 20  20 20 20 20  20 20 20 20  20 20 20 20 
0D71FBB0: 20 20 20 20  20 20 20 20  20 20 20 20  20 20 20 20 
0D71FBC0: 20 20 20 20  20 20 20 20  20 20 20 20  20 20 20 20 
0D71FBD0: 20 20 20 20  20 20 20 20  20 20 20 20  20 20 20 20 
0D71FBE0: 20 20 20 20  20 20 20 20  20 20 20 20  20 20 20 20 
0D71FBF0: 20 20 20 20  20 20 20 20  20 20 20 4A  FD 71 0D DC 
0D71FC00: 4B 47 01 68  1D FE 0F 3D  00 00 00 20  20 20 20 20 
0D71FC10: 20 20 20 20  20 20 20 20  20 20 20 20  20 20 20 28 
0D71FC20: FD 71 0D 9C  5C 47 01 88  0C EB 0D 0A  00 00 00 20 
0D71FC30: 20 20 20 20  20 20 20 20  20 20 20 20  20 20 20 20 
0D71FC40: 20 20 20 20  20 20 20 20  20 20 20 20  20 20 20 20 
0D71FC50: 20 20 20 20  20 20 20 20  20 20 20 20  20 20 20 20 
0D71FC60: 20 00 00 00  00 00 00 00  00 00 00 00  96 00 00 00 
0D71FC70: 0A 00 00 00  20 20 20 20  20 20 20 20  20 20 20 20 
0D71FC80: 20 20 20 20  20 20 20 20  00 00 00 00  00 00 00 00 
0D71FC90: 44 72 6F 70  4C 69 73 74  20 20 00 20  20 20 20 20 
0D71FCA0: 20 20 20 20  20 20 20 20  20 20 20 20  20 20 20 00 
0D71FCB0: 00 FB 35 0C  98 75 35 0C  00 00 80 00  00 FF 00 00 
0D71FCC0: FF FF FF FF  00 80 00 00  00 00 80 00  FF FF 00 00 
0D71FCD0: FF FF FF FF  FF D2 00 00  42 00 00 00  00 00 80 00 
0D71FCE0: FF 53 53 00  FF FF FF FF  FF 00 00 00  21 00 00 00 
0D71FCF0: 00 00 80 00  FF 53 53 00  FF FF FF FF  FF 00 00 00 
0D71FD00: 00 00 80 00  FF FF 00 00  FF FF FF FF  FF D2 00 00 
0D71FD10: 28 00 00 00  00 00 80 00  00 FF 00 00  FF FF FF FF 
0D71FD20: 00 80 00 00  19 00 00 00  00 00 23 00  00 00 08 00 
0D71FD30: 00 00 00 48  4A 0B 0E 00  00 00 00 00  00 00 00 00 
0D71FD40: 00 00 E8 CA  35 0C 05 00  00 00 03 00  00 00 00 4D 
0D71FD50: 45 43 41 4E  49 43 41 20  20 20 20 20  20 20 20 20 
0D71FD60: 20 20 20 20  20 20 20 20  20 20 20 20  20 20 20 20 
0D71FD70: 20 20 4D 65  63 E2 6E 69  63 61 20 20  20 20 20 20 
0D71FD80: 20 20 20 20  20 20 01 00  57 10 00 00  20 80 5C 34 
0D71FD90: 0C 08 02 34  0C 01 01 00  01 01 01 00  00 00 00 01 
0D71FDA0: 01 00 00 00  40 39 34 0C  01 C8 E6 0D  0E 08 00 34 
0D71FDB0: 0C 20 20 20  20 20 20 20  20 20 20 20  20 20 20 20 
0D71FDC0: 20 20 20 20  20 20 20 20  20 20 20 20  20 20 20 00 
0D71FDD0: 00 00 00 00  E4 FD 71 0D  14 CB 46 01  C8 DE 3A 0D 
0D71FDE0: D0 00 00 00  53 49 54 55  41 C7 C3 4F  20 43 4F 4D 
0D71FDF0: 45 52 43 49  41 4C 20 20  20 20 20 20  20 20 20 20 
0D71FE00: 20 20 20 20  20 20 20 20  20 20 20 20  00 00 50 65 
0D71FE10: 73 71 2E 20  53 61 74 69  73 66 61 E7  E3 6F 20 20 
0D71FE20: 20 20 20 20  20 20 20 20  20 20 20 20  20 20 20 20 
0D71FE30: 20 20 20 20  20 20 20 20  20 20 20 20  20 20 20 20 
0D71FE40: 20 20 20 20  20 20 20 20  20 20 20 20  20 20 20 20 
0D71FE50: 20 20 20 20  20 20 20 20  20 20 20 20  20 20 20 20 
0D71FE60: 20 20 20 20  20 20 20 20  20 20 20 20  20 20 20 20 
0D71FE70: 20 20 20 20  20 20 20 20  20 20 20 20  20 20 20 20 
0D71FE80: 20 20 20 20  20 20 20 20  20 20 20 20  20 20 20 20 
0D71FE90: 20 20 20 20  20 20 20 20  20 20 20 20  20 20 20 20 
0D71FEA0: 20 20 20 20  20 20 20 20  20 20 20 20  20 20 20 20 
0D71FEB0: 20 20 20 01  20 EC 0B 0E  BC FE 71 0D  FC FE 71 0D 
0D71FEC0: 99 FE 3A 01  8C 00 8E 0B  48 FF 71 0D  48 FF 71 0D 
0D71FED0: 94 FF 42 72  77 4F 53 53  74 61 72 74  28 09 34 0C 
0D71FEE0: 00 10 00 00  F7 D9 0B 01  10 2A 13 01  56 59 11 01 
0D71FEF0: 48 FF 71 0D  80 91 25 00  2E C4 0B 01  94 FF 71 0D 
0D71FF00: 1C D7 0B 01  CC FF 71 0D  CC FF 71 0D  71 59 11 01 
0D71FF10: 48 FF 71 0D  48 FF 71 0D  48 FF 71 0D  04 00 00 00 
0D71FF20: 1C D7 0B 01  48 FF 71 0D  2C D7 0B 01  68 FF 71 0D 
0D71FF30: 94 FF 71 0D  48 FF 71 0D  8C 00 8E 0B  00 00 00 00 
0D71FF40: 52 23 FD 76  8C 00 8E 0B  10 2A 13 01  00 00 00 00 
0D71FF50: 04 00 00 00  78 2A 13 01  8C 00 8E 0B  BC D7 0B 01 
0D71FF60: 2C D7 0B 01  8C 00 8E 0B  00 00 00 00  14 B0 00 00 
0D71FF70: 00 00 00 00  00 00 00 00  04 18 29 44  6A 02 00 00 
0D71FF80: 4D 00 00 00  04 7C D1 74  8C 00 8E 0B  E0 7B D1 74 
0D71FF90: FF 01 9A 1D  DC FF 71 0D  8F AD 08 77  8C 00 8E 0B 
0D71FFA0: 8B 5E 69 1E  00 00 00 00  00 00 00 00  8C 00 8E 0B 
0D71FFB0: 00 00 00 00  00 00 00 00  00 00 00 00  00 00 00 00 
0D71FFC0: 8B 5E 69 1E  A0 FF 71 0D  00 00 00 00  E4 FF 71 0D 
0D71FFD0: A0 74 0C 77  F7 0C 10 64  00 00 00 00  EC FF 71 0D 
0D71FFE0: 5A AD 08 77  FF FF FF FF  B7 00 07 77  00 00 00 00 
0D71FFF0: 00 00 00 00  2C D7 0B 01  8C 00 8E 0B  00 00 00 00 
