Unable to open MDI window (No APPLICATION active)
Process PID=00006F1C  Image: C:\ERP\Esteticar\zeta.exe
Thread 5  Handle=000005DC  TID=00005C74

Stack frame: 1B0FC024

Call Stack:
039B4ECF
039C20E9
039C1ED9
039C6783
039D1C1F
039B0711
039B0FD6
012444AA
01241F4B

Clarion modules:
01000000  08.00:9563  C:\ERP\Esteticar\ClaRUN.dll
057F0000  08.00:9563  C:\ERP\Esteticar\ClaASC.dll
05810000  08.00:9563  C:\ERP\Esteticar\ClaTPS.dll
00C70000  08.00:9563  C:\ERP\Esteticar\ZWACC.dll
05830000  08.00:9563  C:\ERP\Esteticar\ClaDOS.dll
07630000  08.00:9563  C:\ERP\Esteticar\ZWFUNCOESWMF.dll
00F80000  08.00:9563  C:\ERP\Esteticar\ZWFUNCOES.dll
05880000  08.00:9759  C:\ERP\Esteticar\IQXML80.dll
00550000  08.00:9563  C:\ERP\Esteticar\ZW15ARQ.dll
00030000  08.00:9563  C:\ERP\Esteticar\ZW33TAB.dll
06F70000  08.00:9563  C:\ERP\Esteticar\ZWFAARQ.dll
06210000  08.00:9563  C:\ERP\Esteticar\ClaOLE.dll
09200000  08.00:9563  C:\ERP\Esteticar\ClaDB3.dll
09230000  08.00:9563  C:\ERP\Esteticar\ClaDB4.dll
09260000  08.00:9563  C:\ERP\Esteticar\ClaODB.dll
06DE0000  08.00:9563  C:\ERP\Esteticar\ZWENARQ.dll
001D0000  08.00:9563  C:\ERP\Esteticar\ZWIND.dll
09180000  08.00:9563  C:\ERP\Esteticar\ZWCMARQ.dll
07030000  08.00:9563  C:\ERP\Esteticar\ZWFLARQ.dll
06760000  08.00:9563  C:\ERP\Esteticar\ZWCOARQ.dll
069B0000  08.00:9563  C:\ERP\Esteticar\ZWCXARQ.dll
00370000  08.00:9563  C:\ERP\Esteticar\ZWPEDP.dll
06F50000  08.00:9563  C:\ERP\Esteticar\ZWETARQ.dll
078F0000  08.00:9563  C:\ERP\Esteticar\ZWGIND.dll
07900000  08.00:9563  C:\ERP\Esteticar\ZWPRARQ.dll
08090000  08.00:9563  C:\ERP\Esteticar\ZWREEMB.dll
07E80000  08.00:9563  C:\ERP\Esteticar\ZWVARQ.dll
06CF0000  08.00:9563  C:\ERP\Esteticar\ZWDARQ.dll
06FD0000  08.00:9563  C:\ERP\Esteticar\ZWFIARQ.dll
08B80000  08.00:9563  C:\ERP\Esteticar\ZW33NFCE.dll
092B0000  08.00:9563  C:\ERP\Esteticar\ZWAGFC.dll
09330000  08.00:9563  C:\ERP\Esteticar\ZWAOCM.dll
04590000  08.00:9563  C:\ERP\Esteticar\ZWRELHTM.dll
09460000  08.00:9563  C:\ERP\Esteticar\ZWEIARQ.dll
07750000  08.00:9563  C:\ERP\Esteticar\E_PON.dll
07760000  08.00:9563  C:\ERP\Esteticar\ZWPOARQ.dll
077D0000  08.00:9563  C:\ERP\Esteticar\ZWSOPE.dll
07730000  08.00:9563  C:\ERP\Esteticar\ZWOCARQ.dll
07450000  08.00:9563  C:\ERP\Esteticar\ZWFRARQ.dll
07530000  08.00:9563  C:\ERP\Esteticar\ZWFRREL.dll
074B0000  08.00:9563  C:\ERP\Esteticar\ZWFRFNC.dll
07440000  08.00:9563  C:\ERP\Esteticar\EXT_FRE.dll
03640000  08.00:9563  C:\ERP\Esteticar\ZWFRPRI.dll
06F90000  08.00:9563  C:\ERP\Esteticar\ZWRFAS.dll
06270000  08.00:9563  C:\ERP\Esteticar\ZW15FIC.dll
05CE0000  08.00:9563  C:\ERP\Esteticar\ZW15REL.dll
091C0000  08.00:9563  C:\ERP\Esteticar\ZWCMREL.dll
003D0000  08.00:9563  C:\ERP\Esteticar\ZWMSG.dll
06A00000  08.00:9563  C:\ERP\Esteticar\ZWCXREL.dll
070C0000  08.00:9563  C:\ERP\Esteticar\ZWFLX2.dll
07210000  08.00:9563  C:\ERP\Esteticar\ZWFLREL.dll
071E0000  08.00:9563  C:\ERP\Esteticar\ZWFLCABC.dll
079D0000  08.00:9563  C:\ERP\Esteticar\ZWRPRO.dll
00FC0000  08.00:9563  C:\ERP\Esteticar\ZWOCORR.dll
089F0000  08.00:9563  C:\ERP\Esteticar\ZWVCXA.dll
07780000  08.00:9563  C:\ERP\Esteticar\ZWRPON.dll
061F0000  08.00:9563  C:\ERP\Esteticar\ZWGPON.dll
03EA0000  08.00:9563  C:\ERP\Esteticar\ZWPONTO.dll
03E40000  08.00:9563  C:\ERP\Esteticar\ZWHENT.dll
093F0000  08.00:9563  C:\ERP\Esteticar\ZWEID.dll
093D0000  08.00:9563  C:\ERP\Esteticar\EXT_VEN.dll
08AB0000  08.00:9563  C:\ERP\Esteticar\ZWVFRE.dll
04DA0000  08.00:9563  C:\ERP\Esteticar\ZWVCHAM.dll
07F90000  08.00:9563  C:\ERP\Esteticar\ZWVFCH.dll
06A70000  08.00:9563  C:\ERP\Esteticar\ZWSCU.dll
080A0000  08.00:9563  C:\ERP\Esteticar\ZWRVEN.dll
093B0000  08.00:9563  C:\ERP\Esteticar\ZWROCM.dll
09360000  08.00:9563  C:\ERP\Esteticar\ZWFOCM.dll
07FF0000  08.00:9563  C:\ERP\Esteticar\ZWOCM.dll
07D70000  08.00:9563  C:\ERP\Esteticar\ZWGVEN.dll
09320000  08.00:9563  C:\ERP\Esteticar\ZWRGFC.dll
092E0000  08.00:9563  C:\ERP\Esteticar\ZWFGFC.dll
07800000  08.00:9563  C:\ERP\Esteticar\ZWGFC.dll
06AA0000  08.00:9563  C:\ERP\Esteticar\ZWVFNC.dll
045C0000  08.00:9563  C:\ERP\Esteticar\ZWRENT.dll
06800000  08.00:9563  C:\ERP\Esteticar\ZWRCOM.dll
07D50000  08.00:9563  C:\ERP\Esteticar\EXT_SERV.dll
048C0000  08.00:9563  C:\ERP\Esteticar\ZWSERV.dll
06540000  08.00:9563  C:\ERP\Esteticar\ZWGFISCA.dll
061C0000  08.00:9563  C:\ERP\Esteticar\ZWGFAS.dll
02CF0000  08.00:9563  C:\ERP\Esteticar\ZWFISCA.dll
024F0000  08.00:9563  C:\ERP\Esteticar\ZWEXPNF.dll
06480000  08.00:9563  C:\ERP\Esteticar\ZWECEP.dll
05770000  08.00:9563  C:\ERP\Esteticar\ZWWSI.dll
06D40000  08.00:9563  C:\ERP\Esteticar\ZWDFNC.dll
00E20000  08.00:9563  C:\ERP\Esteticar\ZWDIM.dll
04E40000  08.00:9563  C:\ERP\Esteticar\ZWVEN.dll
06E50000  08.00:9563  C:\ERP\Esteticar\ZWMOD.dll
03D90000  08.00:9563  C:\ERP\Esteticar\ZWGENT.dll
00EA0000  08.00:9563  C:\ERP\Esteticar\ZWDOCMNT.dll
065E0000  08.00:9563  C:\ERP\Esteticar\ZWGPRO.dll
04AA0000  08.00:9563  C:\ERP\Esteticar\ZWTAB.dll
077E0000  08.00:9563  C:\ERP\Esteticar\EXT_PRO.dll
03F70000  08.00:9563  C:\ERP\Esteticar\ZWPRO.dll
067D0000  08.00:9563  C:\ERP\Esteticar\ZWETG.dll
00390000  08.00:9563  C:\ERP\Esteticar\ZWETIQ.dll
01D80000  08.00:9563  C:\ERP\Esteticar\ZWDOC.dll
032C0000  08.00:9563  C:\ERP\Esteticar\ZWFLUXO.dll
069E0000  08.00:9563  C:\ERP\Esteticar\ZWCXGLO.dll
00D60000  08.00:9563  C:\ERP\Esteticar\ZWCXF.dll
031D0000  08.00:9563  C:\ERP\Esteticar\ZWFLPAG.dll
064F0000  08.00:9563  C:\ERP\Esteticar\ZWGCOM.dll
06440000  08.00:9563  C:\ERP\Esteticar\ZW15IMG.dll
06730000  08.00:9563  C:\ERP\Esteticar\E_CPR.dll
018A0000  08.00:9563  C:\ERP\Esteticar\ZWCOMPRS.dll
071C0000  08.00:9563  C:\ERP\Esteticar\EXT_FLU.dll
06010000  08.00:9563  C:\ERP\Esteticar\ZWFLGLO.dll
091A0000  08.00:9563  C:\ERP\Esteticar\ZWCMGLO.dll
06D90000  08.00:9563  C:\ERP\Esteticar\ZWCMIS.dll
01FE0000  08.00:9563  C:\ERP\Esteticar\ZWENT.dll
00600000  08.00:9563  C:\ERP\Esteticar\ZW15CON.dll
00740000  08.00:9563  C:\ERP\Esteticar\ZW15ENT.dll
06230000  08.00:9563  C:\ERP\Esteticar\EXT_ENT.dll
01180000  08.00:9563  C:\ERP\Esteticar\ZW15OPE.dll
02BA0000  08.00:9563  C:\ERP\Esteticar\ZWFASES.dll
05850000  08.00:9563  C:\ERP\Esteticar\E_FAS.dll
00850000  08.00:9563  C:\ERP\Esteticar\ZW15GLO.dll
001E0000  08.00:9563  C:\ERP\Esteticar\EXTERNAL.dll
03820000  08.00:9563  C:\ERP\Esteticar\ZWFUNC1.dll
00490000  08.00:9563  C:\ERP\Esteticar\BRWCONF.dll
001B0000  08.00:9563  C:\ERP\Esteticar\ZWBACK.dll
07D20000  08.00:9563  C:\ERP\Esteticar\EXT_RES.dll
04880000  08.00:9563  C:\ERP\Esteticar\ZWRESUMO.dll
00400000  08.00:9563  C:\ERP\Esteticar\zeta.exe
0BCF0000  08.00:9563  C:\ERP\Esteticar\zwpaacc.dll

Thread stack:
1B0FC020: 54 C1 0F 1B  54 C1 0F 1B  CF 4E 9B 03  8C 3A 18 1B 
1B0FC030: 18 01 18 1B  54 C1 0F 1B  4C C0 0F 1B  A0 C6 0F 1B 
1B0FC040: 00 EF DA 1B  48 16 08 0F  40 16 08 0F  02 00 00 00 
1B0FC050: 8C 3A 18 1B  F0 9F FF 1C  C4 00 18 1B  3C 01 18 1B 
1B0FC060: FB C0 0F 1B  48 16 08 0F  18 01 18 1B  00 00 00 00 
1B0FC070: 20 20 20 20  20 20 20 20  20 20 20 20  20 20 20 20 
1B0FC080: 20 20 20 20  20 20 20 20  20 20 20 20  20 20 20 20 
1B0FC090: 20 20 20 20  20 20 20 20  20 20 20 20  20 20 20 20 
1B0FC0A0: 20 20 20 20  20 20 20 20  20 20 20 20  20 20 20 20 
1B0FC0B0: 20 20 20 20  20 20 20 20  20 20 20 20  20 20 20 20 
1B0FC0C0: 46 4E 43 5F  55 70 64 4D  69 64 69 61  73 4F 72 69 
1B0FC0D0: 67 65 6D 00  24 C1 0F 1B  F8 BF 13 01  24 C1 0F 1B 
1B0FC0E0: F8 1D 00 00  F8 BF 13 01  2E 3C 0E 01  00 00 00 00 
1B0FC0F0: 00 00 00 00  00 00 00 00  8C C1 0F 6C  B3 9D 03 00 
1B0FC100: 00 00 00 00  00 00 00 00  00 00 00 00  00 00 00 00 
1B0FC110: 00 00 00 00  00 00 00 00  00 00 00 00  00 00 00 00 
1B0FC120: 00 00 00 00  00 00 00 00  00 00 00 00  00 00 C0 70 
1B0FC130: DE 1B 70 C8  02 1D 02 00  00 00 00 00  00 00 00 00 
1B0FC140: 02 00 00 00  28 03 02 1D  00 00 00 00  01 00 00 00 
1B0FC150: 54 C1 0F 1B  8C C1 0F 1B  E9 20 9C 03  15 1C 07 1D 
1B0FC160: A0 C6 0F 1B  00 EF DA 1B  00 00 00 00  44 16 08 0F 
1B0FC170: 35 BD 0B 00  48 16 08 0F  3C 01 18 1B  40 16 08 0F 
1B0FC180: 44 16 08 0F  8C C1 0F 1B  A0 C6 0F 1B  AC C1 0F 1B 
1B0FC190: D9 1E 9C 03  00 00 00 00  68 EF DA 1B  00 00 00 00 
1B0FC1A0: A4 C2 0F 1B  AC C1 0F 1B  A0 C6 0F 1B  A0 C6 0F 1B 
1B0FC1B0: 83 67 9C 03  A4 C2 0F 1B  DC C1 0F 1B  04 A9 0D 01 
1B0FC1C0: 15 1C 07 1D  68 EF DA 1B  6E 1C 07 1D  00 00 00 00 
1B0FC1D0: 68 EF DA 1B  6E 1C 07 1D  00 00 00 00  A4 C2 0F 1B 
1B0FC1E0: CF 86 0D 01  C8 1B 07 1D  00 00 00 00  38 F0 C9 1B 
1B0FC1F0: 6E 1C 07 1D  68 EF DA 1B  C8 1B 07 1D  68 EF DA 1B 
1B0FC200: 0C 82 0D 01  6E 1C 07 1D  00 00 00 00  84 01 13 01 
1B0FC210: 00 00 00 00  C8 1B 07 1D  C8 1B 07 1D  00 00 00 00 
1B0FC220: A4 C2 0F 1B  20 6B 0D 01  97 6B 0D 01  40 16 08 0F 
1B0FC230: 44 16 08 0F  00 00 00 00  A4 C2 0F 1B  38 61 9C 03 
1B0FC240: 00 00 00 00  C8 1B 07 1D  7D 00 00 10  4D 1F 10 05 
1B0FC250: 00 00 00 00  00 00 00 00  7C C2 0F 1B  00 00 00 00 
1B0FC260: A8 03 05 00  01 B0 00 00  00 00 00 00  00 00 00 00 
1B0FC270: 20 DF F4 DD  4A 00 00 00  71 00 00 00  A2 03 03 00 
1B0FC280: 03 02 00 00  01 00 00 00  40 00 2F 00  6E DF F4 DD 
1B0FC290: 4A 00 00 00  71 00 00 00  2E 9E 0F 01  00 00 00 00 
1B0FC2A0: A4 C2 0F 1B  A0 C6 0F 1B  B5 68 9C 03  E0 CA 0F 1B 
1B0FC2B0: 00 10 00 00  A0 C6 0F 1B  CC C2 0F 1B  F0 2B 08 1D 
1B0FC2C0: F0 2B 08 1D  89 03 00 00  00 10 00 00  10 3E 18 1B 
1B0FC2D0: F0 A1 07 1D  B0 03 FD 1C  EC C3 0F 1B  09 C4 0F 1B 
1B0FC2E0: 1B C5 0F 1B  37 C6 0F 1B  38 C5 0F 1B  90 C3 0F 1B 
1B0FC2F0: 8C 3A 18 1B  01 00 00 00  20 20 20 20  20 20 20 20 
1B0FC300: 20 20 20 20  20 20 20 20  20 20 20 20  20 20 20 20 
1B0FC310: 20 20 20 20  20 20 20 20  20 20 20 20  20 20 20 20 
1B0FC320: 20 20 20 20  20 20 20 20  20 20 20 20  20 20 20 20 
1B0FC330: 20 20 20 20  20 20 20 20  20 20 20 20  20 20 20 20 
1B0FC340: 20 20 20 20  20 20 20 20  20 20 20 20  20 20 20 20 
1B0FC350: 20 20 20 20  20 20 20 20  20 20 20 20  20 20 20 20 
1B0FC360: 20 20 20 20  20 20 20 20  20 20 20 20  46 4E 43 5F 
1B0FC370: 42 72 77 4D  69 64 69 61  73 49 6E 74  65 72 6E 61 
1B0FC380: B0 03 FD 1C  E0 2B A2 03  00 00 00 00  0F 28 00 00 
1B0FC390: 4F 72 64 65  6D 20 64 65  20 53 65 72  76 69 E7 6F 
1B0FC3A0: 20 63 F3 64  69 67 6F 20  30 30 30 39  30 35 20 20 
1B0FC3B0: 20 20 20 20  20 20 20 20  20 20 20 20  20 20 20 20 
1B0FC3C0: 20 20 00 10  00 00 F0 2B  08 1D 60 22  07 1D 70 1E 
1B0FC3D0: 07 1D 6C 45  1D 10 7A 77  31 35 73 65  72 20 20 20 
1B0FC3E0: 20 20 20 20  20 20 20 20  20 20 00 01  14 8A A2 03 
1B0FC3F0: C8 1B 07 1D  43 02 00 00  60 01 00 00  4C 01 00 00 
1B0FC400: 51 00 00 00  01 80 12 07  1D 14 8A A2  03 C8 1B 07 
1B0FC410: 1D 43 02 00  00 60 01 00  00 4C 01 00  00 51 00 00 
1B0FC420: 00 01 B8 12  07 1D 00 00  00 00 60 01  00 00 7D 01 
1B0FC430: 00 00 DC 02  00 00 02 00  00 00 A5 00  00 00 16 00 
1B0FC440: 00 00 02 40  66 06 1D 00  70 11 07 1D  01 01 00 00 
1B0FC450: 00 00 F0 12  07 1D 00 66  66 35 65 33  31 30 33 2D 
1B0FC460: 61 66 30 63  2D 34 66 35  30 2D 38 65  36 37 2D 32 
1B0FC470: 39 37 61 35  66 37 62 63  36 35 32 30  30 64 63 33 
1B0FC480: 33 38 65 2D  38 35 39 33  2D 34 31 61  33 2D 38 65 
1B0FC490: 34 66 2D 33  66 34 32 34  32 32 62 30  34 65 33 D8 
1B0FC4A0: 93 07 1D 65  00 00 00 00  01 7A 77 31  35 73 65 72 
1B0FC4B0: 20 20 20 20  20 20 20 20  20 20 20 20  20 20 20 20 
1B0FC4C0: 20 20 20 20  20 20 20 89  03 00 00 01  7A 77 31 35 
1B0FC4D0: 73 65 72 20  20 20 20 20  20 20 20 20  20 20 20 20 
1B0FC4E0: 20 20 20 20  20 20 20 20  20 20 89 03  00 00 01 04 
1B0FC4F0: 00 00 00 04  00 00 00 20  20 20 20 20  20 20 20 20 
1B0FC500: 20 20 20 20  20 20 20 20  20 20 20 20  20 20 20 20 
1B0FC510: 20 20 20 20  20 20 20 20  20 20 20 60  90 07 1D 44 
1B0FC520: 2B A2 03 40  AD 07 1D 6A  03 00 00 00  00 00 00 00 
1B0FC530: 0B 00 00 00  02 00 00 00  35 66 63 61  36 39 63 66 
1B0FC540: 2D 39 36 34  35 2D 34 64  63 66 2D 38  65 37 37 2D 
1B0FC550: 36 37 39 37  35 62 30 39  61 63 34 62  20 20 20 20 
1B0FC560: 20 20 20 20  20 20 20 20  20 20 20 20  20 20 20 20 
1B0FC570: 20 20 20 20  20 20 20 20  20 20 20 20  20 20 20 20 
1B0FC580: 20 20 20 20  20 20 20 20  20 20 20 20  20 20 20 20 
1B0FC590: 20 20 20 20  20 20 20 20  20 20 20 20  20 20 20 20 
1B0FC5A0: 20 20 20 20  20 20 20 20  20 20 20 20  20 20 20 20 
1B0FC5B0: 20 20 20 20  20 20 20 20  20 20 20 20  20 20 20 20 
1B0FC5C0: 20 20 20 20  20 20 20 20  20 20 20 20  20 20 20 20 
1B0FC5D0: 20 20 20 20  20 20 20 20  20 20 20 20  20 20 20 20 
1B0FC5E0: 20 20 20 20  20 20 20 20  20 20 20 20  20 20 20 20 
1B0FC5F0: 20 20 20 20  20 20 20 20  20 20 20 20  20 20 20 20 
1B0FC600: 20 20 20 20  20 20 20 20  20 20 20 20  20 20 20 20 
1B0FC610: 20 20 20 20  20 20 20 20  20 20 20 20  20 20 20 20 
1B0FC620: 20 20 20 20  20 20 20 20  20 20 20 20  20 20 20 20 
1B0FC630: 20 20 20 20  20 20 20 20  20 20 20 20  20 20 20 20 
1B0FC640: 20 20 20 20  20 20 20 20  20 20 20 20  20 20 20 20 
1B0FC650: 20 20 20 20  20 20 20 20  20 20 20 00  00 00 00 00 
1B0FC660: 00 00 00 00  40 59 07 1D  E8 31 FF 1C  50 26 07 1D 
1B0FC670: 48 69 07 1D  A0 3F 1E 10  1E 00 00 00  89 03 00 00 
1B0FC680: 20 B0 1F 10  1E 00 00 00  02 00 00 00  C8 1B 07 1D 
1B0FC690: 01 00 00 00  01 00 00 00  60 90 07 1D  A0 C6 0F 1B 
1B0FC6A0: C4 C6 0F 1B  1F 1C 9D 03  41 C9 0F 1B  E8 03 00 00 
1B0FC6B0: F0 2B 08 1D  20 32 1E 10  1E 00 00 00  20 DF 20 10 
1B0FC6C0: 1E 00 00 00  FC C8 0F 1B  11 07 9B 03  6A C9 0F 1B 
1B0FC6D0: 88 C9 0F 1B  E8 03 00 00  17 A5 08 1D  E8 03 00 00 
1B0FC6E0: E4 EA C6 0F  1B E9 C7 0F  1B 00 5B 33  31 38 34 38 
1B0FC6F0: 28 7A 5F 6D  69 64 69 61  73 2E 69 63  6F 29 5D 49 
1B0FC700: 6D 61 67 65  6D 7C 2D 7C  5B 33 31 38  34 38 28 7A 
1B0FC710: 5F 73 61 6C  76 61 72 2E  69 63 6F 29  5D 53 61 6C 
1B0FC720: 76 61 72 7C  5B 33 31 38  34 38 28 7A  5F 73 61 6C 
1B0FC730: 76 61 72 63  6F 6D 6F 2E  69 63 6F 29  5D 53 61 6C 
1B0FC740: 76 61 72 20  43 6F 6D 6F  7C 43 61 6E  63 65 6C 61 
1B0FC750: 72 20 20 20  20 20 20 20  20 20 20 20  20 20 20 20 
1B0FC760: 20 20 20 20  20 20 20 20  20 20 20 20  20 20 20 20 
1B0FC770: 20 20 20 20  20 20 20 20  20 20 20 20  20 20 20 20 
1B0FC780: 20 20 20 20  20 20 20 20  20 20 20 20  20 20 20 20 
1B0FC790: 20 20 20 20  20 20 20 20  20 20 20 20  20 20 20 20 
1B0FC7A0: 20 20 20 20  20 20 20 20  20 20 20 20  20 20 20 20 
1B0FC7B0: 20 20 20 20  20 20 20 20  20 20 20 20  20 20 20 20 
1B0FC7C0: 20 20 20 20  20 20 20 20  20 20 20 20  20 20 20 20 
1B0FC7D0: 20 20 20 20  20 20 20 20  20 20 20 20  20 20 20 20 
1B0FC7E0: 20 20 20 20  20 20 20 20  20 5B 33 31  38 34 38 28 
1B0FC7F0: 7A 5F 6D 69  64 69 61 73  2E 69 63 6F  29 5D 49 6D 
1B0FC800: 61 67 65 6D  7C 2D 7C 20  20 20 20 20  20 20 20 20 
1B0FC810: 20 20 20 20  20 20 20 20  20 20 20 20  20 20 20 20 
1B0FC820: 20 20 20 20  20 20 20 20  20 20 20 20  20 20 20 20 
1B0FC830: 20 20 20 20  20 20 20 20  20 20 20 20  20 20 20 20 
1B0FC840: 20 20 20 20  20 20 20 20  20 20 20 20  20 20 20 20 
1B0FC850: 20 20 20 20  20 20 20 20  20 20 20 20  20 20 20 20 
1B0FC860: 20 20 20 20  20 20 20 20  20 20 20 20  20 20 20 20 
1B0FC870: 20 20 20 20  20 20 20 20  20 20 20 20  20 20 20 20 
1B0FC880: 20 20 20 20  20 20 20 20  20 20 20 20  20 20 20 20 
1B0FC890: 20 20 20 20  20 20 20 20  20 20 20 20  20 20 20 20 
1B0FC8A0: 20 20 20 20  20 20 20 20  20 20 20 20  20 20 20 20 
1B0FC8B0: 20 20 20 20  20 20 20 20  20 20 20 20  20 20 20 20 
1B0FC8C0: 20 20 20 20  20 20 20 20  20 20 20 20  20 20 20 20 
1B0FC8D0: 20 20 20 20  20 20 20 20  20 20 20 20  20 20 20 20 
1B0FC8E0: 20 20 20 20  20 20 20 20  00 00 00 00  00 00 F0 3F 
1B0FC8F0: 01 00 00 00  FC C8 0F 1B  E0 CA 0F 1B  E0 CA 0F 1B 
1B0FC900: D6 0F 9B 03  BC FE 0F 1B  C6 E8 0F 1B  E0 CA 0F 1B 
1B0FC910: 24 C9 0F 1B  50 CB 0F 1B  08 00 00 00  08 80 08 1D 
1B0FC920: 50 CB 0F 1B  00 40 16 08  0F B4 CA 0F  1B 44 16 08 
1B0FC930: 0F 00 9D 08  1D 00 10 00  00 02 00 00  00 01 00 00 
1B0FC940: 00 53 65 6C  65 63 69 6F  6E 65 20 75  6D 20 64 69 
1B0FC950: 72 65 74 F3  72 69 6F 00  00 00 00 00  06 D6 11 01 
1B0FC960: 10 00 20 20  20 20 20 20  20 01 50 4C  41 37 39 37 
1B0FC970: 38 20 20 20  20 20 20 20  20 20 20 20  20 20 20 20 
1B0FC980: 20 20 20 20  20 20 20 20  73 65 72 20  20 20 20 20 
1B0FC990: 20 20 20 20  20 20 20 20  20 20 20 20  20 20 20 20 
1B0FC9A0: 20 20 20 20  20 20 00 20  20 20 20 20  20 20 20 20 
1B0FC9B0: 20 20 20 20  20 20 20 20  20 20 20 20  20 20 20 20 
1B0FC9C0: 20 20 20 20  20 20 20 20  20 20 20 20  20 20 20 20 
1B0FC9D0: 20 20 20 20  20 20 20 20  20 20 20 20  20 20 20 20 
1B0FC9E0: 20 20 20 20  20 20 20 20  20 20 20 20  20 20 20 20 
1B0FC9F0: 20 20 20 20  20 20 20 20  20 20 20 20  20 20 20 20 
1B0FCA00: 20 20 20 20  20 20 20 20  20 20 20 20  20 20 20 20 
1B0FCA10: 20 20 20 20  20 20 20 20  20 20 20 20  20 20 20 20 
1B0FCA20: 20 20 20 20  20 20 20 20  20 20 20 20  20 20 20 20 
1B0FCA30: 20 20 20 20  20 20 20 20  20 20 20 20  20 20 20 20 
1B0FCA40: 20 20 20 20  20 20 20 20  20 20 20 20  20 20 20 20 
1B0FCA50: 20 20 20 20  20 20 20 20  20 20 20 20  20 20 20 20 
1B0FCA60: 20 52 65 74  6F 72 6E 61  50 61 72 61  6D 65 74 72 
1B0FCA70: 6F 5A 4D 65  63 49 6E 74  65 72 6E 61  06 05 CF 00 
1B0FCA80: 15 00 00 00  54 81 CF 00  00 00 00 00  00 00 00 00 
1B0FCA90: E8 03 00 00  F0 03 EA 1B  68 CB 0F 1B  B0 CA 0F 1B 
1B0FCAA0: 89 03 00 00  10 ED 08 1D  F0 97 08 1D  00 94 08 1D 
1B0FCAB0: F0 2B 08 1D  46 4E 43 5F  43 6F 70 69  61 72 4D 69 
1B0FCAC0: 64 69 61 73  F0 92 08 1D  08 AD 08 1D  00 00 00 00 
1B0FCAD0: F8 3B 08 1D  00 00 00 00  50 CB 0F 1B  E0 CA 0F 1B 
1B0FCAE0: 68 CB 0F 1B  AA 44 24 01  BC FE 0F 1B  6C D3 FE 0E 
1B0FCAF0: 06 E7 0F 1B  00 00 00 00  40 FD EB 1B  14 00 00 08 
1B0FCB00: 80 08 1D 50  CB 0F 1B 01  00 00 00 00  00 00 00 00 
1B0FCB10: 73 65 72 20  20 20 20 20  20 20 20 20  20 20 20 20 
1B0FCB20: 20 20 20 20  20 20 20 20  20 20 20 20  20 20 89 03 
1B0FCB30: 00 00 50 4C  41 37 39 37  38 20 20 20  20 20 20 20 
1B0FCB40: 20 20 20 20  20 20 20 20  20 20 20 20  20 20 20 20 
1B0FCB50: 10 CB 0F 1B  80 96 47 01  10 90 08 1D  40 00 00 00 
1B0FCB60: 68 CB 0F 1B  BC FE 0F 1B  90 CB 0F 1B  4B 1F 24 01 
1B0FCB70: 8D 06 E2 1B  06 E7 0F 1B  BC FE 0F 1B  00 00 00 00 
1B0FCB80: 01 00 00 00  5A 8D 01 00  90 CB 0F 1B  BC FE 0F 1B 
1B0FCB90: B0 CB 0F 1B  F1 DF 24 01  00 00 00 00  D0 1F 89 1B 
1B0FCBA0: 00 00 00 00  F6 00 00 00  B0 CB 0F 1B  BC FE 0F 1B 
1B0FCBB0: BC FE 0F 1B  B2 06 28 01  A8 CC 0F 1B  E0 CB 0F 1B 
1B0FCBC0: 04 A9 0D 01  8D 06 E2 1B  D0 1F 89 1B  E6 06 E2 1B 
1B0FCBD0: 00 00 00 00  D0 1F 89 1B  E6 06 E2 1B  00 00 00 00 
1B0FCBE0: A8 CC 0F 1B  CF 86 0D 01  40 06 E2 1B  00 00 00 00 
1B0FCBF0: 08 E6 CB 1B  E6 06 E2 1B  D0 1F 89 1B  40 06 E2 1B 
1B0FCC00: D0 1F 89 1B  0C 82 0D 01  E6 06 E2 1B  00 00 00 00 
1B0FCC10: 3C 03 13 01  00 00 00 00  40 06 E2 1B  40 06 E2 1B 
1B0FCC20: 00 00 00 00  A8 CC 0F 1B  20 6B 0D 01  97 6B 0D 01 
1B0FCC30: F1 E6 0F 1B  44 16 08 0F  00 00 00 00  A8 CC 0F 1B 
1B0FCC40: BF AA 27 01  00 00 00 00  40 06 E2 1B  00 00 00 00 
1B0FCC50: 3D 04 EA 00  00 00 00 00  00 00 00 00  80 CC 0F 1B 
1B0FCC60: 00 00 00 00  98 01 0F 00  01 B0 00 00  00 00 00 00 
1B0FCC70: 00 00 00 00  87 42 DC DD  9B 00 00 00  74 01 00 00 
1B0FCC80: B6 05 04 00  01 02 00 00  01 00 00 00  08 00 0D 00 
1B0FCC90: 27 45 DC DD  11 00 00 00  99 02 00 00  2E 9E 0F 01 
1B0FCCA0: 00 00 00 00  A8 CC 0F 1B  BC FE 0F 1B  E5 08 28 01 
1B0FCCB0: CC FF 0F 1B  1C D7 0B 01  BC FE 0F 1B  D0 CC 0F 1B 
1B0FCCC0: 00 10 00 00  0A 00 00 00  C0 08 4F 01  00 00 00 00 
1B0FCCD0: 2D E0 0F 1B  73 E6 0F 1B  70 E6 0F 1B  78 4F 11 1B 
1B0FCCE0: 6D E6 0F 1B  6A E6 0F 1B  44 16 08 0F  40 DC 0F 1B 
1B0FCCF0: 00 00 00 00  A0 10 EB 1B  50 D6 0F 1B  70 9A EF 1B 
1B0FCD00: 40 16 08 0F  10 65 FF 0E  20 5B 11 1B  50 08 D5 1B 
1B0FCD10: A0 A8 EB 1B  44 65 FF 0E  C0 61 FF 0E  59 E0 0F 1B 
1B0FCD20: 75 E0 0F 1B  2F E7 0F 1B  22 E1 0F 1B  53 E1 0F 1B 
1B0FCD30: 59 E6 0F 1B  D7 E6 0F 1B  00 9F EF 1B  BF E6 0F 1B 
1B0FCD40: 8C 25 10 1B  F1 E6 0F 1B  74 0D 10 1B  7F D6 0F 1B 
1B0FCD50: 50 0D 10 1B  40 10 10 1B  00 00 00 00  00 00 00 00 
1B0FCD60: 05 E0 0F 1B  00 00 00 00  09 D0 0F 1B  08 D0 0F 1B 
1B0FCD70: 00 00 00 00  D5 CF 0F 1B  40 0C 10 1B  68 0C 10 1B 
1B0FCD80: 60 DF 0F 1B  00 00 00 00  00 00 00 00  A2 CF 0F 1B 
1B0FCD90: CB E7 0F 1B  00 00 00 00  00 00 00 00  18 DC 0F 1B 
1B0FCDA0: D9 D4 0F 1B  DD DB 0F 1B  B5 DB 0F 1B  00 00 00 00 
1B0FCDB0: 8C E3 0F 1B  C0 DA 0F 1B  A3 DA 0F 1B  DC F8 0F 1B 
1B0FCDC0: 40 65 FF 0E  85 E0 0F 1B  07 E8 0F 1B  32 E1 0F 1B 
1B0FCDD0: 63 E1 0F 1B  8D E1 0F 1B  9C E3 0F 1B  B1 FD 0F 1B 
1B0FCDE0: 95 D5 0F 1B  A8 18 EB 1B  28 F6 0F 1B  53 E6 0F 1B 
1B0FCDF0: F2 E5 0F 1B  03 E8 0F 1B  2F FC 0F 1B  41 D7 0F 1B 
1B0FCE00: 28 FD 0F 1B  78 DC 0F 1B  CF D2 0F 1B  A1 F5 0F 1B 
1B0FCE10: 3F E7 0F 1B  4A FD 0F 1B  DF D2 0F 1B  74 D3 0F 1B 
1B0FCE20: 44 D4 0F 1B  E4 FD 0F 1B  3A D8 0F 1B  4C 25 10 1B 
1B0FCE30: 5D DE 0F 1B  B5 D7 0F 1B  4D D7 0F 1B  B2 E0 0F 1B 
1B0FCE40: 62 D1 0F 1B  76 E6 0F 1B  D6 CF 0F 1B  A3 CF 0F 1B 
1B0FCE50: F8 CE 0F 1B  70 CF 0F 1B  8C 24 10 1B  00 00 00 00 
1B0FCE60: 84 50 11 1B  2C 54 12 1B  01 00 00 00  20 20 20 20 
1B0FCE70: 20 20 20 20  20 20 20 20  20 20 20 20  20 20 20 20 
1B0FCE80: 20 20 20 20  20 20 20 20  20 20 20 20  20 20 20 20 
1B0FCE90: 20 20 20 20  20 20 20 20  20 20 20 20  20 20 20 20 
1B0FCEA0: 20 20 20 20  20 20 20 20  20 20 20 20  20 20 20 20 
1B0FCEB0: 20 20 20 20  20 20 20 20  20 20 20 20  20 20 20 20 
1B0FCEC0: 20 20 20 20  20 20 20 20  20 20 20 20  20 20 20 20 
1B0FCED0: 20 20 20 20  20 20 20 20  20 20 20 20  20 20 20 20 
1B0FCEE0: 20 20 20 20  20 20 20 20  20 20 20 20  20 20 20 20 
1B0FCEF0: 20 20 20 20  20 20 20 20  20 20 20 20  20 20 20 20 
1B0FCF00: 20 20 20 20  20 20 20 20  20 20 20 20  20 20 20 20 
1B0FCF10: 20 20 20 20  20 20 20 20  20 20 20 20  20 20 20 20 
1B0FCF20: 20 20 20 20  20 20 20 20  20 20 20 20  20 20 20 20 
1B0FCF30: 20 20 20 20  20 20 20 20  20 20 20 20  20 20 20 20 
1B0FCF40: 20 20 20 20  20 20 20 20  20 20 20 20  20 20 20 20 
1B0FCF50: 20 20 20 20  20 20 20 20  20 20 20 20  20 20 20 20 
1B0FCF60: 20 20 20 20  20 20 20 20  20 20 20 20  20 20 20 20 
1B0FCF70: 20 20 20 20  20 20 20 20  20 20 20 20  20 20 20 20 
1B0FCF80: 20 20 20 20  20 20 20 20  20 20 20 20  20 20 20 20 
1B0FCF90: 20 20 20 20  20 20 20 20  20 20 20 20  20 20 20 20 
1B0FCFA0: 20 20 53 20  20 20 20 20  20 20 20 20  20 20 20 20 
1B0FCFB0: 20 20 20 20  20 20 20 20  20 20 20 20  20 20 20 20 
1B0FCFC0: 20 20 20 20  20 20 20 20  20 20 20 20  20 20 20 20 
1B0FCFD0: 20 20 20 20  20 52 20 20  20 20 20 20  20 20 20 20 
1B0FCFE0: 20 20 20 20  20 20 20 20  20 20 20 20  20 20 20 20 
1B0FCFF0: 20 20 20 20  20 20 20 20  20 20 20 20  20 20 20 20 
1B0FD000: 20 20 20 20  20 20 20 20  56 20 20 20  20 20 20 20 
1B0FD010: 20 20 20 20  20 20 20 20  20 20 20 20  20 20 20 20 
1B0FD020: 20 20 20 20  20 20 20 20  20 20 20 20  20 20 20 20 
1B0FD030: 20 20 20 20  20 20 20 20  20 20 20 20  20 20 20 20 
1B0FD040: 20 20 20 20  20 20 20 20  20 20 20 20  20 20 20 20 
1B0FD050: 20 20 20 20  20 20 20 20  20 20 20 20  20 20 20 20 
1B0FD060: 20 20 20 20  20 20 20 20  20 20 20 20  20 20 20 20 
1B0FD070: 20 20 20 20  20 20 20 20  20 20 20 20  20 20 20 20 
1B0FD080: 20 20 20 20  20 20 20 20  20 20 20 20  20 20 20 20 
1B0FD090: 20 20 20 20  20 20 20 20  20 20 20 20  20 20 20 20 
1B0FD0A0: 20 20 20 20  20 20 20 20  20 20 20 20  20 20 20 20 
1B0FD0B0: 20 20 20 20  20 20 20 20  20 20 20 20  20 20 20 20 
1B0FD0C0: 20 20 20 20  20 20 20 20  20 20 20 20  20 20 20 20 
1B0FD0D0: 20 20 20 20  20 20 20 20  20 20 20 20  20 20 20 20 
1B0FD0E0: 20 20 20 20  20 20 20 20  20 20 20 20  20 20 20 20 
1B0FD0F0: 20 20 20 20  20 20 20 20  20 20 20 20  20 20 20 20 
1B0FD100: 20 20 20 20  20 20 20 20  20 20 20 20  20 20 20 20 
1B0FD110: 20 20 20 20  20 20 20 20  20 20 20 20  20 20 20 20 
1B0FD120: 20 20 20 20  20 20 20 20  20 20 20 20  20 20 20 20 
1B0FD130: 20 20 20 20  20 20 20 20  20 20 20 20  20 20 20 20 
1B0FD140: 20 20 20 20  20 20 20 20  20 20 20 20  20 20 20 20 
1B0FD150: 20 20 20 20  20 20 20 20  20 20 20 20  20 20 20 20 
1B0FD160: 20 20 20 20  20 20 20 20  20 20 20 20  20 20 20 20 
1B0FD170: 20 20 20 20  20 20 20 20  20 20 20 20  20 20 20 20 
1B0FD180: 20 20 20 20  20 20 20 20  20 20 20 20  20 20 20 20 
1B0FD190: 20 20 20 20  20 20 20 20  20 20 20 20  20 20 20 20 
1B0FD1A0: 20 20 20 20  20 20 20 20  20 20 20 20  20 20 20 20 
1B0FD1B0: 20 20 20 20  20 20 20 20  20 20 20 20  20 20 20 20 
1B0FD1C0: 20 20 20 20  20 20 20 20  20 20 20 20  20 20 20 20 
1B0FD1D0: 20 20 20 20  20 20 20 20  20 20 20 20  20 20 20 20 
1B0FD1E0: 20 20 20 20  20 20 20 20  20 20 20 20  20 20 20 20 
1B0FD1F0: 20 20 20 20  20 20 20 20  20 20 20 20  20 20 20 20 
1B0FD200: 20 20 20 20  20 20 20 20  20 20 20 20  20 20 20 20 
1B0FD210: 20 20 20 20  20 20 20 20  20 20 20 20  20 20 20 20 
1B0FD220: 20 20 20 20  20 20 20 20  20 20 20 20  20 20 20 20 
1B0FD230: 20 20 20 20  20 20 20 20  20 20 20 20  20 20 20 20 
1B0FD240: 20 20 20 20  20 20 20 20  20 20 20 20  20 20 20 20 
1B0FD250: 20 20 20 20  20 20 20 20  20 20 20 20  20 20 20 20 
1B0FD260: 20 20 20 20  20 20 20 20  20 20 20 20  20 20 20 20 
1B0FD270: 20 20 20 20  20 20 20 20  20 20 20 20  20 20 20 20 
1B0FD280: 20 20 20 20  20 20 20 20  20 20 20 20  20 20 20 20 
1B0FD290: 20 20 20 20  20 20 20 20  20 20 20 20  20 20 20 20 
1B0FD2A0: 20 20 20 20  20 20 20 20  20 20 20 20  20 20 20 20 
1B0FD2B0: 20 20 20 20  20 20 20 20  20 20 20 20  20 20 20 20 
1B0FD2C0: 20 20 20 20  20 20 20 20  20 20 20 20  20 20 20 00 
1B0FD2D0: 00 00 00 00  00 00 00 00  00 00 00 00  00 00 00 20 
1B0FD2E0: 20 20 20 20  20 20 20 20  20 20 20 20  20 20 20 20 
1B0FD2F0: 20 20 20 20  20 20 20 20  20 20 20 20  20 20 20 20 
1B0FD300: 20 20 20 20  20 20 20 20  20 20 20 20  20 20 20 20 
1B0FD310: 20 20 20 20  20 20 20 20  20 20 20 20  20 20 20 20 
1B0FD320: 20 20 20 20  20 20 20 20  20 20 20 20  20 20 20 00 
1B0FD330: 00 00 00 00  00 00 00 00  00 00 20 20  20 20 20 20 
1B0FD340: 20 20 20 20  20 20 20 20  20 20 20 20  20 20 20 20 
1B0FD350: 20 20 20 20  20 20 20 20  20 20 20 20  20 20 20 20 
1B0FD360: 20 20 20 20  20 20 20 20  20 20 20 20  00 00 00 00 
1B0FD370: 00 00 00 00  20 20 20 20  20 20 20 20  20 20 20 20 
1B0FD380: 20 20 20 20  20 20 20 20  20 20 20 20  20 20 20 20 
1B0FD390: 20 20 20 20  20 20 20 20  20 20 20 20  00 00 20 20 
1B0FD3A0: 20 20 20 20  20 20 20 20  20 20 20 20  20 20 20 20 
1B0FD3B0: 20 20 20 20  20 20 20 20  20 20 20 20  20 20 20 20 
1B0FD3C0: 20 20 20 20  20 20 20 20  20 20 20 20  20 20 20 20 
1B0FD3D0: 20 20 20 20  20 20 20 20  20 20 20 20  20 20 20 20 
1B0FD3E0: 20 20 20 20  20 20 20 20  20 20 20 20  20 20 20 20 
1B0FD3F0: 20 20 20 20  20 20 20 20  20 20 20 20  20 20 20 20 
1B0FD400: 20 20 20 20  20 20 20 20  20 20 20 20  20 20 20 20 
1B0FD410: 20 20 20 20  20 20 20 20  20 20 20 20  20 20 20 20 
1B0FD420: 20 20 20 20  20 20 20 20  20 20 20 20  20 20 20 20 
1B0FD430: 20 20 20 20  20 20 20 20  20 20 20 20  20 20 20 20 
1B0FD440: 20 20 20 00  42 72 77 48  69 73 74 6F  72 69 63 6F 
1B0FD450: 20 20 20 20  20 20 20 20  20 20 20 20  20 20 20 20 
1B0FD460: 20 20 20 20  20 20 20 20  20 20 20 20  54 61 62 65 
1B0FD470: 6C 61 20 64  65 20 4F 53  20 20 20 20  20 20 20 20 
1B0FD480: 20 20 20 20  20 20 20 20  20 20 20 20  20 20 20 20 
1B0FD490: 20 20 20 20  08 00 00 00  26 00 00 00  00 00 00 20 
1B0FD4A0: 20 20 20 20  20 20 20 20  20 20 20 20  20 20 20 20 
1B0FD4B0: 20 20 20 20  20 20 20 20  20 20 20 20  20 20 20 20 
1B0FD4C0: 20 20 20 20  20 20 20 20  20 20 20 20  20 20 20 20 
1B0FD4D0: 20 41 00 00  00 E4 01 00  00 20 20 20  20 20 20 20 
1B0FD4E0: 20 20 20 20  20 20 20 20  20 20 20 20  20 20 20 20 
1B0FD4F0: 20 20 20 20  20 20 20 20  20 00 00 00  00 00 00 00 
1B0FD500: 00 00 00 00  00 00 00 00  00 00 00 00  00 00 00 00 
1B0FD510: 00 00 00 00  00 00 00 00  00 00 00 00  00 00 00 00 
1B0FD520: 00 00 00 00  00 00 00 00  00 00 00 00  00 00 00 00 
1B0FD530: 00 00 00 00  00 00 00 00  00 00 00 00  00 00 00 00 
1B0FD540: 00 00 00 00  00 00 00 00  00 00 00 00  00 00 00 00 
1B0FD550: 00 00 00 00  00 00 00 00  00 00 00 00  00 00 00 00 
1B0FD560: 00 00 00 00  00 00 00 00  00 00 00 00  00 00 00 00 
1B0FD570: 00 00 00 00  00 00 00 00  00 00 00 00  00 00 00 00 
1B0FD580: 00 00 00 00  00 00 00 00  00 00 00 00  00 00 00 00 
1B0FD590: 00 00 00 00  00 00 00 00  00 00 00 00  00 00 00 00 
1B0FD5A0: 00 00 00 00  00 00 00 00  00 00 00 00  00 00 00 00 
1B0FD5B0: 00 00 00 00  00 00 00 00  00 00 00 20  20 20 20 20 
1B0FD5C0: 20 20 20 20  20 20 20 20  20 20 20 74  D3 0F 1B AC 
1B0FD5D0: BA 47 01 00  00 00 00 D0  00 00 00 DF  D2 0F 1B 68 
1B0FD5E0: BB 47 01 00  00 00 00 95  00 00 00 CF  D2 0F 1B 4C 
1B0FD5F0: 3F 48 01 00  00 00 00 10  00 00 00 A8  18 EB 1B 98 
1B0FD600: 54 48 01 00  00 00 00 00  10 00 00 95  D5 0F 1B BC 
1B0FD610: 54 48 01 00  00 00 00 04  00 00 00 20  00 00 20 20 
1B0FD620: 20 20 20 20  20 20 20 20  20 20 20 20  20 20 20 20 
1B0FD630: 20 20 20 20  20 20 20 20  20 20 20 20  20 20 20 20 
1B0FD640: 20 20 20 20  20 20 20 20  20 20 20 20  20 20 20 20 
1B0FD650: 44 72 6F 70  4C 69 73 74  20 20 20 20  20 20 20 20 
1B0FD660: 20 20 20 20  01 00 00 00  00 00 00 00  00 00 00 00 
1B0FD670: 19 EA 1B 00  10 00 00 01  00 00 00 00  00 00 00 20 
1B0FD680: 20 20 20 20  20 20 20 00  00 00 00 00  00 00 00 00 
1B0FD690: 00 00 00 00  00 00 00 01  00 E0 EB EB  1B DC 4B 48 
1B0FD6A0: 01 08 00 E8  1B 00 10 00  00 E0 EB EB  1B 5A 4D 45 
1B0FD6B0: 43 48 49 53  20 20 20 20  20 20 20 20  20 5A 4D 45 
1B0FD6C0: 43 4F 53 49  54 45 4E 53  20 20 20 20  20 41 D7 0F 
1B0FD6D0: 1B 38 4C 48  01 E0 9E F5  1B 04 00 00  00 4D E3 6F 
1B0FD6E0: 2D 64 65 2D  4F 62 72 61  20 20 20 20  20 20 20 20 
1B0FD6F0: 20 20 20 20  20 20 20 20  20 20 20 20  20 20 20 20 
1B0FD700: 20 20 20 20  20 20 20 20  20 20 20 20  20 20 20 20 
1B0FD710: 20 20 20 20  20 20 20 20  20 20 20 20  20 20 20 20 
1B0FD720: 20 20 20 20  20 20 20 20  20 20 20 20  20 20 20 20 
1B0FD730: 20 20 20 20  20 20 20 20  20 20 20 20  20 20 20 20 
1B0FD740: 20 04 00 00  00 D8 DB EB  1B 08 29 EA  1B 41 4E 43 
1B0FD750: 4C 41 53 20  4F 4C 49 56  45 49 52 41  20 43 52 55 
1B0FD760: 5A 20 20 20  20 20 20 20  20 20 20 20  20 20 20 20 
1B0FD770: 20 20 20 20  20 20 20 20  20 20 20 20  20 20 20 20 
1B0FD780: 20 20 20 20  20 20 20 20  20 20 20 20  20 20 20 20 
1B0FD790: 20 20 20 20  20 20 20 20  20 20 20 20  20 20 20 20 
1B0FD7A0: 20 20 20 20  20 20 20 20  20 20 20 20  20 20 20 20 
1B0FD7B0: 20 48 8B E9  1B 20 20 20  20 20 20 20  20 20 20 20 
1B0FD7C0: 20 20 20 20  20 20 20 20  20 20 20 20  20 20 20 20 
1B0FD7D0: 20 20 20 20  20 20 20 20  20 20 20 20  20 20 20 20 
1B0FD7E0: 20 20 20 20  20 20 20 20  20 20 20 20  20 20 20 20 
1B0FD7F0: 20 20 20 20  20 20 20 20  20 20 20 20  20 20 20 20 
1B0FD800: 20 20 20 20  20 20 20 20  20 20 20 20  20 20 20 20 
1B0FD810: 20 20 20 20  20 20 20 20  20 00 00 00  00 80 32 E6 
1B0FD820: 1B F5 00 00  00 00 00 00  00 3A D8 0F  1B 3C B8 47 
1B0FD830: 01 E8 08 E9  1B 81 00 00  00 00 31 20  2D 20 4E E3 
1B0FD840: 6F 20 56 69  73 74 6F 72  69 61 64 6F  20 20 20 20 
1B0FD850: 20 20 20 20  20 20 20 20  20 20 20 20  20 20 20 20 
1B0FD860: 20 20 20 20  20 20 20 20  20 20 20 20  00 00 45 01 
1B0FD870: 00 00 00 0A  00 00 00 63  00 00 00 0A  00 00 00 26 
1B0FD880: 53 69 74 2E  20 56 69 73  74 6F 72 69  61 3A 20 20 
1B0FD890: 20 20 20 01  00 00 00 00  00 00 00 44  72 6F 70 4C 
1B0FD8A0: 69 73 74 20  20 00 31 20  20 20 20 20  20 20 20 20 
1B0FD8B0: 20 20 20 20  20 20 20 20  20 20 00 F6  00 00 00 00 
1B0FD8C0: 00 00 01 50  00 00 00 00  00 00 00 00  39 37 34 20 
1B0FD8D0: 20 20 20 20  20 20 20 20  20 20 20 20  20 20 20 20 
1B0FD8E0: 20 20 20 20  20 20 20 20  20 20 20 20  20 20 20 20 
1B0FD8F0: 20 20 20 20  20 20 20 20  20 20 20 20  20 20 20 20 
1B0FD900: 20 20 20 20  20 20 20 20  20 20 20 20  20 20 20 20 
1B0FD910: 20 20 20 20  20 20 20 20  20 20 20 20  20 20 20 20 
1B0FD920: 20 20 20 20  20 20 20 20  20 20 20 20  20 20 20 20 
1B0FD930: 20 20 20 20  20 20 20 20  20 20 20 20  20 20 20 20 
1B0FD940: 20 20 20 20  20 20 20 20  20 20 20 20  20 20 20 20 
1B0FD950: 20 20 20 20  20 20 20 20  20 20 20 20  20 20 20 20 
1B0FD960: 20 20 20 20  20 20 20 20  20 20 20 20  20 20 20 20 
1B0FD970: 20 20 20 20  20 20 20 20  20 20 20 20  20 20 20 20 
1B0FD980: 20 20 20 20  20 20 20 20  20 20 20 20  20 20 20 20 
1B0FD990: 20 20 20 20  20 20 20 20  20 20 20 20  20 20 20 20 
1B0FD9A0: 20 20 20 20  20 20 20 20  20 20 20 20  20 20 20 20 
1B0FD9B0: 20 20 20 20  20 20 20 20  20 20 20 20  20 20 20 20 
1B0FD9C0: 20 20 20 20  20 20 20 20  20 20 20 20  20 20 20 20 
1B0FD9D0: 20 20 20 20  20 20 20 20  20 20 20 20  20 20 20 20 
1B0FD9E0: 20 20 20 20  20 20 20 20  20 20 20 20  20 20 20 20 
1B0FD9F0: 20 20 20 20  20 20 20 20  20 20 20 20  20 20 20 20 
1B0FDA00: 20 20 20 20  20 20 20 20  20 20 20 20  20 20 20 20 
1B0FDA10: 20 20 20 20  20 20 01 00  00 00 00 00  00 00 00 00 
1B0FDA20: 37 00 01 C8  56 EF 1B 20  40 48 01 10  C5 FE 1C 00 
1B0FDA30: 10 00 00 C8  56 EF 1B 01  D0 66 EF 1B  FC 3F 48 01 
1B0FDA40: 78 FA DC 1B  00 10 00 00  D0 66 EF 1B  01 01 D8 76 
1B0FDA50: EF 1B D8 3F  48 01 00 00  00 00 00 10  00 00 D8 76 
1B0FDA60: EF 1B 00 20  20 20 20 20  20 20 20 20  20 20 20 20 
1B0FDA70: 20 20 20 20  20 20 20 20  20 20 20 20  20 20 20 20 
1B0FDA80: 20 20 20 20  20 20 20 20  20 20 20 20  20 20 20 20 
1B0FDA90: 20 20 20 20  20 20 20 20  20 20 20 20  20 20 20 00 
1B0FDAA0: 00 00 00 00  29 51 01 40  06 E2 1B 1C  02 00 00 24 
1B0FDAB0: 01 00 00 73  01 00 00 4D  00 00 00 01  38 03 EA 1B 
1B0FDAC0: 00 29 51 01  40 06 E2 1B  1C 02 00 00  24 01 00 00 
1B0FDAD0: 73 01 00 00  4D 00 00 00  01 E8 FB EB  1B 71 01 00 
1B0FDAE0: 00 00 00 00  00 00 00 00  00 00 00 00  0A 00 00 00 
1B0FDAF0: 08 00 00 00  00 00 00 00  60 80 EA 1B  01 01 00 01 
1B0FDB00: 01 06 00 00  00 05 00 00  00 06 00 00  00 A0 D6 10 
1B0FDB10: 10 01 00 01  00 59 E6 0F  1B 4C AE 20  10 04 2E 18 
1B0FDB20: 10 54 C0 1D  10 A0 F3 1F  10 38 A7 1E  10 70 AB 1E 
1B0FDB30: 10 18 BF 1D  10 64 BE 1E  10 3C 7C 0F  10 BC C7 1B 
1B0FDB40: 10 38 3A 17  10 74 F4 1D  10 00 00 00  00 50 51 1D 
1B0FDB50: 10 B4 EF 1D  10 94 9E 20  10 A4 14 1C  10 32 00 00 
1B0FDB60: 00 00 00 00  00 00 00 00  00 00 00 00  00 00 00 00 
1B0FDB70: 00 00 00 00  00 00 00 00  00 00 00 00  00 00 00 00 
1B0FDB80: 00 00 00 00  00 00 00 00  00 00 00 00  00 00 00 00 
1B0FDB90: 00 00 00 00  00 00 00 00  00 00 00 00  00 00 00 00 
1B0FDBA0: 01 44 D4 0F  1B F8 B9 47  01 08 00 D0  1B 95 00 00 
1B0FDBB0: 00 F5 00 00  00 42 72 77  48 69 73 74  6F 72 69 63 
1B0FDBC0: 6F 20 20 20  20 20 20 20  20 20 20 20  20 20 20 20 
1B0FDBD0: 20 20 20 20  20 20 20 20  20 20 20 20  20 47 45 52 
1B0FDBE0: 41 4C 20 20  20 20 20 20  20 20 20 20  20 20 20 20 
1B0FDBF0: 20 20 20 20  20 20 20 20  20 20 20 20  20 20 20 20 
1B0FDC00: 20 20 20 20  20 F8 C4 E6  1B 00 00 00  00 00 00 00 
1B0FDC10: 01 00 00 00  00 00 00 00  42 72 77 4F  53 49 74 65 
1B0FDC20: 6E 73 20 20  20 20 20 20  20 20 20 20  20 20 20 20 
1B0FDC30: 20 20 20 20  20 20 20 20  20 20 20 20  20 20 20 20 
1B0FDC40: 47 45 52 41  4C 20 20 20  20 20 20 20  20 20 20 20 
1B0FDC50: 20 20 20 20  20 20 20 20  20 20 20 20  20 20 20 20 
1B0FDC60: 20 20 20 20  20 20 20 20  78 DC 0F 1B  F0 3A 51 01 
1B0FDC70: 48 BD D9 1B  9C 00 00 00  55 56 4C 6F  63 61 6C 69 
1B0FDC80: 7A 61 E7 E3  6F 20 20 20  20 20 20 20  20 20 20 20 
1B0FDC90: 20 20 20 20  20 20 20 20  20 20 20 20  20 20 20 20 
1B0FDCA0: 20 20 50 00  4C 6F 63 61  6C 69 7A 61  E7 E3 6F 20 
1B0FDCB0: 20 20 20 20  20 20 20 20  20 20 20 20  20 20 20 20 
1B0FDCC0: 20 20 20 20  20 20 20 20  20 20 20 20  40 73 32 30 
1B0FDCD0: 20 20 20 20  20 20 20 20  20 20 20 20  20 20 20 20 
1B0FDCE0: 00 5A 42 52  57 5A 4D 45  43 4F 53 49  54 45 4E 53 
1B0FDCF0: 43 36 39 20  20 20 20 20  20 20 20 20  20 20 20 20 
1B0FDD00: 20 20 20 20  20 20 20 20  20 20 20 20  20 20 20 20 
1B0FDD10: 20 20 20 43  01 00 00 00  00 00 00 00  68 0A E2 1B 
1B0FDD20: 00 00 00 00  00 00 00 00  00 00 00 00  00 89 03 00 
1B0FDD30: 00 00 00 00  20 20 20 20  20 20 20 20  20 20 20 20 
1B0FDD40: 20 20 20 20  20 20 20 20  20 20 20 20  20 20 20 20 
1B0FDD50: 20 20 20 20  20 20 20 20  20 20 20 20  20 20 20 20 
1B0FDD60: 20 20 20 20  20 20 20 20  20 20 20 20  20 00 00 00 
1B0FDD70: 20 20 20 20  20 20 20 20  20 20 20 20  20 20 20 20 
1B0FDD80: 20 20 20 20  20 20 20 20  20 20 20 20  20 20 20 20 
1B0FDD90: 20 20 20 20  20 20 20 20  20 20 20 20  20 20 20 20 
1B0FDDA0: 20 20 20 20  20 20 20 20  20 50 21 E2  1B 20 24 E2 
1B0FDDB0: 1B E0 86 EF  1B 58 12 E2  1B 00 00 00  00 80 28 E2 
1B0FDDC0: 1B 00 00 00  00 E8 26 E2  1B 00 00 00  00 88 22 E2 
1B0FDDD0: 1B 00 00 00  00 B8 1F E2  1B 00 00 00  00 20 1E E2 
1B0FDDE0: 1B 00 00 00  00 00 00 00  00 00 00 00  00 00 00 00 
1B0FDDF0: 00 00 00 00  00 00 00 00  00 00 00 00  00 00 00 00 
1B0FDE00: 00 00 00 00  00 00 00 00  00 00 00 00  00 00 00 00 
1B0FDE10: 00 00 00 00  00 00 00 00  00 00 00 00  00 00 00 00 
1B0FDE20: 00 00 00 00  00 00 00 00  00 00 00 00  00 00 00 00 
1B0FDE30: 00 00 00 00  00 00 00 00  00 00 00 00  00 00 00 00 
1B0FDE40: 00 00 00 00  00 00 00 00  00 00 01 02  00 00 00 00 
1B0FDE50: 0C 00 00 00  20 0E E2 1B  00 01 00 01  00 20 20 20 
1B0FDE60: 20 20 20 20  20 20 20 20  20 20 20 20  20 20 20 20 
1B0FDE70: 20 20 20 20  20 20 20 20  20 20 20 20  20 20 20 20 
1B0FDE80: 20 20 20 20  20 20 20 20  20 20 20 20  20 20 20 20 
1B0FDE90: 20 20 20 20  20 20 20 20  20 20 20 20  20 20 20 20 
1B0FDEA0: 20 20 20 20  20 20 20 20  20 20 20 20  20 20 20 20 
1B0FDEB0: 20 20 20 20  20 20 20 20  20 20 20 20  20 20 20 20 
1B0FDEC0: 20 20 20 20  20 20 20 20  20 20 20 20  20 20 20 20 
1B0FDED0: 20 20 20 20  20 20 20 20  20 20 20 20  20 20 20 20 
1B0FDEE0: 20 20 20 20  20 20 20 20  20 20 20 20  20 20 20 20 
1B0FDEF0: 20 20 20 20  20 20 20 20  20 20 20 20  20 20 20 20 
1B0FDF00: 20 20 20 20  20 20 20 20  20 20 20 20  20 20 20 20 
1B0FDF10: 20 20 20 20  20 20 20 20  20 20 20 20  20 20 20 20 
1B0FDF20: 20 20 20 20  20 20 20 20  20 20 20 20  20 20 20 20 
1B0FDF30: 20 20 20 20  20 20 20 20  20 20 20 20  20 20 20 20 
1B0FDF40: 20 20 20 20  20 20 20 20  20 20 20 20  20 20 20 20 
1B0FDF50: 20 20 20 20  20 20 20 20  20 20 20 20  00 00 00 00 
1B0FDF60: 20 20 20 20  20 20 20 01  20 20 00 00  00 00 20 20 
1B0FDF70: 20 20 20 20  00 00 00 00  20 00 00 00  00 20 20 00 
1B0FDF80: 00 00 00 20  20 05 00 00  00 20 00 00  00 00 20 00 
1B0FDF90: 00 00 00 00  00 00 00 20  20 00 00 00  00 00 00 00 
1B0FDFA0: 00 20 20 00  00 00 00 20  20 00 00 00  00 20 20 20 
1B0FDFB0: 00 00 00 00  20 00 00 00  00 2D 20 00  00 00 00 00 
1B0FDFC0: 00 00 00 20  00 00 00 00  20 20 00 00  00 00 20 20 
1B0FDFD0: 00 00 00 00  20 00 00 00  00 20 00 00  00 00 20 20 
1B0FDFE0: 00 00 00 00  20 20 00 00  00 00 20 00  00 00 00 00 
1B0FDFF0: 00 00 00 20  00 00 00 00  20 20 00 00  00 00 20 00 
1B0FE000: 00 00 00 00  00 42 72 77  4F 53 41 76  61 6E 63 61 
1B0FE010: 64 61 20 20  20 20 20 20  20 20 20 20  20 20 20 20 
1B0FE020: 20 20 20 20  20 20 20 20  20 20 20 20  20 47 45 52 
1B0FE030: 41 4C 20 20  20 20 20 20  20 20 20 20  20 20 20 20 
1B0FE040: 20 20 20 20  20 20 20 20  20 20 20 20  20 20 20 20 
1B0FE050: 20 20 20 20  20 08 AF EF  1B 18 49 EA  1B AC 56 48 
1B0FE060: 01 30 E3 DB  1B 23 03 00  00 18 49 EA  1B B0 28 EB 
1B0FE070: 1B 00 00 00  00 85 E0 0F  1B 6C 56 48  01 38 77 E0 
1B0FE080: 1B 2D 00 00  00 53 49 54  45 20 20 20  20 20 20 20 
1B0FE090: 20 20 20 20  20 20 20 20  20 20 20 20  20 20 20 20 
1B0FE0A0: 20 20 20 20  20 20 20 20  20 20 20 20  20 40 00 00 
1B0FE0B0: 00 00 20 20  20 20 20 20  20 20 20 20  20 20 20 20 
1B0FE0C0: 20 20 20 20  20 20 20 20  20 20 20 20  20 20 20 20 
1B0FE0D0: 20 20 20 20  20 20 20 20  20 20 20 20  20 20 20 20 
1B0FE0E0: 20 20 20 20  20 20 20 20  20 20 20 20  20 20 20 20 
1B0FE0F0: 20 20 20 20  20 20 20 20  20 20 20 20  20 20 20 20 
1B0FE100: 20 20 20 20  20 20 20 20  20 20 20 20  20 20 20 20 
1B0FE110: 20 20 20 20  20 20 00 00  00 00 00 00  00 00 00 00 
1B0FE120: 00 00 32 E1  0F 1B F4 55  48 01 C8 75  D9 1B 19 00 
1B0FE130: 00 00 45 4E  54 52 45 47  55 45 20 20  20 20 20 20 
1B0FE140: 20 20 20 20  20 20 08 00  00 00 00 00  00 00 00 00 
1B0FE150: 00 00 00 63  E1 0F 1B B8  55 48 01 78  C1 E2 1B 19 
1B0FE160: 00 00 00 52  65 73 70 6F  6E 64 69 64  6F 20 20 20 
1B0FE170: 20 20 20 20  20 20 20 37  00 00 00 00  8D E1 0F 1B 
1B0FE180: 50 55 48 01  80 01 E7 1B  1B 00 00 00  00 4D 41 54 
1B0FE190: 2E 20 43 4F  4E 53 2E 20  20 20 20 20  20 20 20 20 
1B0FE1A0: 20 03 00 00  00 00 00 01  00 00 00 00  00 00 00 00 
1B0FE1B0: 00 00 00 00  00 00 00 00  00 00 00 00  20 20 20 20 
1B0FE1C0: 20 20 20 20  20 20 20 20  20 20 00 00  00 00 00 00 
1B0FE1D0: 00 00 00 00  00 00 20 20  20 20 20 20  20 20 20 20 
1B0FE1E0: 20 20 20 20  20 20 20 20  20 4E 20 00  00 00 00 00 
1B0FE1F0: 00 00 00 20  00 00 00 00  20 00 00 00  00 20 00 00 
1B0FE200: 00 00 20 00  00 00 00 20  00 00 00 00  20 00 00 00 
1B0FE210: 00 00 00 00  00 20 00 00  00 00 00 00  00 00 20 00 
1B0FE220: 00 00 00 20  00 00 00 00  00 00 00 00  20 00 00 00 
1B0FE230: 00 20 00 00  00 00 20 00  00 00 00 00  00 00 00 20 
1B0FE240: 00 00 00 00  00 00 00 00  20 00 00 00  00 20 00 00 
1B0FE250: 00 00 00 00  00 00 20 00  00 00 00 20  00 00 00 00 
1B0FE260: 00 00 00 00  20 00 00 00  00 20 00 00  00 00 00 00 
1B0FE270: 00 00 20 00  00 00 00 20  00 00 00 00  20 00 00 00 
1B0FE280: 00 00 20 00  00 00 00 00  20 20 00 00  00 00 20 20 
1B0FE290: 00 00 00 00  20 20 00 00  00 00 20 20  00 00 00 00 
1B0FE2A0: 20 20 00 00  00 00 20 20  00 00 00 00  20 20 00 00 
1B0FE2B0: 00 00 20 20  00 00 00 00  20 00 00 00  00 20 00 00 
1B0FE2C0: 00 00 00 00  00 00 20 20  00 00 00 00  20 00 00 00 
1B0FE2D0: 00 00 00 00  00 20 00 00  00 00 00 00  00 00 20 00 
1B0FE2E0: 00 00 00 20  00 00 00 00  00 00 00 00  20 20 00 00 
1B0FE2F0: 00 00 4E 00  00 20 20 20  20 20 20 20  20 20 20 20 
1B0FE300: 20 20 20 20  20 20 20 20  20 20 20 20  20 20 20 20 
1B0FE310: 20 20 20 20  20 20 20 20  20 20 20 20  20 20 20 20 
1B0FE320: 20 20 20 20  20 20 20 20  20 20 20 20  20 20 20 20 
1B0FE330: 20 20 20 20  20 20 20 20  20 20 20 20  20 20 20 20 
1B0FE340: 20 20 20 20  20 20 20 20  20 20 20 20  20 20 20 20 
1B0FE350: 20 20 20 20  20 20 20 20  20 89 03 00  00 00 00 00 
1B0FE360: 00 00 08 00  00 00 98 00  EB 1B 02 00  00 00 01 01 
1B0FE370: 00 00 00 00  F8 53 EB 1B  D4 4D 48 01  C8 D2 E3 1B 
1B0FE380: 64 02 00 00  F8 42 EB 1B  F8 53 EB 1B  9C E3 0F 1B 
1B0FE390: 08 55 48 01  68 16 CB 1B  19 00 00 00  41 55 44 20 
1B0FE3A0: 34 34 33 34  38 20 56 2E  33 20 20 20  20 20 20 20 
1B0FE3B0: 01 89 03 00  00 01 01 00  89 03 00 00  37 01 0D 00 
1B0FE3C0: 00 00 01 00  00 00 F0 13  E2 1B 00 01  00 00 00 00 
1B0FE3D0: 00 00 00 00  00 00 00 00  00 00 20 20  20 20 20 20 
1B0FE3E0: 20 20 20 20  20 20 20 20  20 20 20 20  20 20 20 20 
1B0FE3F0: 20 20 20 20  20 20 20 20  20 20 20 20  20 20 20 20 
1B0FE400: 20 20 20 20  20 20 20 20  20 20 20 20  20 20 20 20 
1B0FE410: 20 20 20 20  20 20 20 20  20 20 20 20  20 20 20 20 
1B0FE420: 20 20 20 20  20 20 20 20  20 20 20 20  20 20 20 20 
1B0FE430: 20 20 20 20  20 20 20 20  20 20 20 20  20 20 20 20 
1B0FE440: 20 20 20 20  20 20 20 20  20 20 20 20  20 20 20 20 
1B0FE450: 20 20 20 20  20 20 20 20  20 20 20 20  20 20 20 20 
1B0FE460: 20 20 20 20  20 20 90 96  EB 1B 88 86  EB 1B 53 4F 
1B0FE470: 4C 55 43 41  4F 20 44 45  53 45 4E 47  52 41 58 41 
1B0FE480: 4E 54 45 20  20 20 20 20  20 20 20 20  20 20 20 20 
1B0FE490: 20 20 20 20  20 20 20 20  20 20 20 20  20 20 20 20 
1B0FE4A0: 20 20 20 20  20 20 20 20  20 20 20 20  20 20 20 20 
1B0FE4B0: 20 20 20 20  20 20 20 20  20 20 20 20  20 20 20 20 
1B0FE4C0: 20 20 20 20  20 20 20 20  20 20 20 20  20 20 20 20 
1B0FE4D0: 20 20 20 20  20 20 20 20  20 20 20 20  20 20 20 20 
1B0FE4E0: 20 20 20 20  20 20 20 20  20 20 20 20  20 20 20 20 
1B0FE4F0: 20 20 20 20  20 20 20 20  20 20 01 C0  46 EF 1B 44 
1B0FE500: 40 48 01 E0  F3 DE 1B 00  10 00 00 C0  46 EF 1B 00 
1B0FE510: 00 00 00 00  00 00 00 00  00 00 00 00  FF FF FF 00 
1B0FE520: 00 00 00 00  00 FF FF 00  00 00 FF 00  AE 37 01 00 
1B0FE530: FF 53 53 00  FF 00 00 00  AD 37 01 00  00 FF FF FF 
1B0FE540: 00 00 00 00  00 00 FF FF  00 00 00 FF  00 AE 37 01 
1B0FE550: 00 FF 53 53  00 FF 00 00  00 AD 37 01  00 01 FF FF 
1B0FE560: FF 00 00 00  00 00 00 FF  FF 00 00 00  FF 00 AE 37 
1B0FE570: 01 00 FF 53  53 00 FF 00  00 00 AD 37  01 00 01 FF 
1B0FE580: FF FF 00 00  00 00 00 00  FF FF 00 00  00 FF 00 AE 
1B0FE590: 37 01 00 FF  53 53 00 FF  00 00 00 AD  37 01 00 01 
1B0FE5A0: FF FF FF 00  00 00 00 00  00 FF FF 00  00 00 FF 00 
1B0FE5B0: AE 37 01 00  FF 53 53 00  FF 00 00 00  AD 37 01 00 
1B0FE5C0: 01 FF FF FF  00 00 00 00  00 00 FF FF  00 00 00 FF 
1B0FE5D0: 00 AE 37 01  00 FF 53 53  00 FF 00 00  00 AD 37 01 
1B0FE5E0: 00 01 F2 E5  0F 1B 90 4D  48 01 00 00  00 00 35 00 
1B0FE5F0: 00 00 00 00  00 00 20 20  20 20 20 20  20 20 20 20 
1B0FE600: 20 20 20 20  20 20 20 20  20 20 20 20  20 20 20 20 
1B0FE610: 20 20 20 20  20 20 20 20  20 20 20 20  20 20 00 00 
1B0FE620: 00 00 00 00  00 00 00 68  56 EB 1B 18  2D EB 1B 00 
1B0FE630: 00 00 00 00  00 00 00 00  00 00 98 A6  EB 1B 00 40 
1B0FE640: 06 E2 1B 53  E6 0F 1B F4  4E 48 01 38  3E D0 1B 02 
1B0FE650: 00 00 00 00  62 00 00 00  00 C8 2F E2  1B E4 04 48 
1B0FE660: 01 10 B1 DB  1B 24 59 00  00 00 00 00  00 00 00 00 
1B0FE670: 00 00 00 00  00 00 20 20  20 20 20 20  20 20 20 20 
1B0FE680: 20 20 20 20  20 20 20 20  20 20 00 00  00 00 00 00 
1B0FE690: 00 00 00 00  00 00 00 00  00 00 00 00  00 00 00 00 
1B0FE6A0: 00 00 00 00  00 00 00 00  00 00 00 00  00 00 AD 37 
1B0FE6B0: 01 00 AD 37  01 00 AD 37  01 00 AD 37  01 00 00 40 
1B0FE6C0: 6E 30 36 62  00 00 00 00  00 00 00 00  00 00 00 00 
1B0FE6D0: 00 00 00 48  4C EA 1B 00  32 EF 1B 1C  BC 47 01 00 
1B0FE6E0: 20 F5 1B 55  13 00 00 00  00 00 00 00  00 00 00 00 
1B0FE6F0: 00 42 72 77  4F 53 01 00  01 01 00 00  00 00 40 FD 
1B0FE700: EB 1B E8 AA  E1 1B 40 FD  EB 1B A4 3A  48 01 E0 6D 
1B0FE710: 08 1D 64 02  00 00 20 01  00 00 00 19  00 00 00 3F 
1B0FE720: E7 0F 1B 14  3D 48 01 00  00 00 00 6C  00 00 00 07 
1B0FE730: E8 0F 1B 30  56 48 01 58  58 D8 1B 69  00 00 00 20 
1B0FE740: 20 20 20 20  20 20 20 20  20 20 20 20  20 20 20 20 
1B0FE750: 20 20 20 20  20 20 20 20  20 20 20 20  20 20 20 20 
1B0FE760: 20 20 20 20  20 20 20 20  20 20 20 20  20 20 20 20 
1B0FE770: 20 20 20 20  20 20 20 20  20 20 20 20  20 20 20 20 
1B0FE780: 20 20 20 20  20 20 20 20  20 20 20 20  20 20 20 20 
1B0FE790: 20 20 20 20  20 20 20 20  20 20 20 20  20 20 20 20 
1B0FE7A0: 20 20 20 00  00 00 00 00  00 00 00 03  E8 0F 1B 40 
1B0FE7B0: 4D 48 01 D0  78 E0 1B 04  00 00 00 70  66 EB 1B 68 
1B0FE7C0: 4D 48 01 00  00 00 00 04  10 00 00 50  4C 41 20 20 
1B0FE7D0: 20 20 20 00  00 00 00 00  00 01 70 66  EB 1B 00 00 
1B0FE7E0: 00 00 88 E0  EA 1B 80 D0  EA 1B 00 00  00 00 00 00 
1B0FE7F0: 00 00 00 70  A0 EA 1B 00  00 00 00 68  90 EA 1B 00 
1B0FE800: 00 00 00 0B  00 00 00 52  65 63 69 62  6F 20 20 20 
1B0FE810: 20 20 20 20  20 20 20 20  20 20 20 20  20 20 20 20 
1B0FE820: 20 20 20 20  20 20 20 20  20 20 20 20  20 20 20 20 
1B0FE830: 20 20 20 20  20 20 20 20  20 20 20 20  20 20 20 20 
1B0FE840: 20 20 20 20  20 20 20 20  20 20 20 20  20 20 20 20 
1B0FE850: 20 20 20 20  20 20 20 20  20 20 20 20  20 20 20 20 
1B0FE860: 20 20 20 20  20 20 20 20  20 20 20 0B  00 00 00 01 
1B0FE870: 00 00 00 00  00 00 00 00  00 AD 37 01  00 A2 37 01 
1B0FE880: 00 00 00 00  00 00 00 00  00 00 00 00  00 00 00 00 
1B0FE890: 00 00 00 00  00 00 00 00  00 00 00 00  00 00 00 00 
1B0FE8A0: 00 00 00 00  00 00 00 00  00 00 00 00  00 00 00 00 
1B0FE8B0: 00 00 00 00  00 00 00 00  00 00 00 00  00 00 00 00 
1B0FE8C0: 00 00 00 4E  00 01 28 F6  0F 1B 18 4F  48 01 50 2C 
1B0FE8D0: EE 1B 10 00  00 00 50 61  64 72 E3 6F  20 20 20 20 
1B0FE8E0: 20 20 20 20  20 20 20 20  20 20 20 20  20 20 20 20 
1B0FE8F0: 20 20 20 20  20 20 20 20  20 20 20 20  20 20 20 20 
1B0FE900: 20 20 20 20  20 20 20 20  20 20 20 20  20 20 20 20 
1B0FE910: 20 20 20 20  20 20 20 20  20 20 20 20  20 20 20 20 
1B0FE920: 20 20 20 20  20 20 20 20  20 20 20 20  20 20 20 20 
1B0FE930: 20 20 20 20  20 20 20 20  20 20 20 20  20 20 20 20 
1B0FE940: 20 20 20 20  20 20 20 20  20 20 20 20  20 20 20 20 
1B0FE950: 20 20 20 20  20 20 20 20  20 20 20 20  20 20 20 20 
1B0FE960: 20 20 20 20  20 20 20 20  20 20 20 20  20 20 20 20 
1B0FE970: 20 20 20 20  20 20 20 20  20 20 20 20  20 20 20 20 
1B0FE980: 20 20 20 20  20 20 20 20  20 20 20 20  20 20 20 20 
1B0FE990: 20 20 20 20  20 20 20 20  20 20 20 20  20 20 20 20 
1B0FE9A0: 20 20 20 20  20 20 20 20  20 20 20 20  20 20 20 20 
1B0FE9B0: 20 20 20 20  20 20 20 20  20 20 20 20  20 20 20 20 
1B0FE9C0: 20 20 20 20  20 20 20 20  20 20 20 20  20 20 20 20 
1B0FE9D0: 20 20 20 20  20 41 4C 41  4E 20 52 45  49 53 20 53 
1B0FE9E0: 49 4C 56 41  20 20 20 20  20 20 20 20  20 20 20 20 
1B0FE9F0: 20 20 20 20  20 20 20 20  20 20 20 20  20 20 20 20 
1B0FEA00: 20 20 20 20  20 20 20 20  20 20 20 20  20 20 20 20 
1B0FEA10: 20 20 20 20  20 20 20 20  20 20 20 20  20 20 20 20 
1B0FEA20: 20 20 20 20  20 20 20 20  20 20 20 20  20 20 20 20 
1B0FEA30: 20 20 20 20  20 20 20 20  20 20 20 20  20 20 20 20 
1B0FEA40: 20 20 20 20  20 20 20 20  20 20 20 20  20 20 20 20 
1B0FEA50: 20 20 20 20  20 20 20 20  20 20 20 20  20 20 20 20 
1B0FEA60: 20 20 20 20  20 20 20 20  20 20 20 20  20 20 20 20 
1B0FEA70: 20 20 20 20  20 20 20 20  20 20 20 20  20 20 20 20 
1B0FEA80: 20 20 20 20  20 20 20 20  20 20 20 20  20 20 20 20 
1B0FEA90: 20 20 20 20  20 20 20 20  20 20 20 20  20 20 20 20 
1B0FEAA0: 20 20 20 20  20 20 20 20  20 20 20 20  20 20 20 20 
1B0FEAB0: 20 20 20 20  20 20 20 20  20 20 20 20  20 20 20 20 
1B0FEAC0: 20 20 20 20  20 20 20 20  20 20 20 20  20 20 20 20 
1B0FEAD0: 20 20 20 20  30 35 37 2E  38 30 36 2E  35 38 35 2D 
1B0FEAE0: 31 30 20 20  20 20 20 20  20 20 20 20  20 20 20 20 
1B0FEAF0: 20 20 20 20  20 20 20 20  20 20 20 20  20 20 20 20 
1B0FEB00: 20 20 20 20  08 00 EA 1B  1C 58 48 01  78 FB DC 1B 
1B0FEB10: 25 01 00 00  00 00 00 90  45 10 00 00  00 00 27 88 
1B0FEB20: 68 00 00 00  00 25 43 10  00 00 00 00  00 58 50 00 
1B0FEB30: 00 00 01 15  88 20 00 00  00 00 00 39  29 73 60 00 
1B0FEB40: 00 00 00 00  00 00 00 00  00 00 00 00  00 00 00 00 
1B0FEB50: 00 00 00 00  00 00 00 00  00 00 00 00  21 00 00 00 
1B0FEB60: 00 00 00 00  58 50 00 00  00 00 00 27  67 68 00 00 
1B0FEB70: 00 00 00 00  00 00 00 00  00 00 00 00  00 00 00 00 
1B0FEB80: 00 00 00 00  00 00 00 00  00 00 00 00  00 00 00 00 
1B0FEB90: 00 00 00 00  00 00 00 00  00 00 00 00  00 00 00 00 
1B0FEBA0: 00 00 00 00  00 00 00 00  00 00 00 00  00 00 00 00 
1B0FEBB0: 00 00 00 00  00 00 00 00  00 00 00 00  00 00 00 00 
1B0FEBC0: 00 00 00 00  00 00 00 00  00 00 00 00  00 00 00 00 
1B0FEBD0: 00 00 00 00  00 00 00 00  00 00 00 00  00 00 00 00 
1B0FEBE0: 00 00 00 00  00 00 00 00  00 00 00 00  00 00 00 00 
1B0FEBF0: 00 00 00 00  00 00 00 00  00 00 00 00  00 00 00 00 
1B0FEC00: 00 00 00 00  00 00 00 00  00 00 00 00  00 00 00 00 
1B0FEC10: 00 00 00 00  00 00 00 00  00 00 00 00  00 00 00 00 
1B0FEC20: 00 00 82 56  04 00 00 00  00 33 32 16  00 00 00 01 
1B0FEC30: 15 88 20 00  20 20 20 20  20 20 20 20  20 20 20 20 
1B0FEC40: 43 20 20 20  20 20 20 20  20 20 20 20  20 20 20 20 
1B0FEC50: 20 20 20 20  20 20 20 20  20 20 20 20  20 20 20 20 
1B0FEC60: 20 20 20 20  20 20 20 20  20 20 20 20  20 20 20 20 
1B0FEC70: 20 20 20 20  20 20 20 20  20 20 20 20  20 20 20 20 
1B0FEC80: 20 20 20 20  20 20 20 20  20 20 20 20  20 20 20 20 
1B0FEC90: 20 20 20 20  20 20 20 20  20 20 20 20  20 20 20 20 
1B0FECA0: 20 20 20 20  20 20 20 20  20 20 20 20  20 20 20 20 
1B0FECB0: 20 20 20 20  20 20 20 20  20 20 20 20  20 20 20 20 
1B0FECC0: 20 20 20 20  20 20 20 20  20 20 20 20  20 20 20 20 
1B0FECD0: 20 20 20 20  20 20 20 20  20 20 20 20  20 20 20 20 
1B0FECE0: 20 20 20 20  20 20 20 20  20 20 20 20  20 20 20 20 
1B0FECF0: 20 20 20 20  20 20 20 20  20 20 20 20  20 20 20 20 
1B0FED00: 20 20 20 20  20 20 20 20  20 20 20 20  20 20 20 20 
1B0FED10: 20 20 20 20  20 20 20 20  20 20 20 20  20 20 20 20 
1B0FED20: 20 20 20 20  20 20 20 20  20 20 20 20  20 20 20 20 
1B0FED30: 20 20 20 20  20 20 20 20  20 20 20 20  20 20 20 20 
1B0FED40: 20 20 20 20  20 20 20 20  20 20 20 20  20 20 20 20 
1B0FED50: 20 20 20 20  20 20 20 20  20 20 20 20  20 20 20 20 
1B0FED60: 20 20 20 20  20 20 20 20  20 20 20 20  20 20 20 20 
1B0FED70: 20 20 20 20  20 20 20 20  20 20 20 20  20 20 20 20 
1B0FED80: 20 20 20 20  20 20 20 20  20 20 20 20  20 20 20 20 
1B0FED90: 20 20 20 20  20 20 20 20  20 20 20 20  20 20 20 20 
1B0FEDA0: 20 20 20 20  20 20 20 20  20 4C 49 42  45 52 54 59 
1B0FEDB0: 20 53 45 47  55 52 4F 53  20 53 2F 41  20 20 20 20 
1B0FEDC0: 20 20 20 20  20 20 20 20  20 20 20 20  20 20 20 20 
1B0FEDD0: 20 53 65 67  75 72 61 64  6F 20 20 20  20 20 20 20 
1B0FEDE0: 20 20 20 20  20 46 69 6E  61 6C 69 7A  61 64 6F 20 
1B0FEDF0: 20 20 20 20  20 20 20 20  20 A1 F5 0F  1B C0 3E 48 
1B0FEE00: 01 A0 DB F4  1B 61 00 00  00 20 20 20  20 20 20 20 
1B0FEE10: 20 20 20 20  20 20 20 20  20 20 20 20  20 00 00 00 
1B0FEE20: 00 00 00 00  00 00 00 05  85 00 00 00  00 00 80 17 
1B0FEE30: 00 00 07 29  70 4E E3 6F  20 63 6F 6E  73 75 6C 74 
1B0FEE40: 61 64 6F 20  20 20 20 20  20 20 20 20  20 20 20 20 
1B0FEE50: 20 20 20 20  20 20 20 20  20 20 20 20  20 20 20 20 
1B0FEE60: 20 20 20 20  20 20 20 20  20 20 20 20  20 20 20 20 
1B0FEE70: 20 53 45 47  55 52 41 44  4F 52 41 20  20 20 20 20 
1B0FEE80: 20 20 20 20  20 20 20 20  20 20 20 20  20 20 20 20 
1B0FEE90: 20 20 20 20  20 20 20 20  20 4E E3 6F  20 52 65 73 
1B0FEEA0: 70 6F 6E 64  69 64 6F 20  20 20 20 20  20 20 20 20 
1B0FEEB0: 20 20 20 20  20 20 20 20  20 20 20 20  20 20 20 20 
1B0FEEC0: 20 20 20 20  20 20 20 20  20 20 20 20  20 20 20 20 
1B0FEED0: 20 20 20 20  20 20 20 20  20 20 20 20  20 20 20 20 
1B0FEEE0: 20 20 20 20  20 20 20 20  20 20 20 20  20 20 20 20 
1B0FEEF0: 20 20 20 20  20 20 20 20  20 20 20 20  20 20 20 20 
1B0FEF00: 20 20 20 20  20 20 20 20  20 20 20 20  20 20 20 20 
1B0FEF10: 20 20 20 20  20 20 20 20  20 20 20 20  20 20 20 20 
1B0FEF20: 20 20 20 20  20 20 20 20  20 20 20 20  20 20 20 20 
1B0FEF30: 20 20 20 20  20 20 20 20  20 20 20 20  20 20 20 20 
1B0FEF40: 20 20 20 20  20 20 20 20  20 20 20 20  20 20 20 20 
1B0FEF50: 20 20 20 20  20 20 20 20  20 20 20 20  20 20 20 20 
1B0FEF60: 20 20 20 20  20 20 20 20  20 20 20 20  20 20 20 20 
1B0FEF70: 20 20 20 20  20 20 20 20  20 20 20 20  20 20 20 20 
1B0FEF80: 20 20 20 20  20 20 20 20  20 20 20 20  20 20 20 20 
1B0FEF90: 20 20 20 20  20 20 20 20  20 20 20 20  20 20 20 20 
1B0FEFA0: 20 20 20 20  20 20 20 20  20 20 20 20  20 20 20 20 
1B0FEFB0: 20 20 20 20  20 20 20 20  20 20 20 20  20 20 20 20 
1B0FEFC0: 20 20 20 20  20 20 20 20  20 20 20 20  20 20 20 20 
1B0FEFD0: 20 20 20 20  20 20 20 20  20 20 20 20  20 20 20 20 
1B0FEFE0: 20 20 20 20  20 20 20 20  20 20 20 20  20 20 20 20 
1B0FEFF0: 20 20 20 20  20 20 20 20  20 20 20 20  20 20 20 20 
1B0FF000: 20 20 20 20  20 20 20 20  20 20 20 20  20 20 20 20 
1B0FF010: 20 20 20 20  20 20 20 20  20 20 20 20  20 20 20 20 
1B0FF020: 20 20 20 20  20 20 20 20  20 20 20 20  20 20 20 20 
1B0FF030: 20 20 20 20  20 20 20 20  20 20 20 20  20 20 20 20 
1B0FF040: 20 20 20 20  20 20 20 20  20 20 20 20  20 20 20 20 
1B0FF050: 20 20 20 20  20 20 20 20  20 20 20 20  20 20 20 20 
1B0FF060: 20 20 20 20  20 20 20 20  20 20 20 20  20 20 20 20 
1B0FF070: 20 20 20 20  20 20 20 20  20 20 20 20  20 20 20 20 
1B0FF080: 20 20 20 20  20 20 20 20  20 20 20 20  20 20 20 20 
1B0FF090: 20 20 20 20  20 20 20 20  20 20 20 20  20 20 20 20 
1B0FF0A0: 20 20 20 20  20 20 20 20  20 20 20 20  20 20 20 20 
1B0FF0B0: 20 20 20 20  45 4E 54 52  45 47 55 45  20 20 20 20 
1B0FF0C0: 20 20 20 20  20 20 20 20  20 20 20 20  20 20 20 20 
1B0FF0D0: 20 20 20 20  20 20 20 20  20 20 20 20  20 20 20 20 
1B0FF0E0: 20 20 20 20  20 20 43 6F  6C 69 73 E3  6F 20 20 20 
1B0FF0F0: 20 20 20 20  20 20 20 20  20 20 20 20  20 20 20 20 
1B0FF100: 20 20 20 20  32 20 2D 20  56 69 73 74  2E 2F 41 75 
1B0FF110: 74 6F 72 69  7A 61 64 6F  20 20 20 20  20 20 20 20 
1B0FF120: 20 20 28 37  33 29 20 39  39 39 36 38  20 36 38 35 
1B0FF130: 39 20 28 72  65 73 29 20  2F 20 53 45  52 47 49 4F 
1B0FF140: 4C 50 31 37  40 59 41 48  4F 4F 2E 43  4F 4D 20 28 
1B0FF150: 6D 61 69 6C  29 20 20 20  20 20 20 20  20 20 20 20 
1B0FF160: 20 20 20 20  20 20 20 20  20 20 20 20  20 20 20 20 
1B0FF170: 20 20 20 20  20 20 20 20  20 20 20 20  20 20 20 20 
1B0FF180: 20 20 20 20  20 20 20 20  20 20 20 20  20 20 20 20 
1B0FF190: 20 20 20 20  20 20 20 20  20 20 20 20  20 20 20 20 
1B0FF1A0: 20 20 20 20  20 20 20 20  20 20 20 20  20 20 20 20 
1B0FF1B0: 20 20 20 20  20 20 20 20  20 20 20 20  20 20 20 20 
1B0FF1C0: 20 20 20 20  20 20 20 20  20 20 20 20  20 20 20 20 
1B0FF1D0: 20 20 20 20  20 20 20 20  20 20 20 20  20 20 20 20 
1B0FF1E0: 20 20 20 20  20 20 20 20  20 20 20 20  20 20 20 20 
1B0FF1F0: 20 20 20 20  20 20 20 20  20 20 20 20  20 20 20 20 
1B0FF200: 20 20 20 20  20 20 20 20  20 20 20 20  20 20 20 20 
1B0FF210: 20 20 20 20  20 20 20 20  20 20 20 20  20 20 20 20 
1B0FF220: 20 20 20 20  20 20 20 20  20 20 20 20  20 20 20 20 
1B0FF230: 20 20 20 20  20 20 20 20  20 20 20 20  20 20 20 20 
1B0FF240: 20 20 20 20  20 20 20 20  20 20 20 20  20 20 20 20 
1B0FF250: 20 20 20 20  20 20 20 20  20 20 20 20  20 20 20 20 
1B0FF260: 20 20 20 20  20 20 20 20  20 20 20 20  20 20 20 20 
1B0FF270: 20 20 20 20  20 20 20 20  20 20 20 20  20 20 20 20 
1B0FF280: 20 20 20 20  20 20 20 20  20 20 20 20  20 20 20 20 
1B0FF290: 20 20 20 20  20 20 20 20  20 20 20 20  20 20 20 20 
1B0FF2A0: 20 20 20 20  20 20 20 20  20 20 20 20  20 20 20 20 
1B0FF2B0: 20 20 20 20  20 20 20 20  20 20 20 20  20 20 20 20 
1B0FF2C0: 20 20 20 20  20 20 20 20  20 20 20 20  20 20 20 20 
1B0FF2D0: 20 20 20 20  20 20 20 20  20 20 20 20  20 20 20 20 
1B0FF2E0: 20 20 20 20  20 20 20 20  20 20 20 20  20 20 20 20 
1B0FF2F0: 20 20 20 20  20 20 20 20  20 20 20 20  20 20 20 20 
1B0FF300: 20 20 20 20  20 20 20 20  20 20 20 20  20 20 20 20 
1B0FF310: 20 20 20 20  20 20 20 20  20 20 20 20  20 20 20 20 
1B0FF320: 20 20 20 20  20 20 20 20  20 20 20 20  20 20 20 20 
1B0FF330: 20 20 20 20  20 20 20 20  20 20 20 20  20 20 20 20 
1B0FF340: 20 20 20 34  20 20 20 20  20 20 20 20  20 20 20 20 
1B0FF350: 20 20 20 20  45 20 20 41  4C 41 4E 20  52 45 49 53 
1B0FF360: 20 53 49 4C  56 41 20 20  20 20 20 20  20 20 20 20 
1B0FF370: 20 20 20 20  20 20 20 20  20 20 20 20  20 20 20 20 
1B0FF380: 20 20 20 20  20 20 20 20  20 20 20 20  20 20 20 20 
1B0FF390: 20 20 20 52  20 53 61 6E  74 69 61 67  6F 2C 20 34 
1B0FF3A0: 38 20 20 20  20 20 20 20  20 20 20 20  20 20 20 20 
1B0FF3B0: 20 20 20 20  20 20 20 20  20 20 20 20  20 20 20 20 
1B0FF3C0: 20 20 20 20  20 20 20 20  20 20 20 20  20 20 20 20 
1B0FF3D0: 20 20 20 20  20 20 20 20  20 20 20 20  20 20 20 20 
1B0FF3E0: 20 20 20 4A  75 72 65 6D  61 20 20 20  20 20 20 20 
1B0FF3F0: 20 20 20 20  20 20 20 20  20 20 20 20  20 20 20 20 
1B0FF400: 20 56 69 74  6F 72 69 61  20 64 61 20  43 6F 6E 71 
1B0FF410: 75 69 73 74  61 20 20 20  20 20 20 20  20 20 20 42 
1B0FF420: 41 20 20 20  20 20 20 20  20 20 20 20  20 20 20 20 
1B0FF430: 20 20 20 34  35 30 32 33  2D 30 31 30  20 30 34 31 
1B0FF440: 2E 38 08 00  EA 1B 00 00  00 00 21 00  00 00 00 00 
1B0FF450: 00 58 50 00  00 00 00 27  67 68 00 00  00 00 00 00 
1B0FF460: 00 00 00 00  00 00 00 00  00 00 00 00  00 00 00 00 
1B0FF470: 00 00 00 00  00 00 00 00  00 00 00 00  00 00 00 00 
1B0FF480: 00 00 00 00  00 00 00 00  00 00 00 00  00 00 00 00 
1B0FF490: 00 00 00 00  00 00 00 00  00 00 00 00  00 00 00 00 
1B0FF4A0: 00 00 00 00  00 00 00 00  00 00 00 00  00 00 00 78 
1B0FF4B0: B0 EA 1B 00  00 00 00 00  00 03 00 00  00 00 00 00 
1B0FF4C0: 00 00 00 00  00 00 00 20  20 20 20 20  20 20 20 20 
1B0FF4D0: 20 20 20 20  20 20 20 20  20 20 20 20  20 20 20 20 
1B0FF4E0: 20 20 20 20  20 20 20 20  20 20 20 20  20 20 20 20 
1B0FF4F0: 20 20 20 20  20 20 20 20  20 20 20 20  20 20 20 20 
1B0FF500: 20 20 20 20  20 20 20 20  20 20 20 00  00 00 00 00 
1B0FF510: 00 00 00 00  00 AD 37 01  00 AD 37 01  00 00 00 00 
1B0FF520: 00 00 00 00  00 58 70 EA  1B 00 00 00  00 00 00 01 
1B0FF530: 00 00 00 00  00 00 00 00  00 00 00 00  00 20 20 C8 
1B0FF540: 2F E2 1B 58  6E EA 1B 58  6C EA 1B C8  BB EB 1B 00 
1B0FF550: 00 00 00 00  00 00 20 20  20 20 20 20  20 20 20 20 
1B0FF560: 20 20 20 20  20 20 20 20  20 20 20 20  20 20 20 20 
1B0FF570: 20 20 20 20  20 20 20 20  20 20 20 20  20 20 20 20 
1B0FF580: 20 20 20 20  20 20 20 20  20 20 20 20  20 20 20 20 
1B0FF590: 20 20 00 00  00 00 00 00  00 00 00 00  00 00 00 03 
1B0FF5A0: 00 89 03 00  00 20 20 20  20 20 20 20  20 20 20 20 
1B0FF5B0: 20 20 20 20  20 20 20 20  20 20 20 20  20 20 20 20 
1B0FF5C0: 20 20 20 20  20 20 20 20  20 20 20 20  20 20 20 20 
1B0FF5D0: 20 20 20 20  20 20 20 20  20 20 20 20  20 20 20 20 
1B0FF5E0: 20 20 20 20  20 20 20 20  20 20 20 20  20 20 20 20 
1B0FF5F0: 20 20 20 20  20 00 00 00  00 00 00 00  00 00 00 00 
1B0FF600: 00 00 01 43  20 47 20 90  F0 EA 1B 05  00 00 00 08 
1B0FF610: 00 00 00 01  00 01 01 01  01 01 00 00  00 00 00 00 
1B0FF620: 00 00 00 01  01 00 00 00  89 03 00 00  00 00 00 00 
1B0FF630: 20 20 20 20  20 20 20 20  B1 FD 0F 1B  D8 54 48 01 
1B0FF640: 00 00 00 00  22 00 00 00  4D 41 54 2E  20 43 4F 4E 
1B0FF650: 53 2E 20 20  20 20 20 20  20 20 20 20  20 20 20 20 
1B0FF660: 20 20 20 20  20 20 20 20  20 20 20 20  20 20 20 20 
1B0FF670: 20 20 20 20  20 20 20 20  20 20 20 20  20 20 20 20 
1B0FF680: 20 20 20 20  54 49 4E 54  41 20 42 50  20 4C 41 5A 
1B0FF690: 5A 55 44 55  52 20 20 20  20 20 20 20  20 20 20 20 
1B0FF6A0: 20 20 20 20  20 20 20 20  20 20 20 20  20 20 20 20 
1B0FF6B0: 20 20 20 20  20 20 20 20  20 20 20 20  20 20 20 20 
1B0FF6C0: 20 20 20 20  20 20 20 20  20 20 20 20  20 20 20 20 
1B0FF6D0: 20 20 20 20  20 20 20 20  20 20 20 20  20 20 20 20 
1B0FF6E0: 20 20 20 20  20 20 20 20  20 20 20 20  20 20 20 20 
1B0FF6F0: 20 20 20 20  20 20 20 20  20 20 20 20  20 20 20 20 
1B0FF700: 20 20 20 20  20 20 20 20  20 20 20 20  20 20 20 20 
1B0FF710: 00 00 00 00  99 60 00 00  00 00 00 00  00 00 00 00 
1B0FF720: 00 00 00 00  00 20 20 20  20 20 20 20  20 20 20 20 
1B0FF730: 20 20 20 20  20 20 20 20  20 20 00 00  00 00 00 00 
1B0FF740: 00 00 00 00  00 46 11 48  F0 00 00 00  00 46 11 48 
1B0FF750: 00 00 00 00  00 00 00 00  00 01 00 00  00 20 20 20 
1B0FF760: 20 20 20 20  20 20 20 20  20 20 20 20  20 20 20 20 
1B0FF770: 20 20 20 20  20 20 20 20  20 20 20 46  41 42 52 49 
1B0FF780: 43 49 4F 20  4A 4F 53 45  20 4D 41 52  54 49 4E 53 
1B0FF790: 20 42 41 54  49 53 54 41  20 20 20 20  20 20 20 20 
1B0FF7A0: 20 20 20 20  20 20 20 20  20 20 20 20  20 20 20 20 
1B0FF7B0: 20 20 20 20  20 20 20 20  20 20 20 20  20 20 20 20 
1B0FF7C0: 20 20 20 20  20 20 20 20  20 20 20 20  20 20 20 20 
1B0FF7D0: 20 20 20 20  20 20 20 20  20 20 20 20  20 20 20 20 
1B0FF7E0: 20 20 20 20  20 20 20 20  20 20 20 20  20 20 20 20 
1B0FF7F0: 20 20 20 20  20 20 20 20  20 20 20 20  20 20 20 20 
1B0FF800: 20 20 20 20  20 20 20 20  20 20 20 20  20 20 20 20 
1B0FF810: 20 20 20 20  20 20 20 20  20 20 20 20  20 20 20 20 
1B0FF820: 20 20 20 20  20 20 20 20  20 20 20 20  20 20 20 20 
1B0FF830: 20 20 20 20  20 20 20 20  20 20 20 20  20 20 20 20 
1B0FF840: 20 20 20 20  20 20 20 20  20 20 20 20  20 20 20 20 
1B0FF850: 20 20 20 20  20 20 20 20  20 20 20 20  20 20 20 20 
1B0FF860: 20 20 20 20  20 20 20 20  20 20 20 20  20 20 20 20 
1B0FF870: 20 20 20 20  20 20 20 20  20 20 45 73  74 6F 71 75 
1B0FF880: 65 20 20 20  20 20 20 20  20 20 20 20  20 20 20 20 
1B0FF890: 20 20 20 20  20 20 20 20  20 20 20 20  20 20 20 20 
1B0FF8A0: 20 20 20 20  20 20 20 20  20 20 20 20  20 20 20 20 
1B0FF8B0: 20 20 20 20  20 20 20 20  20 20 20 20  20 20 20 20 
1B0FF8C0: 20 20 20 20  20 20 20 20  20 20 20 20  20 20 20 20 
1B0FF8D0: 20 20 20 20  F0 00 00 00  01 00 00 00  58 E4 50 01 
1B0FF8E0: 35 F9 0F 1B  07 04 3C F9  0F 1B 07 03  43 F9 0F 1B 
1B0FF8F0: 07 04 4A F9  0F 1B 07 04  51 F9 0F 1B  07 04 58 F9 
1B0FF900: 0F 1B 07 04  5F F9 0F 1B  03 00 62 F9  0F 1B 00 00 
1B0FF910: 00 00 00 00  00 00 00 00  00 00 00 00  00 00 00 00 
1B0FF920: 00 00 00 00  00 00 00 00  00 00 00 00  00 00 00 00 
1B0FF930: 00 00 00 00  01 00 00 00  00 00 00 00  00 00 00 00 
1B0FF940: 00 10 00 00  00 00 00 00  00 00 00 00  00 00 00 00 
1B0FF950: 00 00 00 00  00 00 00 00  00 00 00 00  00 00 00 00 
1B0FF960: 00 03 01 00  00 00 00 00  00 00 00 00  00 00 00 00 
1B0FF970: 00 00 00 00  00 00 00 00  00 00 00 00  00 00 00 00 
1B0FF980: 00 00 00 00  00 00 00 00  00 00 00 90  EF 1B 10 00 
1B0FF990: 00 00 00 00  00 00 00 00  00 00 00 00  00 00 00 00 
1B0FF9A0: 00 00 00 00  00 00 00 00  00 00 00 00  00 00 00 00 
1B0FF9B0: 00 00 00 00  00 00 00 00  00 00 20 20  20 20 20 20 
1B0FF9C0: 20 20 20 20  20 20 20 20  20 20 20 20  20 20 20 20 
1B0FF9D0: 20 20 20 20  20 20 20 20  20 20 20 20  20 20 20 20 
1B0FF9E0: 20 20 20 20  20 20 20 20  20 20 20 20  20 20 20 20 
1B0FF9F0: 20 20 20 20  20 20 20 20  20 20 20 20  20 20 20 20 
1B0FFA00: 20 20 20 20  20 20 20 20  20 20 20 20  20 20 20 20 
1B0FFA10: 20 20 20 20  20 20 20 20  20 20 20 20  20 20 20 20 
1B0FFA20: 20 20 20 20  20 20 20 20  20 20 20 20  20 20 20 20 
1B0FFA30: 20 20 20 20  20 20 20 20  20 20 20 20  20 20 20 20 
1B0FFA40: 20 20 20 20  20 20 20 20  20 20 20 20  20 20 20 20 
1B0FFA50: 20 20 20 20  20 20 20 20  20 20 20 20  20 20 20 20 
1B0FFA60: 20 20 20 20  20 20 20 20  20 20 20 20  20 20 20 20 
1B0FFA70: 20 20 20 20  20 20 20 20  20 20 20 20  20 20 20 20 
1B0FFA80: 20 20 20 20  20 20 20 20  20 20 20 20  20 20 20 20 
1B0FFA90: 20 20 20 20  20 20 20 20  20 20 20 20  20 20 20 20 
1B0FFAA0: 20 20 20 20  20 20 20 20  20 20 20 20  20 20 20 20 
1B0FFAB0: 20 20 20 20  20 20 20 20  20 20 20 20  20 20 20 20 
1B0FFAC0: 20 20 20 20  20 20 20 20  20 20 20 20  20 20 20 20 
1B0FFAD0: 20 20 20 20  20 20 20 20  20 20 20 20  20 20 20 20 
1B0FFAE0: 20 20 20 20  20 20 20 20  20 20 20 20  20 20 20 20 
1B0FFAF0: 20 20 20 20  20 20 20 20  20 20 20 20  20 20 20 2F 
1B0FFB00: FC 0F 1B 5C  4C 48 01 F0  E7 E8 1B 81  00 00 00 E0 
1B0FFB10: 41 EB 1B 5C  4F 48 01 C8  6E E8 1B 0B  01 00 00 00 
1B0FFB20: 00 00 00 00  00 00 00 00  00 00 00 00  00 00 00 00 
1B0FFB30: 00 00 00 00  00 00 00 00  00 00 00 00  00 00 00 00 
1B0FFB40: 00 00 00 00  00 00 00 00  00 00 00 00  00 00 00 00 
1B0FFB50: 00 00 00 00  00 00 00 00  00 00 00 00  00 00 00 00 
1B0FFB60: 00 00 00 00  00 00 00 00  00 00 00 00  00 00 00 00 
1B0FFB70: 00 00 00 20  FC EB 1B 6C  3B 48 01 00  00 00 00 12 
1B0FFB80: 01 00 00 50  2E 20 56 65  6E 64 61 20  20 20 20 20 
1B0FFB90: 20 20 20 20  20 20 20 20  20 20 20 20  20 20 20 20 
1B0FFBA0: 20 20 20 20  20 20 20 20  20 20 20 20  20 20 20 20 
1B0FFBB0: 20 20 20 20  20 20 20 20  20 20 20 20  20 20 20 20 
1B0FFBC0: 20 20 20 20  20 20 20 20  20 20 20 20  20 20 20 20 
1B0FFBD0: 20 20 20 20  20 20 20 20  20 20 20 20  20 20 20 20 
1B0FFBE0: 20 20 20 20  20 20 20 20  20 20 20 20  20 20 20 20 
1B0FFBF0: 20 20 20 20  20 20 20 20  20 20 20 4A  FD 0F 1B 10 
1B0FFC00: 3B 48 01 F8  ED D9 1B 3D  00 00 00 20  20 20 20 20 
1B0FFC10: 20 20 20 20  20 20 20 20  20 20 20 20  20 20 20 28 
1B0FFC20: FD 0F 1B F4  4B 48 01 B8  7C CC 1B 0A  00 00 00 20 
1B0FFC30: 20 20 20 20  20 20 20 20  20 20 20 20  20 20 20 20 
1B0FFC40: 20 20 20 20  20 20 20 20  20 20 20 20  20 20 20 20 
1B0FFC50: 20 20 20 20  20 20 20 20  20 20 20 20  20 20 20 20 
1B0FFC60: 20 00 00 00  00 00 00 00  00 00 00 00  96 00 00 00 
1B0FFC70: 0A 00 00 00  20 20 20 20  20 20 20 20  20 20 20 20 
1B0FFC80: 20 20 20 20  20 20 20 20  00 00 00 00  00 00 00 00 
1B0FFC90: 44 72 6F 70  4C 69 73 74  20 20 00 20  20 20 20 20 
1B0FFCA0: 20 20 20 20  20 20 20 20  20 20 20 20  20 20 20 00 
1B0FFCB0: 20 FC EB 1B  80 76 EB 1B  00 00 80 00  00 FF 00 00 
1B0FFCC0: FF FF FF FF  00 80 00 00  00 00 80 00  FF FF 00 00 
1B0FFCD0: FF FF FF FF  FF D2 00 00  42 00 00 00  00 00 80 00 
1B0FFCE0: FF 53 53 00  FF FF FF FF  FF 00 00 00  21 00 00 00 
1B0FFCF0: 00 00 80 00  FF 53 53 00  FF FF FF FF  FF 00 00 00 
1B0FFD00: 00 00 80 00  FF FF 00 00  FF FF FF FF  FF D2 00 00 
1B0FFD10: 28 00 00 00  00 00 80 00  00 FF 00 00  FF FF FF FF 
1B0FFD20: 00 80 00 00  19 00 00 00  00 00 23 00  00 00 08 00 
1B0FFD30: 00 00 00 00  32 EF 1B 00  00 00 00 00  00 00 00 00 
1B0FFD40: 00 00 D0 CB  EB 1B 05 00  00 00 03 00  00 00 00 4D 
1B0FFD50: 45 43 41 4E  49 43 41 20  20 20 20 20  20 20 20 20 
1B0FFD60: 20 20 20 20  20 20 20 20  20 20 20 20  20 20 20 20 
1B0FFD70: 20 20 4D 65  63 E2 6E 69  63 61 20 20  20 20 20 20 
1B0FFD80: 20 20 20 20  20 20 01 00  57 10 00 00  20 50 5C EA 
1B0FFD90: 1B E0 41 EB  1B 01 01 00  01 01 01 00  00 00 00 01 
1B0FFDA0: 01 00 00 00  10 39 EA 1B  01 30 16 E2  1B 38 01 EA 
1B0FFDB0: 1B 20 20 20  20 20 20 20  20 20 20 20  20 20 20 20 
1B0FFDC0: 20 20 20 20  20 20 20 20  20 20 20 20  20 20 20 00 
1B0FFDD0: 00 00 00 00  E4 FD 0F 1B  3C B9 47 01  E8 CF F5 1B 
1B0FFDE0: D0 00 00 00  53 49 54 55  41 C7 C3 4F  20 43 4F 4D 
1B0FFDF0: 45 52 43 49  41 4C 20 20  20 20 20 20  20 20 20 20 
1B0FFE00: 20 20 20 20  20 20 20 20  20 20 20 20  00 00 50 65 
1B0FFE10: 73 71 2E 20  53 61 74 69  73 66 61 E7  E3 6F 20 20 
1B0FFE20: 20 20 20 20  20 20 20 20  20 20 20 20  20 20 20 20 
1B0FFE30: 20 20 20 20  20 20 20 20  20 20 20 20  20 20 20 20 
1B0FFE40: 20 20 20 20  20 20 20 20  20 20 20 20  20 20 20 20 
1B0FFE50: 20 20 20 20  20 20 20 20  20 20 20 20  20 20 20 20 
1B0FFE60: 20 20 20 20  20 20 20 20  20 20 20 20  20 20 20 20 
1B0FFE70: 20 20 20 20  20 20 20 20  20 20 20 20  20 20 20 20 
1B0FFE80: 20 20 20 20  20 20 20 20  20 20 20 20  20 20 20 20 
1B0FFE90: 20 20 20 20  20 20 20 20  20 20 20 20  20 20 20 20 
1B0FFEA0: 20 20 20 20  20 20 20 20  20 20 20 20  20 20 20 20 
1B0FFEB0: 20 20 20 01  10 90 EE 1B  BC FE 0F 1B  FC FE 0F 1B 
1B0FFEC0: 4D 68 3B 01  48 0E D2 0B  48 FF 0F 1B  48 FF 0F 1B 
1B0FFED0: 94 FF 42 72  77 4F 53 53  74 61 72 74  F8 08 EA 1B 
1B0FFEE0: 00 10 00 00  F7 D9 0B 01  10 2A 13 01  56 59 11 01 
1B0FFEF0: 48 FF 0F 1B  18 92 23 00  2E C4 0B 01  94 FF 0F 1B 
1B0FFF00: 1C D7 0B 01  CC FF 0F 1B  CC FF 0F 1B  71 59 11 01 
1B0FFF10: 48 FF 0F 1B  48 FF 0F 1B  48 FF 0F 1B  04 00 00 00 
1B0FFF20: 1C D7 0B 01  48 FF 0F 1B  2C D7 0B 01  68 FF 0F 1B 
1B0FFF30: 94 FF 0F 1B  48 FF 0F 1B  48 0E D2 0B  00 00 00 00 
1B0FFF40: 52 23 11 77  48 0E D2 0B  10 2A 13 01  00 00 00 00 
1B0FFF50: 04 00 00 00  78 2A 13 01  48 0E D2 0B  BC D7 0B 01 
1B0FFF60: 2C D7 0B 01  48 0E D2 0B  00 00 00 00  14 B0 00 00 
1B0FFF70: 00 00 00 00  00 00 00 00  BC 1A DC DD  8D 02 00 00 
1B0FFF80: 33 00 00 00  04 7C FE 76  48 0E D2 0B  E0 7B FE 76 
1B0FFF90: 71 A0 F8 59  DC FF 0F 1B  8F AD 23 77  48 0E D2 0B 
1B0FFFA0: B1 E5 DB 59  00 00 00 00  00 00 00 00  48 0E D2 0B 
1B0FFFB0: 00 00 00 00  00 00 00 00  00 00 00 00  00 00 00 00 
1B0FFFC0: B1 E5 DB 59  A0 FF 0F 1B  00 00 00 00  E4 FF 0F 1B 
1B0FFFD0: A0 74 27 77  CD B7 F7 35  00 00 00 00  EC FF 0F 1B 
1B0FFFE0: 5A AD 23 77  FF FF FF FF  DE 00 22 77  00 00 00 00 
1B0FFFF0: 00 00 00 00  2C D7 0B 01  48 0E D2 0B  00 00 00 00 
