Unable to open MDI window (No APPLICATION active)
Process PID=000024F4  Image: C:\ERP\Esteticar\zeta.exe
Thread 2  Handle=000003AC  TID=00007110

Stack frame: 0D6BC088

Call Stack:
0392A4AA
039370B8
03936ED8
0393B42A
039425EF
03926AC8
012446A2
01279BF6
013B4EBD

Clarion modules:
01000000  08.00:9563  C:\ERP\Esteticar\ClaRUN.dll
001E0000  08.00:9563  C:\ERP\Esteticar\ClaASC.dll
056B0000  08.00:9563  C:\ERP\Esteticar\ClaTPS.dll
00C20000  08.00:9563  C:\ERP\Esteticar\ZWACC.dll
056D0000  08.00:9563  C:\ERP\Esteticar\ClaDOS.dll
07480000  08.00:9563  C:\ERP\Esteticar\ZWFUNCOESWMF.dll
00F20000  08.00:9563  C:\ERP\Esteticar\ZWFUNCOES.dll
05720000  08.00:9759  C:\ERP\Esteticar\IQXML80.dll
00350000  08.00:9563  C:\ERP\Esteticar\ZW15ARQ.dll
00030000  08.00:9563  C:\ERP\Esteticar\ZW33TAB.dll
06DD0000  08.00:9563  C:\ERP\Esteticar\ZWFAARQ.dll
060B0000  08.00:9563  C:\ERP\Esteticar\ClaOLE.dll
09050000  08.00:9563  C:\ERP\Esteticar\ClaDB3.dll
09080000  08.00:9563  C:\ERP\Esteticar\ClaDB4.dll
090B0000  08.00:9563  C:\ERP\Esteticar\ClaODB.dll
06C40000  08.00:9563  C:\ERP\Esteticar\ZWENARQ.dll
001D0000  08.00:9563  C:\ERP\Esteticar\ZWIND.dll
08FD0000  08.00:9563  C:\ERP\Esteticar\ZWCMARQ.dll
06E90000  08.00:9563  C:\ERP\Esteticar\ZWFLARQ.dll
06600000  08.00:9563  C:\ERP\Esteticar\ZWCOARQ.dll
06820000  08.00:9563  C:\ERP\Esteticar\ZWCXARQ.dll
00FF0000  08.00:9563  C:\ERP\Esteticar\ZWPEDP.dll
06DB0000  08.00:9563  C:\ERP\Esteticar\ZWETARQ.dll
07740000  08.00:9563  C:\ERP\Esteticar\ZWGIND.dll
07750000  08.00:9563  C:\ERP\Esteticar\ZWPRARQ.dll
07EE0000  08.00:9563  C:\ERP\Esteticar\ZWREEMB.dll
07CD0000  08.00:9563  C:\ERP\Esteticar\ZWVARQ.dll
06B60000  08.00:9563  C:\ERP\Esteticar\ZWDARQ.dll
06E30000  08.00:9563  C:\ERP\Esteticar\ZWFIARQ.dll
089D0000  08.00:9563  C:\ERP\Esteticar\ZW33NFCE.dll
09100000  08.00:9563  C:\ERP\Esteticar\ZWAGFC.dll
09180000  08.00:9563  C:\ERP\Esteticar\ZWAOCM.dll
044C0000  08.00:9563  C:\ERP\Esteticar\ZWRELHTM.dll
092B0000  08.00:9563  C:\ERP\Esteticar\ZWEIARQ.dll
075A0000  08.00:9563  C:\ERP\Esteticar\E_PON.dll
075B0000  08.00:9563  C:\ERP\Esteticar\ZWPOARQ.dll
07620000  08.00:9563  C:\ERP\Esteticar\ZWSOPE.dll
07580000  08.00:9563  C:\ERP\Esteticar\ZWOCARQ.dll
072A0000  08.00:9563  C:\ERP\Esteticar\ZWFRARQ.dll
07380000  08.00:9563  C:\ERP\Esteticar\ZWFRREL.dll
07300000  08.00:9563  C:\ERP\Esteticar\ZWFRFNC.dll
07290000  08.00:9563  C:\ERP\Esteticar\EXT_FRE.dll
035D0000  08.00:9563  C:\ERP\Esteticar\ZWFRPRI.dll
06DF0000  08.00:9563  C:\ERP\Esteticar\ZWRFAS.dll
06110000  08.00:9563  C:\ERP\Esteticar\ZW15FIC.dll
05B80000  08.00:9563  C:\ERP\Esteticar\ZW15REL.dll
09010000  08.00:9563  C:\ERP\Esteticar\ZWCMREL.dll
00FC0000  08.00:9563  C:\ERP\Esteticar\ZWMSG.dll
06870000  08.00:9563  C:\ERP\Esteticar\ZWCXREL.dll
06F10000  08.00:9563  C:\ERP\Esteticar\ZWFLX2.dll
07060000  08.00:9563  C:\ERP\Esteticar\ZWFLREL.dll
07030000  08.00:9563  C:\ERP\Esteticar\ZWFLCABC.dll
07820000  08.00:9563  C:\ERP\Esteticar\ZWRPRO.dll
03DA0000  08.00:9563  C:\ERP\Esteticar\ZWOCORR.dll
08840000  08.00:9563  C:\ERP\Esteticar\ZWVCXA.dll
075D0000  08.00:9563  C:\ERP\Esteticar\ZWRPON.dll
06090000  08.00:9563  C:\ERP\Esteticar\ZWGPON.dll
03DE0000  08.00:9563  C:\ERP\Esteticar\ZWPONTO.dll
00F60000  08.00:9563  C:\ERP\Esteticar\ZWHENT.dll
09240000  08.00:9563  C:\ERP\Esteticar\ZWEID.dll
09220000  08.00:9563  C:\ERP\Esteticar\EXT_VEN.dll
08900000  08.00:9563  C:\ERP\Esteticar\ZWVFRE.dll
04CB0000  08.00:9563  C:\ERP\Esteticar\ZWVCHAM.dll
07DE0000  08.00:9563  C:\ERP\Esteticar\ZWVFCH.dll
068E0000  08.00:9563  C:\ERP\Esteticar\ZWSCU.dll
07EF0000  08.00:9563  C:\ERP\Esteticar\ZWRVEN.dll
09200000  08.00:9563  C:\ERP\Esteticar\ZWROCM.dll
091B0000  08.00:9563  C:\ERP\Esteticar\ZWFOCM.dll
07E40000  08.00:9563  C:\ERP\Esteticar\ZWOCM.dll
07BC0000  08.00:9563  C:\ERP\Esteticar\ZWGVEN.dll
09170000  08.00:9563  C:\ERP\Esteticar\ZWRGFC.dll
09130000  08.00:9563  C:\ERP\Esteticar\ZWFGFC.dll
07650000  08.00:9563  C:\ERP\Esteticar\ZWGFC.dll
06910000  08.00:9563  C:\ERP\Esteticar\ZWVFNC.dll
044F0000  08.00:9563  C:\ERP\Esteticar\ZWRENT.dll
066A0000  08.00:9563  C:\ERP\Esteticar\ZWRCOM.dll
07BA0000  08.00:9563  C:\ERP\Esteticar\EXT_SERV.dll
047E0000  08.00:9563  C:\ERP\Esteticar\ZWSERV.dll
063E0000  08.00:9563  C:\ERP\Esteticar\ZWGFISCA.dll
06060000  08.00:9563  C:\ERP\Esteticar\ZWGFAS.dll
02C90000  08.00:9563  C:\ERP\Esteticar\ZWFISCA.dll
02490000  08.00:9563  C:\ERP\Esteticar\ZWEXPNF.dll
06320000  08.00:9563  C:\ERP\Esteticar\ZWECEP.dll
05630000  08.00:9563  C:\ERP\Esteticar\ZWWSI.dll
06BB0000  08.00:9563  C:\ERP\Esteticar\ZWDFNC.dll
00DC0000  08.00:9563  C:\ERP\Esteticar\ZWDIM.dll
04D50000  08.00:9563  C:\ERP\Esteticar\ZWVEN.dll
06CB0000  08.00:9563  C:\ERP\Esteticar\ZWMOD.dll
03CF0000  08.00:9563  C:\ERP\Esteticar\ZWGENT.dll
00E40000  08.00:9563  C:\ERP\Esteticar\ZWDOCMNT.dll
06480000  08.00:9563  C:\ERP\Esteticar\ZWGPRO.dll
049C0000  08.00:9563  C:\ERP\Esteticar\ZWTAB.dll
07630000  08.00:9563  C:\ERP\Esteticar\EXT_PRO.dll
03EB0000  08.00:9563  C:\ERP\Esteticar\ZWPRO.dll
06670000  08.00:9563  C:\ERP\Esteticar\ZWETG.dll
005C0000  08.00:9563  C:\ERP\Esteticar\ZWETIQ.dll
01D30000  08.00:9563  C:\ERP\Esteticar\ZWDOC.dll
03250000  08.00:9563  C:\ERP\Esteticar\ZWFLUXO.dll
06850000  08.00:9563  C:\ERP\Esteticar\ZWCXGLO.dll
00D10000  08.00:9563  C:\ERP\Esteticar\ZWCXF.dll
03160000  08.00:9563  C:\ERP\Esteticar\ZWFLPAG.dll
06390000  08.00:9563  C:\ERP\Esteticar\ZWGCOM.dll
062E0000  08.00:9563  C:\ERP\Esteticar\ZW15IMG.dll
065D0000  08.00:9563  C:\ERP\Esteticar\E_CPR.dll
01870000  08.00:9563  C:\ERP\Esteticar\ZWCOMPRS.dll
07010000  08.00:9563  C:\ERP\Esteticar\EXT_FLU.dll
05EB0000  08.00:9563  C:\ERP\Esteticar\ZWFLGLO.dll
08FF0000  08.00:9563  C:\ERP\Esteticar\ZWCMGLO.dll
06BF0000  08.00:9563  C:\ERP\Esteticar\ZWCMIS.dll
01F90000  08.00:9563  C:\ERP\Esteticar\ZWENT.dll
00480000  08.00:9563  C:\ERP\Esteticar\ZW15CON.dll
00710000  08.00:9563  C:\ERP\Esteticar\ZW15ENT.dll
060D0000  08.00:9563  C:\ERP\Esteticar\EXT_ENT.dll
01180000  08.00:9563  C:\ERP\Esteticar\ZW15OPE.dll
02B40000  08.00:9563  C:\ERP\Esteticar\ZWFASES.dll
056F0000  08.00:9563  C:\ERP\Esteticar\E_FAS.dll
00820000  08.00:9563  C:\ERP\Esteticar\ZW15GLO.dll
00600000  08.00:9563  C:\ERP\Esteticar\EXTERNAL.dll
037B0000  08.00:9563  C:\ERP\Esteticar\ZWFUNC1.dll
00290000  08.00:9563  C:\ERP\Esteticar\BRWCONF.dll
001B0000  08.00:9563  C:\ERP\Esteticar\ZWBACK.dll
07B70000  08.00:9563  C:\ERP\Esteticar\EXT_RES.dll
047A0000  08.00:9563  C:\ERP\Esteticar\ZWRESUMO.dll
00400000  08.00:9563  C:\ERP\Esteticar\zeta.exe
0AC70000  08.00:9563  C:\ERP\Esteticar\zwpaacc.dll

Thread stack:
0D6BC080: 88 C0 6B 0D  B8 C1 6B 0D  B8 C1 6B 0D  AA A4 92 03 
0D6BC090: 3C 3A 74 0D  18 01 74 0D  B8 C1 6B 0D  B0 C0 6B 0D 
0D6BC0A0: 00 C7 6B 0D  00 57 77 1B  D8 C7 34 0D  D0 C7 34 0D 
0D6BC0B0: 02 00 00 00  3C 3A 74 0D  08 1A 78 1B  C4 00 74 0D 
0D6BC0C0: 3C 01 74 0D  5F C1 6B 0D  D8 C7 34 0D  18 01 74 0D 
0D6BC0D0: 00 00 00 00  20 20 20 20  20 20 20 20  20 20 20 20 
0D6BC0E0: 20 20 20 20  20 20 20 20  20 20 20 20  20 20 20 20 
0D6BC0F0: 20 20 20 20  20 20 20 20  20 20 20 20  20 20 20 20 
0D6BC100: 20 20 20 20  20 20 20 20  20 20 20 20  20 20 20 20 
0D6BC110: 20 20 20 20  20 20 20 20  20 20 20 20  20 20 20 20 
0D6BC120: 20 20 20 20  46 4E 43 5F  55 70 64 4D  69 64 69 61 
0D6BC130: 73 4F 72 69  67 65 6D 00  88 C1 6B 0D  F8 BF 13 01 
0D6BC140: 88 C1 6B 0D  B6 1F 00 00  F8 BF 13 01  2E 3C 0E 01 
0D6BC150: 00 00 00 00  00 00 00 00  00 00 00 00  F0 C1 6B 6C 
0D6BC160: B3 94 03 00  00 00 00 00  00 00 00 00  00 00 00 00 
0D6BC170: 00 00 00 00  00 00 00 00  00 00 00 00  00 00 00 00 
0D6BC180: 00 00 00 00  00 00 00 00  00 00 00 00  00 00 00 00 
0D6BC190: 00 00 70 24  65 1B 00 2D  6E 1B 02 00  00 00 00 00 
0D6BC1A0: 00 00 00 00  02 00 00 00  E0 16 78 1B  00 00 00 00 
0D6BC1B0: 01 00 00 00  B8 C1 6B 0D  F0 C1 6B 0D  B8 70 93 03 
0D6BC1C0: C5 F5 7C 1B  00 C7 6B 0D  00 57 77 1B  00 00 00 00 
0D6BC1D0: D4 C7 34 0D  35 BD 0B 00  D8 C7 34 0D  3C 01 74 0D 
0D6BC1E0: D0 C7 34 0D  D4 C7 34 0D  F0 C1 6B 0D  00 C7 6B 0D 
0D6BC1F0: 10 C2 6B 0D  D8 6E 93 03  00 00 00 00  30 57 77 1B 
0D6BC200: 00 00 00 00  08 C3 6B 0D  10 C2 6B 0D  00 C7 6B 0D 
0D6BC210: 00 C7 6B 0D  2A B4 93 03  08 C3 6B 0D  40 C2 6B 0D 
0D6BC220: 04 A9 0D 01  C5 F5 7C 1B  30 57 77 1B  1E F6 7C 1B 
0D6BC230: 00 00 00 00  30 57 77 1B  1E F6 7C 1B  00 00 00 00 
0D6BC240: 08 C3 6B 0D  CF 86 0D 01  78 F5 7C 1B  00 00 00 00 
0D6BC250: C8 C1 77 1B  1E F6 7C 1B  30 57 77 1B  78 F5 7C 1B 
0D6BC260: 30 57 77 1B  0C 82 0D 01  1E F6 7C 1B  00 00 00 00 
0D6BC270: 84 01 13 01  00 00 00 00  78 F5 7C 1B  78 F5 7C 1B 
0D6BC280: 00 00 00 00  08 C3 6B 0D  20 6B 0D 01  97 6B 0D 01 
0D6BC290: D0 C7 34 0D  D4 C7 34 0D  00 00 00 00  08 C3 6B 0D 
0D6BC2A0: DF AD 93 03  00 00 00 00  78 F5 7C 1B  7D 00 00 70 
0D6BC2B0: 63 18 10 05  00 00 00 00  00 00 00 00  E0 C2 6B 0D 
0D6BC2C0: 00 00 00 00  4E 00 04 00  01 B0 00 00  00 00 00 00 
0D6BC2D0: 00 00 00 00  4B AB FD 6E  5B 01 00 00  BF 00 00 00 
0D6BC2E0: C6 05 02 00  03 02 00 00  01 00 00 00  59 00 25 00 
0D6BC2F0: B5 A9 FD 6E  5B 01 00 00  BF 00 00 00  2E 9E 0F 01 
0D6BC300: 00 00 00 00  08 C3 6B 0D  00 C7 6B 0D  5C B5 93 03 
0D6BC310: 3C CB 6B 0D  00 10 00 00  00 C7 6B 0D  30 C3 6B 0D 
0D6BC320: 18 C2 79 1B  18 C2 79 1B  8F 01 00 00  00 10 00 00 
0D6BC330: C0 3D 74 0D  E8 F7 7C 1B  98 6F 7A 1B  4C C4 6B 0D 
0D6BC340: 69 C4 6B 0D  7B C5 6B 0D  97 C6 6B 0D  98 C5 6B 0D 
0D6BC350: F4 C3 6B 0D  3C 3A 74 0D  01 00 00 00  20 20 20 20 
0D6BC360: 20 20 20 20  20 20 20 20  20 20 20 20  20 20 20 20 
0D6BC370: 20 20 20 20  20 20 20 20  20 20 20 20  20 20 20 20 
0D6BC380: 20 20 20 20  20 20 20 20  20 20 20 20  20 20 20 20 
0D6BC390: 20 20 20 20  20 20 20 20  20 20 20 20  20 20 20 20 
0D6BC3A0: 20 20 20 20  20 20 20 20  20 20 20 20  20 20 20 20 
0D6BC3B0: 20 20 20 20  20 20 20 20  20 20 20 20  20 20 20 20 
0D6BC3C0: 20 20 20 20  20 20 20 20  20 20 20 20  20 20 20 20 
0D6BC3D0: 46 4E 43 5F  42 72 77 4D  69 64 69 61  73 49 6E 74 
0D6BC3E0: 65 72 6E 61  98 6F 7A 1B  88 F0 98 03  00 00 00 00 
0D6BC3F0: 0F 28 00 00  4F 72 64 65  6D 20 64 65  20 53 65 72 
0D6BC400: 76 69 E7 6F  20 63 F3 64  69 67 6F 20  30 30 30 33 
0D6BC410: 39 39 20 20  20 20 20 20  20 20 20 20  20 20 20 20 
0D6BC420: 20 20 20 20  20 20 18 C2  79 1B 30 E6  7C 1B 40 E2 
0D6BC430: 7C 1B 24 22  19 10 7A 77  31 35 73 65  72 20 20 20 
0D6BC440: 20 20 20 20  20 20 20 20  20 20 00 01  E0 45 99 03 
0D6BC450: 78 F5 7C 1B  43 02 00 00  60 01 00 00  00 00 00 00 
0D6BC460: 00 00 00 00  01 90 A9 67  1B E0 45 99  03 78 F5 7C 
0D6BC470: 1B 43 02 00  00 60 01 00  00 00 00 00  00 00 00 00 
0D6BC480: 00 01 C8 A9  67 1B 00 00  00 00 60 01  00 00 2C 01 
0D6BC490: 00 00 90 01  00 00 02 00  00 00 A5 00  00 00 16 00 
0D6BC4A0: 00 00 02 B0  97 7A 1B 00  80 A8 67 1B  01 02 00 00 
0D6BC4B0: 00 00 00 AA  67 1B 00 66  66 62 37 31  38 63 33 2D 
0D6BC4C0: 66 32 32 37  2D 34 35 32  31 2D 38 66  66 63 2D 37 
0D6BC4D0: 65 38 35 36  34 30 33 64  63 38 32 30  34 63 33 34 
0D6BC4E0: 34 39 37 2D  36 36 65 37  2D 34 65 65  31 2D 61 66 
0D6BC4F0: 61 32 2D 36  39 66 30 34  38 37 34 35  64 66 65 28 
0D6BC500: 75 7C 1B 65  00 00 00 00  01 7A 77 31  35 73 65 72 
0D6BC510: 20 20 20 20  20 20 20 20  20 20 20 20  20 20 20 20 
0D6BC520: 20 20 20 20  20 20 20 8F  01 00 00 01  7A 77 31 35 
0D6BC530: 73 65 72 20  20 20 20 20  20 20 20 20  20 20 20 20 
0D6BC540: 20 20 20 20  20 20 20 20  20 20 8F 01  00 00 01 03 
0D6BC550: 00 00 00 03  00 00 00 20  20 20 20 20  20 20 20 20 
0D6BC560: 20 20 20 20  20 20 20 20  20 20 20 20  20 20 20 20 
0D6BC570: 20 20 20 20  20 20 20 20  20 20 20 00  F2 7C 1B EC 
0D6BC580: EF 98 03 88  42 6E 1B 6A  03 00 00 00  00 00 00 00 
0D6BC590: 0B 00 00 00  02 00 00 00  30 66 61 66  37 36 35 61 
0D6BC5A0: 2D 39 39 65  35 2D 34 32  63 36 2D 62  32 61 31 2D 
0D6BC5B0: 63 62 39 38  33 30 33 35  35 31 30 63  20 20 20 20 
0D6BC5C0: 20 20 20 20  20 20 20 20  20 20 20 20  20 20 20 20 
0D6BC5D0: 20 20 20 20  20 20 20 20  20 20 20 20  20 20 20 20 
0D6BC5E0: 20 20 20 20  20 20 20 20  20 20 20 20  20 20 20 20 
0D6BC5F0: 20 20 20 20  20 20 20 20  20 20 20 20  20 20 20 20 
0D6BC600: 20 20 20 20  20 20 20 20  20 20 20 20  20 20 20 20 
0D6BC610: 20 20 20 20  20 20 20 20  20 20 20 20  20 20 20 20 
0D6BC620: 20 20 20 20  20 20 20 20  20 20 20 20  20 20 20 20 
0D6BC630: 20 20 20 20  20 20 20 20  20 20 20 20  20 20 20 20 
0D6BC640: 20 20 20 20  20 20 20 20  20 20 20 20  20 20 20 20 
0D6BC650: 20 20 20 20  20 20 20 20  20 20 20 20  20 20 20 20 
0D6BC660: 20 20 20 20  20 20 20 20  20 20 20 20  20 20 20 20 
0D6BC670: 20 20 20 20  20 20 20 20  20 20 20 20  20 20 20 20 
0D6BC680: 20 20 20 20  20 20 20 20  20 20 20 20  20 20 20 20 
0D6BC690: 20 20 20 20  20 20 20 20  20 20 20 20  20 20 20 20 
0D6BC6A0: 20 20 20 20  20 20 20 20  20 20 20 20  20 20 20 20 
0D6BC6B0: 20 20 20 20  20 20 20 20  20 20 20 00  00 00 00 00 
0D6BC6C0: 00 00 00 00  38 D2 7C 1B  10 EE 7C 1B  20 EA 7C 1B 
0D6BC6D0: 80 48 7A 1B  40 5A 19 10  1E 00 00 00  8F 01 00 00 
0D6BC6E0: E0 E6 19 10  1E 00 00 00  02 00 00 00  78 F5 7C 1B 
0D6BC6F0: 01 00 00 00  01 00 00 00  00 F2 7C 1B  00 C7 6B 0D 
0D6BC700: 58 C9 6B 0D  EF 25 94 03  9D C9 6B 0D  E8 03 00 00 
0D6BC710: 18 C2 79 1B  E0 E3 19 10  1E 00 00 00  60 EB 19 10 
0D6BC720: 1E 00 00 00  44 63 92 03  C6 C9 6B 0D  E4 C9 6B 0D 
0D6BC730: E8 03 00 00  27 16 7B 1B  E8 03 00 00  40 46 C7 6B 
0D6BC740: 0D 45 C8 6B  0D 00 5B 33  31 38 34 38  28 7A 5F 6D 
0D6BC750: 69 64 69 61  73 2E 69 63  6F 29 5D 49  6D 61 67 65 
0D6BC760: 6D 7C 2D 7C  5B 33 31 38  34 38 28 7A  5F 73 61 6C 
0D6BC770: 76 61 72 2E  69 63 6F 29  5D 53 61 6C  76 61 72 7C 
0D6BC780: 5B 33 31 38  34 38 28 7A  5F 73 61 6C  76 61 72 63 
0D6BC790: 6F 6D 6F 2E  69 63 6F 29  5D 53 61 6C  76 61 72 20 
0D6BC7A0: 43 6F 6D 6F  7C 43 61 6E  63 65 6C 61  72 20 20 20 
0D6BC7B0: 20 20 20 20  20 20 20 20  20 20 20 20  20 20 20 20 
0D6BC7C0: 20 20 20 20  20 20 20 20  20 20 20 20  20 20 20 20 
0D6BC7D0: 20 20 20 20  20 20 20 20  20 20 20 20  20 20 20 20 
0D6BC7E0: 20 20 20 20  20 20 20 20  20 20 20 20  20 20 20 20 
0D6BC7F0: 20 20 20 20  20 20 20 20  20 20 20 20  20 20 20 20 
0D6BC800: 20 20 20 20  20 20 20 20  20 20 20 20  20 20 20 20 
0D6BC810: 20 20 20 20  20 20 20 20  20 20 20 20  20 20 20 20 
0D6BC820: 20 20 20 20  20 20 20 20  20 20 20 20  20 20 20 20 
0D6BC830: 20 20 20 20  20 20 20 20  20 20 20 20  20 20 20 20 
0D6BC840: 20 20 20 20  20 5B 33 31  38 34 38 28  7A 5F 6D 69 
0D6BC850: 64 69 61 73  2E 69 63 6F  29 5D 49 6D  61 67 65 6D 
0D6BC860: 7C 2D 7C 20  20 20 20 20  20 20 20 20  20 20 20 20 
0D6BC870: 20 20 20 20  20 20 20 20  20 20 20 20  20 20 20 20 
0D6BC880: 20 20 20 20  20 20 20 20  20 20 20 20  20 20 20 20 
0D6BC890: 20 20 20 20  20 20 20 20  20 20 20 20  20 20 20 20 
0D6BC8A0: 20 20 20 20  20 20 20 20  20 20 20 20  20 20 20 20 
0D6BC8B0: 20 20 20 20  20 20 20 20  20 20 20 20  20 20 20 20 
0D6BC8C0: 20 20 20 20  20 20 20 20  20 20 20 20  20 20 20 20 
0D6BC8D0: 20 20 20 20  20 20 20 20  20 20 20 20  20 20 20 20 
0D6BC8E0: 20 20 20 20  20 20 20 20  20 20 20 20  20 20 20 20 
0D6BC8F0: 20 20 20 20  20 20 20 20  20 20 20 20  20 20 20 20 
0D6BC900: 20 20 20 20  20 20 20 20  20 20 20 20  20 20 20 20 
0D6BC910: 20 20 20 20  20 20 20 20  20 20 20 20  20 20 20 20 
0D6BC920: 20 20 20 20  20 20 20 20  20 20 20 20  20 20 20 20 
0D6BC930: 20 20 20 20  20 20 20 20  20 20 20 20  20 20 20 20 
0D6BC940: 20 20 20 20  00 00 00 00  00 00 F0 3F  01 00 00 00 
0D6BC950: 58 C9 6B 0D  3C CB 6B 0D  3C CB 6B 0D  C8 6A 92 03 
0D6BC960: BC FE 6B 0D  A9 E8 6B 0D  3C CB 6B 0D  80 C9 6B 0D 
0D6BC970: AC CB 6B 0D  08 00 00 00  A8 44 7B 1B  AC CB 6B 0D 
0D6BC980: 00 D0 C7 34  0D 10 CB 6B  0D D4 C7 34  0D 10 0E 7B 
0D6BC990: 1B 00 10 00  00 02 00 00  00 01 00 00  00 53 65 6C 
0D6BC9A0: 65 63 69 6F  6E 65 20 75  6D 20 64 69  72 65 74 F3 
0D6BC9B0: 72 69 6F 00  03 00 00 00  03 00 00 00  00 00 20 20 
0D6BC9C0: 20 20 20 20  20 01 50 5A  58 34 34 39  34 20 20 20 
0D6BC9D0: 20 20 20 20  20 20 20 20  20 20 20 20  20 20 20 20 
0D6BC9E0: 20 20 20 20  73 65 72 20  20 20 20 20  20 20 20 20 
0D6BC9F0: 20 20 20 20  20 20 20 20  20 20 20 20  20 20 20 20 
0D6BCA00: 20 20 00 20  20 20 20 20  20 20 20 20  20 20 20 20 
0D6BCA10: 20 20 20 20  20 20 20 20  20 20 20 20  20 20 20 20 
0D6BCA20: 20 20 20 20  20 20 20 20  20 20 20 20  20 20 20 20 
0D6BCA30: 20 20 20 20  20 20 20 20  20 20 20 20  20 20 20 20 
0D6BCA40: 20 20 20 20  20 20 20 20  20 20 20 20  20 20 20 20 
0D6BCA50: 20 20 20 20  20 20 20 20  20 20 20 20  20 20 20 20 
0D6BCA60: 20 20 20 20  20 20 20 20  20 20 20 20  20 20 20 20 
0D6BCA70: 20 20 20 20  20 20 20 20  20 20 20 20  20 20 20 20 
0D6BCA80: 20 20 20 20  20 20 20 20  20 20 20 20  20 20 20 20 
0D6BCA90: 20 20 20 20  20 20 20 20  20 20 20 20  20 20 20 20 
0D6BCAA0: 20 20 20 20  20 20 20 20  20 20 20 20  20 20 20 20 
0D6BCAB0: 20 20 20 20  20 20 20 20  20 20 20 20  20 52 65 74 
0D6BCAC0: 6F 72 6E 61  50 61 72 61  6D 65 74 72  6F 5A 4D 65 
0D6BCAD0: 63 49 6E 74  65 72 6E 61  06 05 CA 00  15 00 00 00 
0D6BCAE0: 54 81 CA 00  00 00 00 00  00 00 00 00  E8 03 00 00 
0D6BCAF0: 20 04 27 0D  C4 CB 6B 0D  0C CB 6B 0D  8F 01 00 00 
0D6BCB00: 20 6D 7B 1B  30 69 7B 1B  A8 56 7C 1B  18 C2 79 1B 
0D6BCB10: 46 4E 43 5F  43 6F 70 69  61 72 4D 69  64 69 61 73 
0D6BCB20: 00 EC 7B 1B  A0 91 7C 1B  00 00 00 00  20 CC 7B 1B 
0D6BCB30: 00 00 00 00  AC CB 6B 0D  3C CB 6B 0D  C4 CB 6B 0D 
0D6BCB40: A2 46 24 01  9D E0 07 0E  00 00 00 00  68 EA 7B 1B 
0D6BCB50: 00 00 00 00  00 01 00 00  08 EC 28 A8  44 7B 1B AC 
0D6BCB60: CB 6B 0D 01  00 00 00 00  00 00 00 00  73 65 72 20 
0D6BCB70: 20 20 20 20  20 20 20 20  20 20 20 20  20 20 20 20 
0D6BCB80: 20 20 20 20  20 20 20 20  20 20 8F 01  00 00 50 5A 
0D6BCB90: 58 34 34 39  34 20 20 20  20 20 20 20  20 20 20 20 
0D6BCBA0: 20 20 20 20  20 20 20 20  20 20 20 20  6C CB 6B 0D 
0D6BCBB0: 0C 68 46 01  F8 EA 7B 1B  40 00 00 00  C4 CB 6B 0D 
0D6BCBC0: BC FE 6B 0D  BC FE 6B 0D  F6 9B 27 01  BC CC 6B 0D 
0D6BCBD0: F4 CB 6B 0D  04 A9 0D 01  9D E0 07 0E  68 EA 7B 1B 
0D6BCBE0: F6 E0 07 0E  00 00 00 00  68 EA 7B 1B  F6 E0 07 0E 
0D6BCBF0: 00 00 00 00  BC CC 6B 0D  CF 86 0D 01  50 E0 07 0E 
0D6BCC00: 00 00 00 00  68 20 30 0D  F6 E0 07 0E  68 EA 7B 1B 
0D6BCC10: 50 E0 07 0E  68 EA 7B 1B  0C 82 0D 01  F6 E0 07 0E 
0D6BCC20: 00 00 00 00  3C 03 13 01  00 00 00 00  50 E0 07 0E 
0D6BCC30: 50 E0 07 0E  00 00 00 00  BC CC 6B 0D  20 6B 0D 01 
0D6BCC40: 97 6B 0D 01  A6 E4 6B 0D  D4 C7 34 0D  00 00 00 00 
0D6BCC50: BC CC 6B 0D  A1 36 27 01  00 00 00 00  50 E0 07 0E 
0D6BCC60: 00 00 00 00  6D 04 27 00  00 00 00 00  00 00 00 00 
0D6BCC70: 94 CC 6B 0D  00 00 00 00  9C 01 02 00  01 B0 00 00 
0D6BCC80: 00 00 00 00  00 00 00 00  B5 E3 FC 6E  49 01 00 00 
0D6BCC90: 7C 02 00 00  C0 03 01 00  02 02 00 00  00 00 00 00 
0D6BCCA0: 12 00 0F 00  F5 E8 FC 6E  88 02 00 00  99 02 00 00 
0D6BCCB0: 2E 9E 0F 01  00 00 00 00  BC CC 6B 0D  BC FE 6B 0D 
0D6BCCC0: 4A A0 27 01  CC FF 6B 0D  1C D7 0B 01  BC FE 6B 0D 
0D6BCCD0: E4 CC 6B 0D  00 10 00 00  0A 00 00 00  B4 F5 4D 01 
0D6BCCE0: 00 00 00 00  00 BC ED 6B  0D BB DE 6B  0D 46 E4 6B 
0D6BCCF0: 0D 43 E4 6B  0D 8C 4E 6D  0D 40 E4 6B  0D 3D E4 6B 
0D6BCD00: 0D D4 C7 34  0D 90 DC 6B  0D 00 00 00  00 C8 00 28 
0D6BCD10: 0D AE D6 6B  0D 28 E8 07  0E D0 C7 34  0D 50 91 33 
0D6BCD20: 0D 34 5A 6D  0D D8 A6 07  0E C0 98 28  0D 84 91 33 
0D6BCD30: 0D 00 8E 33  0D E7 DE 6B  0D FF DE 6B  0D 2C E7 6B 
0D6BCD40: 0D A4 DF 6B  0D CD DF 6B  0D E1 F5 6B  0D C2 E3 6B 
0D6BCD50: 0D 91 E4 6B  0D C8 86 07  0E 23 E4 6B  0D 64 25 6C 
0D6BCD60: 0D 00 00 00  00 A6 E4 6B  0D 4C 0D 6C  0D DD D6 6B 
0D6BCD70: 0D 28 0D 6C  0D 18 10 6C  0D 00 00 00  00 00 00 00 
0D6BCD80: 00 93 DE 6B  0D 00 00 00  00 26 D0 6B  0D 25 D0 6B 
0D6BCD90: 0D 00 00 00  00 F2 CF 6B  0D 18 0C 6C  0D 40 0C 6C 
0D6BCDA0: 0D 51 E1 6B  0D 00 00 00  00 00 00 00  00 BF CF 6B 
0D6BCDB0: 0D B8 E7 6B  0D 00 00 00  00 00 00 00  00 68 DC 6B 
0D6BCDC0: 0D F6 D4 6B  0D 2D DC 6B  0D 05 DC 6B  0D 00 00 00 
0D6BCDD0: 00 F1 F5 6B  0D 12 DB 6B  0D F5 DA 6B  0D DC F8 6B 
0D6BCDE0: 0D 80 91 33  0D 0F DF 6B  0D E2 E7 6B  0D B4 DF 6B 
0D6BCDF0: 0D DD DF 6B  0D 1C F6 6B  0D 03 F6 6B  0D B1 FD 6B 
0D6BCE00: 0D EE D5 6B  0D D0 08 28  0D D1 F5 6B  0D EB E6 6B 
0D6BCE10: 0D E2 E3 6B  0D 2F FC 6B  0D 97 D7 6B  0D 28 FD 6B 
0D6BCE20: 0D C8 DC 6B  0D EC D2 6B  0D 4B F5 6B  0D 3C E7 6B 
0D6BCE30: 0D 4A FD 6B  0D FC D2 6B  0D 91 D3 6B  0D 61 D4 6B 
0D6BCE40: 0D E4 FD 6B  0D 90 D8 6B  0D 24 25 6C  0D 8D DD 6B 
0D6BCE50: 0D 0B D8 6B  0D A3 D7 6B  0D 3C DF 6B  0D 7F D1 6B 
0D6BCE60: 0D 49 E4 6B  0D F3 CF 6B  0D C0 CF 6B  0D 15 CF 6B 
0D6BCE70: 0D 8D CF 6B  0D 64 24 6C  0D 00 00 00  00 98 4F 6D 
0D6BCE80: 0D D0 50 6E  0D 01 00 00  00 20 20 20  20 20 20 20 
0D6BCE90: 20 20 20 20  20 20 20 20  20 20 20 20  20 20 20 20 
0D6BCEA0: 20 20 20 20  20 20 20 20  20 20 20 20  20 20 20 20 
0D6BCEB0: 20 20 20 20  20 20 20 20  20 20 20 20  20 20 20 20 
0D6BCEC0: 20 20 20 20  20 20 20 20  20 20 20 20  20 20 20 20 
0D6BCED0: 20 20 20 20  20 20 20 20  20 20 20 20  20 20 20 20 
0D6BCEE0: 20 20 20 20  20 20 20 20  20 20 20 20  20 20 20 20 
0D6BCEF0: 20 20 20 20  20 20 20 20  20 20 20 20  20 20 20 20 
0D6BCF00: 20 20 20 20  20 20 20 20  20 20 20 20  20 20 20 20 
0D6BCF10: 20 20 20 20  20 20 20 20  20 20 20 20  20 20 20 20 
0D6BCF20: 20 20 20 20  20 20 20 20  20 20 20 20  20 20 20 20 
0D6BCF30: 20 20 20 20  20 20 20 20  20 20 20 20  20 20 20 20 
0D6BCF40: 20 20 20 20  20 20 20 20  20 20 20 20  20 20 20 20 
0D6BCF50: 20 20 20 20  20 20 20 20  20 20 20 20  20 20 20 20 
0D6BCF60: 20 20 20 20  20 20 20 20  20 20 20 20  20 20 20 20 
0D6BCF70: 20 20 20 20  20 20 20 20  20 20 20 20  20 20 20 20 
0D6BCF80: 20 20 20 20  20 20 20 20  20 20 20 20  20 20 20 20 
0D6BCF90: 20 20 20 20  20 20 20 20  20 20 20 20  20 20 20 20 
0D6BCFA0: 20 20 20 20  20 20 20 20  20 20 20 20  20 20 20 20 
0D6BCFB0: 20 20 20 20  20 20 20 20  20 20 20 20  20 20 20 53 
0D6BCFC0: 20 20 20 20  20 20 20 20  20 20 20 20  20 20 20 20 
0D6BCFD0: 20 20 20 20  20 20 20 20  20 20 20 20  20 20 20 20 
0D6BCFE0: 20 20 20 20  20 20 20 20  20 20 20 20  20 20 20 20 
0D6BCFF0: 20 20 52 20  20 20 20 20  20 20 20 20  20 20 20 20 
0D6BD000: 20 20 20 20  20 20 20 20  20 20 20 20  20 20 20 20 
0D6BD010: 20 20 20 20  20 20 20 20  20 20 20 20  20 20 20 20 
0D6BD020: 20 20 20 20  20 56 20 20  20 20 20 20  20 20 20 20 
0D6BD030: 20 20 20 20  20 20 20 20  20 20 20 20  20 20 20 20 
0D6BD040: 20 20 20 20  20 20 20 20  20 20 20 20  20 20 20 20 
0D6BD050: 20 20 20 20  20 20 20 20  20 20 20 20  20 20 20 20 
0D6BD060: 20 20 20 20  20 20 20 20  20 20 20 20  20 20 20 20 
0D6BD070: 20 20 20 20  20 20 20 20  20 20 20 20  20 20 20 20 
0D6BD080: 20 20 20 20  20 20 20 20  20 20 20 20  20 20 20 20 
0D6BD090: 20 20 20 20  20 20 20 20  20 20 20 20  20 20 20 20 
0D6BD0A0: 20 20 20 20  20 20 20 20  20 20 20 20  20 20 20 20 
0D6BD0B0: 20 20 20 20  20 20 20 20  20 20 20 20  20 20 20 20 
0D6BD0C0: 20 20 20 20  20 20 20 20  20 20 20 20  20 20 20 20 
0D6BD0D0: 20 20 20 20  20 20 20 20  20 20 20 20  20 20 20 20 
0D6BD0E0: 20 20 20 20  20 20 20 20  20 20 20 20  20 20 20 20 
0D6BD0F0: 20 20 20 20  20 20 20 20  20 20 20 20  20 20 20 20 
0D6BD100: 20 20 20 20  20 20 20 20  20 20 20 20  20 20 20 20 
0D6BD110: 20 20 20 20  20 20 20 20  20 20 20 20  20 20 20 20 
0D6BD120: 20 20 20 20  20 20 20 20  20 20 20 20  20 20 20 20 
0D6BD130: 20 20 20 20  20 20 20 20  20 20 20 20  20 20 20 20 
0D6BD140: 20 20 20 20  20 20 20 20  20 20 20 20  20 20 20 20 
0D6BD150: 20 20 20 20  20 20 20 20  20 20 20 20  20 20 20 20 
0D6BD160: 20 20 20 20  20 20 20 20  20 20 20 20  20 20 20 20 
0D6BD170: 20 20 20 20  20 20 20 20  20 20 20 20  20 20 20 20 
0D6BD180: 20 20 20 20  20 20 20 20  20 20 20 20  20 20 20 20 
0D6BD190: 20 20 20 20  20 20 20 20  20 20 20 20  20 20 20 20 
0D6BD1A0: 20 20 20 20  20 20 20 20  20 20 20 20  20 20 20 20 
0D6BD1B0: 20 20 20 20  20 20 20 20  20 20 20 20  20 20 20 20 
0D6BD1C0: 20 20 20 20  20 20 20 20  20 20 20 20  20 20 20 20 
0D6BD1D0: 20 20 20 20  20 20 20 20  20 20 20 20  20 20 20 20 
0D6BD1E0: 20 20 20 20  20 20 20 20  20 20 20 20  20 20 20 20 
0D6BD1F0: 20 20 20 20  20 20 20 20  20 20 20 20  20 20 20 20 
0D6BD200: 20 20 20 20  20 20 20 20  20 20 20 20  20 20 20 20 
0D6BD210: 20 20 20 20  20 20 20 20  20 20 20 20  20 20 20 20 
0D6BD220: 20 20 20 20  20 20 20 20  20 20 20 20  20 20 20 20 
0D6BD230: 20 20 20 20  20 20 20 20  20 20 20 20  20 20 20 20 
0D6BD240: 20 20 20 20  20 20 20 20  20 20 20 20  20 20 20 20 
0D6BD250: 20 20 20 20  20 20 20 20  20 20 20 20  20 20 20 20 
0D6BD260: 20 20 20 20  20 20 20 20  20 20 20 20  20 20 20 20 
0D6BD270: 20 20 20 20  20 20 20 20  20 20 20 20  20 20 20 20 
0D6BD280: 20 20 20 20  20 20 20 20  20 20 20 20  20 20 20 20 
0D6BD290: 20 20 20 20  20 20 20 20  20 20 20 20  20 20 20 20 
0D6BD2A0: 20 20 20 20  20 20 20 20  20 20 20 20  20 20 20 20 
0D6BD2B0: 20 20 20 20  20 20 20 20  20 20 20 20  20 20 20 20 
0D6BD2C0: 20 20 20 20  20 20 20 20  20 20 20 20  20 20 20 20 
0D6BD2D0: 20 20 20 20  20 20 20 20  20 20 20 20  20 20 20 20 
0D6BD2E0: 20 20 20 20  20 20 20 20  20 20 20 20  00 00 00 00 
0D6BD2F0: 00 00 00 00  00 00 00 00  00 00 00 00  20 20 20 20 
0D6BD300: 20 20 20 20  20 20 20 20  20 20 20 20  20 20 20 20 
0D6BD310: 20 20 20 20  20 20 20 20  20 20 20 20  20 20 20 20 
0D6BD320: 20 20 20 20  20 20 20 20  20 20 20 20  20 20 20 20 
0D6BD330: 20 20 20 20  20 20 20 20  20 20 20 20  20 20 20 20 
0D6BD340: 20 20 20 20  20 20 20 20  20 20 20 20  00 00 00 00 
0D6BD350: 00 00 00 00  00 00 00 20  20 20 20 20  20 20 20 20 
0D6BD360: 20 20 20 20  20 20 20 20  20 20 20 20  20 20 20 20 
0D6BD370: 20 20 20 20  20 20 20 20  20 20 20 20  20 20 20 20 
0D6BD380: 20 20 20 20  20 20 20 20  20 00 00 00  00 00 00 00 
0D6BD390: 00 20 20 20  20 20 20 20  20 20 20 20  20 20 20 20 
0D6BD3A0: 20 20 20 20  20 20 20 20  20 20 20 20  20 20 20 20 
0D6BD3B0: 20 20 20 20  20 20 20 20  20 00 00 20  20 20 20 20 
0D6BD3C0: 20 20 20 20  20 20 20 20  20 20 20 20  20 20 20 20 
0D6BD3D0: 20 20 20 20  20 20 20 20  20 20 20 20  20 20 20 20 
0D6BD3E0: 20 20 20 20  20 20 20 20  20 20 20 20  20 20 20 20 
0D6BD3F0: 20 20 20 20  20 20 20 20  20 20 20 20  20 20 20 20 
0D6BD400: 20 20 20 20  20 20 20 20  20 20 20 20  20 20 20 20 
0D6BD410: 20 20 20 20  20 20 20 20  20 20 20 20  20 20 20 20 
0D6BD420: 20 20 20 20  20 20 20 20  20 20 20 20  20 20 20 20 
0D6BD430: 20 20 20 20  20 20 20 20  20 20 20 20  20 20 20 20 
0D6BD440: 20 20 20 20  20 20 20 20  20 20 20 20  20 20 20 20 
0D6BD450: 20 20 20 20  20 20 20 20  20 20 20 20  20 20 20 20 
0D6BD460: 00 42 72 77  4F 53 20 20  20 20 20 20  20 20 20 20 
0D6BD470: 20 20 20 20  20 20 20 20  20 20 20 20  20 20 20 20 
0D6BD480: 20 20 20 20  20 20 20 20  20 54 61 62  65 6C 61 20 
0D6BD490: 64 65 20 4F  53 20 20 20  20 20 20 20  20 20 20 20 
0D6BD4A0: 20 20 20 20  20 20 20 20  20 20 20 20  20 20 20 20 
0D6BD4B0: 20 08 00 00  00 26 00 00  00 00 00 00  20 20 20 20 
0D6BD4C0: 20 20 20 20  20 20 20 20  20 20 20 20  20 20 20 20 
0D6BD4D0: 20 20 20 20  20 20 20 20  20 20 20 20  20 20 20 20 
0D6BD4E0: 20 20 20 20  20 20 20 20  20 20 20 20  20 20 41 00 
0D6BD4F0: 00 00 E4 01  00 00 20 20  20 20 20 20  20 20 20 20 
0D6BD500: 20 20 20 20  20 20 20 20  20 20 20 20  20 20 20 20 
0D6BD510: 20 20 20 20  20 20 00 00  00 00 00 00  00 00 00 00 
0D6BD520: 00 00 00 00  00 00 00 00  00 00 00 00  00 00 00 00 
0D6BD530: 00 00 00 00  00 00 00 00  00 00 00 00  00 00 00 00 
0D6BD540: 00 00 00 00  00 00 00 00  00 00 00 00  00 00 00 00 
0D6BD550: 00 00 00 00  00 00 00 00  00 00 00 00  00 00 00 00 
0D6BD560: 00 00 00 00  00 00 00 00  00 00 00 00  00 00 00 00 
0D6BD570: 00 00 00 00  00 00 00 00  00 00 00 00  00 00 00 00 
0D6BD580: 00 00 00 00  00 00 00 00  00 00 00 00  00 00 00 00 
0D6BD590: 00 00 00 00  00 00 00 00  00 00 00 00  00 00 00 00 
0D6BD5A0: 00 00 00 00  00 00 00 00  00 00 00 00  00 00 00 00 
0D6BD5B0: 00 00 00 00  00 00 00 00  00 00 00 00  00 00 00 00 
0D6BD5C0: 00 00 00 00  00 00 00 00  00 00 00 00  00 00 00 00 
0D6BD5D0: 00 00 00 00  00 00 00 00  00 00 00 00  00 00 00 00 
0D6BD5E0: 00 00 00 00  00 00 00 00  00 00 00 00  00 00 00 00 
0D6BD5F0: 00 00 00 00  00 00 00 00  00 00 00 00  00 00 00 00 
0D6BD600: 00 00 00 00  00 00 00 00  00 00 00 00  00 00 00 00 
0D6BD610: 00 00 00 00  20 20 20 20  20 20 20 20  20 20 20 20 
0D6BD620: 20 20 20 20  91 D3 6B 0D  A8 86 46 01  00 00 00 00 
0D6BD630: D0 00 00 00  FC D2 6B 0D  64 87 46 01  00 00 00 00 
0D6BD640: 95 00 00 00  EC D2 6B 0D  F8 09 47 01  00 00 00 00 
0D6BD650: 10 00 00 00  D0 08 28 0D  C0 1E 47 01  00 00 00 00 
0D6BD660: 00 10 00 00  EE D5 6B 0D  E4 1E 47 01  00 00 00 00 
0D6BD670: 04 00 00 00  20 00 00 00  00 00 01 50  20 20 20 20 
0D6BD680: 20 20 20 20  20 20 20 20  20 20 20 20  20 20 20 20 
0D6BD690: 20 20 20 20  20 20 20 20  20 20 20 20  20 20 20 20 
0D6BD6A0: 20 20 20 20  20 20 20 20  20 20 20 20  20 20 44 72 
0D6BD6B0: 6F 70 4C 69  73 74 20 20  20 20 20 20  20 20 20 20 
0D6BD6C0: 20 20 01 00  00 00 00 00  00 00 00 00  00 30 19 27 
0D6BD6D0: 0D 00 10 00  00 01 00 00  00 00 00 00  00 20 20 20 
0D6BD6E0: 20 20 20 20  20 00 00 00  00 00 00 00  00 01 00 00 
0D6BD6F0: DC 28 0D 58  16 47 01 28  6C A4 0F 00  10 00 00 00 
0D6BD700: DC 28 0D 5A  4D 45 43 4F  53 20 20 20  20 20 20 20 
0D6BD710: 20 20 20 5A  4D 45 43 4F  53 49 54 45  4E 53 20 20 
0D6BD720: 20 20 20 97  D7 6B 0D B4  16 47 01 68  99 A7 0F 04 
0D6BD730: 00 00 00 4D  E3 6F 2D 64  65 2D 4F 62  72 61 20 20 
0D6BD740: 20 20 20 20  20 20 20 20  20 20 20 20  20 20 20 20 
0D6BD750: 20 20 20 20  20 20 20 20  20 20 20 20  20 20 20 20 
0D6BD760: 20 20 20 20  20 20 20 20  20 20 20 20  20 20 20 20 
0D6BD770: 20 20 20 20  20 20 20 20  20 20 20 20  20 20 20 20 
0D6BD780: 20 20 20 20  20 20 20 20  20 20 20 20  20 20 20 20 
0D6BD790: 20 20 20 20  20 20 20 04  00 00 00 F8  CB 28 0D 38 
0D6BD7A0: 29 27 0D 41  4E 43 4C 41  53 20 4F 4C  49 56 45 49 
0D6BD7B0: 52 41 20 43  52 55 5A 20  20 20 20 20  20 20 20 20 
0D6BD7C0: 20 20 20 20  20 20 20 20  20 20 20 20  20 20 20 20 
0D6BD7D0: 20 20 20 20  20 20 20 20  20 20 20 20  20 20 20 20 
0D6BD7E0: 20 20 20 20  20 20 20 20  20 20 20 20  20 20 20 20 
0D6BD7F0: 20 20 20 20  20 20 20 20  20 20 20 20  20 20 20 20 
0D6BD800: 20 20 20 20  20 20 20 00  BA 07 0E 20  20 20 20 20 
0D6BD810: 20 20 20 20  20 20 20 20  20 20 20 20  20 20 20 20 
0D6BD820: 20 20 20 20  20 20 20 20  20 20 20 20  20 20 20 20 
0D6BD830: 20 20 20 20  20 20 20 20  20 20 20 20  20 20 20 20 
0D6BD840: 20 20 20 20  20 20 20 20  20 20 20 20  20 20 20 20 
0D6BD850: 20 20 20 20  20 20 20 20  20 20 20 20  20 20 20 20 
0D6BD860: 20 20 20 20  20 20 20 20  20 20 20 20  20 20 20 00 
0D6BD870: 00 00 00 28  CD 07 0E FF  00 00 00 00  00 00 00 90 
0D6BD880: D8 6B 0D 38  84 46 01 C0  E0 BB 0F 81  00 00 00 00 
0D6BD890: 31 20 2D 20  4E E3 6F 20  56 69 73 74  6F 72 69 61 
0D6BD8A0: 64 6F 20 20  20 20 20 20  20 20 20 20  20 20 20 20 
0D6BD8B0: 20 20 20 20  20 20 20 20  20 20 20 20  20 20 20 20 
0D6BD8C0: 20 20 00 00  45 01 00 00  00 0A 00 00  00 63 00 00 
0D6BD8D0: 00 0A 00 00  00 26 53 69  74 2E 20 56  69 73 74 6F 
0D6BD8E0: 72 69 61 3A  20 20 20 20  20 01 00 00  00 00 00 00 
0D6BD8F0: 00 44 72 6F  70 4C 69 73  74 20 20 00  31 20 20 20 
0D6BD900: 20 20 20 20  20 20 20 20  20 20 20 20  20 20 20 20 
0D6BD910: 00 00 01 00  00 00 00 00  00 35 30 38  20 20 20 20 
0D6BD920: 20 20 20 20  20 20 20 20  20 20 20 20  20 20 20 20 
0D6BD930: 20 20 20 20  20 20 20 20  20 20 20 20  20 20 20 20 
0D6BD940: 20 20 20 20  20 20 20 20  20 20 20 20  20 20 20 20 
0D6BD950: 20 20 20 20  20 20 20 20  20 20 20 20  20 20 20 20 
0D6BD960: 20 20 20 20  20 20 20 20  20 20 20 20  20 20 20 20 
0D6BD970: 20 20 20 20  20 20 20 20  20 20 20 20  20 20 20 20 
0D6BD980: 20 20 20 20  20 20 20 20  20 20 20 20  20 20 20 20 
0D6BD990: 20 20 20 20  20 20 20 20  20 20 20 20  20 20 20 20 
0D6BD9A0: 20 20 20 20  20 20 20 20  20 20 20 20  20 20 20 20 
0D6BD9B0: 20 20 20 20  20 20 20 20  20 20 20 20  20 20 20 20 
0D6BD9C0: 20 20 20 20  20 20 20 20  20 20 20 20  20 20 20 20 
0D6BD9D0: 20 20 20 20  20 20 20 20  20 20 20 20  20 20 20 20 
0D6BD9E0: 20 20 20 20  20 20 20 20  20 20 20 20  20 20 20 20 
0D6BD9F0: 20 20 20 20  20 20 20 20  20 20 20 20  20 20 20 20 
0D6BDA00: 20 20 20 20  20 20 20 20  20 20 20 20  20 20 20 20 
0D6BDA10: 20 20 20 20  20 20 20 20  20 20 20 20  20 20 20 20 
0D6BDA20: 20 20 20 20  20 20 20 20  20 20 20 20  20 20 20 20 
0D6BDA30: 20 20 20 20  20 20 20 20  20 20 20 20  20 20 20 20 
0D6BDA40: 20 20 20 20  20 20 20 20  20 20 20 20  20 20 20 20 
0D6BDA50: 20 20 20 20  20 20 20 20  20 20 20 20  20 20 20 20 
0D6BDA60: 20 20 20 20  20 20 20 20  20 20 20 20  20 20 20 20 
0D6BDA70: 20 20 20 20  20 20 20 20  20 20 20 20  20 20 20 20 
0D6BDA80: 20 01 00 00  00 00 00 07  00 01 F0 BC  09 0E A8 0A 
0D6BDA90: 47 01 38 19  D1 0F 00 10  00 00 F0 BC  09 0E 01 F8 
0D6BDAA0: CC 09 0E 84  0A 47 01 18  8B CB 0F 00  10 00 00 F8 
0D6BDAB0: CC 09 0E 01  01 20 20 20  20 20 20 20  20 20 20 20 
0D6BDAC0: 20 20 20 20  20 20 20 20  20 20 20 20  20 20 20 20 
0D6BDAD0: 20 20 20 20  20 20 20 20  20 20 20 20  20 20 20 20 
0D6BDAE0: 20 20 20 20  20 20 20 20  20 20 20 20  20 20 20 20 
0D6BDAF0: 20 00 00 00  00 48 5C 4F  01 50 E0 07  0E 0E 02 00 
0D6BDB00: 00 24 01 00  00 81 01 00  00 4D 00 00  00 01 38 03 
0D6BDB10: 27 0D 48 5C  4F 01 50 E0  07 0E 0E 02  00 00 24 01 
0D6BDB20: 00 00 81 01  00 00 4D 00  00 00 01 70  03 27 0D 71 
0D6BDB30: 01 00 00 00  00 00 00 00  00 00 00 00  00 00 0A 00 
0D6BDB40: 00 00 72 00  00 00 00 00  00 00 88 80  27 0D 01 01 
0D6BDB50: 01 01 01 00  01 01 05 00  00 00 02 00  00 00 05 00 
0D6BDB60: 00 00 D0 8D  11 10 01 00  01 C2 E3 6B  0D 40 18 18 
0D6BDB70: 10 8C FD 16  10 08 0D 19  10 20 9D 18  10 00 19 1B 
0D6BDB80: 10 28 D8 18  10 2C A4 18  10 C4 FB 18  10 BC ED 18 
0D6BDB90: 10 24 BF 19  10 54 16 18  10 68 A4 18  10 00 00 00 
0D6BDBA0: 00 20 69 1B  10 08 CD 19  10 6C A6 16  10 32 00 00 
0D6BDBB0: 00 00 00 00  00 00 00 00  00 00 00 00  00 00 00 00 
0D6BDBC0: 00 00 00 00  00 00 00 00  00 00 00 00  00 00 00 00 
0D6BDBD0: 00 00 00 00  00 00 00 00  00 00 00 00  00 00 00 00 
0D6BDBE0: 00 00 00 00  00 00 00 00  00 00 00 00  00 00 00 00 
0D6BDBF0: 01 61 D4 6B  0D F4 85 46  01 A0 2C 30  0D 95 00 00 
0D6BDC00: 00 FF 00 00  00 42 72 77  4F 53 20 20  20 20 20 20 
0D6BDC10: 20 20 20 20  20 20 20 20  20 20 20 20  20 20 20 20 
0D6BDC20: 20 20 20 20  20 20 20 20  20 20 20 20  20 47 45 52 
0D6BDC30: 41 4C 20 20  20 20 20 20  20 20 20 20  20 20 20 20 
0D6BDC40: 20 20 20 20  20 20 20 20  20 20 20 20  20 20 20 20 
0D6BDC50: 20 20 20 20  20 B0 5F 07  0E 00 00 00  00 00 00 00 
0D6BDC60: 01 00 00 00  00 00 00 00  42 72 77 4F  53 49 74 65 
0D6BDC70: 6E 73 20 20  20 20 20 20  20 20 20 20  20 20 20 20 
0D6BDC80: 20 20 20 20  20 20 20 20  20 20 20 20  20 20 20 20 
0D6BDC90: 47 45 52 41  4C 20 20 20  20 20 20 20  20 20 20 20 
0D6BDCA0: 20 20 20 20  20 20 20 20  20 20 20 20  20 20 20 20 
0D6BDCB0: 20 20 20 20  20 20 20 20  C8 DC 6B 0D  38 6E 4F 01 
0D6BDCC0: 70 45 BA 0F  9C 00 00 00  55 56 4C 6F  63 61 6C 69 
0D6BDCD0: 7A 61 E7 E3  6F 20 20 20  20 20 20 20  20 20 20 20 
0D6BDCE0: 20 20 20 20  20 20 20 20  20 20 20 20  20 20 20 20 
0D6BDCF0: 20 20 50 00  4C 6F 63 61  6C 69 7A 61  E7 E3 6F 20 
0D6BDD00: 20 20 20 20  20 20 20 20  20 20 20 20  20 20 20 20 
0D6BDD10: 20 20 20 20  20 20 20 20  20 20 20 20  40 73 32 30 
0D6BDD20: 20 20 20 20  20 20 20 20  20 20 20 20  20 20 20 20 
0D6BDD30: 00 5A 42 52  57 5A 4D 45  43 4F 53 49  54 45 4E 53 
0D6BDD40: 43 36 39 20  20 20 20 20  20 20 20 20  20 20 20 20 
0D6BDD50: 20 20 20 20  20 20 20 20  20 20 20 20  20 20 20 20 
0D6BDD60: 20 20 20 43  01 00 00 00  00 00 00 00  00 E5 07 0E 
0D6BDD70: 00 00 00 00  00 8F 01 00  00 00 01 02  00 00 00 00 
0D6BDD80: 0C 00 00 00  A8 5D 07 0E  00 01 00 01  00 20 20 20 
0D6BDD90: 20 20 20 20  20 20 20 20  20 20 20 20  20 20 20 20 
0D6BDDA0: 20 20 20 20  20 20 20 20  20 20 20 20  20 20 20 20 
0D6BDDB0: 20 20 20 20  20 20 20 20  20 20 20 20  20 20 20 20 
0D6BDDC0: 20 20 20 20  20 20 20 20  20 20 20 20  20 20 20 20 
0D6BDDD0: 20 20 20 20  20 20 20 20  20 20 20 20  20 20 20 20 
0D6BDDE0: 20 20 20 20  20 20 20 20  20 20 20 20  20 20 20 20 
0D6BDDF0: 20 20 20 20  20 20 20 20  20 20 20 20  20 20 20 20 
0D6BDE00: 20 20 20 20  20 20 20 20  20 20 20 20  20 20 20 20 
0D6BDE10: 20 20 20 20  20 20 20 20  20 20 20 20  20 20 20 20 
0D6BDE20: 20 20 20 20  20 20 20 20  20 20 20 20  20 20 20 20 
0D6BDE30: 20 20 20 20  20 20 20 20  20 20 20 20  20 20 20 20 
0D6BDE40: 20 20 20 20  20 20 20 20  20 20 20 20  20 20 20 20 
0D6BDE50: 20 20 20 20  20 20 20 20  20 20 20 20  20 20 20 20 
0D6BDE60: 20 20 20 20  20 20 20 20  20 20 20 20  20 20 20 20 
0D6BDE70: 20 20 20 20  20 20 20 20  20 20 20 20  20 20 20 20 
0D6BDE80: 20 20 20 20  20 20 20 20  20 20 20 20  00 00 00 00 
0D6BDE90: 01 00 00 42  72 77 4F 53  41 76 61 6E  63 61 64 61 
0D6BDEA0: 20 20 20 20  20 20 20 20  20 20 20 20  20 20 20 20 
0D6BDEB0: 20 20 20 20  20 20 20 20  20 20 20 47  45 52 41 4C 
0D6BDEC0: 20 20 20 20  20 20 20 20  20 20 20 20  20 20 20 20 
0D6BDED0: 20 20 20 20  20 20 20 20  20 20 20 20  20 20 20 20 
0D6BDEE0: 20 20 20 D0  96 07 0E 48  49 27 0D D4  20 47 01 60 
0D6BDEF0: A4 E4 0D 1F  03 00 00 48  49 27 0D D8  18 28 0D 0F 
0D6BDF00: DF 6B 0D 94  20 47 01 B0  F1 E0 0D 2D  00 00 00 53 
0D6BDF10: 49 54 45 20  20 20 20 20  20 20 20 20  20 20 20 20 
0D6BDF20: 20 20 20 20  20 20 20 20  20 20 20 20  20 20 20 20 
0D6BDF30: 20 20 20 20  20 20 20 40  00 00 00 00  20 20 20 20 
0D6BDF40: 20 20 20 20  20 20 20 20  20 20 20 20  20 20 20 20 
0D6BDF50: 20 20 20 20  20 20 20 20  20 20 20 20  20 20 20 20 
0D6BDF60: 20 20 20 20  20 20 20 20  20 20 20 20  20 20 20 20 
0D6BDF70: 20 20 20 20  20 20 20 20  20 20 20 20  20 20 20 20 
0D6BDF80: 20 20 20 20  20 20 20 20  20 20 20 20  20 20 20 20 
0D6BDF90: 20 20 20 20  20 20 20 20  20 20 20 20  20 20 20 20 
0D6BDFA0: 00 00 00 00  B4 DF 6B 0D  1C 20 47 01  78 03 DC 0B 
0D6BDFB0: 19 00 00 00  45 4E 54 52  45 47 55 45  20 20 20 20 
0D6BDFC0: 20 20 20 20  20 20 20 20  08 00 00 00  00 DD DF 6B 
0D6BDFD0: 0D E0 1F 47  01 D0 1A DD  0B 19 00 00  00 52 65 73 
0D6BDFE0: 70 6F 6E 64  69 64 6F 20  20 20 20 20  20 20 20 20 
0D6BDFF0: 20 37 00 00  00 00 00 00  00 00 00 00  00 00 00 20 
0D6BE000: 20 20 20 20  20 20 20 20  20 20 20 20  20 20 20 20 
0D6BE010: 20 20 20 20  20 20 20 20  20 20 20 20  20 20 20 20 
0D6BE020: 20 20 20 20  20 20 20 20  20 20 20 20  20 20 20 20 
0D6BE030: 20 20 20 20  20 20 20 20  20 20 20 20  20 20 20 20 
0D6BE040: 20 20 20 20  20 20 20 20  20 20 20 20  20 20 20 20 
0D6BE050: 20 20 20 20  20 20 20 20  20 20 20 20  20 20 20 20 
0D6BE060: 20 20 20 00  00 00 00 00  08 00 00 00  00 C0 F0 27 
0D6BE070: 0D 02 00 00  00 00 00 00  20 20 20 20  20 20 20 20 
0D6BE080: 20 20 20 20  20 20 20 20  20 20 20 20  20 20 20 20 
0D6BE090: 20 20 20 20  20 20 20 20  20 20 20 20  20 20 20 20 
0D6BE0A0: 20 20 20 20  20 20 20 20  20 20 20 20  20 20 20 20 
0D6BE0B0: 20 00 00 00  20 20 20 20  20 20 20 20  20 20 20 20 
0D6BE0C0: 20 20 20 20  20 20 20 20  20 20 20 20  20 20 20 20 
0D6BE0D0: 20 20 20 20  20 20 20 20  20 20 20 20  20 20 20 20 
0D6BE0E0: 20 20 20 20  20 20 20 20  20 20 20 20  20 38 03 07 
0D6BE0F0: 0E 08 06 07  0E 00 0C 07  0E 90 1F 07  0E 00 00 00 
0D6BE100: 00 68 0A 07  0E 00 00 00  00 D0 08 07  0E 00 00 00 
0D6BE110: 00 70 04 07  0E 00 00 00  00 A0 01 07  0E 00 00 00 
0D6BE120: 00 08 00 07  0E 00 00 00  00 00 00 00  00 00 00 00 
0D6BE130: 00 00 00 00  00 00 00 00  00 00 00 00  00 00 00 00 
0D6BE140: 00 00 00 00  00 00 00 00  00 00 00 00  00 00 00 00 
0D6BE150: 00 20 20 20  20 20 20 20  20 20 20 20  20 20 20 20 
0D6BE160: 20 20 20 20  20 20 00 00  00 00 00 00  00 00 00 00 
0D6BE170: 00 00 20 20  20 20 20 20  20 20 20 00  00 00 00 00 
0D6BE180: 00 00 00 20  20 00 00 00  00 00 00 00  00 20 20 00 
0D6BE190: 00 00 00 00  00 00 00 20  20 00 00 00  00 00 00 00 
0D6BE1A0: 00 20 20 00  00 00 00 00  00 00 00 20  20 00 00 00 
0D6BE1B0: 00 00 00 00  00 00 00 00  00 00 00 00  00 20 20 00 
0D6BE1C0: 00 00 00 00  00 00 00 20  20 00 00 00  00 00 00 00 
0D6BE1D0: 00 00 00 00  00 00 00 00  00 00 00 00  00 00 00 00 
0D6BE1E0: 00 20 20 00  00 00 00 00  00 00 00 00  00 00 00 00 
0D6BE1F0: 00 00 00 20  20 00 00 00  00 00 00 00  00 00 00 00 
0D6BE200: 00 00 00 00  00 20 20 00  00 00 00 00  00 00 00 20 
0D6BE210: 20 00 00 00  00 00 00 00  00 00 00 00  00 00 00 00 
0D6BE220: 00 20 20 00  00 00 00 00  00 00 00 20  20 00 00 00 
0D6BE230: 00 20 20 00  00 00 00 05  00 00 00 00  00 00 00 00 
0D6BE240: 00 00 00 20  20 00 00 00  00 00 00 00  00 00 00 00 
0D6BE250: 00 20 20 00  00 00 00 00  00 00 00 20  20 00 00 00 
0D6BE260: 00 00 00 00  00 00 00 00  00 20 20 00  00 00 00 00 
0D6BE270: 00 00 00 20  20 00 00 00  00 00 00 00  00 00 00 00 
0D6BE280: 00 20 20 00  00 00 00 20  20 00 00 00  00 00 00 00 
0D6BE290: 00 00 00 00  00 00 00 00  00 20 20 00  00 00 00 00 
0D6BE2A0: 00 00 00 20  20 00 00 00  00 00 00 00  00 20 20 00 
0D6BE2B0: 00 00 00 00  00 00 00 00  00 00 00 00  00 00 00 20 
0D6BE2C0: 20 00 00 00  00 00 00 00  00 00 00 00  00 20 20 00 
0D6BE2D0: 00 00 00 00  00 00 00 20  20 00 00 00  00 00 00 00 
0D6BE2E0: 00 00 20 20  00 2D 20 20  20 00 00 00  00 00 00 00 
0D6BE2F0: 00 20 20 00  00 00 00 00  00 00 00 20  00 00 00 00 
0D6BE300: 00 00 00 00  20 20 20 20  00 00 00 00  00 00 00 00 
0D6BE310: 20 20 20 20  00 00 00 00  00 00 00 00  20 20 20 20 
0D6BE320: 20 00 00 00  00 00 00 00  00 20 00 00  00 00 00 00 
0D6BE330: 00 00 20 20  20 20 00 00  00 00 00 00  00 00 20 20 
0D6BE340: 20 20 00 00  00 00 00 00  00 00 00 00  00 00 20 20 
0D6BE350: 00 00 00 00  20 20 20 00  00 00 00 00  00 00 00 53 
0D6BE360: 01 00 00 00  01 00 00 00  00 00 00 00  00 00 00 00 
0D6BE370: 00 00 00 00  00 00 00 00  20 20 00 00  00 00 00 00 
0D6BE380: 00 00 20 20  00 00 00 00  00 00 00 00  00 00 00 00 
0D6BE390: 00 00 00 00  20 20 00 00  00 00 00 00  00 00 20 20 
0D6BE3A0: 20 00 00 00  00 00 00 00  00 53 8F 01  00 00 07 01 
0D6BE3B0: 0C 00 00 00  01 00 00 00  28 21 07 0E  00 01 8F 01 
0D6BE3C0: 00 00 28 78  0A 0E E0 D0  46 01 08 AA  A4 0F EC 58 
0D6BE3D0: 00 00 E2 E3  6B 0D E4 17  47 01 00 00  00 00 35 00 
0D6BE3E0: 00 00 00 00  00 00 20 20  20 20 20 20  20 20 20 20 
0D6BE3F0: 20 20 20 20  20 20 20 20  20 20 20 20  20 20 20 20 
0D6BE400: 20 20 20 20  20 20 20 20  20 20 20 20  20 20 00 00 
0D6BE410: 00 00 00 00  00 00 00 88  46 28 0D 00  00 00 00 38 
0D6BE420: 1D 28 0D 40  6E 30 36 62  00 00 00 00  00 00 00 00 
0D6BE430: 00 00 00 00  00 00 00 70  4C 27 0D 01  01 00 00 00 
0D6BE440: 00 00 00 00  00 00 00 00  00 20 20 20  20 20 20 20 
0D6BE450: 20 20 20 20  20 20 20 20  20 20 20 20  20 00 00 00 
0D6BE460: 00 00 00 00  00 00 00 00  00 00 00 00  00 00 00 00 
0D6BE470: 00 00 00 00  00 00 00 00  00 00 00 00  00 00 00 00 
0D6BE480: 00 F7 36 01  00 F7 36 01  00 F7 36 01  00 F7 36 01 
0D6BE490: 00 48 4A 07  0E 18 88 46  01 88 1A A7  0F 55 13 00 
0D6BE4A0: 00 00 00 00  00 00 42 72  77 4F 53 18  44 28 0D 28 
0D6BE4B0: 18 47 01 80  00 C9 0F 64  02 00 00 18  33 28 0D 18 
0D6BE4C0: 44 28 0D 01  01 00 00 00  00 20 20 20  20 20 20 20 
0D6BE4D0: 20 20 20 20  20 20 20 20  20 20 20 20  20 20 20 20 
0D6BE4E0: 20 20 20 20  20 20 20 20  20 20 20 20  20 20 20 20 
0D6BE4F0: 20 20 20 20  20 20 20 20  20 20 20 20  20 20 20 20 
0D6BE500: 20 20 20 20  20 20 20 20  20 20 20 20  20 20 20 20 
0D6BE510: 20 20 20 20  20 20 20 20  20 20 20 20  20 20 20 20 
0D6BE520: 20 20 20 20  20 20 20 20  20 20 20 20  20 20 20 20 
0D6BE530: 20 20 20 20  20 20 20 20  20 20 20 20  20 20 20 20 
0D6BE540: 20 20 20 20  20 20 20 20  20 20 20 20  20 20 20 20 
0D6BE550: 20 20 20 20  20 B0 86 28  0D A8 76 28  0D 46 49 54 
0D6BE560: 41 20 43 52  45 50 45 20  34 38 4D 4D  58 35 30 4D 
0D6BE570: 20 20 20 20  20 20 20 20  20 20 20 20  20 20 20 20 
0D6BE580: 20 20 20 20  20 20 20 20  20 20 20 20  20 20 20 20 
0D6BE590: 20 20 20 20  20 20 20 20  20 20 20 20  20 20 20 20 
0D6BE5A0: 20 20 20 20  20 20 20 20  20 20 20 20  20 20 20 20 
0D6BE5B0: 20 20 20 20  20 20 20 20  20 20 20 20  20 20 20 20 
0D6BE5C0: 20 20 20 20  20 20 20 20  20 20 20 20  20 20 20 20 
0D6BE5D0: 20 20 20 20  20 20 20 20  20 20 20 20  20 20 20 20 
0D6BE5E0: 20 20 20 20  20 20 20 20  20 01 80 8D  09 0E CC 0A 
0D6BE5F0: 47 01 10 E1  61 1B 00 10  00 00 80 8D  09 0E 00 00 
0D6BE600: 00 00 00 00  00 00 00 01  00 00 00 00  71 3D 00 00 
0D6BE610: 00 50 E0 07  0E FF FF FF  00 00 00 00  00 00 FF FF 
0D6BE620: 00 00 00 FF  00 F8 36 01  00 FF 53 53  00 FF 00 00 
0D6BE630: 00 F7 36 01  00 00 FF FF  FF 00 00 00  00 00 00 FF 
0D6BE640: FF 00 00 00  FF 00 F8 36  01 00 FF 53  53 00 FF 00 
0D6BE650: 00 00 F7 36  01 00 01 FF  FF FF 00 00  00 00 00 00 
0D6BE660: FF FF 00 00  00 FF 00 F8  36 01 00 FF  53 53 00 FF 
0D6BE670: 00 00 00 F7  36 01 00 01  FF FF FF 00  00 00 00 00 
0D6BE680: 00 FF FF 00  00 00 FF 00  F8 36 01 00  FF 53 53 00 
0D6BE690: FF 00 00 00  F7 36 01 00  01 FF FF FF  00 00 00 00 
0D6BE6A0: 00 00 FF FF  00 00 00 FF  00 F8 36 01  00 FF 53 53 
0D6BE6B0: 00 FF 00 00  00 F7 36 01  00 01 FF FF  FF 00 00 00 
0D6BE6C0: 00 00 00 FF  FF 00 00 00  FF 00 F8 36  01 00 FF 53 
0D6BE6D0: 53 00 FF 00  00 00 F7 36  01 00 01 EB  E6 6B 0D 48 
0D6BE6E0: 19 47 01 78  EA CA 0F 02  00 00 00 00  50 02 00 00 
0D6BE6F0: 00 18 F5 28  0D 50 05 47  01 00 00 00  00 64 02 00 
0D6BE700: 00 00 00 00  00 18 F5 28  0D 00 00 00  00 30 23 07 
0D6BE710: 0E 00 00 00  00 00 00 00  B8 96 28 0D  3C E7 6B 0D 
0D6BE720: C0 07 47 01  00 00 00 00  6C 00 00 00  E2 E7 6B 0D 
0D6BE730: 58 20 47 01  60 F7 55 0D  69 00 00 00  20 20 20 20 
0D6BE740: 20 20 20 20  20 20 20 20  20 20 20 20  20 20 20 20 
0D6BE750: 20 20 20 20  20 20 20 20  20 20 20 20  20 20 20 20 
0D6BE760: 20 20 20 20  20 20 20 20  20 20 20 20  20 20 20 20 
0D6BE770: 20 20 20 20  20 20 20 20  20 20 20 20  20 20 20 20 
0D6BE780: 20 20 20 20  20 20 20 20  20 20 20 20  20 20 20 20 
0D6BE790: 20 20 20 20  20 20 20 20  20 20 20 20  20 20 20 20 
0D6BE7A0: 00 00 00 00  00 00 00 00  90 56 28 0D  BC 17 47 01 
0D6BE7B0: 00 00 00 00  04 10 00 00  50 5A 58 20  20 20 20 20 
0D6BE7C0: 01 90 56 28  0D 00 00 00  00 B0 D0 27  0D A8 C0 27 
0D6BE7D0: 0D 00 98 A0  27 0D 00 00  00 00 90 90  27 0D 00 00 
0D6BE7E0: 00 00 52 65  63 69 62 6F  20 20 20 20  20 20 20 20 
0D6BE7F0: 20 20 20 20  20 20 20 20  20 20 20 20  20 20 20 20 
0D6BE800: 20 20 20 20  20 20 20 20  20 20 20 20  20 20 20 20 
0D6BE810: 20 20 20 20  20 20 20 20  20 20 20 20  20 20 20 20 
0D6BE820: 20 20 20 20  20 20 20 20  20 20 20 20  20 20 20 20 
0D6BE830: 20 20 20 20  20 20 20 20  20 20 20 20  20 20 20 20 
0D6BE840: 20 20 20 20  20 20 0B 00  00 00 01 00  00 00 00 00 
0D6BE850: 00 00 00 00  F7 36 01 00  EC 36 01 00  00 00 00 00 
0D6BE860: 00 00 00 00  00 00 00 00  00 00 00 00  00 00 00 00 
0D6BE870: 00 00 00 00  00 00 00 00  00 00 00 00  00 00 00 00 
0D6BE880: 00 00 00 00  00 00 00 00  00 00 00 00  00 00 00 00 
0D6BE890: 00 00 00 00  00 00 00 00  00 00 00 01  00 00 00 00 
0D6BE8A0: 01 00 00 00  00 00 53 00  01 D1 F5 6B  0D 6C 19 47 
0D6BE8B0: 01 A8 69 C1  0F 10 00 00  00 50 61 64  72 E3 6F 20 
0D6BE8C0: 20 20 20 20  20 20 20 20  20 20 20 20  20 20 20 20 
0D6BE8D0: 20 20 20 20  20 20 20 20  20 20 20 20  20 20 20 20 
0D6BE8E0: 20 20 20 20  20 20 20 20  20 20 20 20  20 20 20 20 
0D6BE8F0: 20 20 20 20  20 20 20 20  20 20 20 20  20 20 20 20 
0D6BE900: 20 20 20 20  20 20 20 20  20 20 20 20  20 20 20 20 
0D6BE910: 20 20 20 20  20 20 20 20  20 20 20 20  20 20 20 20 
0D6BE920: 20 20 20 20  20 20 20 20  20 20 20 20  20 20 20 20 
0D6BE930: 20 20 20 20  20 20 20 20  20 20 20 20  20 20 20 20 
0D6BE940: 20 20 20 20  20 20 20 20  20 20 20 20  20 20 20 20 
0D6BE950: 20 20 20 20  20 20 20 20  20 20 20 20  20 20 20 20 
0D6BE960: 20 20 20 20  20 20 20 20  20 20 20 20  20 20 20 20 
0D6BE970: 20 20 20 20  20 20 20 20  20 20 20 20  20 20 20 20 
0D6BE980: 20 20 20 20  20 20 20 20  20 20 20 20  20 20 20 20 
0D6BE990: 20 20 20 20  20 20 20 20  20 20 20 20  20 20 20 20 
0D6BE9A0: 20 20 20 20  20 20 20 20  20 20 20 20  20 20 20 20 
0D6BE9B0: 20 20 20 20  20 20 20 20  41 4C 41 4E  20 52 45 49 
0D6BE9C0: 53 20 53 49  4C 56 41 20  20 20 20 20  20 20 20 20 
0D6BE9D0: 20 20 20 20  20 20 20 20  20 20 20 20  20 20 20 20 
0D6BE9E0: 20 20 20 20  20 20 20 20  20 20 20 20  20 20 20 20 
0D6BE9F0: 20 20 20 20  20 20 20 20  20 20 20 20  20 20 20 20 
0D6BEA00: 20 20 20 20  20 20 20 20  20 20 20 20  20 20 20 20 
0D6BEA10: 20 20 20 20  20 20 20 20  20 20 20 20  20 20 20 20 
0D6BEA20: 20 20 20 20  20 20 20 20  20 20 20 20  20 20 20 20 
0D6BEA30: 20 20 20 20  20 20 20 20  20 20 20 20  20 20 20 20 
0D6BEA40: 20 20 20 20  20 20 20 20  20 20 20 20  20 20 20 20 
0D6BEA50: 20 20 20 20  20 20 20 20  20 20 20 20  20 20 20 20 
0D6BEA60: 20 20 20 20  20 20 20 20  20 20 20 20  20 20 20 20 
0D6BEA70: 20 20 20 20  20 20 20 20  20 20 20 20  20 20 20 20 
0D6BEA80: 20 20 20 20  20 20 20 20  20 20 20 20  20 20 20 20 
0D6BEA90: 20 20 20 20  20 20 20 20  20 20 20 20  20 20 20 20 
0D6BEAA0: 20 20 20 20  20 20 20 20  20 20 20 20  20 20 20 20 
0D6BEAB0: 20 20 20 20  20 20 20 36  37 30 2E 35  34 33 2E 33 
0D6BEAC0: 31 36 2D 37  32 20 20 20  20 20 20 20  20 20 20 20 
0D6BEAD0: 20 20 20 20  20 20 20 20  20 20 20 20  20 20 20 20 
0D6BEAE0: 20 20 20 20  20 20 20 08  00 27 0D 34  22 47 01 10 
0D6BEAF0: 26 BB 0F 25  01 00 00 00  00 00 16 66  26 00 00 00 
0D6BEB00: 00 27 85 90  00 00 00 00  22 15 61 00  00 00 00 00 
0D6BEB10: 37 10 00 00  00 00 38 81  87 00 00 00  00 00 20 84 
0D6BEB20: 82 31 00 00  00 00 00 00  00 00 00 00  00 00 00 00 
0D6BEB30: 00 00 00 00  00 00 00 00  00 00 00 00  00 00 00 07 
0D6BEB40: 00 00 00 00  00 00 00 34  10 00 00 00  00 00 27 78 
0D6BEB50: 90 00 00 00  00 00 00 03  00 00 00 00  00 00 00 00 
0D6BEB60: 00 00 00 00  00 00 00 00  00 00 00 00  00 00 00 00 
0D6BEB70: 00 00 00 00  00 00 00 00  00 00 00 00  00 00 00 00 
0D6BEB80: 00 00 00 00  00 00 00 00  00 00 00 00  00 00 00 00 
0D6BEB90: 00 00 00 00  00 00 00 00  00 00 00 00  00 00 00 00 
0D6BEBA0: 00 00 00 00  00 00 00 00  00 00 00 00  00 00 00 00 
0D6BEBB0: 00 00 00 00  00 00 00 00  00 00 00 00  00 00 00 00 
0D6BEBC0: 00 00 00 00  00 00 00 00  00 00 00 00  00 00 00 00 
0D6BEBD0: 00 00 00 00  00 00 00 00  00 00 00 00  00 00 00 00 
0D6BEBE0: 00 00 00 00  00 00 00 20  20 20 20 20  20 20 20 20 
0D6BEBF0: 20 20 20 43  20 20 20 20  20 20 20 20  20 20 20 20 
0D6BEC00: 20 20 20 20  20 20 20 20  20 20 20 20  20 20 20 20 
0D6BEC10: 20 20 20 20  20 20 20 20  20 20 20 20  20 20 20 20 
0D6BEC20: 20 20 20 20  20 20 20 20  20 20 20 20  20 20 20 20 
0D6BEC30: 20 20 20 20  20 20 20 20  20 20 20 20  20 20 20 20 
0D6BEC40: 20 20 20 20  20 20 20 20  20 20 20 20  20 20 20 20 
0D6BEC50: 20 20 20 20  20 20 20 20  20 20 20 20  20 20 20 20 
0D6BEC60: 20 20 20 20  20 20 20 20  20 20 20 20  20 20 20 20 
0D6BEC70: 20 20 20 20  20 20 20 20  20 20 20 20  20 20 20 20 
0D6BEC80: 20 20 20 20  20 20 20 20  20 20 20 20  20 20 20 20 
0D6BEC90: 20 20 20 20  20 20 20 20  20 20 20 20  20 20 20 20 
0D6BECA0: 20 20 20 20  20 20 20 20  20 20 20 20  20 20 20 20 
0D6BECB0: 20 20 20 20  20 20 20 20  20 20 20 20  20 20 20 20 
0D6BECC0: 20 20 20 20  20 20 20 20  20 20 20 20  20 20 20 20 
0D6BECD0: 20 20 20 20  20 20 20 20  20 20 20 20  20 20 20 20 
0D6BECE0: 20 20 20 20  20 20 20 20  20 20 20 20  20 20 20 20 
0D6BECF0: 20 20 20 20  20 20 20 20  20 20 20 20  20 20 20 20 
0D6BED00: 20 20 20 20  20 20 20 20  20 20 20 20  20 20 20 20 
0D6BED10: 20 20 20 20  20 20 20 20  20 20 20 20  20 20 20 20 
0D6BED20: 20 20 20 20  20 20 20 20  20 20 20 20  20 20 20 20 
0D6BED30: 20 20 20 20  20 20 20 20  20 20 20 20  20 20 20 20 
0D6BED40: 20 20 20 20  20 20 20 20  20 20 20 20  20 20 20 20 
0D6BED50: 20 20 20 20  20 20 20 20  20 20 20 20  4C 49 42 45 
0D6BED60: 52 54 59 20  53 45 47 55  52 4F 53 20  53 2F 41 20 
0D6BED70: 20 20 20 20  20 20 20 20  20 20 20 20  20 20 20 20 
0D6BED80: 20 20 20 20  54 65 72 63  65 69 72 6F  20 20 20 20 
0D6BED90: 20 20 20 20  20 20 20 20  44 45 53 4D  4F 4E 54 41 
0D6BEDA0: 47 45 4D 20  20 20 20 20  20 20 20 20  4B F5 6B 0D 
0D6BEDB0: 6C 09 47 01  18 EB BF 0F  61 00 00 00  20 20 20 20 
0D6BEDC0: 20 20 20 20  20 20 20 20  20 20 20 20  20 20 20 20 
0D6BEDD0: 00 00 00 00  00 00 00 00  00 00 03 41  00 00 00 00 
0D6BEDE0: 02 06 54 00  00 00 00 00  4E E3 6F 20  63 6F 6E 73 
0D6BEDF0: 75 6C 74 61  64 6F 20 20  20 20 20 20  20 20 20 20 
0D6BEE00: 20 20 20 20  20 20 20 20  20 20 20 20  20 20 20 20 
0D6BEE10: 20 20 20 20  20 20 20 20  20 20 20 20  20 20 20 20 
0D6BEE20: 20 20 20 20  53 45 47 55  52 41 44 4F  52 41 20 20 
0D6BEE30: 20 20 20 20  20 20 20 20  20 20 20 20  20 20 20 20 
0D6BEE40: 20 20 20 20  20 20 20 20  20 20 20 20  4E E3 6F 20 
0D6BEE50: 45 6E 76 69  61 64 6F 20  20 20 20 20  20 20 20 20 
0D6BEE60: 20 20 20 20  20 20 20 20  20 20 20 20  20 20 20 20 
0D6BEE70: 20 20 20 20  20 20 20 20  20 20 20 20  20 20 20 20 
0D6BEE80: 20 20 20 20  20 20 20 20  20 20 20 20  20 20 20 20 
0D6BEE90: 20 20 20 20  20 20 20 20  20 20 20 20  20 20 20 20 
0D6BEEA0: 20 20 20 20  20 20 20 20  20 20 20 20  20 20 20 20 
0D6BEEB0: 20 20 20 20  20 20 20 20  20 20 20 20  20 20 20 20 
0D6BEEC0: 20 20 20 20  20 20 20 20  20 20 20 20  20 20 20 20 
0D6BEED0: 20 20 20 20  20 20 20 20  20 20 20 20  20 20 20 20 
0D6BEEE0: 20 20 20 20  20 20 20 20  20 20 20 20  20 20 20 20 
0D6BEEF0: 20 20 20 20  20 20 20 20  20 20 20 20  20 20 20 20 
0D6BEF00: 20 20 20 20  20 20 20 20  20 20 20 20  20 20 20 20 
0D6BEF10: 20 20 20 20  20 20 20 20  20 20 20 20  20 20 20 20 
0D6BEF20: 20 20 20 20  20 20 20 20  20 20 20 20  20 20 20 20 
0D6BEF30: 20 20 20 20  20 20 20 20  20 20 20 20  20 20 20 20 
0D6BEF40: 20 20 20 20  20 20 20 20  20 20 20 20  20 20 20 20 
0D6BEF50: 20 20 20 20  20 20 20 20  20 20 20 20  20 20 20 20 
0D6BEF60: 20 20 20 20  20 20 20 20  20 20 20 20  20 20 20 20 
0D6BEF70: 20 20 20 20  20 20 20 20  20 20 20 20  20 20 20 20 
0D6BEF80: 20 20 20 20  20 20 20 20  20 20 20 20  20 20 20 20 
0D6BEF90: 20 20 20 20  20 20 20 20  20 20 20 20  20 20 20 20 
0D6BEFA0: 20 20 20 20  20 20 20 20  20 20 20 20  20 20 20 20 
0D6BEFB0: 20 20 20 20  20 20 20 20  20 20 20 20  20 20 20 20 
0D6BEFC0: 20 20 20 20  20 20 20 20  20 20 20 20  20 20 20 20 
0D6BEFD0: 20 20 20 20  20 20 20 20  20 20 20 20  20 20 20 20 
0D6BEFE0: 20 20 20 20  20 20 20 20  20 20 20 20  20 20 20 20 
0D6BEFF0: 20 20 20 20  20 20 20 20  20 20 20 20  20 20 20 20 
0D6BF000: 20 20 20 20  20 20 20 20  20 20 20 20  20 20 20 20 
0D6BF010: 20 20 20 20  20 20 20 20  20 20 20 20  20 20 20 20 
0D6BF020: 20 20 20 20  20 20 20 20  20 20 20 20  20 20 20 20 
0D6BF030: 20 20 20 20  20 20 20 20  20 20 20 20  20 20 20 20 
0D6BF040: 20 20 20 20  20 20 20 20  20 20 20 20  20 20 20 20 
0D6BF050: 20 20 20 20  20 20 20 20  20 20 20 20  20 20 20 20 
0D6BF060: 20 20 20 20  20 20 20 45  4E 54 52 45  47 55 45 20 
0D6BF070: 20 20 20 20  20 20 20 20  20 20 20 20  20 20 20 20 
0D6BF080: 20 20 20 20  20 20 20 20  20 20 20 20  20 20 20 20 
0D6BF090: 20 20 20 20  20 20 20 20  20 43 6F 6C  69 73 E3 6F 
0D6BF0A0: 20 20 20 20  20 20 20 20  20 20 20 20  20 20 20 20 
0D6BF0B0: 20 20 20 20  20 20 20 32  20 2D 20 56  69 73 74 2E 
0D6BF0C0: 2F 41 75 74  6F 72 69 7A  61 64 6F 20  20 20 20 20 
0D6BF0D0: 20 20 20 20  20 28 33 33  29 20 39 38  38 31 38 20 
0D6BF0E0: 39 38 39 37  20 28 72 65  73 29 20 2F  20 4D 55 52 
0D6BF0F0: 49 4C 4F 53  43 48 49 54  54 49 4E 49  40 47 4D 41 
0D6BF100: 49 4C 2E 43  4F 4D 20 28  6D 61 69 6C  29 20 20 20 
0D6BF110: 20 20 20 20  20 20 20 20  20 20 20 20  20 20 20 20 
0D6BF120: 20 20 20 20  20 20 20 20  20 20 20 20  20 20 20 20 
0D6BF130: 20 20 20 20  20 20 20 20  20 20 20 20  20 20 20 20 
0D6BF140: 20 20 20 20  20 20 20 20  20 20 20 20  20 20 20 20 
0D6BF150: 20 20 20 20  20 20 20 20  20 20 20 20  20 20 20 20 
0D6BF160: 20 20 20 20  20 20 20 20  20 20 20 20  20 20 20 20 
0D6BF170: 20 20 20 20  20 20 20 20  20 20 20 20  20 20 20 20 
0D6BF180: 20 20 20 20  20 20 20 20  20 20 20 20  20 20 20 20 
0D6BF190: 20 20 20 20  20 20 20 20  20 20 20 20  20 20 20 20 
0D6BF1A0: 20 20 20 20  20 20 20 20  20 20 20 20  20 20 20 20 
0D6BF1B0: 20 20 20 20  20 20 20 20  20 20 20 20  20 20 20 20 
0D6BF1C0: 20 20 20 20  20 20 20 20  20 20 20 20  20 20 20 20 
0D6BF1D0: 20 20 20 20  20 20 20 20  20 20 20 20  20 20 20 20 
0D6BF1E0: 20 20 20 20  20 20 20 20  20 20 20 20  20 20 20 20 
0D6BF1F0: 20 20 20 20  20 20 20 20  20 20 20 20  20 20 20 20 
0D6BF200: 20 20 20 20  20 20 20 20  20 20 20 20  20 20 20 20 
0D6BF210: 20 20 20 20  20 20 20 20  20 20 20 20  20 20 20 20 
0D6BF220: 20 20 20 20  20 20 20 20  20 20 20 20  20 20 20 20 
0D6BF230: 20 20 20 20  20 20 20 20  20 20 20 20  20 20 20 20 
0D6BF240: 20 20 20 20  20 20 20 20  20 20 20 20  20 20 20 20 
0D6BF250: 20 20 20 20  20 20 20 20  20 20 20 20  20 20 20 20 
0D6BF260: 20 20 20 20  20 20 20 20  20 20 20 20  20 20 20 20 
0D6BF270: 20 20 20 20  20 20 20 20  20 20 20 20  20 20 20 20 
0D6BF280: 20 20 20 20  20 20 20 20  20 20 20 20  20 20 20 20 
0D6BF290: 20 20 20 20  20 20 20 20  20 20 20 20  20 20 20 20 
0D6BF2A0: 20 20 20 20  20 20 20 20  20 20 20 20  20 20 20 20 
0D6BF2B0: 20 20 20 20  20 20 20 20  20 20 20 20  20 20 20 20 
0D6BF2C0: 20 20 20 20  20 20 20 20  20 20 20 20  20 20 20 20 
0D6BF2D0: 20 20 20 20  20 20 20 20  20 20 20 20  20 20 20 20 
0D6BF2E0: 20 20 20 20  20 20 20 20  20 20 20 20  20 20 20 20 
0D6BF2F0: 20 20 20 20  20 20 34 20  20 20 20 20  20 20 20 20 
0D6BF300: 20 20 20 20  20 20 20 45  20 20 41 4C  41 4E 20 52 
0D6BF310: 45 49 53 20  53 49 4C 56  41 20 20 20  20 20 20 20 
0D6BF320: 20 20 20 20  20 20 20 20  20 20 20 20  20 20 20 20 
0D6BF330: 20 20 20 20  20 20 20 20  20 20 20 20  20 20 20 20 
0D6BF340: 20 20 20 20  20 20 52 20  53 61 6E 74  69 61 67 6F 
0D6BF350: 2C 20 34 38  20 20 20 20  20 20 20 20  20 20 20 20 
0D6BF360: 20 20 20 20  20 20 20 20  20 20 20 20  20 20 20 20 
0D6BF370: 20 20 20 20  20 20 20 20  20 20 20 20  20 20 20 20 
0D6BF380: 20 20 20 20  20 20 20 20  20 20 20 20  20 20 20 20 
0D6BF390: 20 20 20 20  20 20 4A 75  72 65 6D 61  20 20 20 20 
0D6BF3A0: 20 20 20 20  20 20 20 20  20 20 20 20  20 20 20 20 
0D6BF3B0: 20 20 20 20  56 69 74 6F  72 69 61 20  64 61 20 43 
0D6BF3C0: 6F 6E 71 75  69 73 74 61  20 20 20 20  20 20 20 20 
0D6BF3D0: 20 20 42 41  20 20 20 20  20 20 20 20  20 20 20 20 
0D6BF3E0: 20 20 20 20  20 20 34 35  30 32 33 2D  30 31 30 20 
0D6BF3F0: 30 34 31 2E  38 08 00 27  0D 00 00 00  00 00 00 00 
0D6BF400: 00 00 00 00  00 00 00 00  00 00 02 73  80 00 00 00 
0D6BF410: 00 00 00 00  00 00 00 00  00 00 00 00  00 00 00 00 
0D6BF420: 00 00 00 00  00 00 00 00  00 00 00 00  00 00 00 00 
0D6BF430: 00 00 00 00  00 00 00 00  00 00 00 00  00 00 00 00 
0D6BF440: 00 00 00 00  00 00 00 00  00 00 00 00  00 00 00 00 
0D6BF450: 00 00 00 00  00 00 00 00  00 00 00 00  00 00 00 00 
0D6BF460: 00 00 A0 B0  27 0D 00 00  00 00 00 00  02 00 00 00 
0D6BF470: 00 00 00 00  00 00 00 00  00 00 20 20  20 20 20 20 
0D6BF480: 20 20 20 20  20 20 20 20  20 20 20 20  20 20 20 20 
0D6BF490: 20 20 20 20  20 20 20 20  20 20 20 20  20 20 20 20 
0D6BF4A0: 20 20 20 20  20 20 20 20  20 20 20 20  20 20 20 20 
0D6BF4B0: 20 20 20 20  20 20 20 20  20 20 20 20  20 20 00 00 
0D6BF4C0: 00 00 00 F7  36 01 00 F7  36 01 00 00  00 00 00 00 
0D6BF4D0: 00 00 00 80  70 27 0D 00  00 00 00 00  00 01 00 00 
0D6BF4E0: 00 00 00 00  00 00 00 20  20 28 78 0A  0E 80 6E 27 
0D6BF4F0: 0D 80 6C 27  0D E8 AB 28  0D 00 00 00  00 00 00 00 
0D6BF500: 20 20 20 20  20 20 20 20  20 20 20 20  20 20 20 20 
0D6BF510: 20 20 20 20  20 20 20 20  20 20 20 20  20 20 20 20 
0D6BF520: 20 20 20 20  20 20 20 20  20 20 20 20  20 20 20 20 
0D6BF530: 20 20 20 20  20 20 20 20  20 20 20 20  00 00 00 00 
0D6BF540: 00 00 00 00  00 00 00 00  00 05 00 02  00 00 00 46 
0D6BF550: 55 4E 49 4C  41 52 49 41  20 20 20 20  20 20 20 20 
0D6BF560: 20 20 20 20  20 20 20 20  20 20 20 20  20 20 20 20 
0D6BF570: 20 20 20 20  20 20 20 4E  E3 6F 20 49  6E 69 63 69 
0D6BF580: 61 64 6F 20  20 20 20 20  20 20 20 20  20 20 20 20 
0D6BF590: 20 20 20 20  20 20 20 20  20 20 20 20  20 20 20 01 
0D6BF5A0: 01 00 00 00  00 00 00 00  00 00 00 01  01 43 20 47 
0D6BF5B0: 20 B8 E0 27  0D 03 00 00  00 05 00 00  00 01 00 01 
0D6BF5C0: 01 01 01 01  00 00 00 00  00 00 00 00  00 01 01 00 
0D6BF5D0: 00 FC 01 00  00 00 00 00  00 20 20 20  20 20 20 20 
0D6BF5E0: 20 1C F6 6B  0D 78 1F 47  01 B0 09 52  0D 1B 00 00 
0D6BF5F0: 00 03 F6 6B  0D 30 1F 47  01 50 62 31  0D 19 00 00 
0D6BF600: 00 01 00 4F  53 20 30 30  30 33 39 39  20 20 20 20 
0D6BF610: 20 20 20 20  20 20 20 01  8F 01 00 00  4D 41 54 2E 
0D6BF620: 20 43 4F 4E  53 2E 20 20  20 20 20 20  20 20 20 20 
0D6BF630: 03 00 00 00  00 00 01 00  B1 FD 6B 0D  00 1F 47 01 
0D6BF640: 00 00 00 00  22 00 00 00  4D 41 54 2E  20 43 4F 4E 
0D6BF650: 53 2E 20 20  20 20 20 20  20 20 20 20  20 20 20 20 
0D6BF660: 20 20 20 20  20 20 20 20  20 20 20 20  20 20 20 20 
0D6BF670: 20 20 20 20  20 20 20 20  20 20 20 20  20 20 20 20 
0D6BF680: 20 20 20 20  54 49 4E 54  41 20 42 50  20 4C 41 5A 
0D6BF690: 5A 55 44 55  52 20 20 20  20 20 20 20  20 20 20 20 
0D6BF6A0: 20 20 20 20  20 20 20 20  20 20 20 20  20 20 20 20 
0D6BF6B0: 20 20 20 20  20 20 20 20  20 20 20 20  20 20 20 20 
0D6BF6C0: 20 20 20 20  20 20 20 20  20 20 20 20  20 20 20 20 
0D6BF6D0: 20 20 20 20  20 20 20 20  20 20 20 20  20 20 20 20 
0D6BF6E0: 20 20 20 20  20 20 20 20  20 20 20 20  20 20 20 20 
0D6BF6F0: 20 20 20 20  20 20 20 20  20 20 20 20  20 20 20 20 
0D6BF700: 20 20 20 20  20 20 20 20  20 20 20 20  20 20 20 20 
0D6BF710: 00 00 00 00  90 00 00 00  00 00 00 00  00 00 00 00 
0D6BF720: 00 00 00 00  00 20 20 20  20 20 20 20  20 20 20 20 
0D6BF730: 20 20 20 20  20 20 20 20  20 20 00 00  00 00 00 00 
0D6BF740: 00 00 00 00  00 36 90 00  F0 00 00 00  00 36 90 00 
0D6BF750: 00 00 00 00  00 00 00 00  00 01 00 00  00 20 20 20 
0D6BF760: 20 20 20 20  20 20 20 20  20 20 20 20  20 20 20 20 
0D6BF770: 20 20 20 20  20 20 20 20  20 20 20 57  45 55 44 45 
0D6BF780: 53 20 45 4D  49 44 49 4F  20 44 45 20  53 4F 55 5A 
0D6BF790: 41 20 20 20  20 20 20 20  20 20 20 20  20 20 20 20 
0D6BF7A0: 20 20 20 20  20 20 20 20  20 20 20 20  20 20 20 20 
0D6BF7B0: 20 20 20 20  20 20 20 20  20 20 20 20  20 20 20 20 
0D6BF7C0: 20 20 20 20  20 20 20 20  20 20 20 20  20 20 20 20 
0D6BF7D0: 20 20 20 20  20 20 20 20  20 20 20 20  20 20 20 20 
0D6BF7E0: 20 20 20 20  20 20 20 20  20 20 20 20  20 20 20 20 
0D6BF7F0: 20 20 20 20  20 20 20 20  20 20 20 20  20 20 20 20 
0D6BF800: 20 20 20 20  20 20 20 20  20 20 20 20  20 20 20 20 
0D6BF810: 20 20 20 20  20 20 20 20  20 20 20 20  20 20 20 20 
0D6BF820: 20 20 20 20  20 20 20 20  20 20 20 20  20 20 20 20 
0D6BF830: 20 20 20 20  20 20 20 20  20 20 20 20  20 20 20 20 
0D6BF840: 20 20 20 20  20 20 20 20  20 20 20 20  20 20 20 20 
0D6BF850: 20 20 20 20  20 20 20 20  20 20 20 20  20 20 20 20 
0D6BF860: 20 20 20 20  20 20 20 20  20 20 20 20  20 20 20 20 
0D6BF870: 20 20 20 20  20 20 20 20  20 20 45 73  74 6F 71 75 
0D6BF880: 65 20 20 20  20 20 20 20  20 20 20 20  20 20 20 20 
0D6BF890: 20 20 20 20  20 20 20 20  20 20 20 20  20 20 20 20 
0D6BF8A0: 20 20 20 20  20 20 20 20  20 20 20 20  20 20 20 20 
0D6BF8B0: 20 20 20 20  20 20 20 20  20 20 20 20  20 20 20 20 
0D6BF8C0: 20 20 20 20  20 20 20 20  20 20 20 20  20 20 20 20 
0D6BF8D0: 20 20 20 20  F0 00 00 00  01 00 00 00  C4 4D 4F 01 
0D6BF8E0: 35 F9 6B 0D  07 04 3C F9  6B 0D 07 03  43 F9 6B 0D 
0D6BF8F0: 07 04 4A F9  6B 0D 07 04  51 F9 6B 0D  07 04 58 F9 
0D6BF900: 6B 0D 07 04  5F F9 6B 0D  03 00 62 F9  6B 0D 00 00 
0D6BF910: 00 00 00 00  00 00 00 00  00 00 00 00  00 00 00 00 
0D6BF920: 00 00 00 00  00 00 00 00  00 00 00 00  00 00 00 00 
0D6BF930: 00 00 00 00  01 00 00 00  00 00 00 00  00 00 00 00 
0D6BF940: 00 10 00 00  00 00 00 00  00 00 00 00  00 00 00 00 
0D6BF950: 00 00 00 00  00 00 00 00  00 00 00 00  00 00 00 00 
0D6BF960: 00 03 01 00  00 00 00 00  00 00 00 00  00 00 00 00 
0D6BF970: 00 00 00 00  00 00 00 00  00 00 00 00  00 00 00 00 
0D6BF980: 00 00 00 00  00 00 00 00  00 00 00 C0  5C 15 10 00 
0D6BF990: 00 00 00 00  00 00 00 00  00 00 00 00  00 00 00 00 
0D6BF9A0: 00 00 00 00  00 00 00 00  00 00 00 00  00 00 00 00 
0D6BF9B0: 00 00 00 00  00 00 00 00  00 00 20 20  20 20 20 20 
0D6BF9C0: 20 20 20 20  20 20 20 20  20 20 20 20  20 20 20 20 
0D6BF9D0: 20 20 20 20  20 20 20 20  20 20 20 20  20 20 20 20 
0D6BF9E0: 20 20 20 20  20 20 20 20  20 20 20 20  20 20 20 20 
0D6BF9F0: 20 20 20 20  20 20 20 20  20 20 20 20  20 20 20 20 
0D6BFA00: 20 20 20 20  20 20 20 20  20 20 20 20  20 20 20 20 
0D6BFA10: 20 20 20 20  20 20 20 20  20 20 20 20  20 20 20 20 
0D6BFA20: 20 20 20 20  20 20 20 20  20 20 20 20  20 20 20 20 
0D6BFA30: 20 20 20 20  20 20 20 20  20 20 20 20  20 20 20 20 
0D6BFA40: 20 20 20 20  20 20 20 20  20 20 20 20  20 20 20 20 
0D6BFA50: 20 20 20 20  20 20 20 20  20 20 20 20  20 20 20 20 
0D6BFA60: 20 20 20 20  20 20 20 20  20 20 20 20  20 20 20 20 
0D6BFA70: 20 20 20 20  20 20 20 20  20 20 20 20  20 20 20 20 
0D6BFA80: 20 20 20 20  20 20 20 20  20 20 20 20  20 20 20 20 
0D6BFA90: 20 20 20 20  20 20 20 20  20 20 20 20  20 20 20 20 
0D6BFAA0: 20 20 20 20  20 20 20 20  20 20 20 20  20 20 20 20 
0D6BFAB0: 20 20 20 20  20 20 20 20  20 20 20 20  20 20 20 20 
0D6BFAC0: 20 20 20 20  20 20 20 20  20 20 20 20  20 20 20 20 
0D6BFAD0: 20 20 20 20  20 20 20 20  20 20 20 20  20 20 20 20 
0D6BFAE0: 20 20 20 20  20 20 20 20  20 20 20 20  20 20 20 20 
0D6BFAF0: 20 20 20 20  20 20 20 20  20 20 20 20  20 20 20 2F 
0D6BFB00: FC 6B 0D D8  16 47 01 08  1F DC 0B 81  00 00 00 00 
0D6BFB10: 32 28 0D B0  19 47 01 70  E1 C5 0F 0B  01 00 00 00 
0D6BFB20: 00 00 00 00  00 00 00 00  00 00 00 00  00 00 00 00 
0D6BFB30: 00 00 00 00  00 00 00 00  00 00 00 00  00 00 00 00 
0D6BFB40: 00 00 00 00  00 00 00 00  00 00 00 00  00 00 00 00 
0D6BFB50: 00 00 00 00  00 00 00 00  00 00 00 00  00 00 00 00 
0D6BFB60: 00 00 00 00  00 00 00 00  00 00 00 00  00 00 00 00 
0D6BFB70: 00 00 00 F8  F3 28 0D 18  06 47 01 00  00 00 00 12 
0D6BFB80: 01 00 00 50  2E 20 56 65  6E 64 61 20  20 20 20 20 
0D6BFB90: 20 20 20 20  20 20 20 20  20 20 20 20  20 20 20 20 
0D6BFBA0: 20 20 20 20  20 20 20 20  20 20 20 20  20 20 20 20 
0D6BFBB0: 20 20 20 20  20 20 20 20  20 20 20 20  20 20 20 20 
0D6BFBC0: 20 20 20 20  20 20 20 20  20 20 20 20  20 20 20 20 
0D6BFBD0: 20 20 20 20  20 20 20 20  20 20 20 20  20 20 20 20 
0D6BFBE0: 20 20 20 20  20 20 20 20  20 20 20 20  20 20 20 20 
0D6BFBF0: 20 20 20 20  20 20 20 20  20 20 20 4A  FD 6B 0D BC 
0D6BFC00: 05 47 01 58  57 CD 0F 3D  00 00 00 20  20 20 20 20 
0D6BFC10: 20 20 20 20  20 20 20 20  20 20 20 20  20 20 20 28 
0D6BFC20: FD 6B 0D 70  16 47 01 38  9B E0 0D 0A  00 00 00 20 
0D6BFC30: 20 20 20 20  20 20 20 20  20 20 20 20  20 20 20 20 
0D6BFC40: 20 20 20 20  20 20 20 20  20 20 20 20  20 20 20 20 
0D6BFC50: 20 20 20 20  20 20 20 20  20 20 20 20  20 20 20 20 
0D6BFC60: 20 00 00 00  00 00 00 00  00 00 00 00  96 00 00 00 
0D6BFC70: 0A 00 00 00  20 20 20 20  20 20 20 20  20 20 20 20 
0D6BFC80: 20 20 20 20  20 20 20 20  00 00 00 00  00 00 00 00 
0D6BFC90: 44 72 6F 70  4C 69 73 74  20 20 00 20  20 20 20 20 
0D6BFCA0: 20 20 20 20  20 20 20 20  20 20 20 20  20 20 20 00 
0D6BFCB0: F8 F3 28 0D  A0 66 28 0D  00 00 80 00  00 FF 00 00 
0D6BFCC0: FF FF FF FF  00 80 00 00  00 00 80 00  FF FF 00 00 
0D6BFCD0: FF FF FF FF  FF D2 00 00  42 00 00 00  00 00 80 00 
0D6BFCE0: FF 53 53 00  FF FF FF FF  FF 00 00 00  21 00 00 00 
0D6BFCF0: 00 00 80 00  FF 53 53 00  FF FF FF FF  FF 00 00 00 
0D6BFD00: 00 00 80 00  FF FF 00 00  FF FF FF FF  FF D2 00 00 
0D6BFD10: 28 00 00 00  00 00 80 00  00 FF 00 00  FF FF FF FF 
0D6BFD20: 00 80 00 00  19 00 00 00  00 00 23 00  00 00 08 00 
0D6BFD30: 00 00 00 48  4A 07 0E 00  00 00 00 00  00 00 00 00 
0D6BFD40: 00 00 F0 BB  28 0D 05 00  00 00 03 00  00 00 00 4D 
0D6BFD50: 45 43 41 4E  49 43 41 20  20 20 20 20  20 20 20 20 
0D6BFD60: 20 20 20 20  20 20 20 20  20 20 20 20  20 20 20 20 
0D6BFD70: 20 20 4D 65  63 E2 6E 69  63 61 20 20  20 20 20 20 
0D6BFD80: 20 20 20 20  20 20 01 00  57 10 00 00  20 78 5C 27 
0D6BFD90: 0D 00 32 28  0D 01 01 00  01 01 01 00  00 00 00 01 
0D6BFDA0: 01 00 00 00  40 39 27 0D  01 08 EC 28  0D 38 01 27 
0D6BFDB0: 0D 20 20 20  20 20 20 20  20 20 20 20  20 20 20 20 
0D6BFDC0: 20 20 20 20  20 20 20 20  20 20 20 20  20 20 20 00 
0D6BFDD0: 00 00 00 00  E4 FD 6B 0D  38 85 46 01  88 21 B8 0F 
0D6BFDE0: D0 00 00 00  53 49 54 55  41 C7 C3 4F  20 43 4F 4D 
0D6BFDF0: 45 52 43 49  41 4C 20 20  20 20 20 20  20 20 20 20 
0D6BFE00: 20 20 20 20  20 20 20 20  20 20 20 20  00 00 50 65 
0D6BFE10: 73 71 2E 20  53 61 74 69  73 66 61 E7  E3 6F 20 20 
0D6BFE20: 20 20 20 20  20 20 20 20  20 20 20 20  20 20 20 20 
0D6BFE30: 20 20 20 20  20 20 20 20  20 20 20 20  20 20 20 20 
0D6BFE40: 20 20 20 20  20 20 20 20  20 20 20 20  20 20 20 20 
0D6BFE50: 20 20 20 20  20 20 20 20  20 20 20 20  20 20 20 20 
0D6BFE60: 20 20 20 20  20 20 20 20  20 20 20 20  20 20 20 20 
0D6BFE70: 20 20 20 20  20 20 20 20  20 20 20 20  20 20 20 20 
0D6BFE80: 20 20 20 20  20 20 20 20  20 20 20 20  20 20 20 20 
0D6BFE90: 20 20 20 20  20 20 20 20  20 20 20 20  20 20 20 20 
0D6BFEA0: 20 20 20 20  20 20 20 20  20 20 20 20  20 20 20 20 
0D6BFEB0: 20 20 20 01  18 EC 07 0E  BC FE 6B 0D  FC FE 6B 0D 
0D6BFEC0: BD 4E 3B 01  8C 00 CA 0A  48 FF 6B 0D  48 FF 6B 0D 
0D6BFED0: 94 FF 42 72  77 4F 53 53  74 61 72 74  28 09 27 0D 
0D6BFEE0: 00 10 00 00  F7 D9 0B 01  10 2A 13 01  56 59 11 01 
0D6BFEF0: 48 FF 6B 0D  80 A1 65 00  2E C4 0B 01  94 FF 6B 0D 
0D6BFF00: 1C D7 0B 01  CC FF 6B 0D  CC FF 6B 0D  71 59 11 01 
0D6BFF10: 48 FF 6B 0D  48 FF 6B 0D  48 FF 6B 0D  04 00 00 00 
0D6BFF20: 1C D7 0B 01  48 FF 6B 0D  2C D7 0B 01  68 FF 6B 0D 
0D6BFF30: 94 FF 6B 0D  48 FF 6B 0D  8C 00 CA 0A  00 00 00 00 
0D6BFF40: 52 23 21 77  8C 00 CA 0A  10 2A 13 01  00 00 00 00 
0D6BFF50: 04 00 00 00  78 2A 13 01  8C 00 CA 0A  BC D7 0B 01 
0D6BFF60: 2C D7 0B 01  8C 00 CA 0A  00 00 00 00  14 B0 00 00 
0D6BFF70: 00 00 00 00  00 00 00 00  5F 83 FA 6E  7F 02 00 00 
0D6BFF80: 6B 00 00 00  04 7C E6 74  8C 00 CA 0A  E0 7B E6 74 
0D6BFF90: C0 2F 50 50  DC FF 6B 0D  8F AD 27 77  8C 00 CA 0A 
0D6BFFA0: 60 7E 97 53  00 00 00 00  00 00 00 00  8C 00 CA 0A 
0D6BFFB0: 00 00 00 00  00 00 00 00  00 00 00 00  00 00 00 00 
0D6BFFC0: 60 7E 97 53  A0 FF 6B 0D  00 00 00 00  E4 FF 6B 0D 
0D6BFFD0: A0 74 2B 77  1C 2C DB 29  00 00 00 00  EC FF 6B 0D 
0D6BFFE0: 5A AD 27 77  FF FF FF FF  D9 00 26 77  00 00 00 00 
0D6BFFF0: 00 00 00 00  2C D7 0B 01  8C 00 CA 0A  00 00 00 00 
