Unable to open MDI window (No APPLICATION active)
Process PID=00002918  Image: C:\ERP\Esteticar\zeta.exe
Thread 2  Handle=00000364  TID=00005D84

Stack frame: 0D88C0F0

Call Stack:
037BAE82
037C7A90
037C78B0
037CBE02
037D15CF
037B74A0
01244852
012791A6
013B3899

Clarion modules:
01000000  08.00:9563  C:\ERP\Esteticar\ClaRUN.dll
05590000  08.00:9563  C:\ERP\Esteticar\ClaASC.dll
055B0000  08.00:9563  C:\ERP\Esteticar\ClaTPS.dll
00B70000  08.00:9563  C:\ERP\Esteticar\ZWACC.dll
055D0000  08.00:9563  C:\ERP\Esteticar\ClaDOS.dll
07400000  08.00:9563  C:\ERP\Esteticar\ZWFUNCOESWMF.dll
03B80000  08.00:9563  C:\ERP\Esteticar\ZWFUNCOES.dll
05620000  08.00:9759  C:\ERP\Esteticar\IQXML80.dll
00480000  08.00:9563  C:\ERP\Esteticar\ZW15ARQ.dll
00030000  08.00:9563  C:\ERP\Esteticar\ZW33TAB.dll
06D50000  08.00:9563  C:\ERP\Esteticar\ZWFAARQ.dll
05FB0000  08.00:9563  C:\ERP\Esteticar\ClaOLE.dll
08FB0000  08.00:9563  C:\ERP\Esteticar\ClaDB3.dll
08FE0000  08.00:9563  C:\ERP\Esteticar\ClaDB4.dll
09010000  08.00:9563  C:\ERP\Esteticar\ClaODB.dll
06BC0000  08.00:9563  C:\ERP\Esteticar\ZWENARQ.dll
00FE0000  08.00:9563  C:\ERP\Esteticar\ZWIND.dll
08F30000  08.00:9563  C:\ERP\Esteticar\ZWCMARQ.dll
06E10000  08.00:9563  C:\ERP\Esteticar\ZWFLARQ.dll
06500000  08.00:9563  C:\ERP\Esteticar\ZWCOARQ.dll
06D30000  08.00:9563  C:\ERP\Esteticar\ZWETARQ.dll
076C0000  08.00:9563  C:\ERP\Esteticar\ZWGIND.dll
076D0000  08.00:9563  C:\ERP\Esteticar\ZWPRARQ.dll
07200000  08.00:9563  C:\ERP\Esteticar\ZWPEDP.dll
067A0000  08.00:9563  C:\ERP\Esteticar\ZWCXARQ.dll
07E50000  08.00:9563  C:\ERP\Esteticar\ZWREEMB.dll
07C40000  08.00:9563  C:\ERP\Esteticar\ZWVARQ.dll
06AE0000  08.00:9563  C:\ERP\Esteticar\ZWDARQ.dll
06DB0000  08.00:9563  C:\ERP\Esteticar\ZWFIARQ.dll
08930000  08.00:9563  C:\ERP\Esteticar\ZW33NFCE.dll
09060000  08.00:9563  C:\ERP\Esteticar\ZWAGFC.dll
090E0000  08.00:9563  C:\ERP\Esteticar\ZWAOCM.dll
04420000  08.00:9563  C:\ERP\Esteticar\ZWRELHTM.dll
09200000  08.00:9563  C:\ERP\Esteticar\ZWEIARQ.dll
07520000  08.00:9563  C:\ERP\Esteticar\E_PON.dll
07530000  08.00:9563  C:\ERP\Esteticar\ZWPOARQ.dll
075A0000  08.00:9563  C:\ERP\Esteticar\ZWSOPE.dll
07500000  08.00:9563  C:\ERP\Esteticar\ZWOCARQ.dll
07220000  08.00:9563  C:\ERP\Esteticar\ZWFRARQ.dll
07300000  08.00:9563  C:\ERP\Esteticar\ZWFRREL.dll
07280000  08.00:9563  C:\ERP\Esteticar\ZWFRFNC.dll
07210000  08.00:9563  C:\ERP\Esteticar\EXT_FRE.dll
03460000  08.00:9563  C:\ERP\Esteticar\ZWFRPRI.dll
06D70000  08.00:9563  C:\ERP\Esteticar\ZWRFAS.dll
06010000  08.00:9563  C:\ERP\Esteticar\ZW15FIC.dll
05A80000  08.00:9563  C:\ERP\Esteticar\ZW15REL.dll
08F70000  08.00:9563  C:\ERP\Esteticar\ZWCMREL.dll
03CD0000  08.00:9563  C:\ERP\Esteticar\ZWMSG.dll
077A0000  08.00:9563  C:\ERP\Esteticar\ZWRPRO.dll
06E90000  08.00:9563  C:\ERP\Esteticar\ZWFLX2.dll
06FD0000  08.00:9563  C:\ERP\Esteticar\ZWFLREL.dll
06FA0000  08.00:9563  C:\ERP\Esteticar\ZWFLCABC.dll
03D00000  08.00:9563  C:\ERP\Esteticar\ZWOCORR.dll
087A0000  08.00:9563  C:\ERP\Esteticar\ZWVCXA.dll
07550000  08.00:9563  C:\ERP\Esteticar\ZWRPON.dll
05F90000  08.00:9563  C:\ERP\Esteticar\ZWGPON.dll
03D40000  08.00:9563  C:\ERP\Esteticar\ZWPONTO.dll
03C70000  08.00:9563  C:\ERP\Esteticar\ZWHENT.dll
09190000  08.00:9563  C:\ERP\Esteticar\ZWEID.dll
09180000  08.00:9563  C:\ERP\Esteticar\EXT_VEN.dll
08860000  08.00:9563  C:\ERP\Esteticar\ZWVFRE.dll
04C10000  08.00:9563  C:\ERP\Esteticar\ZWVCHAM.dll
07D50000  08.00:9563  C:\ERP\Esteticar\ZWVFCH.dll
07E60000  08.00:9563  C:\ERP\Esteticar\ZWRVEN.dll
09160000  08.00:9563  C:\ERP\Esteticar\ZWROCM.dll
09110000  08.00:9563  C:\ERP\Esteticar\ZWFOCM.dll
07DB0000  08.00:9563  C:\ERP\Esteticar\ZWOCM.dll
07B30000  08.00:9563  C:\ERP\Esteticar\ZWGVEN.dll
090D0000  08.00:9563  C:\ERP\Esteticar\ZWRGFC.dll
09090000  08.00:9563  C:\ERP\Esteticar\ZWFGFC.dll
075D0000  08.00:9563  C:\ERP\Esteticar\ZWGFC.dll
06890000  08.00:9563  C:\ERP\Esteticar\ZWVFNC.dll
04450000  08.00:9563  C:\ERP\Esteticar\ZWRENT.dll
065A0000  08.00:9563  C:\ERP\Esteticar\ZWRCOM.dll
06380000  08.00:9563  C:\ERP\Esteticar\ZWGPRO.dll
07B10000  08.00:9563  C:\ERP\Esteticar\EXT_SERV.dll
04740000  08.00:9563  C:\ERP\Esteticar\ZWSERV.dll
062E0000  08.00:9563  C:\ERP\Esteticar\ZWGFISCA.dll
05F60000  08.00:9563  C:\ERP\Esteticar\ZWGFAS.dll
02B20000  08.00:9563  C:\ERP\Esteticar\ZWFISCA.dll
02470000  08.00:9563  C:\ERP\Esteticar\ZWEXPNF.dll
06220000  08.00:9563  C:\ERP\Esteticar\ZWECEP.dll
00DD0000  08.00:9563  C:\ERP\Esteticar\ZWDOCMNT.dll
06720000  08.00:9563  C:\ERP\Esteticar\ZWWSI.dll
06B30000  08.00:9563  C:\ERP\Esteticar\ZWDFNC.dll
00D50000  08.00:9563  C:\ERP\Esteticar\ZWDIM.dll
04CB0000  08.00:9563  C:\ERP\Esteticar\ZWVEN.dll
06C30000  08.00:9563  C:\ERP\Esteticar\ZWMOD.dll
03BC0000  08.00:9563  C:\ERP\Esteticar\ZWGENT.dll
06860000  08.00:9563  C:\ERP\Esteticar\ZWSCU.dll
067F0000  08.00:9563  C:\ERP\Esteticar\ZWCXREL.dll
067D0000  08.00:9563  C:\ERP\Esteticar\ZWCXGLO.dll
00C80000  08.00:9563  C:\ERP\Esteticar\ZWCXF.dll
030E0000  08.00:9563  C:\ERP\Esteticar\ZWFLUXO.dll
04920000  08.00:9563  C:\ERP\Esteticar\ZWTAB.dll
075B0000  08.00:9563  C:\ERP\Esteticar\EXT_PRO.dll
03E10000  08.00:9563  C:\ERP\Esteticar\ZWPRO.dll
06570000  08.00:9563  C:\ERP\Esteticar\ZWETG.dll
00EB0000  08.00:9563  C:\ERP\Esteticar\ZWETIQ.dll
01D10000  08.00:9563  C:\ERP\Esteticar\ZWDOC.dll
02FF0000  08.00:9563  C:\ERP\Esteticar\ZWFLPAG.dll
06290000  08.00:9563  C:\ERP\Esteticar\ZWGCOM.dll
061E0000  08.00:9563  C:\ERP\Esteticar\ZW15IMG.dll
064D0000  08.00:9563  C:\ERP\Esteticar\E_CPR.dll
01850000  08.00:9563  C:\ERP\Esteticar\ZWCOMPRS.dll
06F90000  08.00:9563  C:\ERP\Esteticar\EXT_FLU.dll
05DB0000  08.00:9563  C:\ERP\Esteticar\ZWFLGLO.dll
08F50000  08.00:9563  C:\ERP\Esteticar\ZWCMGLO.dll
06B70000  08.00:9563  C:\ERP\Esteticar\ZWCMIS.dll
01F70000  08.00:9563  C:\ERP\Esteticar\ZWENT.dll
00530000  08.00:9563  C:\ERP\Esteticar\ZW15CON.dll
00670000  08.00:9563  C:\ERP\Esteticar\ZW15ENT.dll
05FD0000  08.00:9563  C:\ERP\Esteticar\EXT_ENT.dll
01180000  08.00:9563  C:\ERP\Esteticar\ZW15OPE.dll
00EF0000  08.00:9563  C:\ERP\Esteticar\ZWFASES.dll
055F0000  08.00:9563  C:\ERP\Esteticar\E_FAS.dll
00770000  08.00:9563  C:\ERP\Esteticar\ZW15GLO.dll
00FF0000  08.00:9563  C:\ERP\Esteticar\EXTERNAL.dll
03640000  08.00:9563  C:\ERP\Esteticar\ZWFUNC1.dll
00340000  08.00:9563  C:\ERP\Esteticar\BRWCONF.dll
00C60000  08.00:9563  C:\ERP\Esteticar\ZWBACK.dll
07AE0000  08.00:9563  C:\ERP\Esteticar\EXT_RES.dll
04700000  08.00:9563  C:\ERP\Esteticar\ZWRESUMO.dll
00400000  08.00:9563  C:\ERP\Esteticar\zeta.exe
0B9D0000  08.00:9563  C:\ERP\Esteticar\zwpaacc.dll

Thread stack:
0D88C0F0: 20 C2 88 0D  82 AE 7B 03  3C 3A 89 0D  18 01 89 0D 
0D88C100: 20 C2 88 0D  18 C1 88 0D  68 C7 88 0D  00 F3 05 1B 
0D88C110: 60 0C 40 0D  58 0C 40 0D  02 00 00 00  3C 3A 89 0D 
0D88C120: 80 4D FE 0F  C4 00 89 0D  3C 01 89 0D  C7 C1 88 0D 
0D88C130: 60 0C 40 0D  18 01 89 0D  00 00 00 00  20 20 20 20 
0D88C140: 20 20 20 20  20 20 20 20  20 20 20 20  20 20 20 20 
0D88C150: 20 20 20 20  20 20 20 20  20 20 20 20  20 20 20 20 
0D88C160: 20 20 20 20  20 20 20 20  20 20 20 20  20 20 20 20 
0D88C170: 20 20 20 20  20 20 20 20  20 20 20 20  20 20 20 20 
0D88C180: 20 20 20 20  20 20 20 20  20 20 20 20  46 4E 43 5F 
0D88C190: 55 70 64 4D  69 64 69 61  73 4F 72 69  67 65 6D 00 
0D88C1A0: F0 C1 88 0D  F8 BF 13 01  F0 C1 88 0D  1F 20 00 00 
0D88C1B0: F8 BF 13 01  2E 3C 0E 01  00 00 00 00  00 00 00 00 
0D88C1C0: 00 00 00 00  58 C2 88 6C  A3 7D 03 00  00 00 00 00 
0D88C1D0: 00 00 00 00  00 00 00 00  00 00 00 00  00 00 00 00 
0D88C1E0: 00 00 00 00  00 00 00 00  00 00 00 00  00 00 00 00 
0D88C1F0: 00 00 00 00  00 00 00 00  00 00 38 E5  07 1B 78 03 
0D88C200: 05 1B 02 00  00 00 00 00  00 00 00 00  02 00 00 00 
0D88C210: 80 25 FF 1A  00 00 00 00  01 00 00 00  20 C2 88 0D 
0D88C220: 58 C2 88 0D  90 7A 7C 03  85 2F FB 0F  68 C7 88 0D 
0D88C230: 00 F3 05 1B  00 00 00 00  5C 0C 40 0D  35 BD 0B 00 
0D88C240: 60 0C 40 0D  3C 01 89 0D  58 0C 40 0D  5C 0C 40 0D 
0D88C250: 58 C2 88 0D  68 C7 88 0D  78 C2 88 0D  B0 78 7C 03 
0D88C260: 00 00 00 00  78 F3 05 1B  00 00 00 00  70 C3 88 0D 
0D88C270: 78 C2 88 0D  68 C7 88 0D  68 C7 88 0D  02 BE 7C 03 
0D88C280: 70 C3 88 0D  A8 C2 88 0D  04 A9 0D 01  85 2F FB 0F 
0D88C290: 78 F3 05 1B  DE 2F FB 0F  00 00 00 00  78 F3 05 1B 
0D88C2A0: DE 2F FB 0F  00 00 00 00  70 C3 88 0D  CF 86 0D 01 
0D88C2B0: 38 2F FB 0F  00 00 00 00  18 E0 FC 0F  DE 2F FB 0F 
0D88C2C0: 78 F3 05 1B  38 2F FB 0F  78 F3 05 1B  0C 82 0D 01 
0D88C2D0: DE 2F FB 0F  00 00 00 00  84 01 13 01  00 00 00 00 
0D88C2E0: 38 2F FB 0F  38 2F FB 0F  00 00 00 00  70 C3 88 0D 
0D88C2F0: 20 6B 0D 01  97 6B 0D 01  58 0C 40 0D  5C 0C 40 0D 
0D88C300: 00 00 00 00  70 C3 88 0D  B7 B7 7C 03  00 00 00 00 
0D88C310: 38 2F FB 0F  7D 00 00 10  FF 1A 10 05  00 00 00 00 
0D88C320: 00 00 00 00  48 C3 88 0D  00 00 00 00  DC 01 0A 00 
0D88C330: 01 B0 00 00  00 00 00 00  00 00 00 00  45 67 8C 2B 
0D88C340: 7E 01 00 00  F2 00 00 00  D0 01 06 00  03 02 00 00 
0D88C350: 01 00 00 00  7C 00 58 00  A3 67 8C 2B  7E 01 00 00 
0D88C360: F2 00 00 00  2E 9E 0F 01  00 00 00 00  70 C3 88 0D 
0D88C370: 68 C7 88 0D  34 BF 7C 03  A4 CB 88 0D  00 10 00 00 
0D88C380: 68 C7 88 0D  98 C3 88 0D  B8 1B FB 0F  B8 1B FB 0F 
0D88C390: 7B 00 00 00  00 10 00 00  C0 3D 89 0D  A8 1E 01 1B 
0D88C3A0: 58 CA F9 0F  B4 C4 88 0D  D1 C4 88 0D  E3 C5 88 0D 
0D88C3B0: FF C6 88 0D  00 C6 88 0D  5C C4 88 0D  3C 3A 89 0D 
0D88C3C0: 01 00 00 00  20 20 20 20  20 20 20 20  20 20 20 20 
0D88C3D0: 20 20 20 20  20 20 20 20  20 20 20 20  20 20 20 20 
0D88C3E0: 20 20 20 20  20 20 20 20  20 20 20 20  20 20 20 20 
0D88C3F0: 20 20 20 20  20 20 20 20  20 20 20 20  20 20 20 20 
0D88C400: 20 20 20 20  20 20 20 20  20 20 20 20  20 20 20 20 
0D88C410: 20 20 20 20  20 20 20 20  20 20 20 20  20 20 20 20 
0D88C420: 20 20 20 20  20 20 20 20  20 20 20 20  20 20 20 20 
0D88C430: 20 20 20 20  20 20 20 20  46 4E 43 5F  42 72 77 4D 
0D88C440: 69 64 69 61  73 49 6E 74  65 72 6E 61  58 CA F9 0F 
0D88C450: 40 DE 81 03  00 00 00 00  0F 28 00 00  4F 72 64 65 
0D88C460: 6D 20 64 65  20 53 65 72  76 69 E7 6F  20 63 F3 64 
0D88C470: 69 67 6F 20  30 30 30 31  32 33 20 20  20 20 20 20 
0D88C480: 20 20 20 20  20 20 20 20  20 20 20 20  20 20 B8 1B 
0D88C490: FB 0F D8 27  01 1B 78 FB  FA 0F 80 AC  1A 10 7A 77 
0D88C4A0: 31 35 73 65  72 20 20 20  20 20 20 20  20 20 20 20 
0D88C4B0: 20 20 00 01  04 31 82 03  38 2F FB 0F  43 02 00 00 
0D88C4C0: 60 01 00 00  00 00 00 00  00 00 00 00  01 E8 15 03 
0D88C4D0: 1B 04 31 82  03 38 2F FB  0F 43 02 00  00 60 01 00 
0D88C4E0: 00 00 00 00  00 00 00 00  00 01 20 16  03 1B 00 00 
0D88C4F0: 00 00 60 01  00 00 2C 01  00 00 90 01  00 00 02 00 
0D88C500: 00 00 A5 00  00 00 16 00  00 00 02 78  FA F9 0F 00 
0D88C510: D8 14 03 1B  01 01 01 00  00 00 58 16  03 1B 00 66 
0D88C520: 39 61 63 65  62 66 30 2D  61 66 65 66  2D 34 61 61 
0D88C530: 33 2D 61 30  31 61 2D 38  63 62 64 34  30 35 31 64 
0D88C540: 31 30 38 30  64 38 31 36  33 36 62 2D  62 32 64 31 
0D88C550: 2D 34 30 38  37 2D 39 38  62 36 2D 35  64 37 37 65 
0D88C560: 61 62 66 36  65 38 66 B0  E8 FC 1A 65  00 00 00 00 
0D88C570: 01 7A 77 31  35 73 65 72  20 20 20 20  20 20 20 20 
0D88C580: 20 20 20 20  20 20 20 20  20 20 20 20  20 20 20 7B 
0D88C590: 00 00 00 01  7A 77 31 35  73 65 72 20  20 20 20 20 
0D88C5A0: 20 20 20 20  20 20 20 20  20 20 20 20  20 20 20 20 
0D88C5B0: 20 20 7B 00  00 00 01 03  00 00 00 07  00 00 00 20 
0D88C5C0: 20 20 20 20  20 20 20 20  20 20 20 20  20 20 20 20 
0D88C5D0: 20 20 20 20  20 20 20 20  20 20 20 20  20 20 20 20 
0D88C5E0: 20 20 20 C0  2B FB 0F A4  DD 81 03 D0  A5 02 1B 6A 
0D88C5F0: 03 00 00 00  00 00 00 00  0B 00 00 00  02 00 00 00 
0D88C600: 30 30 38 20  20 20 20 20  20 20 20 20  20 20 20 20 
0D88C610: 20 20 20 20  20 20 20 20  20 20 20 20  20 20 20 20 
0D88C620: 20 20 20 20  20 20 20 20  20 20 20 20  20 20 20 20 
0D88C630: 20 20 20 20  20 20 20 20  20 20 20 20  20 20 20 20 
0D88C640: 20 20 20 20  20 20 20 20  20 20 20 20  20 20 20 20 
0D88C650: 20 20 20 20  20 20 20 20  20 20 20 20  20 20 20 20 
0D88C660: 20 20 20 20  20 20 20 20  20 20 20 20  20 20 20 20 
0D88C670: 20 20 20 20  20 20 20 20  20 20 20 20  20 20 20 20 
0D88C680: 20 20 20 20  20 20 20 20  20 20 20 20  20 20 20 20 
0D88C690: 20 20 20 20  20 20 20 20  20 20 20 20  20 20 20 20 
0D88C6A0: 20 20 20 20  20 20 20 20  20 20 20 20  20 20 20 20 
0D88C6B0: 20 20 20 20  20 20 20 20  20 20 20 20  20 20 20 20 
0D88C6C0: 20 20 20 20  20 20 20 20  20 20 20 20  20 20 20 20 
0D88C6D0: 20 20 20 20  20 20 20 20  20 20 20 20  20 20 20 20 
0D88C6E0: 20 20 20 20  20 20 20 20  20 20 20 20  20 20 20 20 
0D88C6F0: 20 20 20 20  20 20 20 20  20 20 20 20  20 20 20 20 
0D88C700: 20 20 20 20  20 20 20 20  20 20 20 20  20 20 20 20 
0D88C710: 20 20 20 20  20 20 20 20  20 20 20 20  20 20 20 20 
0D88C720: 20 20 20 00  00 00 00 00  00 00 00 00  A8 D8 FC 1A 
0D88C730: 58 A7 01 1B  C8 2B 01 1B  68 F5 FB 0F  80 E5 19 10 
0D88C740: 1E 00 00 00  7B 00 00 00  40 0D 1A 10  1E 00 00 00 
0D88C750: 02 00 00 00  38 2F FB 0F  01 00 00 00  01 00 00 00 
0D88C760: C0 2B FB 0F  68 C7 88 0D  C0 C9 88 0D  CF 15 7D 03 
0D88C770: 05 CA 88 0D  E8 03 00 00  B8 1B FB 0F  20 54 1A 10 
0D88C780: 1E 00 00 00  80 88 19 10  1E 00 00 00  1C 6D 7B 03 
0D88C790: 2E CA 88 0D  4C CA 88 0D  E8 03 00 00  67 9F 01 1B 
0D88C7A0: E8 03 00 00  A8 AE C7 88  0D AD C8 88  0D 00 5B 33 
0D88C7B0: 31 38 34 38  28 7A 5F 6D  69 64 69 61  73 2E 69 63 
0D88C7C0: 6F 29 5D 49  6D 61 67 65  6D 7C 2D 7C  5B 33 31 38 
0D88C7D0: 34 38 28 7A  5F 73 61 6C  76 61 72 2E  69 63 6F 29 
0D88C7E0: 5D 53 61 6C  76 61 72 7C  5B 33 31 38  34 38 28 7A 
0D88C7F0: 5F 73 61 6C  76 61 72 63  6F 6D 6F 2E  69 63 6F 29 
0D88C800: 5D 53 61 6C  76 61 72 20  43 6F 6D 6F  7C 43 61 6E 
0D88C810: 63 65 6C 61  72 20 20 20  20 20 20 20  20 20 20 20 
0D88C820: 20 20 20 20  20 20 20 20  20 20 20 20  20 20 20 20 
0D88C830: 20 20 20 20  20 20 20 20  20 20 20 20  20 20 20 20 
0D88C840: 20 20 20 20  20 20 20 20  20 20 20 20  20 20 20 20 
0D88C850: 20 20 20 20  20 20 20 20  20 20 20 20  20 20 20 20 
0D88C860: 20 20 20 20  20 20 20 20  20 20 20 20  20 20 20 20 
0D88C870: 20 20 20 20  20 20 20 20  20 20 20 20  20 20 20 20 
0D88C880: 20 20 20 20  20 20 20 20  20 20 20 20  20 20 20 20 
0D88C890: 20 20 20 20  20 20 20 20  20 20 20 20  20 20 20 20 
0D88C8A0: 20 20 20 20  20 20 20 20  20 20 20 20  20 5B 33 31 
0D88C8B0: 38 34 38 28  7A 5F 6D 69  64 69 61 73  2E 69 63 6F 
0D88C8C0: 29 5D 49 6D  61 67 65 6D  7C 2D 7C 20  20 20 20 20 
0D88C8D0: 20 20 20 20  20 20 20 20  20 20 20 20  20 20 20 20 
0D88C8E0: 20 20 20 20  20 20 20 20  20 20 20 20  20 20 20 20 
0D88C8F0: 20 20 20 20  20 20 20 20  20 20 20 20  20 20 20 20 
0D88C900: 20 20 20 20  20 20 20 20  20 20 20 20  20 20 20 20 
0D88C910: 20 20 20 20  20 20 20 20  20 20 20 20  20 20 20 20 
0D88C920: 20 20 20 20  20 20 20 20  20 20 20 20  20 20 20 20 
0D88C930: 20 20 20 20  20 20 20 20  20 20 20 20  20 20 20 20 
0D88C940: 20 20 20 20  20 20 20 20  20 20 20 20  20 20 20 20 
0D88C950: 20 20 20 20  20 20 20 20  20 20 20 20  20 20 20 20 
0D88C960: 20 20 20 20  20 20 20 20  20 20 20 20  20 20 20 20 
0D88C970: 20 20 20 20  20 20 20 20  20 20 20 20  20 20 20 20 
0D88C980: 20 20 20 20  20 20 20 20  20 20 20 20  20 20 20 20 
0D88C990: 20 20 20 20  20 20 20 20  20 20 20 20  20 20 20 20 
0D88C9A0: 20 20 20 20  20 20 20 20  20 20 20 20  00 00 00 00 
0D88C9B0: 00 00 F0 3F  01 00 00 00  C0 C9 88 0D  A4 CB 88 0D 
0D88C9C0: A4 CB 88 0D  A0 74 7B 03  BC FE 88 0D  8A E7 88 0D 
0D88C9D0: A4 CB 88 0D  E8 C9 88 0D  14 CC 88 0D  08 00 00 00 
0D88C9E0: E8 5F 06 1B  14 CC 88 0D  00 58 0C 40  0D 78 CB 88 
0D88C9F0: 0D 5C 0C 40  0D 50 97 01  1B 00 10 00  00 02 00 00 
0D88CA00: 00 01 00 00  00 53 65 6C  65 63 69 6F  6E 65 20 75 
0D88CA10: 6D 20 64 69  72 65 74 F3  72 69 6F 00  03 00 00 00 
0D88CA20: 03 00 00 00  00 00 20 20  20 20 20 20  20 01 4E 59 
0D88CA30: 54 39 39 30  39 20 20 20  20 20 20 20  20 20 20 20 
0D88CA40: 20 20 20 20  20 20 20 20  20 20 20 20  73 65 72 20 
0D88CA50: 20 20 20 20  20 20 20 20  20 20 20 20  20 20 20 20 
0D88CA60: 20 20 20 20  20 20 20 20  20 20 00 20  20 20 20 20 
0D88CA70: 20 20 20 20  20 20 20 20  20 20 20 20  20 20 20 20 
0D88CA80: 20 20 20 20  20 20 20 20  20 20 20 20  20 20 20 20 
0D88CA90: 20 20 20 20  20 20 20 20  20 20 20 20  20 20 20 20 
0D88CAA0: 20 20 20 20  20 20 20 20  20 20 20 20  20 20 20 20 
0D88CAB0: 20 20 20 20  20 20 20 20  20 20 20 20  20 20 20 20 
0D88CAC0: 20 20 20 20  20 20 20 20  20 20 20 20  20 20 20 20 
0D88CAD0: 20 20 20 20  20 20 20 20  20 20 20 20  20 20 20 20 
0D88CAE0: 20 20 20 20  20 20 20 20  20 20 20 20  20 20 20 20 
0D88CAF0: 20 20 20 20  20 20 20 20  20 20 20 20  20 20 20 20 
0D88CB00: 20 20 20 20  20 20 20 20  20 20 20 20  20 20 20 20 
0D88CB10: 20 20 20 20  20 20 20 20  20 20 20 20  20 20 20 20 
0D88CB20: 20 20 20 20  20 52 65 74  6F 72 6E 61  50 61 72 61 
0D88CB30: 6D 65 74 72  6F 5A 4D 65  63 49 6E 74  65 72 6E 61 
0D88CB40: 06 05 BF 00  15 00 00 00  54 81 BF 00  00 00 00 00 
0D88CB50: 00 00 00 00  E8 03 00 00  F0 03 92 0F  2C CC 88 0D 
0D88CB60: 74 CB 88 0D  7B 00 00 00  60 7E 01 1B  48 EF EA 0F 
0D88CB70: 58 EB EA 0F  B8 1B FB 0F  46 4E 43 5F  43 6F 70 69 
0D88CB80: 61 72 4D 69  64 69 61 73  78 D6 EA 0F  88 53 EA 0F 
0D88CB90: 00 00 00 00  38 F3 EA 0F  00 00 00 00  14 CC 88 0D 
0D88CBA0: A4 CB 88 0D  2C CC 88 0D  52 48 24 01  9D E0 98 0F 
0D88CBB0: 00 00 00 00  10 D5 EA 0F  00 00 00 00  00 01 00 00 
0D88CBC0: D8 EB 93 E8  5F 06 1B 14  CC 88 0D 01  00 00 00 00 
0D88CBD0: 00 00 00 00  73 65 72 20  20 20 20 20  20 20 20 20 
0D88CBE0: 20 20 20 20  20 20 20 20  20 20 20 20  20 20 20 20 
0D88CBF0: 20 20 7B 00  00 00 4E 59  54 39 39 30  39 20 20 20 
0D88CC00: 20 20 20 20  20 20 20 20  20 20 20 20  20 20 20 20 
0D88CC10: 20 20 20 20  D4 CB 88 0D  18 85 45 01  70 D5 EA 0F 
0D88CC20: 40 00 00 00  2C CC 88 0D  BC FE 88 0D  BC FE 88 0D 
0D88CC30: A6 91 27 01  24 CD 88 0D  5C CC 88 0D  04 A9 0D 01 
0D88CC40: 9D E0 98 0F  10 D5 EA 0F  F6 E0 98 0F  00 00 00 00 
0D88CC50: 10 D5 EA 0F  F6 E0 98 0F  00 00 00 00  24 CD 88 0D 
0D88CC60: CF 86 0D 01  50 E0 98 0F  00 00 00 00  88 1E B4 0B 
0D88CC70: F6 E0 98 0F  10 D5 EA 0F  50 E0 98 0F  10 D5 EA 0F 
0D88CC80: 0C 82 0D 01  F6 E0 98 0F  00 00 00 00  3C 03 13 01 
0D88CC90: 00 00 00 00  50 E0 98 0F  50 E0 98 0F  00 00 00 00 
0D88CCA0: 24 CD 88 0D  20 6B 0D 01  97 6B 0D 01  93 E3 88 0D 
0D88CCB0: 5C 0C 40 0D  00 00 00 00  24 CD 88 0D  63 2C 27 01 
0D88CCC0: 00 00 00 00  50 E0 98 0F  00 00 00 00  3D 04 92 00 
0D88CCD0: 00 00 00 00  00 00 00 00  FC CC 88 0D  00 00 00 00 
0D88CCE0: 36 01 04 00  01 B0 00 00  00 00 00 00  00 00 00 00 
0D88CCF0: 09 96 88 2B  EA 01 00 00  58 02 00 00  50 01 03 00 
0D88CD00: 02 02 00 00  00 00 00 00  0A 00 0B 00  36 99 88 2B 
0D88CD10: 80 02 00 00  95 02 00 00  2E 9E 0F 01  00 00 00 00 
0D88CD20: 24 CD 88 0D  BC FE 88 0D  FA 95 27 01  CC FF 88 0D 
0D88CD30: 1C D7 0B 01  BC FE 88 0D  4C CD 88 0D  00 10 00 00 
0D88CD40: 0A 00 00 00  84 0C 4D 01  00 00 00 00  00 00 9D EC 
0D88CD50: 88 0D BE DD  88 0D 33 E3  88 0D 30 E3  88 0D 8C 4E 
0D88CD60: 23 0D 2D E3  88 0D 2A E3  88 0D 5C 0C  40 0D 93 DB 
0D88CD70: 88 0D 00 00  00 00 98 00  93 0F 08 D6  88 0D 28 E8 
0D88CD80: 98 0F 58 0C  40 0D D0 26  37 0D BC 59  23 0D D8 A6 
0D88CD90: 98 0F 90 98  93 0F 04 27  37 0D 80 23  37 0D EA DD 
0D88CDA0: 88 0D 02 DE  88 0D 19 E6  88 0D A7 DE  88 0D D0 DE 
0D88CDB0: 88 0D E1 F5  88 0D AF E2  88 0D 7E E3  88 0D C8 86 
0D88CDC0: 98 0F 10 E3  88 0D 64 25  22 0D 00 00  00 00 93 E3 
0D88CDD0: 88 0D 4C 0D  22 0D 37 D6  88 0D 28 0D  22 0D 18 10 
0D88CDE0: 22 0D 00 00  00 00 00 00  00 00 96 DD  88 0D 00 00 
0D88CDF0: 00 00 8F D0  88 0D 8E D0  88 0D 00 00  00 00 5B D0 
0D88CE00: 88 0D 18 0C  22 0D 40 0C  22 0D 50 E0  88 0D 00 00 
0D88CE10: 00 00 00 00  00 00 28 D0  88 0D A5 E6  88 0D 00 00 
0D88CE20: 00 00 00 00  00 00 6B DB  88 0D 60 D4  88 0D 30 DB 
0D88CE30: 88 0D 08 DB  88 0D 00 00  00 00 F1 F5  88 0D 6C DA 
0D88CE40: 88 0D 4F DA  88 0D DC F8  88 0D 00 27  37 0D 12 DE 
0D88CE50: 88 0D C3 E6  88 0D B7 DE  88 0D E0 DE  88 0D 1C F6 
0D88CE60: 88 0D 03 F6  88 0D B1 FD  88 0D 58 D5  88 0D A0 08 
0D88CE70: 93 0F D1 F5  88 0D D8 E5  88 0D CF E2  88 0D 2F FC 
0D88CE80: 88 0D F1 D6  88 0D 28 FD  88 0D CB DB  88 0D 56 D2 
0D88CE90: 88 0D 4B F5  88 0D 29 E6  88 0D 4A FD  88 0D 66 D2 
0D88CEA0: 88 0D FB D2  88 0D CB D3  88 0D E4 FD  88 0D EA D7 
0D88CEB0: 88 0D 24 25  22 0D 90 DC  88 0D 65 D7  88 0D FD D6 
0D88CEC0: 88 0D 3F DE  88 0D E8 D1  88 0D 36 E3  88 0D 5C D0 
0D88CED0: 88 0D 29 D0  88 0D 7E CF  88 0D F6 CF  88 0D 64 24 
0D88CEE0: 22 0D 00 00  00 00 98 4F  23 0D E0 4F  24 0D 01 00 
0D88CEF0: 00 00 20 20  20 20 20 20  20 20 20 20  20 20 20 20 
0D88CF00: 20 20 20 20  20 20 20 20  20 20 20 20  20 20 20 20 
0D88CF10: 20 20 20 20  20 20 20 20  20 20 20 20  20 20 20 20 
0D88CF20: 20 20 20 20  20 20 20 20  20 20 20 20  20 20 20 20 
0D88CF30: 20 20 20 20  20 20 20 20  20 20 20 20  20 20 20 20 
0D88CF40: 20 20 20 20  20 20 20 20  20 20 20 20  20 20 20 20 
0D88CF50: 20 20 20 20  20 20 20 20  20 20 20 20  20 20 20 20 
0D88CF60: 20 20 20 20  20 20 20 20  20 20 20 20  20 20 20 20 
0D88CF70: 20 20 20 20  20 20 20 20  20 20 20 20  20 20 20 20 
0D88CF80: 20 20 20 20  20 20 20 20  20 20 20 20  20 20 20 20 
0D88CF90: 20 20 20 20  20 20 20 20  20 20 20 20  20 20 20 20 
0D88CFA0: 20 20 20 20  20 20 20 20  20 20 20 20  20 20 20 20 
0D88CFB0: 20 20 20 20  20 20 20 20  20 20 20 20  20 20 20 20 
0D88CFC0: 20 20 20 20  20 20 20 20  20 20 20 20  20 20 20 20 
0D88CFD0: 20 20 20 20  20 20 20 20  20 20 20 20  20 20 20 20 
0D88CFE0: 20 20 20 20  20 20 20 20  20 20 20 20  20 20 20 20 
0D88CFF0: 20 20 20 20  20 20 20 20  20 20 20 20  20 20 20 20 
0D88D000: 20 20 20 20  20 20 20 20  20 20 20 20  20 20 20 20 
0D88D010: 20 20 20 20  20 20 20 20  20 20 20 20  20 20 20 20 
0D88D020: 20 20 20 20  20 20 20 20  53 20 20 20  20 20 20 20 
0D88D030: 20 20 20 20  20 20 20 20  20 20 20 20  20 20 20 20 
0D88D040: 20 20 20 20  20 20 20 20  20 20 20 20  20 20 20 20 
0D88D050: 20 20 20 20  20 20 20 20  20 20 20 52  20 20 20 20 
0D88D060: 20 20 20 20  20 20 20 20  20 20 20 20  20 20 20 20 
0D88D070: 20 20 20 20  20 20 20 20  20 20 20 20  20 20 20 20 
0D88D080: 20 20 20 20  20 20 20 20  20 20 20 20  20 20 56 20 
0D88D090: 20 20 20 20  20 20 20 20  20 20 20 20  20 20 20 20 
0D88D0A0: 20 20 20 20  20 20 20 20  20 20 20 20  20 20 20 20 
0D88D0B0: 20 20 20 20  20 20 20 20  20 20 20 20  20 20 20 20 
0D88D0C0: 20 20 20 20  20 20 20 20  20 20 20 20  20 20 20 20 
0D88D0D0: 20 20 20 20  20 20 20 20  20 20 20 20  20 20 20 20 
0D88D0E0: 20 20 20 20  20 20 20 20  20 20 20 20  20 20 20 20 
0D88D0F0: 20 20 20 20  20 20 20 20  20 20 20 20  20 20 20 20 
0D88D100: 20 20 20 20  20 20 20 20  20 20 20 20  20 20 20 20 
0D88D110: 20 20 20 20  20 20 20 20  20 20 20 20  20 20 20 20 
0D88D120: 20 20 20 20  20 20 20 20  20 20 20 20  20 20 20 20 
0D88D130: 20 20 20 20  20 20 20 20  20 20 20 20  20 20 20 20 
0D88D140: 20 20 20 20  20 20 20 20  20 20 20 20  20 20 20 20 
0D88D150: 20 20 20 20  20 20 20 20  20 20 20 20  20 20 20 20 
0D88D160: 20 20 20 20  20 20 20 20  20 20 20 20  20 20 20 20 
0D88D170: 20 20 20 20  20 20 20 20  20 20 20 20  20 20 20 20 
0D88D180: 20 20 20 20  20 20 20 20  20 20 20 20  20 20 20 20 
0D88D190: 20 20 20 20  20 20 20 20  20 20 20 20  20 20 20 20 
0D88D1A0: 20 20 20 20  20 20 20 20  20 20 20 20  20 20 20 20 
0D88D1B0: 20 20 20 20  20 20 20 20  20 20 20 20  20 20 20 20 
0D88D1C0: 20 20 20 20  20 20 20 20  20 20 20 20  20 20 20 20 
0D88D1D0: 20 20 20 20  20 20 20 20  20 20 20 20  20 20 20 20 
0D88D1E0: 20 20 20 20  20 20 20 20  20 20 20 20  20 20 20 20 
0D88D1F0: 20 20 20 20  20 20 20 20  20 20 20 20  20 20 20 20 
0D88D200: 20 20 20 20  20 20 20 20  20 20 20 20  20 20 20 20 
0D88D210: 20 20 20 20  20 20 20 20  20 20 20 20  20 20 20 20 
0D88D220: 20 20 20 20  20 20 20 20  20 20 20 20  20 20 20 20 
0D88D230: 20 20 20 20  20 20 20 20  20 20 20 20  20 20 20 20 
0D88D240: 20 20 20 20  20 20 20 20  20 20 20 20  20 20 20 20 
0D88D250: 20 20 20 20  20 20 00 00  00 00 00 00  00 00 00 00 
0D88D260: 00 00 00 00  00 00 20 20  20 20 20 20  20 20 20 20 
0D88D270: 20 20 20 20  20 20 20 20  20 20 20 20  20 20 20 20 
0D88D280: 20 20 20 20  20 20 20 20  20 20 20 20  20 20 20 20 
0D88D290: 20 20 20 20  20 20 20 20  20 20 20 20  20 20 20 20 
0D88D2A0: 20 20 20 20  20 20 20 20  20 20 20 20  20 20 20 20 
0D88D2B0: 20 20 20 20  20 20 00 00  00 00 00 00  00 00 00 00 
0D88D2C0: 00 20 20 20  20 20 20 20  20 20 20 20  20 20 20 20 
0D88D2D0: 20 20 20 20  20 20 20 20  20 20 20 20  20 20 20 20 
0D88D2E0: 20 20 20 20  20 20 20 20  20 20 20 20  20 20 20 20 
0D88D2F0: 20 20 20 00  00 00 00 00  00 00 00 20  20 20 20 20 
0D88D300: 20 20 20 20  20 20 20 20  20 20 20 20  20 20 20 20 
0D88D310: 20 20 20 20  20 20 20 20  20 20 20 20  20 20 20 20 
0D88D320: 20 20 20 00  00 20 20 20  20 20 20 20  20 20 20 20 
0D88D330: 20 20 20 20  20 20 20 20  20 20 20 20  20 20 20 20 
0D88D340: 20 20 20 20  20 20 20 20  20 20 20 20  20 20 20 20 
0D88D350: 20 20 20 20  20 20 20 20  20 20 20 20  20 20 20 20 
0D88D360: 20 20 20 20  20 20 20 20  20 20 20 20  20 20 20 20 
0D88D370: 20 20 20 20  20 20 20 20  20 20 20 20  20 20 20 20 
0D88D380: 20 20 20 20  20 20 20 20  20 20 20 20  20 20 20 20 
0D88D390: 20 20 20 20  20 20 20 20  20 20 20 20  20 20 20 20 
0D88D3A0: 20 20 20 20  20 20 20 20  20 20 20 20  20 20 20 20 
0D88D3B0: 20 20 20 20  20 20 20 20  20 20 20 20  20 20 20 20 
0D88D3C0: 20 20 20 20  20 20 20 20  20 20 00 42  72 77 4F 53 
0D88D3D0: 20 20 20 20  20 20 20 20  20 20 20 20  20 20 20 20 
0D88D3E0: 20 20 20 20  20 20 20 20  20 20 20 20  20 20 20 20 
0D88D3F0: 20 20 20 54  61 62 65 6C  61 20 64 65  20 4F 53 20 
0D88D400: 20 20 20 20  20 20 20 20  20 20 20 20  20 20 20 20 
0D88D410: 20 20 20 20  20 20 20 20  20 20 20 08  00 00 00 26 
0D88D420: 00 00 00 00  00 00 20 20  20 20 20 20  20 20 20 20 
0D88D430: 20 20 20 20  20 20 20 20  20 20 20 20  20 20 20 20 
0D88D440: 20 20 20 20  20 20 20 20  20 20 20 20  20 20 20 20 
0D88D450: 20 20 20 20  20 20 20 20  41 00 00 00  E4 01 00 00 
0D88D460: 20 20 20 20  20 20 20 20  20 20 20 20  20 20 20 20 
0D88D470: 20 20 20 20  20 20 20 20  20 20 20 20  20 20 20 20 
0D88D480: 00 00 00 00  00 00 00 00  00 00 00 00  00 00 00 00 
0D88D490: 00 00 00 00  00 00 00 00  00 00 00 00  00 00 00 00 
0D88D4A0: 00 00 00 00  00 00 00 00  00 00 00 00  00 00 00 00 
0D88D4B0: 00 00 00 00  00 00 00 00  00 00 00 00  00 00 00 00 
0D88D4C0: 00 00 00 00  00 00 00 00  00 00 00 00  00 00 00 00 
0D88D4D0: 00 00 00 00  00 00 00 00  00 00 00 00  00 00 00 00 
0D88D4E0: 00 00 00 00  00 00 00 00  00 00 00 00  00 00 00 00 
0D88D4F0: 00 00 00 00  00 00 00 00  00 00 00 00  00 00 00 00 
0D88D500: 00 00 00 00  00 00 00 00  00 00 00 00  00 00 00 00 
0D88D510: 00 00 00 00  00 00 00 00  00 00 00 00  00 00 00 00 
0D88D520: 00 00 00 00  00 00 00 00  00 00 00 00  00 00 00 00 
0D88D530: 00 00 00 00  00 00 00 00  00 00 00 00  00 00 00 00 
0D88D540: 00 00 00 00  00 00 00 00  00 00 00 00  00 00 00 00 
0D88D550: 00 00 00 00  00 00 00 00  00 00 00 00  00 00 00 00 
0D88D560: 00 00 00 00  00 00 00 00  00 00 00 00  00 00 00 00 
0D88D570: 00 00 00 00  00 00 00 00  00 00 00 00  00 00 20 20 
0D88D580: 20 20 20 20  20 20 20 20  20 20 20 20  20 20 FB D2 
0D88D590: 88 0D B4 A3  45 01 00 00  00 00 D0 00  00 00 66 D2 
0D88D5A0: 88 0D 70 A4  45 01 00 00  00 00 95 00  00 00 56 D2 
0D88D5B0: 88 0D 00 25  46 01 00 00  00 00 10 00  00 00 58 D5 
0D88D5C0: 88 0D EC 39  46 01 00 00  00 00 04 00  00 00 20 00 
0D88D5D0: 00 00 00 00  01 50 20 20  20 20 20 20  20 20 20 20 
0D88D5E0: 20 20 20 20  20 20 20 20  20 20 20 20  20 20 20 20 
0D88D5F0: 20 20 20 20  20 20 20 20  20 20 20 20  20 20 20 20 
0D88D600: 20 20 20 20  20 20 20 20  44 72 6F 70  4C 69 73 74 
0D88D610: 20 20 20 20  20 20 20 20  20 20 20 20  01 00 00 00 
0D88D620: 00 00 00 00  00 00 00 00  19 92 0F 00  10 00 00 01 
0D88D630: 00 00 00 00  00 00 00 20  20 20 20 20  20 20 20 00 
0D88D640: 00 00 00 00  00 00 00 01  00 D0 DB 93  0F 60 31 46 
0D88D650: 01 D0 41 9A  0F 00 10 00  00 D0 DB 93  0F 5A 4D 45 
0D88D660: 43 4F 53 20  20 20 20 20  20 20 20 20  20 5A 4D 45 
0D88D670: 43 4F 53 49  54 45 4E 53  20 20 20 20  20 F1 D6 88 
0D88D680: 0D BC 31 46  01 00 97 9D  0F 04 00 00  00 4D E3 6F 
0D88D690: 2D 64 65 2D  4F 62 72 61  20 20 20 20  20 20 20 20 
0D88D6A0: 20 20 20 20  20 20 20 20  20 20 20 20  20 20 20 20 
0D88D6B0: 20 20 20 20  20 20 20 20  20 20 20 20  20 20 20 20 
0D88D6C0: 20 20 20 20  20 20 20 20  20 20 20 20  20 20 20 20 
0D88D6D0: 20 20 20 20  20 20 20 20  20 20 20 20  20 20 20 20 
0D88D6E0: 20 20 20 20  20 20 20 20  20 20 20 20  20 20 20 20 
0D88D6F0: 20 04 00 00  00 C8 CB 93  0F 08 29 92  0F 41 4E 43 
0D88D700: 4C 41 53 20  4F 4C 49 56  45 49 52 41  20 43 52 55 
0D88D710: 5A 20 20 20  20 20 20 20  20 20 20 20  20 20 20 20 
0D88D720: 20 20 20 20  20 20 20 20  20 20 20 20  20 20 20 20 
0D88D730: 20 20 20 20  20 20 20 20  20 20 20 20  20 20 20 20 
0D88D740: 20 20 20 20  20 20 20 20  20 20 20 20  20 20 20 20 
0D88D750: 20 20 20 20  20 20 20 20  20 20 20 20  20 20 20 20 
0D88D760: 20 00 BA 98  0F 20 20 20  20 20 20 20  20 20 20 20 
0D88D770: 20 20 20 20  20 20 20 20  20 20 20 20  20 20 20 20 
0D88D780: 20 20 20 20  20 20 20 20  20 20 20 20  20 20 20 20 
0D88D790: 20 20 20 20  20 20 20 20  20 20 20 20  20 20 20 20 
0D88D7A0: 20 20 20 20  20 20 20 20  20 20 20 20  20 20 20 20 
0D88D7B0: 20 20 20 20  20 20 20 20  20 20 20 20  20 20 20 20 
0D88D7C0: 20 20 20 20  20 20 20 20  20 00 00 00  00 28 CD 98 
0D88D7D0: 0F FF 00 00  00 00 00 00  00 EA D7 88  0D 44 A1 45 
0D88D7E0: 01 C8 A9 B1  0F 81 00 00  00 00 31 20  2D 20 4E E3 
0D88D7F0: 6F 20 56 69  73 74 6F 72  69 61 64 6F  20 20 20 20 
0D88D800: 20 20 20 20  20 20 20 20  20 20 20 20  20 20 20 20 
0D88D810: 20 20 20 20  20 20 20 20  20 20 20 20  00 00 45 01 
0D88D820: 00 00 00 0A  00 00 00 63  00 00 00 0A  00 00 00 26 
0D88D830: 53 69 74 2E  20 56 69 73  74 6F 72 69  61 3A 20 20 
0D88D840: 20 20 20 01  00 00 00 00  00 00 00 44  72 6F 70 4C 
0D88D850: 69 73 74 20  20 00 31 20  20 20 20 20  20 20 20 20 
0D88D860: 20 20 20 20  20 20 20 20  20 20 00 00  01 00 00 00 
0D88D870: 00 00 00 31  32 33 20 20  20 20 20 20  20 20 20 20 
0D88D880: 20 20 20 20  20 20 20 20  20 20 20 20  20 20 20 20 
0D88D890: 20 20 20 20  20 20 20 20  20 20 20 20  20 20 20 20 
0D88D8A0: 20 20 20 20  20 20 20 20  20 20 20 20  20 20 20 20 
0D88D8B0: 20 20 20 20  20 20 20 20  20 20 20 20  20 20 20 20 
0D88D8C0: 20 20 20 20  20 20 20 20  20 20 20 20  20 20 20 20 
0D88D8D0: 20 20 20 20  20 20 20 20  20 20 20 20  20 20 20 20 
0D88D8E0: 20 20 20 20  20 20 20 20  20 20 20 20  20 20 20 20 
0D88D8F0: 20 20 20 20  20 20 20 20  20 20 20 20  20 20 20 20 
0D88D900: 20 20 20 20  20 20 20 20  20 20 20 20  20 20 20 20 
0D88D910: 20 20 20 20  20 20 20 20  20 20 20 20  20 20 20 20 
0D88D920: 20 20 20 20  20 20 20 20  20 20 20 20  20 20 20 20 
0D88D930: 20 20 20 20  20 20 20 20  20 20 20 20  20 20 20 20 
0D88D940: 20 20 20 20  20 20 20 20  20 20 20 20  20 20 20 20 
0D88D950: 20 20 20 20  20 20 20 20  20 20 20 20  20 20 20 20 
0D88D960: 20 20 20 20  20 20 20 20  20 20 20 20  20 20 20 20 
0D88D970: 20 20 20 20  20 20 20 20  20 20 20 20  20 20 20 20 
0D88D980: 20 20 20 20  20 20 20 20  20 20 20 20  20 20 20 20 
0D88D990: 20 20 20 20  20 20 20 20  20 20 20 20  20 20 20 20 
0D88D9A0: 20 20 20 20  20 20 20 20  20 20 20 20  20 20 20 20 
0D88D9B0: 20 20 20 20  20 20 20 20  20 20 20 20  20 20 20 20 
0D88D9C0: 20 20 20 20  20 20 20 20  20 20 20 20  20 20 20 20 
0D88D9D0: 20 20 20 20  20 20 20 20  20 20 20 01  00 00 00 00 
0D88D9E0: 00 01 00 01  70 49 AA 0E  B0 25 46 01  98 2E CE 0F 
0D88D9F0: 00 10 00 00  70 49 AA 0E  01 78 59 AA  0E 8C 25 46 
0D88DA00: 01 D0 E0 CB  0F 00 10 00  00 78 59 AA  0E 01 01 20 
0D88DA10: 20 20 20 20  20 20 20 20  20 20 20 20  20 20 20 20 
0D88DA20: 20 20 20 20  20 20 20 20  20 20 20 20  20 20 20 20 
0D88DA30: 20 20 20 20  20 20 20 20  20 20 20 20  20 20 20 20 
0D88DA40: 20 20 20 20  20 20 20 20  20 20 20 00  00 00 00 04 
0D88DA50: 46 4E 01 50  E0 98 0F 0E  02 00 00 24  01 00 00 81 
0D88DA60: 01 00 00 4D  00 00 00 01  38 03 92 0F  04 46 4E 01 
0D88DA70: 50 E0 98 0F  0E 02 00 00  24 01 00 00  81 01 00 00 
0D88DA80: 4D 00 00 00  01 70 03 92  0F 71 01 00  00 00 00 00 
0D88DA90: 00 00 00 00  8D 00 00 00  0A 00 00 00  3E 02 00 00 
0D88DAA0: 00 00 00 00  58 80 92 0F  00 00 00 01  01 01 01 01 
0D88DAB0: 32 00 00 00  00 00 00 00  00 00 00 00  00 00 00 00 
0D88DAC0: 00 00 00 00  00 00 00 00  00 00 00 00  00 00 00 00 
0D88DAD0: 00 00 00 00  00 00 00 00  00 00 00 00  00 00 00 00 
0D88DAE0: 00 00 00 00  00 00 00 00  00 00 00 00  00 00 00 00 
0D88DAF0: 00 00 00 01  CB D3 88 0D  00 A3 45 01  90 A6 E1 0B 
0D88DB00: 95 00 00 00  FF 00 00 00  42 72 77 4F  53 20 20 20 
0D88DB10: 20 20 20 20  20 20 20 20  20 20 20 20  20 20 20 20 
0D88DB20: 20 20 20 20  20 20 20 20  20 20 20 20  20 20 20 20 
0D88DB30: 47 45 52 41  4C 20 20 20  20 20 20 20  20 20 20 20 
0D88DB40: 20 20 20 20  20 20 20 20  20 20 20 20  20 20 20 20 
0D88DB50: 20 20 20 20  20 20 20 20  B0 5F 98 0F  64 00 00 00 
0D88DB60: 00 00 00 01  00 00 00 04  00 00 00 42  72 77 4F 53 
0D88DB70: 49 74 65 6E  73 20 20 20  20 20 20 20  20 20 20 20 
0D88DB80: 20 20 20 20  20 20 20 20  20 20 20 20  20 20 20 20 
0D88DB90: 20 20 20 47  45 52 41 4C  20 20 20 20  20 20 20 20 
0D88DBA0: 20 20 20 20  20 20 20 20  20 20 20 20  20 20 20 20 
0D88DBB0: 20 20 20 20  20 20 20 20  20 20 20 CB  DB 88 0D F4 
0D88DBC0: 57 4E 01 E8  B5 AE 0F 9C  00 00 00 55  56 4C 6F 63 
0D88DBD0: 61 6C 69 7A  61 E7 E3 6F  20 20 20 20  20 20 20 20 
0D88DBE0: 20 20 20 20  20 20 20 20  20 20 20 20  20 20 20 20 
0D88DBF0: 20 20 20 20  20 50 00 4C  6F 63 61 6C  69 7A 61 E7 
0D88DC00: E3 6F 20 20  20 20 20 20  20 20 20 20  20 20 20 20 
0D88DC10: 20 20 20 20  20 20 20 20  20 20 20 20  20 20 20 40 
0D88DC20: 73 32 30 20  20 20 20 20  20 20 20 20  20 20 20 20 
0D88DC30: 20 20 20 00  5A 42 52 57  5A 4D 45 43  4F 53 49 54 
0D88DC40: 45 4E 53 43  36 39 20 20  20 20 20 20  20 20 20 20 
0D88DC50: 20 20 20 20  20 20 20 20  20 20 20 20  20 20 20 20 
0D88DC60: 20 20 20 20  20 20 43 01  00 00 00 00  00 00 00 00 
0D88DC70: E5 98 0F 00  00 00 00 00  7B 00 00 00  00 01 02 00 
0D88DC80: 00 00 00 0C  00 00 00 A8  5D 98 0F 00  01 00 01 00 
0D88DC90: 20 20 20 20  20 20 20 20  20 20 20 20  20 20 20 20 
0D88DCA0: 20 20 20 20  20 20 20 20  20 20 20 20  20 20 20 20 
0D88DCB0: 20 20 20 20  20 20 20 20  20 20 20 20  20 20 20 20 
0D88DCC0: 20 20 20 20  20 20 20 20  20 20 20 20  20 20 20 20 
0D88DCD0: 20 20 20 20  20 20 20 20  20 20 20 20  20 20 20 20 
0D88DCE0: 20 20 20 20  20 20 20 20  20 20 20 20  20 20 20 20 
0D88DCF0: 20 20 20 20  20 20 20 20  20 20 20 20  20 20 20 20 
0D88DD00: 20 20 20 20  20 20 20 20  20 20 20 20  20 20 20 20 
0D88DD10: 20 20 20 20  20 20 20 20  20 20 20 20  20 20 20 20 
0D88DD20: 20 20 20 20  20 20 20 20  20 20 20 20  20 20 20 20 
0D88DD30: 20 20 20 20  20 20 20 20  20 20 20 20  20 20 20 20 
0D88DD40: 20 20 20 20  20 20 20 20  20 20 20 20  20 20 20 20 
0D88DD50: 20 20 20 20  20 20 20 20  20 20 20 20  20 20 20 20 
0D88DD60: 20 20 20 20  20 20 20 20  20 20 20 20  20 20 20 20 
0D88DD70: 20 20 20 20  20 20 20 20  20 20 20 20  20 20 20 20 
0D88DD80: 20 20 20 20  20 20 20 20  20 20 20 20  20 20 20 00 
0D88DD90: 00 00 00 01  00 00 42 72  77 4F 53 41  76 61 6E 63 
0D88DDA0: 61 64 61 20  20 20 20 20  20 20 20 20  20 20 20 20 
0D88DDB0: 20 20 20 20  20 20 20 20  20 20 20 20  20 20 47 45 
0D88DDC0: 52 41 4C 20  20 20 20 20  20 20 20 20  20 20 20 20 
0D88DDD0: 20 20 20 20  20 20 20 20  20 20 20 20  20 20 20 20 
0D88DDE0: 20 20 20 20  20 20 D0 96  98 0F 18 49  92 0F DC 3B 
0D88DDF0: 46 01 C0 59  72 0D 1F 03  00 00 18 49  92 0F A8 18 
0D88DE00: 93 0F 12 DE  88 0D 9C 3B  46 01 28 FE  F8 0D 2D 00 
0D88DE10: 00 00 53 49  54 45 20 20  20 20 20 20  20 20 20 20 
0D88DE20: 20 20 20 20  20 20 20 20  20 20 20 20  20 20 20 20 
0D88DE30: 20 20 20 20  20 20 20 20  20 20 40 00  00 00 00 20 
0D88DE40: 20 20 20 20  20 20 20 20  20 20 20 20  20 20 20 20 
0D88DE50: 20 20 20 20  20 20 20 20  20 20 20 20  20 20 20 20 
0D88DE60: 20 20 20 20  20 20 20 20  20 20 20 20  20 20 20 20 
0D88DE70: 20 20 20 20  20 20 20 20  20 20 20 20  20 20 20 20 
0D88DE80: 20 20 20 20  20 20 20 20  20 20 20 20  20 20 20 20 
0D88DE90: 20 20 20 20  20 20 20 20  20 20 20 20  20 20 20 20 
0D88DEA0: 20 20 20 00  00 00 00 B7  DE 88 0D 24  3B 46 01 F8 
0D88DEB0: 5C 6A 0D 19  00 00 00 45  4E 54 52 45  47 55 45 20 
0D88DEC0: 20 20 20 20  20 20 20 20  20 20 20 08  00 00 00 00 
0D88DED0: E0 DE 88 0D  E8 3A 46 01  38 FE 78 0D  19 00 00 00 
0D88DEE0: 52 65 73 70  6F 6E 64 69  64 6F 20 20  20 20 20 20 
0D88DEF0: 20 20 20 20  37 00 00 00  00 00 00 00  00 00 00 00 
0D88DF00: 00 00 20 20  20 20 20 20  20 20 20 20  20 20 20 20 
0D88DF10: 20 20 20 20  20 20 20 20  20 20 20 20  20 20 20 20 
0D88DF20: 20 20 20 20  20 20 20 20  20 20 20 20  20 20 20 20 
0D88DF30: 20 20 20 20  20 20 20 20  20 20 20 20  20 20 20 20 
0D88DF40: 20 20 20 20  20 20 20 20  20 20 20 20  20 20 20 20 
0D88DF50: 20 20 20 20  20 20 20 20  20 20 20 20  20 20 20 20 
0D88DF60: 20 20 20 20  20 20 00 00  00 00 00 08  00 00 00 00 
0D88DF70: 02 00 00 00  00 00 00 20  20 20 20 20  20 20 20 20 
0D88DF80: 20 20 20 20  20 20 20 20  20 20 20 20  20 20 20 20 
0D88DF90: 20 20 20 20  20 20 20 20  20 20 20 20  20 20 20 20 
0D88DFA0: 20 20 20 20  20 20 20 20  20 20 20 20  20 20 20 20 
0D88DFB0: 00 00 00 20  20 20 20 20  20 20 20 20  20 20 20 20 
0D88DFC0: 20 20 20 20  20 20 20 20  20 20 20 20  20 20 20 20 
0D88DFD0: 20 20 20 20  20 20 20 20  20 20 20 20  20 20 20 20 
0D88DFE0: 20 20 20 20  20 20 20 20  20 20 20 20  38 03 98 0F 
0D88DFF0: 08 06 98 0F  00 0C 98 0F  90 1F 98 0F  00 00 00 00 
0D88E000: 68 0A 98 0F  00 00 00 00  D0 08 98 0F  00 00 00 00 
0D88E010: 70 04 98 0F  00 00 00 00  A0 01 98 0F  00 00 00 00 
0D88E020: 08 00 98 0F  00 00 00 00  00 00 00 00  00 00 00 00 
0D88E030: 00 00 00 00  00 00 00 00  00 00 00 00  00 00 00 00 
0D88E040: 00 00 00 00  00 00 00 00  00 00 00 00  00 00 00 00 
0D88E050: 20 20 20 20  20 20 20 20  20 20 20 20  20 20 20 20 
0D88E060: 20 20 20 20  20 00 00 00  00 00 00 00  00 00 00 00 
0D88E070: 00 20 00 00  00 00 00 00  00 00 20 20  00 00 00 00 
0D88E080: 00 00 00 00  20 20 BD 36  01 00 BF 36  01 00 53 53 
0D88E090: 00 00 00 00  00 00 00 00  20 20 00 00  00 00 00 00 
0D88E0A0: 00 00 00 00  00 00 00 00  00 00 20 20  00 00 00 00 
0D88E0B0: 00 00 00 00  20 20 00 00  00 00 00 00  00 00 00 00 
0D88E0C0: 00 00 00 00  00 00 00 00  00 00 00 00  00 00 20 20 
0D88E0D0: 00 00 00 00  00 00 00 00  00 00 00 00  00 00 00 00 
0D88E0E0: 20 20 00 00  00 00 00 00  00 00 00 00  00 00 00 00 
0D88E0F0: 00 00 20 20  00 00 00 00  00 00 00 00  20 20 00 00 
0D88E100: 00 00 00 00  00 00 00 00  00 00 00 00  00 00 20 20 
0D88E110: 00 00 00 00  00 00 00 00  20 20 00 00  00 00 20 20 
0D88E120: 00 00 00 00  05 00 00 00  00 00 00 00  00 00 00 00 
0D88E130: 20 20 00 00  00 00 00 00  00 00 00 00  00 00 20 20 
0D88E140: 00 00 00 00  00 00 00 00  20 20 00 00  00 00 00 00 
0D88E150: 00 00 00 00  00 00 20 20  00 00 00 00  00 00 00 00 
0D88E160: 20 20 00 00  00 00 00 00  00 00 00 00  00 00 20 20 
0D88E170: 00 00 00 00  20 20 00 00  00 00 00 00  00 00 00 00 
0D88E180: 00 00 00 00  00 00 20 20  00 00 00 00  00 00 00 00 
0D88E190: 20 20 00 00  00 00 00 00  00 00 20 20  00 00 00 00 
0D88E1A0: 00 00 00 00  00 00 00 00  00 00 00 00  20 20 00 00 
0D88E1B0: 00 00 00 00  00 00 00 00  00 00 20 20  00 00 00 00 
0D88E1C0: 00 00 00 00  20 20 00 00  00 00 00 00  00 00 00 20 
0D88E1D0: 20 00 2D 20  20 20 00 00  00 00 00 00  00 00 20 20 
0D88E1E0: 00 00 00 00  00 00 00 00  20 00 00 00  00 00 00 00 
0D88E1F0: 00 20 20 20  20 00 00 00  00 00 00 00  00 20 20 20 
0D88E200: 20 00 00 00  00 00 00 00  00 20 20 20  20 20 00 00 
0D88E210: 00 00 00 00  00 00 20 00  00 00 00 00  00 00 00 20 
0D88E220: 20 20 20 00  00 00 00 00  00 00 00 20  20 20 20 00 
0D88E230: 00 00 00 00  00 00 00 00  00 00 00 20  20 00 00 00 
0D88E240: 00 20 20 20  00 00 00 00  00 00 00 00  53 01 00 00 
0D88E250: 00 01 00 00  00 00 00 00  00 00 00 00  00 00 00 00 
0D88E260: 00 00 00 00  00 20 20 00  00 00 00 00  00 00 00 20 
0D88E270: 20 00 00 00  00 00 00 00  00 00 00 00  00 00 00 00 
0D88E280: 00 20 20 00  00 00 00 00  00 00 00 20  20 20 00 00 
0D88E290: 00 00 00 00  00 00 53 7B  00 00 00 01  02 00 00 00 
0D88E2A0: 00 01 00 00  00 28 21 98  0F 00 01 7B  00 00 00 80 
0D88E2B0: 69 AA 0E EC  ED 45 01 C0  A9 9A 0F E4  58 00 00 CF 
0D88E2C0: E2 88 0D EC  32 46 01 00  00 00 00 35  00 00 00 00 
0D88E2D0: 00 00 00 20  20 20 20 20  20 20 20 20  20 20 20 20 
0D88E2E0: 20 20 20 20  20 20 20 20  20 20 20 20  20 20 20 20 
0D88E2F0: 20 20 20 20  20 20 20 20  20 20 20 00  00 00 00 00 
0D88E300: 00 00 00 00  58 46 93 0F  00 00 00 00  08 1D 93 0F 
0D88E310: 40 6E 30 36  62 00 00 00  00 00 00 00  00 00 00 00 
0D88E320: 00 00 00 00  40 4C 92 0F  01 01 00 00  00 00 00 00 
0D88E330: 00 00 00 00  00 00 20 20  20 20 20 20  20 20 20 20 
0D88E340: 20 20 20 20  20 20 20 20  20 20 00 00  00 00 00 00 
0D88E350: 00 00 00 00  00 00 00 00  00 00 BF 36  01 00 BD 36 
0D88E360: 01 00 00 00  00 00 00 00  00 00 00 00  00 00 B8 36 
0D88E370: 01 00 B8 36  01 00 B8 36  01 00 B8 36  01 00 48 4A 
0D88E380: 98 0F 24 A5  45 01 20 18  9D 0F 55 13  00 00 00 00 
0D88E390: 00 00 00 42  72 77 4F 53  E8 43 93 0F  30 33 46 01 
0D88E3A0: F0 2B CE 0F  64 02 00 00  E8 32 93 0F  E8 43 93 0F 
0D88E3B0: 01 01 00 00  00 00 54 61  70 65 E7 61  72 69 61 20 
0D88E3C0: 20 20 20 20  20 20 20 20  20 20 20 20  20 20 20 20 
0D88E3D0: 20 20 20 20  20 20 20 20  20 20 20 20  20 20 20 20 
0D88E3E0: 20 20 20 20  20 20 20 20  20 20 20 20  20 20 20 20 
0D88E3F0: 20 20 20 20  20 20 20 20  20 20 20 20  20 20 20 20 
0D88E400: 20 20 20 20  20 20 20 20  20 20 20 20  20 20 20 20 
0D88E410: 20 20 20 20  20 20 20 20  20 20 20 20  20 20 20 20 
0D88E420: 20 20 20 20  20 20 20 20  20 20 20 20  20 20 20 20 
0D88E430: 20 20 20 20  20 20 20 20  20 20 20 20  20 20 20 20 
0D88E440: 20 20 80 86  93 0F 78 76  93 0F 4C 4F  4E 47 41 52 
0D88E450: 49 4E 41 20  44 49 41 4E  54 20 45 53  51 20 28 63 
0D88E460: 2F 72 65 66  6F 72 E7 6F  73 29 20 63  6F 6D 70 6C 
0D88E470: 65 74 61 20  20 20 20 20  20 20 20 20  20 20 20 20 
0D88E480: 20 20 20 20  20 20 20 20  20 20 20 20  20 20 20 20 
0D88E490: 20 20 20 20  20 20 20 20  20 20 20 20  20 20 20 20 
0D88E4A0: 20 20 20 20  20 20 20 20  20 20 20 20  20 20 20 20 
0D88E4B0: 20 20 20 20  20 20 20 20  20 20 20 20  20 20 20 20 
0D88E4C0: 20 20 20 20  20 20 20 20  20 20 20 20  20 20 20 20 
0D88E4D0: 20 20 20 20  20 20 01 68  39 AA 0E D4  25 46 01 C8 
0D88E4E0: E2 CB 0F 00  10 00 00 68  39 AA 0E 00  00 00 00 00 
0D88E4F0: 00 00 00 00  01 00 00 00  00 48 30 00  00 00 50 E0 
0D88E500: 98 0F FF FF  FF 00 00 00  00 00 00 FF  FF 00 00 00 
0D88E510: FF 00 B9 36  01 00 FF 53  53 00 FF 00  00 00 B8 36 
0D88E520: 01 00 00 FF  FF FF 00 00  00 00 00 00  FF FF 00 00 
0D88E530: 00 FF 00 B9  36 01 00 FF  53 53 00 FF  00 00 00 B8 
0D88E540: 36 01 00 01  FF FF FF 00  00 00 00 00  00 FF FF 00 
0D88E550: 00 00 FF 00  B9 36 01 00  FF 53 53 00  FF 00 00 00 
0D88E560: B8 36 01 00  01 FF FF FF  00 00 00 00  00 00 FF FF 
0D88E570: 00 00 00 FF  00 B9 36 01  00 FF 53 53  00 FF 00 00 
0D88E580: 00 B8 36 01  00 01 FF FF  FF 00 00 00  00 00 00 FF 
0D88E590: FF 00 00 00  FF 00 B9 36  01 00 FF 53  53 00 FF 00 
0D88E5A0: 00 00 B8 36  01 00 01 FF  FF FF 00 00  00 00 00 00 
0D88E5B0: FF FF 00 00  00 FF 00 B9  36 01 00 FF  53 53 00 FF 
0D88E5C0: 00 00 00 B8  36 01 00 01  D8 E5 88 0D  50 34 46 01 
0D88E5D0: B0 03 C2 0F  02 00 00 00  00 44 0E 00  00 00 E8 F4 
0D88E5E0: 93 0F 58 20  46 01 00 00  00 00 64 02  00 00 00 00 
0D88E5F0: 00 00 E8 F4  93 0F 00 00  00 00 30 23  98 0F 00 00 
0D88E600: 00 00 00 00  00 88 96 93  0F 29 E6 88  0D C8 22 46 
0D88E610: 01 00 00 00  00 6C 00 00  00 C3 E6 88  0D 60 3B 46 
0D88E620: 01 D8 E7 A6  0B 69 00 00  00 20 20 20  20 20 20 20 
0D88E630: 20 20 20 20  20 20 20 20  20 20 20 20  20 20 20 20 
0D88E640: 20 20 20 20  20 20 20 20  20 20 20 20  20 20 20 20 
0D88E650: 20 20 20 20  20 20 20 20  20 20 20 20  20 20 20 20 
0D88E660: 20 20 20 20  20 20 20 20  20 20 20 20  20 20 20 20 
0D88E670: 20 20 20 20  20 20 20 20  20 20 20 20  20 20 20 20 
0D88E680: 20 20 20 20  20 20 20 20  20 20 20 20  20 00 00 00 
0D88E690: 00 00 00 00  00 60 56 93  0F C4 32 46  01 00 00 00 
0D88E6A0: 00 04 10 00  00 4E 54 54  20 20 20 20  20 01 60 56 
0D88E6B0: 93 0F 00 68  A0 92 0F 00  00 00 00 60  90 92 0F 00 
0D88E6C0: 00 00 00 52  65 63 69 62  6F 20 20 20  20 20 20 20 
0D88E6D0: 20 20 20 20  20 20 20 20  20 20 20 20  20 20 20 20 
0D88E6E0: 20 20 20 20  20 20 20 20  20 20 20 20  20 20 20 20 
0D88E6F0: 20 20 20 20  20 20 20 20  20 20 20 20  20 20 20 20 
0D88E700: 20 20 20 20  20 20 20 20  20 20 20 20  20 20 20 20 
0D88E710: 20 20 20 20  20 20 20 20  20 20 20 20  20 20 20 20 
0D88E720: 20 20 20 20  20 20 20 0B  00 00 00 01  00 00 00 00 
0D88E730: 00 00 00 00  00 B8 36 01  00 AF 36 01  00 00 00 00 
0D88E740: 00 00 00 00  00 00 00 00  00 00 00 00  00 00 00 00 
0D88E750: 00 00 00 00  00 00 00 00  00 00 00 00  00 00 00 00 
0D88E760: 00 00 00 00  00 00 00 00  00 00 00 00  00 00 00 00 
0D88E770: 00 00 00 00  00 00 00 00  00 00 00 00  01 00 00 00 
0D88E780: 00 01 00 00  00 00 00 53  00 00 D1 F5  88 0D 74 34 
0D88E790: 46 01 78 A1  AF 0F 10 00  00 00 50 61  64 72 E3 6F 
0D88E7A0: 20 20 20 20  20 20 20 20  20 20 20 20  20 20 20 20 
0D88E7B0: 20 20 20 20  20 20 20 20  20 20 20 20  20 20 20 20 
0D88E7C0: 20 20 20 20  20 20 20 20  20 20 20 20  20 20 20 20 
0D88E7D0: 20 20 20 20  20 20 20 20  20 20 20 20  20 20 20 20 
0D88E7E0: 20 20 20 20  20 20 20 20  20 20 20 20  20 20 20 20 
0D88E7F0: 20 20 20 20  20 20 20 20  20 20 20 20  20 20 20 20 
0D88E800: 20 20 20 20  20 20 20 20  20 20 20 20  20 20 20 20 
0D88E810: 20 20 20 20  20 20 20 20  20 20 20 20  20 20 20 20 
0D88E820: 20 20 20 20  20 20 20 20  20 20 20 20  20 20 20 20 
0D88E830: 20 20 20 20  20 20 20 20  20 20 20 20  20 20 20 20 
0D88E840: 20 20 20 20  20 20 20 20  20 20 20 20  20 20 20 20 
0D88E850: 20 20 20 20  20 20 20 20  20 20 20 20  20 20 20 20 
0D88E860: 20 20 20 20  20 20 20 20  20 20 20 20  20 20 20 20 
0D88E870: 20 20 20 20  20 20 20 20  20 20 20 20  20 20 20 20 
0D88E880: 20 20 20 20  20 20 20 20  20 20 20 20  20 20 20 20 
0D88E890: 20 20 20 20  20 20 20 20  20 41 4C 41  4E 20 52 45 
0D88E8A0: 49 53 20 53  49 4C 56 41  20 20 20 20  20 20 20 20 
0D88E8B0: 20 20 20 20  20 20 20 20  20 20 20 20  20 20 20 20 
0D88E8C0: 20 20 20 20  20 20 20 20  20 20 20 20  20 20 20 20 
0D88E8D0: 20 20 20 20  20 20 20 20  20 20 20 20  20 20 20 20 
0D88E8E0: 20 20 20 20  20 20 20 20  20 20 20 20  20 20 20 20 
0D88E8F0: 20 20 20 20  20 20 20 20  20 20 20 20  20 20 20 20 
0D88E900: 20 20 20 20  20 20 20 20  20 20 20 20  20 20 20 20 
0D88E910: 20 20 20 20  20 20 20 20  20 20 20 20  20 20 20 20 
0D88E920: 20 20 20 20  20 20 20 20  20 20 20 20  20 20 20 20 
0D88E930: 20 20 20 20  20 20 20 20  20 20 20 20  20 20 20 20 
0D88E940: 20 20 20 20  20 20 20 20  20 20 20 20  20 20 20 20 
0D88E950: 20 20 20 20  20 20 20 20  20 20 20 20  20 20 20 20 
0D88E960: 20 20 20 20  20 20 20 20  20 20 20 20  20 20 20 20 
0D88E970: 20 20 20 20  20 20 20 20  20 20 20 20  20 20 20 20 
0D88E980: 20 20 20 20  20 20 20 20  20 20 20 20  20 20 20 20 
0D88E990: 20 20 20 20  20 20 20 20  30 34 31 2E  36 39 36 2E 
0D88E9A0: 36 33 35 2D  37 38 20 20  20 20 20 20  20 20 20 20 
0D88E9B0: 20 20 20 20  20 20 20 20  20 20 20 20  20 20 20 20 
0D88E9C0: 20 20 20 20  20 20 20 20  08 00 92 0F  3C 3D 46 01 
0D88E9D0: 50 D9 B7 0F  25 01 00 00  00 00 00 85  84 03 00 00 
0D88E9E0: 00 00 00 35  00 00 00 00  00 23 34 50  00 00 00 00 
0D88E9F0: 00 54 50 00  00 00 01 09  18 53 00 00  00 00 00 50 
0D88EA00: 37 22 00 00  00 00 00 00  00 00 00 00  00 00 00 00 
0D88EA10: 00 00 00 00  00 00 00 00  00 00 00 00  00 00 00 00 
0D88EA20: 35 00 00 00  00 00 00 00  54 50 00 00  00 00 00 00 
0D88EA30: 00 00 00 00  00 00 00 00  00 00 00 00  00 00 00 00 
0D88EA40: 00 00 00 00  00 00 00 00  00 00 00 00  00 00 00 00 
0D88EA50: 00 00 00 00  00 00 00 00  00 00 00 00  00 00 00 00 
0D88EA60: 00 00 00 00  00 00 00 00  00 00 00 00  00 00 00 00 
0D88EA70: 00 00 00 00  00 00 00 00  00 00 00 00  00 00 00 00 
0D88EA80: 00 00 00 00  00 00 00 00  00 00 00 00  00 00 00 00 
0D88EA90: 00 00 00 00  00 00 00 00  00 00 00 00  00 00 00 00 
0D88EAA0: 00 00 00 00  00 00 00 00  00 00 00 00  00 00 00 00 
0D88EAB0: 00 00 00 00  00 00 00 00  00 00 00 00  00 00 00 00 
0D88EAC0: 00 00 00 00  00 00 00 00  20 20 20 20  20 20 20 20 
0D88EAD0: 20 20 20 20  43 20 20 20  20 20 20 20  20 20 20 20 
0D88EAE0: 20 20 20 20  20 20 20 20  20 20 20 20  20 20 20 20 
0D88EAF0: 20 20 20 20  20 20 20 20  20 20 20 20  20 20 20 20 
0D88EB00: 20 20 20 20  20 20 20 20  20 20 20 20  20 20 20 20 
0D88EB10: 20 20 20 20  20 20 20 20  20 20 20 20  20 20 20 20 
0D88EB20: 20 20 20 20  20 20 20 20  20 20 20 20  20 20 20 20 
0D88EB30: 20 20 20 20  20 20 20 20  20 20 20 20  20 20 20 20 
0D88EB40: 20 20 20 20  20 20 20 20  20 20 20 20  20 20 20 20 
0D88EB50: 20 20 20 20  20 20 20 20  20 20 20 20  20 20 20 20 
0D88EB60: 20 20 20 20  20 20 20 20  20 20 20 20  20 20 20 20 
0D88EB70: 20 20 20 20  20 20 20 20  20 20 20 20  20 20 20 20 
0D88EB80: 20 20 20 20  20 20 20 20  20 20 20 20  20 20 20 20 
0D88EB90: 20 20 20 20  20 20 20 20  20 20 20 20  20 20 20 20 
0D88EBA0: 20 20 20 20  20 20 20 20  20 20 20 20  20 20 20 20 
0D88EBB0: 20 20 20 20  20 20 20 20  20 20 20 20  20 20 20 20 
0D88EBC0: 20 20 20 20  20 20 20 20  20 20 20 20  20 20 20 20 
0D88EBD0: 20 20 20 20  20 20 20 20  20 20 20 20  20 20 20 20 
0D88EBE0: 20 20 20 20  20 20 20 20  20 20 20 20  20 20 20 20 
0D88EBF0: 20 20 20 20  20 20 20 20  20 20 20 20  20 20 20 20 
0D88EC00: 20 20 20 20  20 20 20 20  20 20 20 20  20 20 20 20 
0D88EC10: 20 20 20 20  20 20 20 20  20 20 20 20  20 20 20 20 
0D88EC20: 20 20 20 20  20 20 20 20  20 20 20 20  20 20 20 20 
0D88EC30: 20 20 20 20  20 20 20 20  20 20 20 20  20 4C 49 42 
0D88EC40: 45 52 54 59  20 53 45 47  55 52 4F 53  20 53 2F 41 
0D88EC50: 20 20 20 20  20 20 20 20  20 20 20 20  20 20 20 20 
0D88EC60: 20 20 20 20  20 54 65 72  63 65 69 72  6F 20 20 20 
0D88EC70: 20 20 20 20  20 20 20 20  20 44 45 53  4D 4F 4E 54 
0D88EC80: 41 47 45 4D  20 20 20 20  20 20 20 20  20 4B F5 88 
0D88EC90: 0D 74 24 46  01 38 6B B1  0F 61 00 00  00 4E E3 6F 
0D88ECA0: 20 49 6E 69  63 69 61 64  6F 20 20 20  20 20 20 20 
0D88ECB0: 20 00 00 00  00 00 00 00  00 00 00 05  45 00 00 00 
0D88ECC0: 00 00 57 68  00 00 03 66  53 4E E3 6F  20 63 6F 6E 
0D88ECD0: 73 75 6C 74  61 64 6F 20  20 20 20 20  20 A0 08 93 
0D88ECE0: 0F C8 39 46  01 00 00 00  00 00 10 00  00 20 20 20 
0D88ECF0: 20 20 20 20  20 20 20 20  20 20 20 20  20 20 20 20 
0D88ED00: 20 20 20 20  20 20 20 20  20 20 20 20  20 20 20 20 
0D88ED10: 20 20 20 20  20 20 20 20  20 20 20 20  20 20 20 20 
0D88ED20: 20 20 20 20  20 20 20 20  20 20 20 20  20 20 20 20 
0D88ED30: 20 20 20 20  20 20 20 20  20 20 20 20  20 20 20 20 
0D88ED40: 20 20 20 20  20 20 20 20  20 20 20 20  20 20 20 20 
0D88ED50: 20 20 20 20  20 20 20 20  20 20 20 20  20 20 20 20 
0D88ED60: 20 20 20 20  20 20 20 20  20 20 20 20  20 20 20 20 
0D88ED70: 20 20 20 20  20 20 20 20  20 20 20 20  20 20 20 20 
0D88ED80: 20 20 20 20  20 20 20 20  20 20 20 20  20 20 20 20 
0D88ED90: 20 20 20 20  20 20 20 20  20 20 20 20  20 20 20 20 
0D88EDA0: 20 20 20 20  20 20 20 20  20 20 20 20  20 20 20 20 
0D88EDB0: 20 20 20 20  20 20 20 20  20 20 20 20  20 20 20 20 
0D88EDC0: 20 20 20 20  20 20 20 20  20 20 20 20  20 20 20 20 
0D88EDD0: 20 20 20 20  20 20 20 20  20 20 20 20  20 20 20 20 
0D88EDE0: 20 20 20 20  20 20 20 20  20 20 20 20  20 20 20 20 
0D88EDF0: 20 20 20 20  20 20 20 20  20 20 20 20  20 20 20 20 
0D88EE00: 20 20 20 20  20 20 20 20  20 20 20 20  20 20 20 20 
0D88EE10: 20 20 20 20  53 45 47 55  52 41 44 4F  52 41 20 20 
0D88EE20: 20 20 20 20  20 20 20 20  20 20 20 20  20 20 20 20 
0D88EE30: 20 20 20 20  20 20 20 20  20 20 20 20  20 20 20 20 
0D88EE40: 20 20 20 20  20 20 20 20  20 20 20 20  20 20 20 20 
0D88EE50: 20 20 20 20  20 20 20 20  20 20 20 20  20 20 20 20 
0D88EE60: 20 20 20 20  20 20 20 20  20 20 20 20  20 20 20 20 
0D88EE70: 20 20 20 20  20 20 20 20  20 20 20 20  20 20 20 20 
0D88EE80: 20 20 20 20  20 20 20 20  20 20 20 20  20 20 20 20 
0D88EE90: 20 20 20 20  20 20 20 20  20 20 20 20  20 20 20 20 
0D88EEA0: 20 20 20 20  20 20 20 20  20 20 20 20  20 20 20 20 
0D88EEB0: 20 20 20 20  20 20 20 20  20 20 20 20  20 20 20 20 
0D88EEC0: 20 20 20 20  20 20 20 20  20 20 20 20  20 20 20 20 
0D88EED0: 20 20 20 20  20 20 20 20  20 20 20 20  20 20 20 20 
0D88EEE0: 20 20 20 20  20 20 20 20  20 20 20 20  20 20 20 20 
0D88EEF0: 20 20 20 20  20 20 20 20  20 20 20 20  20 20 20 20 
0D88EF00: 20 20 20 20  20 20 20 20  20 20 20 20  20 20 20 20 
0D88EF10: 20 20 20 20  20 20 20 20  20 20 20 20  20 20 20 20 
0D88EF20: 20 20 20 20  20 20 20 20  20 20 20 20  20 20 20 20 
0D88EF30: 20 20 20 20  20 20 20 20  20 20 20 20  20 20 20 20 
0D88EF40: 20 20 20 20  20 20 20 20  20 20 20 20  20 20 20 20 
0D88EF50: 20 20 20 20  20 20 20 20  20 20 20 20  20 20 20 20 
0D88EF60: 20 20 20 20  20 20 20 20  20 20 20 20  20 20 20 20 
0D88EF70: 20 20 20 20  20 20 20 20  20 20 20 20  20 20 20 20 
0D88EF80: 20 20 20 20  20 20 20 20  20 20 20 20  20 20 20 20 
0D88EF90: 20 20 20 20  20 20 20 20  20 20 20 20  20 20 20 20 
0D88EFA0: 20 20 20 20  20 20 20 20  20 20 20 20  20 20 20 20 
0D88EFB0: 20 20 20 20  20 20 20 20  20 20 20 20  20 20 20 20 
0D88EFC0: 20 20 20 20  20 20 20 20  20 20 20 20  20 20 20 20 
0D88EFD0: 20 20 20 20  20 20 20 20  20 20 20 20  20 20 20 20 
0D88EFE0: 20 20 20 20  20 20 20 20  20 20 20 20  20 20 20 20 
0D88EFF0: 20 20 20 20  20 20 20 20  20 20 20 20  20 20 20 20 
0D88F000: 20 20 20 20  20 20 20 20  20 20 20 20  20 20 20 20 
0D88F010: 20 20 20 20  20 20 20 20  20 20 20 20  20 20 20 20 
0D88F020: 20 20 20 20  20 20 20 20  20 20 20 20  20 20 20 20 
0D88F030: 20 20 20 20  20 20 20 20  20 20 20 20  20 20 20 20 
0D88F040: 20 20 20 20  20 20 20 20  20 20 20 20  20 20 20 20 
0D88F050: 20 20 20 20  20 20 20 41  47 2E 20 50  45 C7 41 53 
0D88F060: 20 28 4F 46  49 43 2E 29  20 20 20 20  20 20 20 20 
0D88F070: 20 20 20 20  20 20 20 20  20 20 20 20  20 20 20 20 
0D88F080: 20 20 20 20  20 20 20 20  20 20 20 20  20 20 20 20 
0D88F090: 20 20 20 20  20 20 20 20  20 20 20 20  20 20 20 20 
0D88F0A0: 20 20 20 20  20 20 20 32  20 2D 20 56  69 73 74 2E 
0D88F0B0: 2F 41 75 74  6F 72 69 7A  61 64 6F 20  20 20 20 20 
0D88F0C0: 20 20 20 20  20 28 31 31  29 20 39 37  35 36 30 20 
0D88F0D0: 39 36 31 39  20 28 72 65  73 29 20 2F  20 28 37 37 
0D88F0E0: 29 20 39 39  38 31 34 20  30 39 33 39  20 28 63 6F 
0D88F0F0: 6D 29 20 2F  20 64 69 61  73 6A 6F 69  6C 73 6F 6E 
0D88F100: 32 30 31 37  40 67 6D 61  69 6C 2E 63  6F 6D 20 28 
0D88F110: 6D 61 69 6C  29 20 20 20  20 20 20 20  20 20 20 20 
0D88F120: 20 20 20 20  20 20 20 20  20 20 20 20  20 20 20 20 
0D88F130: 20 20 20 20  20 20 20 20  20 20 20 20  20 20 20 20 
0D88F140: 20 20 20 20  20 20 20 20  20 20 20 20  20 20 20 20 
0D88F150: 20 20 20 20  20 20 20 20  20 20 20 20  20 20 20 20 
0D88F160: 20 20 20 20  20 20 20 20  20 20 20 20  20 20 20 20 
0D88F170: 20 20 20 20  20 20 20 20  20 20 20 20  20 20 20 20 
0D88F180: 20 20 20 20  20 20 20 20  20 20 20 20  20 20 20 20 
0D88F190: 20 20 20 20  20 20 20 20  20 20 20 20  20 20 20 20 
0D88F1A0: 20 20 20 20  20 20 20 20  20 20 20 20  20 20 20 20 
0D88F1B0: 20 20 20 20  20 20 20 20  20 20 20 20  20 20 20 20 
0D88F1C0: 20 20 20 20  20 20 20 20  20 20 20 20  20 20 20 20 
0D88F1D0: 20 20 20 20  20 20 20 20  20 20 20 20  20 20 20 20 
0D88F1E0: 20 20 20 20  20 20 20 34  20 20 20 20  20 20 20 20 
0D88F1F0: 20 20 20 20  20 20 20 20  45 20 20 41  4C 41 4E 20 
0D88F200: 52 45 49 53  20 53 49 4C  56 41 20 20  20 20 20 20 
0D88F210: 20 20 20 20  20 20 20 20  20 20 20 20  20 20 20 20 
0D88F220: 20 20 20 20  20 20 20 20  20 20 20 20  20 20 20 20 
0D88F230: 20 20 20 20  20 20 20 52  20 53 61 6E  74 69 61 67 
0D88F240: 6F 2C 20 34  38 20 20 20  20 20 20 20  20 20 20 20 
0D88F250: 20 20 20 20  20 20 20 20  20 20 20 20  20 20 20 20 
0D88F260: 20 20 20 20  20 20 20 20  20 20 20 20  20 20 20 20 
0D88F270: 20 20 20 20  20 20 20 20  20 20 20 20  20 20 20 20 
0D88F280: 20 20 20 20  20 20 20 4A  75 72 65 6D  61 20 20 20 
0D88F290: 20 20 20 20  20 20 20 20  20 20 20 20  20 20 20 20 
0D88F2A0: 20 20 20 20  20 56 69 74  6F 72 69 61  20 64 61 20 
0D88F2B0: 43 6F 6E 71  75 69 73 74  61 20 20 20  20 20 20 20 
0D88F2C0: 20 20 20 42  41 20 20 20  20 20 20 20  20 20 20 20 
0D88F2D0: 20 20 20 20  20 20 20 34  35 30 32 33  2D 30 31 30 
0D88F2E0: 20 30 34 31  2E 38 20 20  20 20 20 20  20 20 20 20 
0D88F2F0: 20 20 20 20  20 20 20 20  20 20 20 20  20 20 20 20 
0D88F300: 20 20 20 20  20 20 20 20  20 20 20 20  20 20 20 20 
0D88F310: 20 20 20 20  20 20 20 20  20 20 20 20  20 20 20 20 
0D88F320: 20 20 20 20  20 20 20 20  20 20 20 20  20 20 20 20 
0D88F330: 20 20 20 20  20 20 20 20  20 20 20 20  20 20 20 20 
0D88F340: 20 20 20 20  20 20 20 20  20 20 20 20  20 20 20 20 
0D88F350: 20 20 20 20  20 20 20 20  20 20 20 20  20 20 20 20 
0D88F360: 20 20 20 20  20 20 20 20  20 20 20 20  20 20 20 20 
0D88F370: 20 20 20 20  20 20 20 20  20 20 20 20  20 20 20 20 
0D88F380: 20 20 20 20  20 20 20 20  20 20 20 20  20 20 20 20 
0D88F390: 20 20 20 20  20 20 20 20  20 20 20 20  20 20 20 20 
0D88F3A0: 20 20 20 20  20 20 20 20  20 20 20 20  20 20 20 20 
0D88F3B0: 20 20 20 20  20 20 20 20  20 20 20 20  20 20 20 20 
0D88F3C0: 20 20 20 20  20 20 20 20  20 20 20 20  20 20 20 20 
0D88F3D0: 20 20 20 20  20 20 20 20  20 20 20 20  20 20 20 20 
0D88F3E0: 20 20 20 20  20 08 00 92  0F 00 00 00  00 33 00 00 
0D88F3F0: 00 00 00 00  39 40 00 00  00 00 34 65  05 00 00 00 
0D88F400: 00 00 01 00  00 00 00 00  00 00 00 00  00 00 00 00 
0D88F410: 00 00 00 00  00 00 00 00  00 00 00 00  00 00 00 00 
0D88F420: 00 00 00 00  00 00 00 00  00 00 00 00  00 00 00 00 
0D88F430: 00 00 00 00  00 00 00 00  00 00 00 00  00 00 00 00 
0D88F440: 00 00 00 00  00 00 00 00  00 00 00 00  00 00 00 00 
0D88F450: 00 00 00 00  00 00 80 D0  92 0F 78 C0  92 0F 70 B0 
0D88F460: 92 0F 00 00  00 00 00 00  02 00 00 00  00 00 00 00 
0D88F470: 00 00 00 00  00 00 20 20  20 20 20 20  20 20 20 20 
0D88F480: 20 20 20 20  20 20 20 20  20 20 20 20  20 20 20 20 
0D88F490: 20 20 20 20  20 20 20 20  20 20 20 20  20 20 20 20 
0D88F4A0: 20 20 20 20  20 20 20 20  20 20 20 20  20 20 20 20 
0D88F4B0: 20 20 20 20  20 20 20 20  20 20 00 00  00 00 00 B8 
0D88F4C0: 36 01 00 B8  36 01 00 00  00 00 00 00  00 00 00 50 
0D88F4D0: 70 92 0F 00  00 00 00 00  00 01 00 00  00 00 00 20 
0D88F4E0: 20 80 69 AA  0E 00 00 00  00 50 6E 92  0F 50 6C 92 
0D88F4F0: 0F B8 AB 93  0F 00 00 00  00 00 00 00  20 20 20 20 
0D88F500: 20 20 20 20  20 20 20 20  20 20 20 20  20 20 20 20 
0D88F510: 20 20 20 20  20 20 20 20  20 20 20 20  20 20 20 20 
0D88F520: 20 20 20 20  20 20 20 20  20 20 20 20  20 20 20 20 
0D88F530: 20 20 20 20  20 20 20 20  00 00 00 00  00 00 00 00 
0D88F540: 00 00 00 00  90 F0 92 0F  00 05 00 8C  00 00 00 50 
0D88F550: 4F 4C 49 4D  45 4E 54 4F  20 20 20 20  20 20 20 20 
0D88F560: 20 20 20 20  20 20 20 20  20 20 20 20  20 20 20 20 
0D88F570: 20 20 20 20  20 20 20 4E  E3 6F 20 49  6E 69 63 69 
0D88F580: 61 64 6F 20  20 20 20 20  20 20 20 20  20 20 20 20 
0D88F590: 20 20 20 20  20 20 20 20  20 20 20 20  20 20 20 01 
0D88F5A0: 05 00 00 00  00 00 00 00  00 00 03 72  01 43 20 47 
0D88F5B0: 20 88 E0 92  0F 05 00 00  00 09 00 00  00 01 00 01 
0D88F5C0: 01 01 01 01  00 00 00 00  00 00 00 00  00 01 01 00 
0D88F5D0: 00 8C 00 00  00 00 00 00  00 20 20 20  20 20 20 20 
0D88F5E0: 20 1C F6 88  0D 80 3A 46  01 28 2C DF  0B 1B 00 00 
0D88F5F0: 00 03 F6 88  0D 38 3A 46  01 A8 22 DF  0B 19 00 00 
0D88F600: 00 01 00 4F  53 20 30 30  30 31 32 33  20 20 20 20 
0D88F610: 20 20 20 20  20 20 20 01  7B 00 00 00  52 45 43 55 
0D88F620: 50 45 52 41  52 20 20 20  20 20 20 20  20 20 20 20 
0D88F630: 05 00 00 00  00 00 01 00  B1 FD 88 0D  08 3A 46 01 
0D88F640: 00 00 00 00  22 00 00 00  44 45 53 4D  2E 5C 4D 4F 
0D88F650: 4E 54 2E 20  20 20 20 20  20 20 20 20  35 55 30 38 
0D88F660: 30 39 39 35  37 20 20 20  20 20 20 20  20 20 20 20 
0D88F670: 35 55 30 38  30 39 39 35  37 20 20 20  20 20 20 20 
0D88F680: 20 20 20 20  50 52 4F 54  45 54 4F 52  20 20 20 20 
0D88F690: 20 20 20 20  20 20 20 20  20 20 20 20  20 20 20 20 
0D88F6A0: 20 20 20 20  20 20 20 20  20 20 2D 20  49 74 65 6D 
0D88F6B0: 20 31 20 50  41 52 41 42  41 52 52 4F  20 44 49 41 
0D88F6C0: 4E 54 20 45  53 51 20 20  20 20 20 20  20 20 20 20 
0D88F6D0: 20 20 20 20  20 20 20 20  20 20 20 20  20 20 20 20 
0D88F6E0: 20 20 20 20  20 20 20 20  20 20 20 20  20 20 20 20 
0D88F6F0: 20 20 20 20  20 20 20 20  20 20 20 20  20 20 20 20 
0D88F700: 20 20 20 20  20 20 20 20  20 20 20 20  20 20 20 20 
0D88F710: 00 00 00 00  00 00 00 00  00 00 00 00  00 00 00 00 
0D88F720: 00 00 00 00  00 20 20 20  20 20 20 20  20 20 20 20 
0D88F730: 20 20 20 20  20 20 20 20  20 20 00 00  00 00 02 00 
0D88F740: 00 00 00 00  00 00 00 00  00 00 00 00  00 00 00 00 
0D88F750: 00 00 00 00  00 00 00 00  00 00 00 00  00 20 20 20 
0D88F760: 20 20 20 20  20 20 20 20  20 20 20 20  20 20 20 20 
0D88F770: 20 20 20 20  20 20 20 20  20 20 20 20  20 20 20 20 
0D88F780: 20 20 20 20  20 20 20 20  20 20 20 20  20 20 20 20 
0D88F790: 20 20 20 20  20 20 20 20  20 20 20 20  20 20 20 20 
0D88F7A0: 20 20 20 20  20 20 20 20  20 20 20 20  20 20 20 20 
0D88F7B0: 20 20 20 20  20 20 20 20  20 20 20 20  20 20 20 20 
0D88F7C0: 20 20 20 20  20 20 20 20  20 20 20 20  20 20 20 20 
0D88F7D0: 20 20 20 20  20 20 20 20  20 20 20 20  20 20 20 20 
0D88F7E0: 20 20 20 20  20 20 20 20  20 20 20 20  20 20 20 20 
0D88F7F0: 20 20 20 20  20 20 20 20  20 20 20 20  20 20 20 20 
0D88F800: 20 20 20 20  20 20 20 20  20 20 20 20  20 20 20 20 
0D88F810: 20 20 20 20  20 20 20 20  20 20 20 20  20 20 20 20 
0D88F820: 20 20 20 20  20 20 20 20  20 20 20 20  20 20 20 20 
0D88F830: 20 20 20 20  20 20 20 20  20 20 20 20  20 20 20 20 
0D88F840: 20 20 20 20  20 20 20 20  20 20 20 20  20 20 20 20 
0D88F850: 20 20 20 20  20 20 20 20  20 20 20 20  20 20 20 20 
0D88F860: 20 20 20 20  20 20 20 20  20 20 20 20  20 20 20 20 
0D88F870: 20 20 20 20  20 20 20 20  20 20 45 73  74 6F 71 75 
0D88F880: 65 20 20 20  20 20 20 20  20 20 20 20  20 20 20 20 
0D88F890: 20 20 20 20  20 20 20 20  20 20 20 20  20 20 20 20 
0D88F8A0: 20 20 20 20  20 20 20 20  20 20 20 20  30 30 30 31 
0D88F8B0: 36 31 20 20  20 20 20 20  20 20 20 20  20 20 20 20 
0D88F8C0: 20 20 20 20  20 20 20 20  20 20 20 20  20 20 20 20 
0D88F8D0: 20 20 20 20  00 00 00 00  00 00 00 00  80 37 4E 01 
0D88F8E0: 35 F9 88 0D  07 04 3C F9  88 0D 07 03  43 F9 88 0D 
0D88F8F0: 07 04 4A F9  88 0D 07 04  51 F9 88 0D  07 04 58 F9 
0D88F900: 88 0D 07 04  5F F9 88 0D  03 00 62 F9  88 0D 00 00 
0D88F910: 00 00 00 00  00 00 00 00  00 00 00 00  00 00 00 00 
0D88F920: 00 00 00 00  00 00 00 00  00 00 00 00  00 00 00 00 
0D88F930: 00 00 00 00  01 00 00 00  00 00 00 00  00 00 00 00 
0D88F940: 00 00 00 00  00 00 00 00  00 00 00 00  00 00 00 00 
0D88F950: 00 00 00 00  00 00 00 00  00 00 00 00  00 00 00 00 
0D88F960: 00 05 00 00  00 00 00 00  00 00 00 00  00 00 00 00 
0D88F970: 00 00 00 00  00 00 00 00  00 00 00 00  00 00 00 00 
0D88F980: 00 00 00 00  00 00 00 00  00 00 00 60  5C 15 10 00 
0D88F990: 00 00 00 00  00 00 00 00  00 00 00 00  00 00 00 00 
0D88F9A0: 00 00 00 00  00 00 00 00  00 00 00 00  00 00 00 00 
0D88F9B0: 00 00 00 00  00 00 00 00  00 00 20 20  20 20 20 20 
0D88F9C0: 20 20 20 20  20 20 20 20  20 20 20 20  20 20 20 20 
0D88F9D0: 20 20 20 20  20 20 20 20  20 20 20 20  20 20 20 20 
0D88F9E0: 20 20 20 20  20 20 20 20  20 20 20 20  20 20 20 20 
0D88F9F0: 20 20 20 20  20 20 20 20  20 20 20 20  20 20 20 20 
0D88FA00: 20 20 20 20  20 20 20 20  20 20 20 20  20 20 20 20 
0D88FA10: 20 20 20 20  20 20 20 20  20 20 20 20  20 20 20 20 
0D88FA20: 20 20 20 20  20 20 20 20  20 20 20 20  20 20 20 20 
0D88FA30: 20 20 20 20  20 20 20 20  20 20 20 20  20 20 20 20 
0D88FA40: 20 20 20 20  20 20 20 20  20 20 20 20  20 20 20 20 
0D88FA50: 20 20 20 20  20 20 20 20  20 20 20 20  20 20 20 20 
0D88FA60: 20 20 20 20  20 20 20 20  20 20 20 20  20 20 20 20 
0D88FA70: 20 20 20 20  20 20 20 20  20 20 20 20  20 20 20 20 
0D88FA80: 20 20 20 20  20 20 20 20  20 20 20 20  20 20 20 20 
0D88FA90: 20 20 20 20  20 20 20 20  20 20 20 20  20 20 20 20 
0D88FAA0: 20 20 20 20  20 20 20 20  20 20 20 20  20 20 20 20 
0D88FAB0: 20 20 20 20  20 20 20 20  20 38 37 30  38 32 39 39 
0D88FAC0: 39 20 20 20  20 20 20 20  20 20 20 20  20 20 20 20 
0D88FAD0: 20 20 20 20  20 20 20 20  20 20 20 20  20 20 20 20 
0D88FAE0: 20 20 20 20  20 20 20 20  20 20 20 20  20 20 20 20 
0D88FAF0: 20 20 20 20  20 20 20 20  20 20 20 20  20 20 20 2F 
0D88FB00: FC 88 0D E0  31 46 01 C0  ED F7 0D 81  00 00 00 D0 
0D88FB10: 31 93 0F B8  34 46 01 D8  57 CB 0F 0B  01 00 00 00 
0D88FB20: 00 00 00 00  00 00 00 00  00 00 00 00  00 00 00 00 
0D88FB30: 00 00 00 00  00 00 00 00  00 00 00 00  00 00 00 00 
0D88FB40: 00 00 00 00  00 00 00 00  00 00 00 00  00 00 00 00 
0D88FB50: 00 00 00 00  00 00 00 00  00 00 00 00  00 00 00 00 
0D88FB60: 00 00 00 00  00 00 00 00  00 00 00 00  00 00 00 00 
0D88FB70: 00 00 00 C8  F3 93 0F 20  21 46 01 00  00 00 00 12 
0D88FB80: 01 00 00 50  2E 20 56 65  6E 64 61 20  20 20 20 20 
0D88FB90: 20 20 20 20  20 20 20 20  20 20 20 20  20 20 20 20 
0D88FBA0: 20 20 20 20  20 20 20 20  20 20 20 20  20 20 20 20 
0D88FBB0: 20 20 20 20  20 20 20 20  20 20 20 20  20 20 20 20 
0D88FBC0: 20 20 20 20  20 20 20 20  20 20 20 20  20 20 20 20 
0D88FBD0: 20 20 20 20  20 20 20 20  20 20 20 20  20 20 20 20 
0D88FBE0: 20 20 20 20  20 20 20 20  20 20 20 20  20 20 20 20 
0D88FBF0: 20 20 20 20  20 20 20 20  20 20 20 4A  FD 88 0D C4 
0D88FC00: 20 46 01 30  0C C2 0F 3D  00 00 00 20  20 20 20 20 
0D88FC10: 20 20 20 20  20 20 20 20  20 20 20 20  20 20 20 28 
0D88FC20: FD 88 0D 78  31 46 01 F8  0B 9A 0F 0A  00 00 00 20 
0D88FC30: 20 20 20 20  20 20 20 20  20 20 20 20  20 20 20 20 
0D88FC40: 20 20 20 20  20 20 20 20  20 20 20 20  20 20 20 20 
0D88FC50: 20 20 20 20  20 20 20 20  20 20 20 20  20 20 20 20 
0D88FC60: 20 00 00 00  00 00 00 00  00 00 00 00  96 00 00 00 
0D88FC70: 0A 00 00 00  20 20 20 20  20 20 20 20  20 20 20 20 
0D88FC80: 20 20 20 20  20 20 20 20  00 00 00 00  00 00 00 00 
0D88FC90: 44 72 6F 70  4C 69 73 74  20 20 00 20  20 20 20 20 
0D88FCA0: 20 20 20 20  20 20 20 20  20 20 20 20  20 20 20 00 
0D88FCB0: C8 F3 93 0F  70 66 93 0F  00 00 80 00  00 FF 00 00 
0D88FCC0: FF FF FF FF  00 80 00 00  00 00 80 00  FF FF 00 00 
0D88FCD0: FF FF FF FF  FF D2 00 00  42 00 00 00  00 00 80 00 
0D88FCE0: FF 53 53 00  FF FF FF FF  FF 00 00 00  21 00 00 00 
0D88FCF0: 00 00 80 00  FF 53 53 00  FF FF FF FF  FF 00 00 00 
0D88FD00: 00 00 80 00  FF FF 00 00  FF FF FF FF  FF D2 00 00 
0D88FD10: 28 00 00 00  00 00 80 00  00 FF 00 00  FF FF FF FF 
0D88FD20: 00 80 00 00  19 00 00 00  00 00 23 00  00 00 08 00 
0D88FD30: 00 00 00 48  4A 98 0F 00  00 00 00 00  00 00 00 01 
0D88FD40: 00 00 C0 BB  93 0F 05 00  00 00 03 00  00 00 00 4D 
0D88FD50: 45 43 41 4E  49 43 41 20  20 20 20 20  20 20 20 20 
0D88FD60: 20 20 20 20  20 20 20 20  20 20 20 20  20 20 20 20 
0D88FD70: 20 20 4D 65  63 E2 6E 69  63 61 20 20  20 20 20 20 
0D88FD80: 20 20 20 20  20 20 01 00  57 10 00 00  20 48 5C 92 
0D88FD90: 0F D0 31 93  0F 01 01 00  01 01 01 00  00 00 00 01 
0D88FDA0: 01 00 00 00  10 39 92 0F  01 D8 EB 93  0F 38 01 92 
0D88FDB0: 0F 20 20 20  20 20 20 20  20 20 20 20  20 20 20 20 
0D88FDC0: 20 20 20 20  20 20 20 20  20 20 20 20  20 20 20 00 
0D88FDD0: 00 00 00 00  E4 FD 88 0D  44 A2 45 01  10 69 9A 0F 
0D88FDE0: D0 00 00 00  53 49 54 55  41 C7 C3 4F  20 43 4F 4D 
0D88FDF0: 45 52 43 49  41 4C 20 20  20 20 20 20  20 20 20 20 
0D88FE00: 20 20 20 20  20 20 20 20  20 20 20 20  00 00 50 65 
0D88FE10: 73 71 2E 20  53 61 74 69  73 66 61 E7  E3 6F 20 20 
0D88FE20: 20 20 20 20  20 20 20 20  20 20 20 20  20 20 20 20 
0D88FE30: 20 20 20 20  20 20 20 20  20 20 20 20  20 20 20 20 
0D88FE40: 20 20 20 20  20 20 20 20  20 20 20 20  20 20 20 20 
0D88FE50: 20 20 20 20  20 20 20 20  20 20 20 20  20 20 20 20 
0D88FE60: 20 20 20 20  20 20 20 20  20 20 20 20  20 20 20 20 
0D88FE70: 20 20 20 20  20 20 20 20  20 20 20 20  20 20 20 20 
0D88FE80: 20 20 20 20  20 20 20 20  20 20 20 20  20 20 20 20 
0D88FE90: 20 20 20 20  20 20 20 20  20 20 20 20  20 20 20 20 
0D88FEA0: 20 20 20 20  20 20 20 20  20 20 20 20  20 20 20 20 
0D88FEB0: 20 20 20 01  18 EC 98 0F  BC FE 88 0D  FC FE 88 0D 
0D88FEC0: 99 38 3B 01  8C 00 A0 0B  48 FF 88 0D  48 FF 88 0D 
0D88FED0: 94 FF 42 72  77 4F 53 53  74 61 72 74  F8 08 92 0F 
0D88FEE0: 00 10 00 00  F7 D9 0B 01  10 2A 13 01  56 59 11 01 
0D88FEF0: 48 FF 88 0D  C0 A0 28 00  2E C4 0B 01  94 FF 88 0D 
0D88FF00: 1C D7 0B 01  CC FF 88 0D  CC FF 88 0D  71 59 11 01 
0D88FF10: 48 FF 88 0D  48 FF 88 0D  48 FF 88 0D  04 00 00 00 
0D88FF20: 1C D7 0B 01  48 FF 88 0D  2C D7 0B 01  68 FF 88 0D 
0D88FF30: 94 FF 88 0D  48 FF 88 0D  8C 00 A0 0B  00 00 00 00 
0D88FF40: 52 23 21 77  8C 00 A0 0B  10 2A 13 01  00 00 00 00 
0D88FF50: 04 00 00 00  78 2A 13 01  8C 00 A0 0B  BC D7 0B 01 
0D88FF60: 2C D7 0B 01  8C 00 A0 0B  00 00 00 00  14 B0 00 00 
0D88FF70: 00 00 00 00  00 00 00 00  A3 FA CF 2A  88 02 00 00 
0D88FF80: 5D 00 00 00  04 7C E6 74  8C 00 A0 0B  E0 7B E6 74 
0D88FF90: 82 90 E9 3B  DC FF 88 0D  8F AD 27 77  8C 00 A0 0B 
0D88FFA0: 76 E8 2E 38  00 00 00 00  00 00 00 00  8C 00 A0 0B 
0D88FFB0: 00 00 00 00  00 00 00 00  00 00 00 00  00 00 00 00 
0D88FFC0: 76 E8 2E 38  A0 FF 88 0D  00 00 00 00  E4 FF 88 0D 
0D88FFD0: A0 74 2B 77  0A BA 81 42  00 00 00 00  EC FF 88 0D 
0D88FFE0: 5A AD 27 77  FF FF FF FF  B2 00 26 77  00 00 00 00 
0D88FFF0: 00 00 00 00  2C D7 0B 01  8C 00 A0 0B  00 00 00 00 
