Unable to open MDI window (No APPLICATION active)
Process PID=00003288  Image: C:\ERP\Esteticar\zeta.exe
Thread 5  Handle=000003E4  TID=00001DA4

Stack frame: 0DB1C054

Call Stack:
039A148F
039AE6A9
039AE499
039B2D43
039BE1DF
0399CCD1
0399D596
012443FA
01241E9B

Clarion modules:
01000000  08.00:9563  C:\ERP\Esteticar\ClaRUN.dll
003E0000  08.00:9563  C:\ERP\Esteticar\ClaASC.dll
00550000  08.00:9563  C:\ERP\Esteticar\ClaTPS.dll
00CD0000  08.00:9563  C:\ERP\Esteticar\ZWACC.dll
057B0000  08.00:9563  C:\ERP\Esteticar\ClaDOS.dll
075C0000  08.00:9563  C:\ERP\Esteticar\ZWFUNCOESWMF.dll
00F60000  08.00:9563  C:\ERP\Esteticar\ZWFUNCOES.dll
05810000  08.00:9759  C:\ERP\Esteticar\IQXML80.dll
00320000  08.00:9563  C:\ERP\Esteticar\ZW15ARQ.dll
00030000  08.00:9563  C:\ERP\Esteticar\ZW33TAB.dll
06EF0000  08.00:9563  C:\ERP\Esteticar\ZWFAARQ.dll
061A0000  08.00:9563  C:\ERP\Esteticar\ClaOLE.dll
09190000  08.00:9563  C:\ERP\Esteticar\ClaDB3.dll
091C0000  08.00:9563  C:\ERP\Esteticar\ClaDB4.dll
091F0000  08.00:9563  C:\ERP\Esteticar\ClaODB.dll
06D60000  08.00:9563  C:\ERP\Esteticar\ZWENARQ.dll
003D0000  08.00:9563  C:\ERP\Esteticar\ZWIND.dll
09110000  08.00:9563  C:\ERP\Esteticar\ZWCMARQ.dll
06FB0000  08.00:9563  C:\ERP\Esteticar\ZWFLARQ.dll
066F0000  08.00:9563  C:\ERP\Esteticar\ZWCOARQ.dll
06940000  08.00:9563  C:\ERP\Esteticar\ZWCXARQ.dll
073C0000  08.00:9563  C:\ERP\Esteticar\ZWPEDP.dll
06ED0000  08.00:9563  C:\ERP\Esteticar\ZWETARQ.dll
07880000  08.00:9563  C:\ERP\Esteticar\ZWGIND.dll
07890000  08.00:9563  C:\ERP\Esteticar\ZWPRARQ.dll
08020000  08.00:9563  C:\ERP\Esteticar\ZWREEMB.dll
07E10000  08.00:9563  C:\ERP\Esteticar\ZWVARQ.dll
06C80000  08.00:9563  C:\ERP\Esteticar\ZWDARQ.dll
06F50000  08.00:9563  C:\ERP\Esteticar\ZWFIARQ.dll
08B10000  08.00:9563  C:\ERP\Esteticar\ZW33NFCE.dll
09240000  08.00:9563  C:\ERP\Esteticar\ZWAGFC.dll
092C0000  08.00:9563  C:\ERP\Esteticar\ZWAOCM.dll
04590000  08.00:9563  C:\ERP\Esteticar\ZWRELHTM.dll
093F0000  08.00:9563  C:\ERP\Esteticar\ZWEIARQ.dll
076E0000  08.00:9563  C:\ERP\Esteticar\E_PON.dll
076F0000  08.00:9563  C:\ERP\Esteticar\ZWPOARQ.dll
07760000  08.00:9563  C:\ERP\Esteticar\ZWSOPE.dll
076C0000  08.00:9563  C:\ERP\Esteticar\ZWOCARQ.dll
073E0000  08.00:9563  C:\ERP\Esteticar\ZWFRARQ.dll
074C0000  08.00:9563  C:\ERP\Esteticar\ZWFRREL.dll
07440000  08.00:9563  C:\ERP\Esteticar\ZWFRFNC.dll
073D0000  08.00:9563  C:\ERP\Esteticar\EXT_FRE.dll
03630000  08.00:9563  C:\ERP\Esteticar\ZWFRPRI.dll
06F10000  08.00:9563  C:\ERP\Esteticar\ZWRFAS.dll
06200000  08.00:9563  C:\ERP\Esteticar\ZW15FIC.dll
05C70000  08.00:9563  C:\ERP\Esteticar\ZW15REL.dll
09150000  08.00:9563  C:\ERP\Esteticar\ZWCMREL.dll
03E30000  08.00:9563  C:\ERP\Esteticar\ZWMSG.dll
06990000  08.00:9563  C:\ERP\Esteticar\ZWCXREL.dll
07040000  08.00:9563  C:\ERP\Esteticar\ZWFLX2.dll
07190000  08.00:9563  C:\ERP\Esteticar\ZWFLREL.dll
07160000  08.00:9563  C:\ERP\Esteticar\ZWFLCABC.dll
07960000  08.00:9563  C:\ERP\Esteticar\ZWRPRO.dll
03E60000  08.00:9563  C:\ERP\Esteticar\ZWOCORR.dll
08980000  08.00:9563  C:\ERP\Esteticar\ZWVCXA.dll
07710000  08.00:9563  C:\ERP\Esteticar\ZWRPON.dll
06180000  08.00:9563  C:\ERP\Esteticar\ZWGPON.dll
03EA0000  08.00:9563  C:\ERP\Esteticar\ZWPONTO.dll
00FA0000  08.00:9563  C:\ERP\Esteticar\ZWHENT.dll
09380000  08.00:9563  C:\ERP\Esteticar\ZWEID.dll
09360000  08.00:9563  C:\ERP\Esteticar\EXT_VEN.dll
08A40000  08.00:9563  C:\ERP\Esteticar\ZWVFRE.dll
04DA0000  08.00:9563  C:\ERP\Esteticar\ZWVCHAM.dll
07F20000  08.00:9563  C:\ERP\Esteticar\ZWVFCH.dll
06A00000  08.00:9563  C:\ERP\Esteticar\ZWSCU.dll
08030000  08.00:9563  C:\ERP\Esteticar\ZWRVEN.dll
09340000  08.00:9563  C:\ERP\Esteticar\ZWROCM.dll
092F0000  08.00:9563  C:\ERP\Esteticar\ZWFOCM.dll
07F80000  08.00:9563  C:\ERP\Esteticar\ZWOCM.dll
07D00000  08.00:9563  C:\ERP\Esteticar\ZWGVEN.dll
092B0000  08.00:9563  C:\ERP\Esteticar\ZWRGFC.dll
09270000  08.00:9563  C:\ERP\Esteticar\ZWFGFC.dll
07790000  08.00:9563  C:\ERP\Esteticar\ZWGFC.dll
06A30000  08.00:9563  C:\ERP\Esteticar\ZWVFNC.dll
045C0000  08.00:9563  C:\ERP\Esteticar\ZWRENT.dll
06790000  08.00:9563  C:\ERP\Esteticar\ZWRCOM.dll
07CE0000  08.00:9563  C:\ERP\Esteticar\EXT_SERV.dll
048C0000  08.00:9563  C:\ERP\Esteticar\ZWSERV.dll
064D0000  08.00:9563  C:\ERP\Esteticar\ZWGFISCA.dll
06150000  08.00:9563  C:\ERP\Esteticar\ZWGFAS.dll
02CE0000  08.00:9563  C:\ERP\Esteticar\ZWFISCA.dll
024E0000  08.00:9563  C:\ERP\Esteticar\ZWEXPNF.dll
06410000  08.00:9563  C:\ERP\Esteticar\ZWECEP.dll
05730000  08.00:9563  C:\ERP\Esteticar\ZWWSI.dll
06CD0000  08.00:9563  C:\ERP\Esteticar\ZWDFNC.dll
00DC0000  08.00:9563  C:\ERP\Esteticar\ZWDIM.dll
04E40000  08.00:9563  C:\ERP\Esteticar\ZWVEN.dll
06DD0000  08.00:9563  C:\ERP\Esteticar\ZWMOD.dll
03D80000  08.00:9563  C:\ERP\Esteticar\ZWGENT.dll
00E40000  08.00:9563  C:\ERP\Esteticar\ZWDOCMNT.dll
06570000  08.00:9563  C:\ERP\Esteticar\ZWGPRO.dll
04AA0000  08.00:9563  C:\ERP\Esteticar\ZWTAB.dll
07770000  08.00:9563  C:\ERP\Esteticar\EXT_PRO.dll
03F70000  08.00:9563  C:\ERP\Esteticar\ZWPRO.dll
06760000  08.00:9563  C:\ERP\Esteticar\ZWETG.dll
00F20000  08.00:9563  C:\ERP\Esteticar\ZWETIQ.dll
01D70000  08.00:9563  C:\ERP\Esteticar\ZWDOC.dll
032B0000  08.00:9563  C:\ERP\Esteticar\ZWFLUXO.dll
06970000  08.00:9563  C:\ERP\Esteticar\ZWCXGLO.dll
00490000  08.00:9563  C:\ERP\Esteticar\ZWCXF.dll
031C0000  08.00:9563  C:\ERP\Esteticar\ZWFLPAG.dll
06480000  08.00:9563  C:\ERP\Esteticar\ZWGCOM.dll
063D0000  08.00:9563  C:\ERP\Esteticar\ZW15IMG.dll
066C0000  08.00:9563  C:\ERP\Esteticar\E_CPR.dll
018A0000  08.00:9563  C:\ERP\Esteticar\ZWCOMPRS.dll
07140000  08.00:9563  C:\ERP\Esteticar\EXT_FLU.dll
05FA0000  08.00:9563  C:\ERP\Esteticar\ZWFLGLO.dll
09130000  08.00:9563  C:\ERP\Esteticar\ZWCMGLO.dll
06D10000  08.00:9563  C:\ERP\Esteticar\ZWCMIS.dll
01FD0000  08.00:9563  C:\ERP\Esteticar\ZWENT.dll
00670000  08.00:9563  C:\ERP\Esteticar\ZW15CON.dll
007B0000  08.00:9563  C:\ERP\Esteticar\ZW15ENT.dll
061C0000  08.00:9563  C:\ERP\Esteticar\EXT_ENT.dll
01180000  08.00:9563  C:\ERP\Esteticar\ZW15OPE.dll
02B90000  08.00:9563  C:\ERP\Esteticar\ZWFASES.dll
057E0000  08.00:9563  C:\ERP\Esteticar\E_FAS.dll
008C0000  08.00:9563  C:\ERP\Esteticar\ZW15GLO.dll
057D0000  08.00:9563  C:\ERP\Esteticar\EXTERNAL.dll
03810000  08.00:9563  C:\ERP\Esteticar\ZWFUNC1.dll
00230000  08.00:9563  C:\ERP\Esteticar\BRWCONF.dll
002F0000  08.00:9563  C:\ERP\Esteticar\ZWBACK.dll
07CB0000  08.00:9563  C:\ERP\Esteticar\EXT_RES.dll
04880000  08.00:9563  C:\ERP\Esteticar\ZWRESUMO.dll
00400000  08.00:9563  C:\ERP\Esteticar\zeta.exe
0ADB0000  08.00:9563  C:\ERP\Esteticar\zwpaacc.dll

Thread stack:
0DB1C050: 84 C1 B1 0D  84 C1 B1 0D  8F 14 9A 03  8C 3A FB 1A 
0DB1C060: 18 01 FB 1A  84 C1 B1 0D  7C C0 B1 0D  D0 C6 B1 0D 
0DB1C070: 00 10 99 0D  C8 77 01 0F  C0 77 01 0F  02 00 00 00 
0DB1C080: 8C 3A FB 1A  00 FA 8A 1C  C4 00 FB 1A  3C 01 FB 1A 
0DB1C090: 2B C1 B1 0D  C8 77 01 0F  18 01 FB 1A  00 00 00 00 
0DB1C0A0: 20 20 20 20  20 20 20 20  20 20 20 20  20 20 20 20 
0DB1C0B0: 20 20 20 20  20 20 20 20  20 20 20 20  20 20 20 20 
0DB1C0C0: 20 20 20 20  20 20 20 20  20 20 20 20  20 20 20 20 
0DB1C0D0: 20 20 20 20  20 20 20 20  20 20 20 20  20 20 20 20 
0DB1C0E0: 20 20 20 20  20 20 20 20  20 20 20 20  20 20 20 20 
0DB1C0F0: 46 4E 43 5F  55 70 64 4D  69 64 69 61  73 4F 72 69 
0DB1C100: 67 65 6D 00  54 C1 B1 0D  F8 BF 13 01  54 C1 B1 0D 
0DB1C110: 66 22 00 00  F8 BF 13 01  2E 3C 0E 01  00 00 00 00 
0DB1C120: 00 00 00 00  00 00 00 00  BC C1 B1 6C  73 9C 03 00 
0DB1C130: 00 00 00 00  00 00 00 00  00 00 00 00  00 00 00 00 
0DB1C140: 00 00 00 00  00 00 00 00  00 00 00 00  00 00 00 00 
0DB1C150: 00 00 00 00  00 00 00 00  00 00 00 00  00 00 D0 E6 
0DB1C160: 8A 1C B0 6D  8B 1C 02 00  00 00 00 00  00 00 00 00 
0DB1C170: 02 00 00 00  D8 F6 8A 1C  00 00 00 00  01 00 00 00 
0DB1C180: 84 C1 B1 0D  BC C1 B1 0D  A9 E6 9A 03  35 A8 FA 1B 
0DB1C190: D0 C6 B1 0D  00 10 99 0D  00 00 00 00  C4 77 01 0F 
0DB1C1A0: 35 BD 0B 00  C8 77 01 0F  3C 01 FB 1A  C0 77 01 0F 
0DB1C1B0: C4 77 01 0F  BC C1 B1 0D  D0 C6 B1 0D  DC C1 B1 0D 
0DB1C1C0: 99 E4 9A 03  00 00 00 00  20 10 99 0D  00 00 00 00 
0DB1C1D0: D4 C2 B1 0D  DC C1 B1 0D  D0 C6 B1 0D  D0 C6 B1 0D 
0DB1C1E0: 43 2D 9B 03  D4 C2 B1 0D  0C C2 B1 0D  04 A9 0D 01 
0DB1C1F0: 35 A8 FA 1B  20 10 99 0D  8E A8 FA 1B  00 00 00 00 
0DB1C200: 20 10 99 0D  8E A8 FA 1B  00 00 00 00  D4 C2 B1 0D 
0DB1C210: CF 86 0D 01  E8 A7 FA 1B  00 00 00 00  70 F5 8E 1C 
0DB1C220: 8E A8 FA 1B  20 10 99 0D  E8 A7 FA 1B  20 10 99 0D 
0DB1C230: 0C 82 0D 01  8E A8 FA 1B  00 00 00 00  84 01 13 01 
0DB1C240: 00 00 00 00  E8 A7 FA 1B  E8 A7 FA 1B  00 00 00 00 
0DB1C250: D4 C2 B1 0D  20 6B 0D 01  97 6B 0D 01  C0 77 01 0F 
0DB1C260: C4 77 01 0F  00 00 00 00  D4 C2 B1 0D  F8 26 9B 03 
0DB1C270: 00 00 00 00  E8 A7 FA 1B  7D 00 00 60  9E 1D 10 05 
0DB1C280: 00 00 00 00  00 00 00 00  AC C2 B1 0D  00 00 00 00 
0DB1C290: 92 08 0B 00  01 B0 00 00  00 00 00 00  00 00 00 00 
0DB1C2A0: 6B BD 98 7B  D8 01 00 00  32 01 00 00  7C 08 07 00 
0DB1C2B0: 00 01 00 00  0D 00 00 00  01 00 1C 00  F2 BF 9A 7B 
0DB1C2C0: D8 01 00 00  32 01 00 00  2E 9E 0F 01  00 00 00 00 
0DB1C2D0: D4 C2 B1 0D  D0 C6 B1 0D  75 2E 9B 03  10 CB B1 0D 
0DB1C2E0: 00 10 00 00  D0 C6 B1 0D  FC C2 B1 0D  78 BC 8D 1C 
0DB1C2F0: 78 BC 8D 1C  20 03 00 00  00 10 00 00  10 3E FB 1A 
0DB1C300: 08 CE FA 1B  18 D6 8C 1C  1C C4 B1 0D  39 C4 B1 0D 
0DB1C310: 4B C5 B1 0D  67 C6 B1 0D  68 C5 B1 0D  C0 C3 B1 0D 
0DB1C320: 8C 3A FB 1A  01 00 00 00  20 20 20 20  20 20 20 20 
0DB1C330: 20 20 20 20  20 20 20 20  20 20 20 20  20 20 20 20 
0DB1C340: 20 20 20 20  20 20 20 20  20 20 20 20  20 20 20 20 
0DB1C350: 20 20 20 20  20 20 20 20  20 20 20 20  20 20 20 20 
0DB1C360: 20 20 20 20  20 20 20 20  20 20 20 20  20 20 20 20 
0DB1C370: 20 20 20 20  20 20 20 20  20 20 20 20  20 20 20 20 
0DB1C380: 20 20 20 20  20 20 20 20  20 20 20 20  20 20 20 20 
0DB1C390: 20 20 20 20  20 20 20 20  20 20 20 20  46 4E 43 5F 
0DB1C3A0: 42 72 77 4D  69 64 69 61  73 49 6E 74  65 72 6E 61 
0DB1C3B0: 18 D6 8C 1C  C8 DE A0 03  00 00 00 00  0F 28 00 00 
0DB1C3C0: 4F 72 64 65  6D 20 64 65  20 53 65 72  76 69 E7 6F 
0DB1C3D0: 20 63 F3 64  69 67 6F 20  30 30 30 38  30 30 20 20 
0DB1C3E0: 20 20 20 20  20 20 20 20  20 20 20 20  20 20 20 20 
0DB1C3F0: 20 20 00 10  00 00 78 BC  8D 1C 88 BE  FA 1B 98 BA 
0DB1C400: FA 1B 1C 36  20 10 7A 77  31 35 73 65  72 20 20 20 
0DB1C410: 20 20 20 20  20 20 20 20  20 20 00 01  FC 3C A1 03 
0DB1C420: E8 A7 FA 1B  43 02 00 00  60 01 00 00  00 00 00 00 
0DB1C430: 00 00 00 00  01 D0 9E FA  1B FC 3C A1  03 E8 A7 FA 
0DB1C440: 1B 43 02 00  00 60 01 00  00 00 00 00  00 00 00 00 
0DB1C450: 00 01 08 9F  FA 1B 00 00  00 00 60 01  00 00 2C 01 
0DB1C460: 00 00 90 01  00 00 02 00  00 00 A5 00  00 00 16 00 
0DB1C470: 00 00 02 D8  9E 8C 1C 00  C0 9D FA 1B  01 02 00 00 
0DB1C480: 00 00 40 9F  FA 1B 00 66  65 62 30 61  32 39 66 2D 
0DB1C490: 66 38 31 36  2D 34 64 32  36 2D 38 37  36 62 2D 32 
0DB1C4A0: 62 61 37 64  33 36 35 64  64 35 30 30  31 35 66 31 
0DB1C4B0: 66 64 66 2D  38 31 32 38  2D 34 31 35  66 2D 38 31 
0DB1C4C0: 32 62 2D 62  31 37 38 33  33 34 36 38  35 31 62 F0 
0DB1C4D0: B6 F9 1B 65  00 00 00 00  01 7A 77 31  35 73 65 72 
0DB1C4E0: 20 20 20 20  20 20 20 20  20 20 20 20  20 20 20 20 
0DB1C4F0: 20 20 20 20  20 20 20 20  03 00 00 00  7A 77 31 35 
0DB1C500: 73 65 72 20  20 20 20 20  20 20 20 20  20 20 20 20 
0DB1C510: 20 20 20 20  20 20 20 20  20 20 20 03  00 00 01 04 
0DB1C520: 00 00 00 0B  00 00 00 20  20 20 20 20  20 20 20 20 
0DB1C530: 20 20 20 20  20 20 20 20  20 20 20 20  20 20 20 20 
0DB1C540: 20 20 20 20  20 20 20 20  20 20 20 58  CA FA 1B 2C 
0DB1C550: DE A0 03 C8  C9 F9 1B 6A  03 00 00 00  00 00 00 00 
0DB1C560: 0B 00 00 00  02 00 00 00  32 33 38 31  63 66 36 66 
0DB1C570: 2D 37 66 62  63 2D 34 61  62 36 2D 62  65 62 62 2D 
0DB1C580: 65 34 64 38  66 61 31 62  63 63 66 66  20 20 20 20 
0DB1C590: 20 20 20 20  20 20 20 20  20 20 20 20  20 20 20 20 
0DB1C5A0: 20 20 20 20  20 20 20 20  20 20 20 20  20 20 20 20 
0DB1C5B0: 20 20 20 20  20 20 20 20  20 20 20 20  20 20 20 20 
0DB1C5C0: 20 20 20 20  20 20 20 20  20 20 20 20  20 20 20 20 
0DB1C5D0: 20 20 20 20  20 20 20 20  20 20 20 20  20 20 20 20 
0DB1C5E0: 20 20 20 20  20 20 20 20  20 20 20 20  20 20 20 20 
0DB1C5F0: 20 20 20 20  20 20 20 20  20 20 20 20  20 20 20 20 
0DB1C600: 20 20 20 20  20 20 20 20  20 20 20 20  20 20 20 20 
0DB1C610: 20 20 20 20  20 20 20 20  20 20 20 20  20 20 20 20 
0DB1C620: 20 20 20 20  20 20 20 20  20 20 20 20  20 20 20 20 
0DB1C630: 20 20 20 20  20 20 20 20  20 20 20 20  20 20 20 20 
0DB1C640: 20 20 20 20  20 20 20 20  20 20 20 20  20 20 20 20 
0DB1C650: 20 20 20 20  20 20 20 20  20 20 20 20  20 20 20 20 
0DB1C660: 20 20 20 20  20 20 20 20  20 20 20 20  20 20 20 20 
0DB1C670: 20 20 20 20  20 20 20 20  20 20 20 20  20 20 20 20 
0DB1C680: 20 20 20 20  20 20 20 20  20 20 20 00  00 00 00 00 
0DB1C690: 00 00 00 00  90 AA FA 1B  68 C6 FA 1B  78 C2 FA 1B 
0DB1C6A0: 08 03 98 0D  A0 17 22 10  1E 00 00 00  20 03 00 00 
0DB1C6B0: 20 FE 22 10  1E 00 00 00  02 00 00 00  E8 A7 FA 1B 
0DB1C6C0: 01 00 00 00  01 00 00 00  58 CA FA 1B  D0 C6 B1 0D 
0DB1C6D0: F4 C6 B1 0D  DF E1 9B 03  71 C9 B1 0D  E8 03 00 00 
0DB1C6E0: 78 BC 8D 1C  40 9B 1C 10  1E 00 00 00  A0 B2 23 10 
0DB1C6F0: 1E 00 00 00  2C C9 B1 0D  D1 CC 99 03  9A C9 B1 0D 
0DB1C700: B8 C9 B1 0D  E8 03 00 00  77 74 8A 1B  E8 03 00 00 
0DB1C710: 14 1A C7 B1  0D 19 C8 B1  0D 00 5B 33  31 38 34 38 
0DB1C720: 28 7A 5F 6D  69 64 69 61  73 2E 69 63  6F 29 5D 49 
0DB1C730: 6D 61 67 65  6D 7C 2D 7C  5B 33 31 38  34 38 28 7A 
0DB1C740: 5F 73 61 6C  76 61 72 2E  69 63 6F 29  5D 53 61 6C 
0DB1C750: 76 61 72 7C  5B 33 31 38  34 38 28 7A  5F 73 61 6C 
0DB1C760: 76 61 72 63  6F 6D 6F 2E  69 63 6F 29  5D 53 61 6C 
0DB1C770: 76 61 72 20  43 6F 6D 6F  7C 43 61 6E  63 65 6C 61 
0DB1C780: 72 20 20 20  20 20 20 20  20 20 20 20  20 20 20 20 
0DB1C790: 20 20 20 20  20 20 20 20  20 20 20 20  20 20 20 20 
0DB1C7A0: 20 20 20 20  20 20 20 20  20 20 20 20  20 20 20 20 
0DB1C7B0: 20 20 20 20  20 20 20 20  20 20 20 20  20 20 20 20 
0DB1C7C0: 20 20 20 20  20 20 20 20  20 20 20 20  20 20 20 20 
0DB1C7D0: 20 20 20 20  20 20 20 20  20 20 20 20  20 20 20 20 
0DB1C7E0: 20 20 20 20  20 20 20 20  20 20 20 20  20 20 20 20 
0DB1C7F0: 20 20 20 20  20 20 20 20  20 20 20 20  20 20 20 20 
0DB1C800: 20 20 20 20  20 20 20 20  20 20 20 20  20 20 20 20 
0DB1C810: 20 20 20 20  20 20 20 20  20 5B 33 31  38 34 38 28 
0DB1C820: 7A 5F 6D 69  64 69 61 73  2E 69 63 6F  29 5D 49 6D 
0DB1C830: 61 67 65 6D  7C 2D 7C 20  20 20 20 20  20 20 20 20 
0DB1C840: 20 20 20 20  20 20 20 20  20 20 20 20  20 20 20 20 
0DB1C850: 20 20 20 20  20 20 20 20  20 20 20 20  20 20 20 20 
0DB1C860: 20 20 20 20  20 20 20 20  20 20 20 20  20 20 20 20 
0DB1C870: 20 20 20 20  20 20 20 20  20 20 20 20  20 20 20 20 
0DB1C880: 20 20 20 20  20 20 20 20  20 20 20 20  20 20 20 20 
0DB1C890: 20 20 20 20  20 20 20 20  20 20 20 20  20 20 20 20 
0DB1C8A0: 20 20 20 20  20 20 20 20  20 20 20 20  20 20 20 20 
0DB1C8B0: 20 20 20 20  20 20 20 20  20 20 20 20  20 20 20 20 
0DB1C8C0: 20 20 20 20  20 20 20 20  20 20 20 20  20 20 20 20 
0DB1C8D0: 20 20 20 20  20 20 20 20  20 20 20 20  20 20 20 20 
0DB1C8E0: 20 20 20 20  20 20 20 20  20 20 20 20  20 20 20 20 
0DB1C8F0: 20 20 20 20  20 20 20 20  20 20 20 20  20 20 20 20 
0DB1C900: 20 20 20 20  20 20 20 20  20 20 20 20  20 20 20 20 
0DB1C910: 20 20 20 20  20 20 20 20  00 00 00 00  00 00 F0 3F 
0DB1C920: 01 00 00 00  2C C9 B1 0D  10 CB B1 0D  10 CB B1 0D 
0DB1C930: 96 D5 99 03  BC FE B1 0D  7C E8 B1 0D  10 CB B1 0D 
0DB1C940: 54 C9 B1 0D  80 CB B1 0D  08 00 00 00  F8 A5 8D 1C 
0DB1C950: 80 CB B1 0D  00 C0 77 01  0F E4 CA B1  0D C4 77 01 
0DB1C960: 0F 60 6C 8A  1B 00 10 00  00 02 00 00  00 01 00 00 
0DB1C970: 00 53 65 6C  65 63 69 6F  6E 65 20 75  6D 20 64 69 
0DB1C980: 72 65 74 F3  72 69 6F 00  00 00 00 00  06 D6 11 01 
0DB1C990: 10 00 20 20  20 20 20 20  20 01 4A 51  4C 35 31 39 
0DB1C9A0: 32 20 20 20  20 20 20 20  20 20 20 20  20 20 20 20 
0DB1C9B0: 20 20 20 20  20 20 20 20  73 65 72 20  20 20 20 20 
0DB1C9C0: 20 20 20 20  20 20 20 20  20 20 20 20  20 20 20 20 
0DB1C9D0: 20 20 20 20  20 20 00 20  20 20 20 20  20 20 20 20 
0DB1C9E0: 20 20 20 20  20 20 20 20  20 20 20 20  20 20 20 20 
0DB1C9F0: 20 20 20 20  20 20 20 20  20 20 20 20  20 20 20 20 
0DB1CA00: 20 20 20 20  20 20 20 20  20 20 20 20  20 20 20 20 
0DB1CA10: 20 20 20 20  20 20 20 20  20 20 20 20  20 20 20 20 
0DB1CA20: 20 20 20 20  20 20 20 20  20 20 20 20  20 20 20 20 
0DB1CA30: 20 20 20 20  20 20 20 20  20 20 20 20  20 20 20 20 
0DB1CA40: 20 20 20 20  20 20 20 20  20 20 20 20  20 20 20 20 
0DB1CA50: 20 20 20 20  20 20 20 20  20 20 20 20  20 20 20 20 
0DB1CA60: 20 20 20 20  20 20 20 20  20 20 20 20  20 20 20 20 
0DB1CA70: 20 20 20 20  20 20 20 20  20 20 20 20  20 20 20 20 
0DB1CA80: 20 20 20 20  20 20 20 20  20 20 20 20  20 20 20 20 
0DB1CA90: 20 52 65 74  6F 72 6E 61  50 61 72 61  6D 65 74 72 
0DB1CAA0: 6F 5A 4D 65  63 49 6E 74  65 72 6E 61  06 05 D5 00 
0DB1CAB0: 15 00 00 00  54 81 D5 00  00 00 00 00  00 00 00 00 
0DB1CAC0: E8 03 00 00  70 9B 60 1C  98 CB B1 0D  E0 CA B1 0D 
0DB1CAD0: 20 03 00 00  00 E4 98 0D  68 7C 8A 1B  D8 B0 98 0D 
0DB1CAE0: 78 BC 8D 1C  46 4E 43 5F  43 6F 70 69  61 72 4D 69 
0DB1CAF0: 64 69 61 73  C8 AF 98 0D  E8 76 F9 1B  00 00 00 00 
0DB1CB00: F0 E7 98 0D  00 00 00 00  80 CB B1 0D  10 CB B1 0D 
0DB1CB10: 98 CB B1 0D  FA 43 24 01  BC FE B1 0D  14 D5 00 0F 
0DB1CB20: BC E6 B1 0D  00 00 00 00  28 F6 66 1C  15 00 00 F8 
0DB1CB30: A5 8D 1C 80  CB B1 0D 01  00 00 00 00  00 00 00 00 
0DB1CB40: 73 65 72 20  20 20 20 20  20 20 20 20  20 20 20 20 
0DB1CB50: 20 20 20 20  20 20 20 20  20 20 20 20  20 20 20 03 
0DB1CB60: 00 00 4A 51  4C 35 31 39  32 20 20 20  20 20 20 20 
0DB1CB70: 20 20 20 20  20 20 20 20  20 20 20 20  20 20 20 20 
0DB1CB80: 40 CB B1 0D  60 76 47 01  28 BA F1 1B  40 00 00 00 
0DB1CB90: 98 CB B1 0D  BC FE B1 0D  C0 CB B1 0D  9B 1E 24 01 
0DB1CBA0: A5 80 44 0E  BC E6 B1 0D  BC FE B1 0D  00 00 00 00 
0DB1CBB0: 01 00 00 00  5A 8D 01 00  C0 CB B1 0D  BC FE B1 0D 
0DB1CBC0: E0 CB B1 0D  25 DF 24 01  00 00 00 00  C8 A5 8D 1C 
0DB1CBD0: 00 00 00 00  F6 00 00 00  E0 CB B1 0D  BC FE B1 0D 
0DB1CBE0: BC FE B1 0D  F6 FF 27 01  D8 CC B1 0D  10 CC B1 0D 
0DB1CBF0: 04 A9 0D 01  A5 80 44 0E  C8 A5 8D 1C  FE 80 44 0E 
0DB1CC00: 00 00 00 00  C8 A5 8D 1C  FE 80 44 0E  00 00 00 00 
0DB1CC10: D8 CC B1 0D  CF 86 0D 01  58 80 44 0E  00 00 00 00 
0DB1CC20: F0 6C 48 0E  FE 80 44 0E  C8 A5 8D 1C  58 80 44 0E 
0DB1CC30: C8 A5 8D 1C  0C 82 0D 01  FE 80 44 0E  00 00 00 00 
0DB1CC40: 3C 03 13 01  00 00 00 00  58 80 44 0E  58 80 44 0E 
0DB1CC50: 00 00 00 00  D8 CC B1 0D  20 6B 0D 01  97 6B 0D 01 
0DB1CC60: A7 E6 B1 0D  C4 77 01 0F  00 00 00 00  D8 CC B1 0D 
0DB1CC70: 03 A4 27 01  00 00 00 00  58 80 44 0E  00 00 00 00 
0DB1CC80: BD 9B 60 00  00 00 00 00  00 00 00 00  B0 CC B1 0D 
0DB1CC90: 00 00 00 00  34 04 0A 00  01 B0 00 00  00 00 00 00 
0DB1CCA0: 00 00 00 00  5F 99 90 7B  26 00 00 00  7D 02 00 00 
0DB1CCB0: 8A 06 06 00  01 02 00 00  01 00 00 00  0A 00 11 00 
0DB1CCC0: EF 9B 90 7B  13 00 00 00  9D 02 00 00  2E 9E 0F 01 
0DB1CCD0: 00 00 00 00  D8 CC B1 0D  BC FE B1 0D  29 02 28 01 
0DB1CCE0: CC FF B1 0D  1C D7 0B 01  BC FE B1 0D  00 CD B1 0D 
0DB1CCF0: 00 10 00 00  0A 00 00 00  64 E5 4E 01  00 00 00 00 
0DB1CD00: 5D E0 B1 0D  29 E6 B1 0D  26 E6 B1 0D  64 4F 9B 0D 
0DB1CD10: 23 E6 B1 0D  20 E6 B1 0D  C4 77 01 0F  70 DC B1 0D 
0DB1CD20: 00 00 00 00  90 7F 95 0D  80 D6 B1 0D  18 87 44 0E 
0DB1CD30: C0 77 01 0F  20 1C 0A 0F  0C 5B 9B 0D  E8 E8 96 0D 
0DB1CD40: 30 59 91 0D  54 1C 0A 0F  D0 18 0A 0F  89 E0 B1 0D 
0DB1CD50: A5 E0 B1 0D  E5 E6 B1 0D  52 E1 B1 0D  83 E1 B1 0D 
0DB1CD60: 0F E6 B1 0D  8D E6 B1 0D  70 BB 91 0D  75 E6 B1 0D 
0DB1CD70: 8C 25 9A 0D  A7 E6 B1 0D  74 0D 9A 0D  AF D6 B1 0D 
0DB1CD80: 50 0D 9A 0D  40 10 9A 0D  00 00 00 00  00 00 00 00 
0DB1CD90: 35 E0 B1 0D  00 00 00 00  39 D0 B1 0D  38 D0 B1 0D 
0DB1CDA0: 00 00 00 00  05 D0 B1 0D  40 0C 9A 0D  68 0C 9A 0D 
0DB1CDB0: 90 DF B1 0D  00 00 00 00  00 00 00 00  D2 CF B1 0D 
0DB1CDC0: 81 E7 B1 0D  00 00 00 00  00 00 00 00  48 DC B1 0D 
0DB1CDD0: 09 D5 B1 0D  0D DC B1 0D  E5 DB B1 0D  00 00 00 00 
0DB1CDE0: CE F5 B1 0D  F0 DA B1 0D  D3 DA B1 0D  DC F8 B1 0D 
0DB1CDF0: 50 1C 0A 0F  B5 E0 B1 0D  BD E7 B1 0D  62 E1 B1 0D 
0DB1CE00: 93 E1 B1 0D  1C F6 B1 0D  03 F6 B1 0D  B1 FD B1 0D 
0DB1CE10: C5 D5 B1 0D  98 87 95 0D  AE F5 B1 0D  09 E6 B1 0D 
0DB1CE20: A8 E5 B1 0D  B9 E7 B1 0D  2F FC B1 0D  71 D7 B1 0D 
0DB1CE30: 28 FD B1 0D  A8 DC B1 0D  FF D2 B1 0D  27 F5 B1 0D 
0DB1CE40: F5 E6 B1 0D  4A FD B1 0D  0F D3 B1 0D  A4 D3 B1 0D 
0DB1CE50: 74 D4 B1 0D  E4 FD B1 0D  6A D8 B1 0D  4C 25 9A 0D 
0DB1CE60: 8D DE B1 0D  E5 D7 B1 0D  7D D7 B1 0D  E2 E0 B1 0D 
0DB1CE70: 92 D1 B1 0D  2C E6 B1 0D  06 D0 B1 0D  D3 CF B1 0D 
0DB1CE80: 28 CF B1 0D  A0 CF B1 0D  8C 24 9A 0D  00 00 00 00 
0DB1CE90: 70 50 9B 0D  14 54 9C 0D  01 00 00 00  20 20 20 20 
0DB1CEA0: 20 20 20 20  20 20 20 20  20 20 20 20  20 20 20 20 
0DB1CEB0: 20 20 20 20  20 20 20 20  20 20 20 20  20 20 20 20 
0DB1CEC0: 20 20 20 20  20 20 20 20  20 20 20 20  20 20 20 20 
0DB1CED0: 20 20 20 20  20 20 20 20  20 20 20 20  20 20 20 20 
0DB1CEE0: 20 20 20 20  20 20 20 20  20 20 20 20  20 20 20 20 
0DB1CEF0: 20 20 20 20  20 20 20 20  20 20 20 20  20 20 20 20 
0DB1CF00: 20 20 20 20  20 20 20 20  20 20 20 20  20 20 20 20 
0DB1CF10: 20 20 20 20  20 20 20 20  20 20 20 20  20 20 20 20 
0DB1CF20: 20 20 20 20  20 20 20 20  20 20 20 20  20 20 20 20 
0DB1CF30: 20 20 20 20  20 20 20 20  20 20 20 20  20 20 20 20 
0DB1CF40: 20 20 20 20  20 20 20 20  20 20 20 20  20 20 20 20 
0DB1CF50: 20 20 20 20  20 20 20 20  20 20 20 20  20 20 20 20 
0DB1CF60: 20 20 20 20  20 20 20 20  20 20 20 20  20 20 20 20 
0DB1CF70: 20 20 20 20  20 20 20 20  20 20 20 20  20 20 20 20 
0DB1CF80: 20 20 20 20  20 20 20 20  20 20 20 20  20 20 20 20 
0DB1CF90: 20 20 20 20  20 20 20 20  20 20 20 20  20 20 20 20 
0DB1CFA0: 20 20 20 20  20 20 20 20  20 20 20 20  20 20 20 20 
0DB1CFB0: 20 20 20 20  20 20 20 20  20 20 20 20  20 20 20 20 
0DB1CFC0: 20 20 20 20  20 20 20 20  20 20 20 20  20 20 20 20 
0DB1CFD0: 20 20 53 20  20 20 20 20  20 20 20 20  20 20 20 20 
0DB1CFE0: 20 20 20 20  20 20 20 20  20 20 20 20  20 20 20 20 
0DB1CFF0: 20 20 20 20  20 20 20 20  20 20 20 20  20 20 20 20 
0DB1D000: 20 20 20 20  20 52 20 20  20 20 20 20  20 20 20 20 
0DB1D010: 20 20 20 20  20 20 20 20  20 20 20 20  20 20 20 20 
0DB1D020: 20 20 20 20  20 20 20 20  20 20 20 20  20 20 20 20 
0DB1D030: 20 20 20 20  20 20 20 20  56 20 20 20  20 20 20 20 
0DB1D040: 20 20 20 20  20 20 20 20  20 20 20 20  20 20 20 20 
0DB1D050: 20 20 20 20  20 20 20 20  20 20 20 20  20 20 20 20 
0DB1D060: 20 20 20 20  20 20 20 20  20 20 20 20  20 20 20 20 
0DB1D070: 20 20 20 20  20 20 20 20  20 20 20 20  20 20 20 20 
0DB1D080: 20 20 20 20  20 20 20 20  20 20 20 20  20 20 20 20 
0DB1D090: 20 20 20 20  20 20 20 20  20 20 20 20  20 20 20 20 
0DB1D0A0: 20 20 20 20  20 20 20 20  20 20 20 20  20 20 20 20 
0DB1D0B0: 20 20 20 20  20 20 20 20  20 20 20 20  20 20 20 20 
0DB1D0C0: 20 20 20 20  20 20 20 20  20 20 20 20  20 20 20 20 
0DB1D0D0: 20 20 20 20  20 20 20 20  20 20 20 20  20 20 20 20 
0DB1D0E0: 20 20 20 20  20 20 20 20  20 20 20 20  20 20 20 20 
0DB1D0F0: 20 20 20 20  20 20 20 20  20 20 20 20  20 20 20 20 
0DB1D100: 20 20 20 20  20 20 20 20  20 20 20 20  20 20 20 20 
0DB1D110: 20 20 20 20  20 20 20 20  20 20 20 20  20 20 20 20 
0DB1D120: 20 20 20 20  20 20 20 20  20 20 20 20  20 20 20 20 
0DB1D130: 20 20 20 20  20 20 20 20  20 20 20 20  20 20 20 20 
0DB1D140: 20 20 20 20  20 20 20 20  20 20 20 20  20 20 20 20 
0DB1D150: 20 20 20 20  20 20 20 20  20 20 20 20  20 20 20 20 
0DB1D160: 20 20 20 20  20 20 20 20  20 20 20 20  20 20 20 20 
0DB1D170: 20 20 20 20  20 20 20 20  20 20 20 20  20 20 20 20 
0DB1D180: 20 20 20 20  20 20 20 20  20 20 20 20  20 20 20 20 
0DB1D190: 20 20 20 20  20 20 20 20  20 20 20 20  20 20 20 20 
0DB1D1A0: 20 20 20 20  20 20 20 20  20 20 20 20  20 20 20 20 
0DB1D1B0: 20 20 20 20  20 20 20 20  20 20 20 20  20 20 20 20 
0DB1D1C0: 20 20 20 20  20 20 20 20  20 20 20 20  20 20 20 20 
0DB1D1D0: 20 20 20 20  20 20 20 20  20 20 20 20  20 20 20 20 
0DB1D1E0: 20 20 20 20  20 20 20 20  20 20 20 20  20 20 20 20 
0DB1D1F0: 20 20 20 20  20 20 20 20  20 20 20 20  20 20 20 20 
0DB1D200: 20 20 20 20  20 20 20 20  20 20 20 20  20 20 20 20 
0DB1D210: 20 20 20 20  20 20 20 20  20 20 20 20  20 20 20 20 
0DB1D220: 20 20 20 20  20 20 20 20  20 20 20 20  20 20 20 20 
0DB1D230: 20 20 20 20  20 20 20 20  20 20 20 20  20 20 20 20 
0DB1D240: 20 20 20 20  20 20 20 20  20 20 20 20  20 20 20 20 
0DB1D250: 20 20 20 20  20 20 20 20  20 20 20 20  20 20 20 20 
0DB1D260: 20 20 20 20  20 20 20 20  20 20 20 20  20 20 20 20 
0DB1D270: 20 20 20 20  20 20 20 20  20 20 20 20  20 20 20 20 
0DB1D280: 20 20 20 20  20 20 20 20  20 20 20 20  20 20 20 20 
0DB1D290: 20 20 20 20  20 20 20 20  20 20 20 20  20 20 20 20 
0DB1D2A0: 20 20 20 20  20 20 20 20  20 20 20 20  20 20 20 20 
0DB1D2B0: 20 20 20 20  20 20 20 20  20 20 20 20  20 20 20 20 
0DB1D2C0: 20 20 20 20  20 20 20 20  20 20 20 20  20 20 20 20 
0DB1D2D0: 20 20 20 20  20 20 20 20  20 20 20 20  20 20 20 20 
0DB1D2E0: 20 20 20 20  20 20 20 20  20 20 20 20  20 20 20 20 
0DB1D2F0: 20 20 20 20  20 20 20 20  20 20 20 20  20 20 20 00 
0DB1D300: 00 00 00 00  00 00 00 00  00 00 00 00  00 00 00 20 
0DB1D310: 20 20 20 20  20 20 20 20  20 20 20 20  20 20 20 20 
0DB1D320: 20 20 20 20  20 20 20 20  20 20 20 20  20 20 20 20 
0DB1D330: 20 20 20 20  20 20 20 20  20 20 20 20  20 20 20 20 
0DB1D340: 20 20 20 20  20 20 20 20  20 20 20 20  20 20 20 20 
0DB1D350: 20 20 20 20  20 20 20 20  20 20 20 20  20 20 20 00 
0DB1D360: 00 00 00 00  00 00 00 00  00 00 20 20  20 20 20 20 
0DB1D370: 20 20 20 20  20 20 20 20  20 20 20 20  20 20 20 20 
0DB1D380: 20 20 20 20  20 20 20 20  20 20 20 20  20 20 20 20 
0DB1D390: 20 20 20 20  20 20 20 20  20 20 20 20  00 00 00 00 
0DB1D3A0: 00 00 00 00  20 20 20 20  20 20 20 20  20 20 20 20 
0DB1D3B0: 20 20 20 20  20 20 20 20  20 20 20 20  20 20 20 20 
0DB1D3C0: 20 20 20 20  20 20 20 20  20 20 20 20  00 00 20 20 
0DB1D3D0: 20 20 20 20  20 20 20 20  20 20 20 20  20 20 20 20 
0DB1D3E0: 20 20 20 20  20 20 20 20  20 20 20 20  20 20 20 20 
0DB1D3F0: 20 20 20 20  20 20 20 20  20 20 20 20  20 20 20 20 
0DB1D400: 20 20 20 20  20 20 20 20  20 20 20 20  20 20 20 20 
0DB1D410: 20 20 20 20  20 20 20 20  20 20 20 20  20 20 20 20 
0DB1D420: 20 20 20 20  20 20 20 20  20 20 20 20  20 20 20 20 
0DB1D430: 20 20 20 20  20 20 20 20  20 20 20 20  20 20 20 20 
0DB1D440: 20 20 20 20  20 20 20 20  20 20 20 20  20 20 20 20 
0DB1D450: 20 20 20 20  20 20 20 20  20 20 20 20  20 20 20 20 
0DB1D460: 20 20 20 20  20 20 20 20  20 20 20 20  20 20 20 20 
0DB1D470: 20 20 20 00  42 72 77 4F  53 20 20 20  20 20 20 20 
0DB1D480: 20 20 20 20  20 20 20 20  20 20 20 20  20 20 20 20 
0DB1D490: 20 20 20 20  20 20 20 20  20 20 20 20  54 61 62 65 
0DB1D4A0: 6C 61 20 64  65 20 4F 53  20 20 20 20  20 20 20 20 
0DB1D4B0: 20 20 20 20  20 20 20 20  20 20 20 20  20 20 20 20 
0DB1D4C0: 20 20 20 20  08 00 00 00  26 00 00 00  00 00 00 20 
0DB1D4D0: 20 20 20 20  20 20 20 20  20 20 20 20  20 20 20 20 
0DB1D4E0: 20 20 20 20  20 20 20 20  20 20 20 20  20 20 20 20 
0DB1D4F0: 20 20 20 20  20 20 20 20  20 20 20 20  20 20 20 20 
0DB1D500: 20 41 00 00  00 E4 01 00  00 20 20 20  20 20 20 20 
0DB1D510: 20 20 20 20  20 20 20 20  20 20 20 20  20 20 20 20 
0DB1D520: 20 20 20 20  20 20 20 20  20 00 00 00  00 00 00 00 
0DB1D530: 00 00 00 00  00 00 00 00  00 00 00 00  00 00 00 00 
0DB1D540: 00 00 00 00  00 00 00 00  00 00 00 00  00 00 00 00 
0DB1D550: 00 00 00 00  00 00 00 00  00 00 00 00  00 00 00 00 
0DB1D560: 00 00 00 00  00 00 00 00  00 00 00 00  00 00 00 00 
0DB1D570: 00 00 00 00  00 00 00 00  00 00 00 00  00 00 00 00 
0DB1D580: 00 00 00 00  00 00 00 00  00 00 00 00  00 00 00 00 
0DB1D590: 00 00 00 00  00 00 00 00  00 00 00 00  00 00 00 00 
0DB1D5A0: 00 00 00 00  00 00 00 00  00 00 00 00  00 00 00 00 
0DB1D5B0: 00 00 00 00  00 00 00 00  00 00 00 00  00 00 00 00 
0DB1D5C0: 00 00 00 00  00 00 00 00  00 00 00 00  00 00 00 00 
0DB1D5D0: 00 00 00 00  00 00 00 00  00 00 00 00  00 00 00 00 
0DB1D5E0: 00 00 00 00  00 00 00 00  00 00 00 20  20 20 20 20 
0DB1D5F0: 20 20 20 20  20 20 20 20  20 20 20 A4  D3 B1 0D 70 
0DB1D600: 9A 47 01 00  00 00 00 D0  00 00 00 0F  D3 B1 0D 2C 
0DB1D610: 9B 47 01 00  00 00 00 95  00 00 00 FF  D2 B1 0D 20 
0DB1D620: 1E 48 01 00  00 00 00 10  00 00 00 98  87 95 0D 6C 
0DB1D630: 33 48 01 00  00 00 00 00  10 00 00 C5  D5 B1 0D 90 
0DB1D640: 33 48 01 00  00 00 00 04  00 00 00 20  00 00 20 20 
0DB1D650: 20 20 20 20  20 20 20 20  20 20 20 20  20 20 20 20 
0DB1D660: 20 20 20 20  20 20 20 20  20 20 20 20  20 20 20 20 
0DB1D670: 20 20 20 20  20 20 20 20  20 20 20 20  20 20 20 20 
0DB1D680: 44 72 6F 70  4C 69 73 74  20 20 20 20  20 20 20 20 
0DB1D690: 20 20 20 20  01 00 00 00  00 00 00 00  00 00 00 80 
0DB1D6A0: B0 60 1C 00  10 00 00 01  00 00 00 00  00 00 00 20 
0DB1D6B0: 20 20 20 20  20 20 20 00  00 00 00 00  00 00 00 00 
0DB1D6C0: 00 00 00 00  00 00 00 01  00 10 44 91  0D B0 2A 48 
0DB1D6D0: 01 48 9E 94  0D 00 10 00  00 10 44 91  0D 5A 4D 45 
0DB1D6E0: 43 4F 53 20  20 20 20 20  20 20 20 20  20 5A 4D 45 
0DB1D6F0: 43 4F 53 49  54 45 4E 53  20 20 20 20  20 71 D7 B1 
0DB1D700: 0D 0C 2B 48  01 58 95 68  1C 04 00 00  00 4D E3 6F 
0DB1D710: 2D 64 65 2D  4F 62 72 61  20 20 20 20  20 20 20 20 
0DB1D720: 20 20 20 20  20 20 20 20  20 20 20 20  20 20 20 20 
0DB1D730: 20 20 20 20  20 20 20 20  20 20 20 20  20 20 20 20 
0DB1D740: 20 20 20 20  20 20 20 20  20 20 20 20  20 20 20 20 
0DB1D750: 20 20 20 20  20 20 20 20  20 20 20 20  20 20 20 20 
0DB1D760: 20 20 20 20  20 20 20 20  20 20 20 20  20 20 20 20 
0DB1D770: 20 04 00 00  00 68 8C 91  0D 88 C0 60  1C 41 4C 41 
0DB1D780: 4E 20 52 45  49 53 20 53  49 4C 56 41  20 20 20 20 
0DB1D790: 20 20 20 20  20 20 20 20  20 20 20 20  20 20 20 20 
0DB1D7A0: 20 20 20 20  20 20 20 20  20 20 20 20  20 20 20 20 
0DB1D7B0: 20 20 20 20  20 20 20 20  20 20 20 20  20 20 20 20 
0DB1D7C0: 20 20 20 20  20 20 20 20  20 20 20 20  20 20 20 20 
0DB1D7D0: 20 20 20 20  20 20 20 20  20 20 20 20  20 20 20 20 
0DB1D7E0: 20 B0 C1 64  1C 20 20 20  20 20 20 20  20 20 20 20 
0DB1D7F0: 20 20 20 20  20 20 20 20  20 20 20 20  20 20 20 20 
0DB1D800: 20 20 20 20  20 20 20 20  20 20 20 20  20 20 20 20 
0DB1D810: 20 20 20 20  20 20 20 20  20 20 20 20  20 20 20 20 
0DB1D820: 20 20 20 20  20 20 20 20  20 20 20 20  20 20 20 20 
0DB1D830: 20 20 20 20  20 20 20 20  20 20 20 20  20 20 20 20 
0DB1D840: 20 20 20 20  20 20 20 20  20 00 00 00  00 B8 51 50 
0DB1D850: 0E F5 00 00  00 00 00 00  00 6A D8 B1  0D 00 98 47 
0DB1D860: 01 00 BD 46  0E 81 00 00  00 00 31 20  2D 20 4E E3 
0DB1D870: 6F 20 56 69  73 74 6F 72  69 61 64 6F  20 20 20 20 
0DB1D880: 20 20 20 20  20 20 20 20  20 20 20 20  20 20 20 20 
0DB1D890: 20 20 20 20  20 20 20 20  20 20 20 20  00 00 45 01 
0DB1D8A0: 00 00 00 0A  00 00 00 63  00 00 00 0A  00 00 00 26 
0DB1D8B0: 53 69 74 2E  20 56 69 73  74 6F 72 69  61 3A 20 20 
0DB1D8C0: 20 20 20 01  00 00 00 00  00 00 00 44  72 6F 70 4C 
0DB1D8D0: 69 73 74 20  20 00 31 20  20 20 20 20  20 20 20 20 
0DB1D8E0: 20 20 20 20  20 20 20 20  20 20 00 F6  00 00 00 00 
0DB1D8F0: 00 00 01 50  00 00 00 00  00 00 00 00  38 30 30 20 
0DB1D900: 20 20 20 20  20 20 20 20  20 20 20 20  20 20 20 20 
0DB1D910: 20 20 20 20  20 20 20 20  20 20 20 20  20 20 20 20 
0DB1D920: 20 20 20 20  20 20 20 20  20 20 20 20  20 20 20 20 
0DB1D930: 20 20 20 20  20 20 20 20  20 20 20 20  20 20 20 20 
0DB1D940: 20 20 20 20  20 20 20 20  20 20 20 20  20 20 20 20 
0DB1D950: 20 20 20 20  20 20 20 20  20 20 20 20  20 20 20 20 
0DB1D960: 20 20 20 20  20 20 20 20  20 20 20 20  20 20 20 20 
0DB1D970: 20 20 20 20  20 20 20 20  20 20 20 20  20 20 20 20 
0DB1D980: 20 20 20 20  20 20 20 20  20 20 20 20  20 20 20 20 
0DB1D990: 20 20 20 20  20 20 20 20  20 20 20 20  20 20 20 20 
0DB1D9A0: 20 20 20 20  20 20 20 20  20 20 20 20  20 20 20 20 
0DB1D9B0: 20 20 20 20  20 20 20 20  20 20 20 20  20 20 20 20 
0DB1D9C0: 20 20 20 20  20 20 20 20  20 20 20 20  20 20 20 20 
0DB1D9D0: 20 20 20 20  20 20 20 20  20 20 20 20  20 20 20 20 
0DB1D9E0: 20 20 20 20  20 20 20 20  20 20 20 20  20 20 20 20 
0DB1D9F0: 20 20 20 20  20 20 20 20  20 20 20 20  20 20 20 20 
0DB1DA00: 20 20 20 20  20 20 20 20  20 20 20 20  20 20 20 20 
0DB1DA10: 20 20 20 20  20 20 20 20  20 20 20 20  20 20 20 20 
0DB1DA20: 20 20 20 20  20 20 20 20  20 20 20 20  20 20 20 20 
0DB1DA30: 20 20 20 20  20 20 20 20  20 20 20 20  20 20 20 20 
0DB1DA40: 20 20 20 20  20 20 01 00  00 00 00 00  00 00 00 00 
0DB1DA50: 01 00 01 58  60 66 1C F4  1E 48 01 60  FD 62 1C 00 
0DB1DA60: 10 00 00 58  60 66 1C 01  60 70 66 1C  D0 1E 48 01 
0DB1DA70: 70 10 92 0D  00 10 00 00  60 70 66 1C  01 01 48 6E 
0DB1DA80: 44 0E AC 1E  48 01 00 00  00 00 00 10  00 00 48 6E 
0DB1DA90: 44 0E 00 20  20 20 20 20  20 20 20 20  20 20 20 20 
0DB1DAA0: 20 20 20 20  20 20 20 20  20 20 20 20  20 20 20 20 
0DB1DAB0: 20 20 20 20  20 20 20 20  20 20 20 20  20 20 20 20 
0DB1DAC0: 20 20 20 20  20 20 20 20  20 20 20 20  20 20 20 00 
0DB1DAD0: 00 00 00 F0  F6 50 01 58  80 44 0E 1C  02 00 00 24 
0DB1DAE0: 01 00 00 70  01 00 00 4D  00 00 00 01  C8 98 60 1C 
0DB1DAF0: F0 F6 50 01  58 80 44 0E  1C 02 00 00  24 01 00 00 
0DB1DB00: 70 01 00 00  4D 00 00 00  01 00 99 60  1C 71 01 00 
0DB1DB10: 00 00 00 00  00 00 00 00  00 00 00 00  0A 00 00 00 
0DB1DB20: 04 01 00 00  00 00 00 00  50 00 6F 1B  01 01 00 01 
0DB1DB30: 01 06 00 00  00 05 00 00  00 06 00 00  00 F0 4B 1C 
0DB1DB40: 10 01 00 01  00 0F E6 B1  0D B4 FC 21  10 E0 1A 10 
0DB1DB50: 10 10 08 22  10 60 9D 1D  10 50 71 19  10 CC 59 1F 
0DB1DB60: 10 EC 51 21  10 C4 78 18  10 C4 92 18  10 4C D2 1A 
0DB1DB70: 10 40 58 21  10 E0 C7 1F  10 00 00 00  00 E0 42 1C 
0DB1DB80: 10 D0 2B 21  10 78 70 21  10 58 E5 21  10 32 00 00 
0DB1DB90: 00 00 00 00  00 00 00 00  00 00 00 00  00 00 00 00 
0DB1DBA0: 00 00 00 00  00 00 00 00  00 00 00 00  00 00 00 00 
0DB1DBB0: 00 00 00 00  00 00 00 00  00 00 00 00  00 00 00 00 
0DB1DBC0: 00 00 00 00  00 00 00 00  00 00 00 00  00 00 00 00 
0DB1DBD0: 01 74 D4 B1  0D BC 99 47  01 00 09 91  0D 95 00 00 
0DB1DBE0: 00 F5 00 00  00 42 72 77  4F 53 20 20  20 20 20 20 
0DB1DBF0: 20 20 20 20  20 20 20 20  20 20 20 20  20 20 20 20 
0DB1DC00: 20 20 20 20  20 20 20 20  20 20 20 20  20 47 45 52 
0DB1DC10: 41 4C 20 20  20 20 20 20  20 20 20 20  20 20 20 20 
0DB1DC20: 20 20 20 20  20 20 20 20  20 20 20 20  20 20 20 20 
0DB1DC30: 20 20 20 20  20 50 2C 56  0E 64 00 00  00 00 00 00 
0DB1DC40: 0C 00 00 00  04 00 00 00  42 72 77 4F  53 49 74 65 
0DB1DC50: 6E 73 20 20  20 20 20 20  20 20 20 20  20 20 20 20 
0DB1DC60: 20 20 20 20  20 20 20 20  20 20 20 20  20 20 20 20 
0DB1DC70: 47 45 52 41  4C 20 20 20  20 20 20 20  20 20 20 20 
0DB1DC80: 20 20 20 20  20 20 20 20  20 20 20 20  20 20 20 20 
0DB1DC90: 20 20 20 20  20 20 20 20  A8 DC B1 0D  E0 08 51 01 
0DB1DCA0: 08 00 81 1C  9C 00 00 00  55 56 4C 6F  63 61 6C 69 
0DB1DCB0: 7A 61 E7 E3  6F 20 20 20  20 20 20 20  20 20 20 20 
0DB1DCC0: 20 20 20 20  20 20 20 20  20 20 20 20  20 20 20 20 
0DB1DCD0: 20 20 50 00  4C 6F 63 61  6C 69 7A 61  E7 E3 6F 20 
0DB1DCE0: 20 20 20 20  20 20 20 20  20 20 20 20  20 20 20 20 
0DB1DCF0: 20 20 20 20  20 20 20 20  20 20 20 20  40 73 32 30 
0DB1DD00: 20 20 20 20  20 20 20 20  20 20 20 20  20 20 20 20 
0DB1DD10: 00 5A 42 52  57 5A 4D 45  43 4F 53 49  54 45 4E 53 
0DB1DD20: 43 36 39 20  20 20 20 20  20 20 20 20  20 20 20 20 
0DB1DD30: 20 20 20 20  20 20 20 20  20 20 20 20  20 20 20 20 
0DB1DD40: 20 20 20 43  01 00 00 00  00 00 00 00  80 84 44 0E 
0DB1DD50: 00 00 00 00  00 00 00 00  00 00 00 00  00 20 03 00 
0DB1DD60: 00 00 00 00  20 20 20 20  20 20 20 20  20 20 20 20 
0DB1DD70: 20 20 20 20  20 20 20 20  20 20 20 20  20 20 20 20 
0DB1DD80: 20 20 20 20  20 20 20 20  20 20 20 20  20 20 20 20 
0DB1DD90: 20 20 20 20  20 20 20 20  20 20 20 20  20 00 00 00 
0DB1DDA0: 20 20 20 20  20 20 20 20  20 20 20 20  20 20 20 20 
0DB1DDB0: 20 20 20 20  20 20 20 20  20 20 20 20  20 20 20 20 
0DB1DDC0: 20 20 20 20  20 20 20 20  20 20 20 20  20 20 20 20 
0DB1DDD0: 20 20 20 20  20 20 20 20  20 40 93 60  1C C8 FB 66 
0DB1DDE0: 1C B8 C2 55  0E 18 54 91  0D 00 00 00  00 08 9E 91 
0DB1DDF0: 0D 00 00 00  00 70 9C 91  0D 00 00 00  00 30 FA 66 
0DB1DE00: 1C 00 00 00  00 98 F8 66  1C 00 00 00  00 80 B7 95 
0DB1DE10: 0D 00 00 00  00 00 00 00  00 00 00 00  00 00 00 00 
0DB1DE20: 00 00 00 00  00 00 00 00  00 00 00 00  00 00 00 00 
0DB1DE30: 00 00 00 00  00 00 00 00  00 00 00 00  00 00 00 00 
0DB1DE40: 00 00 00 00  00 00 00 00  00 00 00 00  00 00 00 00 
0DB1DE50: 00 00 00 00  00 00 00 00  00 00 00 00  00 00 00 00 
0DB1DE60: 00 00 00 00  00 00 00 00  00 00 00 00  00 00 00 00 
0DB1DE70: 00 00 00 00  00 00 00 00  00 00 01 02  01 00 00 00 
0DB1DE80: 0C 00 00 00  50 7E 44 0E  00 01 00 01  00 20 20 20 
0DB1DE90: 20 20 20 20  20 20 20 20  20 20 20 20  20 20 20 20 
0DB1DEA0: 20 20 20 20  20 20 20 20  20 20 20 20  20 20 20 20 
0DB1DEB0: 20 20 20 20  20 20 20 20  20 20 20 20  20 20 20 20 
0DB1DEC0: 20 20 20 20  20 20 20 20  20 20 20 20  20 20 20 20 
0DB1DED0: 20 20 20 20  20 20 20 20  20 20 20 20  20 20 20 20 
0DB1DEE0: 20 20 20 20  20 20 20 20  20 20 20 20  20 20 20 20 
0DB1DEF0: 20 20 20 20  20 20 20 20  20 20 20 20  20 20 20 20 
0DB1DF00: 20 20 20 20  20 20 20 20  20 20 20 20  20 20 20 20 
0DB1DF10: 20 20 20 20  20 20 20 20  20 20 20 20  20 20 20 20 
0DB1DF20: 20 20 20 20  20 20 20 20  20 20 20 20  20 20 20 20 
0DB1DF30: 20 20 20 20  20 20 20 20  20 20 20 20  20 20 20 20 
0DB1DF40: 20 20 20 20  20 20 20 20  20 20 20 20  20 20 20 20 
0DB1DF50: 20 20 20 20  20 20 20 20  20 20 20 20  20 20 20 20 
0DB1DF60: 20 20 20 20  20 20 20 20  20 20 20 20  20 20 20 20 
0DB1DF70: 20 20 20 20  20 20 20 20  20 20 20 20  20 20 20 20 
0DB1DF80: 20 20 20 20  20 20 20 20  20 20 20 20  00 00 00 00 
0DB1DF90: 20 20 20 20  20 20 20 01  20 20 00 00  00 00 20 20 
0DB1DFA0: 20 20 20 20  00 00 00 00  20 00 00 00  00 20 20 00 
0DB1DFB0: 00 00 00 20  20 04 00 00  00 20 00 00  00 00 20 00 
0DB1DFC0: 00 00 00 00  00 00 00 20  20 00 00 00  00 00 00 00 
0DB1DFD0: 00 20 20 00  00 00 00 20  20 00 00 00  00 20 20 20 
0DB1DFE0: 00 00 00 00  20 00 00 00  00 2D 20 00  00 00 00 00 
0DB1DFF0: 00 00 00 20  00 00 00 00  20 20 00 00  00 00 20 20 
0DB1E000: 00 00 00 00  20 00 00 00  00 20 00 00  00 00 20 20 
0DB1E010: 00 00 00 00  20 20 00 00  00 00 20 00  00 00 00 00 
0DB1E020: 00 00 00 20  00 00 00 00  20 20 00 00  00 00 20 00 
0DB1E030: 00 00 00 00  00 42 72 77  4F 53 41 76  61 6E 63 61 
0DB1E040: 64 61 20 20  20 20 20 20  20 20 20 20  20 20 20 20 
0DB1E050: 20 20 20 20  20 20 20 20  20 20 20 20  20 47 45 52 
0DB1E060: 41 4C 20 20  20 20 20 20  20 20 20 20  20 20 20 20 
0DB1E070: 20 20 20 20  20 20 20 20  20 20 20 20  20 20 20 20 
0DB1E080: 20 20 20 20  20 78 CB 91  0D 08 7E 60  1C 80 35 48 
0DB1E090: 01 88 3D 3B  0E 23 03 00  00 08 7E 60  1C 68 30 6F 
0DB1E0A0: 1B 00 00 00  00 B5 E0 B1  0D 40 35 48  01 E8 E3 61 
0DB1E0B0: 1C 2D 00 00  00 53 49 54  45 20 20 20  20 20 20 20 
0DB1E0C0: 20 20 20 20  20 20 20 20  20 20 20 20  20 20 20 20 
0DB1E0D0: 20 20 20 20  20 20 20 20  20 20 20 20  20 40 00 00 
0DB1E0E0: 00 00 20 20  20 20 20 20  20 20 20 20  20 20 20 20 
0DB1E0F0: 20 20 20 20  20 20 20 20  20 20 20 20  20 20 20 20 
0DB1E100: 20 20 20 20  20 20 20 20  20 20 20 20  20 20 20 20 
0DB1E110: 20 20 20 20  20 20 20 20  20 20 20 20  20 20 20 20 
0DB1E120: 20 20 20 20  20 20 20 20  20 20 20 20  20 20 20 20 
0DB1E130: 20 20 20 20  20 20 20 20  20 20 20 20  20 20 20 20 
0DB1E140: 20 20 20 20  20 20 00 00  00 00 00 00  00 00 00 00 
0DB1E150: 00 00 62 E1  B1 0D C8 34  48 01 A0 0D  68 1C 19 00 
0DB1E160: 00 00 45 4E  54 52 45 47  55 45 20 20  20 20 20 20 
0DB1E170: 20 20 20 20  20 20 08 00  00 00 00 00  00 00 00 00 
0DB1E180: 00 00 00 93  E1 B1 0D 8C  34 48 01 20  F8 4C 0E 19 
0DB1E190: 00 00 00 52  65 73 70 6F  6E 64 69 64  6F 20 20 20 
0DB1E1A0: 20 20 20 20  20 20 20 37  00 00 00 00  00 00 00 00 
0DB1E1B0: 00 00 00 00  00 00 00 00  00 00 00 00  00 00 00 20 
0DB1E1C0: 20 20 20 20  20 20 20 20  20 20 20 20  20 00 00 00 
0DB1E1D0: 00 00 00 00  00 00 00 00  00 20 20 20  20 20 20 20 
0DB1E1E0: 20 20 20 20  20 20 20 20  20 20 20 20  20 20 00 00 
0DB1E1F0: 00 00 00 00  00 00 20 00  00 00 00 20  00 00 00 00 
0DB1E200: 20 00 00 00  00 20 00 00  00 00 20 00  00 00 00 20 
0DB1E210: 00 00 00 00  00 00 00 00  20 00 00 00  00 00 00 00 
0DB1E220: 00 20 00 00  00 00 20 00  00 00 00 00  00 00 00 20 
0DB1E230: 00 00 00 00  20 00 00 00  00 20 00 00  00 00 00 00 
0DB1E240: 00 00 20 00  00 00 00 00  00 00 00 20  00 00 00 00 
0DB1E250: 20 00 00 00  00 00 00 00  00 20 00 00  00 00 20 00 
0DB1E260: 00 00 00 00  00 00 00 20  00 00 00 00  20 00 00 00 
0DB1E270: 00 00 00 00  00 20 00 00  00 00 20 00  00 00 00 20 
0DB1E280: 00 00 00 00  00 20 00 00  00 00 00 20  20 00 00 00 
0DB1E290: 00 20 20 00  00 00 00 20  20 00 00 00  00 20 20 00 
0DB1E2A0: 00 00 00 20  20 00 00 00  00 20 20 00  00 00 00 20 
0DB1E2B0: 20 00 00 00  00 20 20 00  00 00 00 20  00 00 00 00 
0DB1E2C0: 20 00 00 00  00 00 00 00  00 20 20 00  00 00 00 20 
0DB1E2D0: 00 00 00 00  00 00 00 00  20 00 00 00  00 00 00 00 
0DB1E2E0: 00 20 00 00  00 00 20 00  00 00 00 00  00 00 00 20 
0DB1E2F0: 20 00 00 00  00 53 00 00  20 20 20 20  20 20 20 20 
0DB1E300: 20 20 20 20  20 20 20 20  20 20 20 20  20 20 20 20 
0DB1E310: 20 20 20 20  20 20 20 20  20 20 20 20  20 20 20 20 
0DB1E320: 20 20 20 20  20 20 20 20  20 20 20 20  20 20 20 20 
0DB1E330: 20 20 20 20  20 20 20 20  20 20 20 20  20 20 20 20 
0DB1E340: 20 20 20 20  20 20 20 20  20 20 20 20  20 20 20 20 
0DB1E350: 20 20 20 20  20 20 20 20  20 20 20 20  20 03 00 00 
0DB1E360: 00 00 00 00  00 08 00 00  00 02 00 00  00 01 01 00 
0DB1E370: 00 00 00 D0  34 6F 1B A8  2C 48 01 E8  B0 6B 1C 64 
0DB1E380: 02 00 00 F8  94 66 1C D0  34 6F 1B 01  20 03 00 00 
0DB1E390: 01 02 00 00  00 00 01 00  00 00 B0 55  91 0D 00 01 
0DB1E3A0: 00 00 00 00  46 55 4E 49  4C 41 52 49  41 20 20 20 
0DB1E3B0: 20 20 20 20  20 20 20 20  20 20 20 20  20 20 20 20 
0DB1E3C0: 20 20 20 20  20 20 20 20  20 20 20 20  20 20 20 20 
0DB1E3D0: 20 20 20 20  20 20 20 20  20 20 20 20  20 20 20 20 
0DB1E3E0: 20 20 20 20  20 20 20 20  20 20 20 20  20 20 20 20 
0DB1E3F0: 20 20 20 20  20 20 20 20  20 20 20 20  20 20 20 20 
0DB1E400: 20 20 20 20  20 20 20 20  20 20 20 20  20 20 20 20 
0DB1E410: 20 20 20 20  20 20 20 20  20 20 20 20  20 20 20 20 
0DB1E420: 20 20 20 20  20 20 20 20  20 20 20 20  20 20 20 20 
0DB1E430: 20 E6 66 1C  18 D6 66 1C  50 41 52 41  4C 41 4D 41 
0DB1E440: 20 44 28 50  41 52 41 2D  4C 41 4D 41  20 44 49 41 
0DB1E450: 4E 54 45 49  52 4F 20 4C  45 29 20 20  20 20 20 20 
0DB1E460: 20 20 20 20  20 20 20 20  20 20 20 20  20 20 20 20 
0DB1E470: 20 20 20 20  20 20 20 20  20 20 20 20  20 20 20 20 
0DB1E480: 20 20 20 20  20 20 20 20  20 20 20 20  20 20 20 20 
0DB1E490: 20 20 20 20  20 20 20 20  20 20 20 20  20 20 20 20 
0DB1E4A0: 20 20 20 20  20 20 20 20  20 20 20 20  20 20 20 20 
0DB1E4B0: 20 20 20 20  20 20 20 20  20 20 20 20  20 20 20 20 
0DB1E4C0: 20 20 20 20  01 00 00 00  00 01 00 00  00 AE 03 00 
0DB1E4D0: 00 00 FF FF  FF 00 00 00  00 00 00 FF  FF 00 00 00 
0DB1E4E0: FF 00 77 37  01 00 FF 53  53 00 FF 00  00 00 76 37 
0DB1E4F0: 01 00 00 FF  FF FF 00 00  00 00 00 00  FF FF 00 00 
0DB1E500: 00 FF 00 77  37 01 00 FF  53 53 00 FF  00 00 00 76 
0DB1E510: 37 01 00 01  FF FF FF 00  00 00 00 00  00 FF FF 00 
0DB1E520: 00 00 FF 00  77 37 01 00  FF 53 53 00  FF 00 00 00 
0DB1E530: 76 37 01 00  01 FF FF FF  00 00 00 00  00 00 FF FF 
0DB1E540: 00 00 00 FF  00 77 37 01  00 FF 53 53  00 FF 00 00 
0DB1E550: 00 76 37 01  00 01 FF FF  FF 00 00 00  00 00 00 FF 
0DB1E560: FF 00 00 00  FF 00 77 37  01 00 FF 53  53 00 FF 00 
0DB1E570: 00 00 76 37  01 00 01 FF  FF FF 00 00  00 00 00 00 
0DB1E580: FF FF 00 00  00 FF 00 77  37 01 00 FF  53 53 00 FF 
0DB1E590: 00 00 00 76  37 01 00 01  A8 E5 B1 0D  64 2C 48 01 
0DB1E5A0: 00 00 00 00  35 00 00 00  00 00 00 00  20 20 20 20 
0DB1E5B0: 20 20 20 20  20 20 20 20  20 20 20 20  20 20 20 20 
0DB1E5C0: 20 20 20 20  20 20 20 20  20 20 20 20  20 20 20 20 
0DB1E5D0: 20 20 20 20  00 00 00 00  00 00 00 00  00 F8 A5 66 
0DB1E5E0: 1C A0 97 95  0D 00 00 00  00 00 00 00  00 00 08 97 
0DB1E5F0: 68 AC 95 0D  00 58 80 44  0E 09 E6 B1  0D C8 2D 48 
0DB1E600: 01 A0 37 80  1C 02 00 00  00 00 17 00  00 00 00 88 
0DB1E610: 51 67 1C A8  E4 47 01 58  C3 95 0D F4  58 00 00 00 
0DB1E620: 00 00 00 00  00 00 00 00  00 00 00 00  20 20 20 20 
0DB1E630: 20 20 20 20  20 20 20 20  20 20 20 20  20 20 20 20 
0DB1E640: 00 00 00 00  00 00 00 00  00 00 00 00  00 00 00 00 
0DB1E650: 00 00 00 00  00 00 00 00  00 00 00 00  00 00 00 00 
0DB1E660: 00 00 00 00  76 37 01 00  76 37 01 00  76 37 01 00 
0DB1E670: 76 37 01 00  00 40 6E 30  36 62 00 00  00 00 00 00 
0DB1E680: 00 00 00 00  00 00 00 00  00 38 81 60  1C 40 C5 96 
0DB1E690: 0D E0 9B 47  01 60 F3 56  0E 55 13 00  00 00 00 00 
0DB1E6A0: 00 00 00 00  00 00 00 42  72 77 4F 53  00 00 00 00 
0DB1E6B0: 00 00 00 00  28 F6 66 1C  60 7A 3A 0E  28 F6 66 1C 
0DB1E6C0: 78 19 48 01  60 81 F1 1B  64 02 00 00  20 0E 00 00 
0DB1E6D0: 00 17 00 00  00 F5 E6 B1  0D E8 1B 48  01 00 00 00 
0DB1E6E0: 00 6C 00 00  00 BD E7 B1  0D 04 35 48  01 A0 10 6A 
0DB1E6F0: 1C 69 00 00  00 20 20 20  20 20 20 20  20 20 20 20 
0DB1E700: 20 20 20 20  20 20 20 20  20 20 20 20  20 20 20 20 
0DB1E710: 20 20 20 20  20 20 20 20  20 20 20 20  20 20 20 20 
0DB1E720: 20 20 20 20  20 20 20 20  20 20 20 20  20 20 20 20 
0DB1E730: 20 20 20 20  20 20 20 20  20 20 20 20  20 20 20 20 
0DB1E740: 20 20 20 20  20 20 20 20  20 20 20 20  20 20 20 20 
0DB1E750: 20 20 20 20  20 20 20 20  20 00 00 00  00 00 00 00 
0DB1E760: 00 B9 E7 B1  0D 14 2C 48  01 A0 D8 56  0E 04 00 00 
0DB1E770: 00 00 B6 66  1C 3C 2C 48  01 00 00 00  00 04 10 00 
0DB1E780: 00 20 20 20  20 20 20 20  20 00 00 00  00 00 00 01 
0DB1E790: 00 B6 66 1C  00 00 00 00  78 4F 95 0D  70 3F 95 0D 
0DB1E7A0: 00 00 00 00  00 00 00 00  00 60 20 6F  1B 00 00 00 
0DB1E7B0: 00 58 10 6F  1B 00 00 00  00 0A 00 00  00 52 65 63 
0DB1E7C0: 69 62 6F 20  20 20 20 20  20 20 20 20  20 20 20 20 
0DB1E7D0: 20 20 20 20  20 20 20 20  20 20 20 20  20 20 20 20 
0DB1E7E0: 20 20 20 20  20 20 20 20  20 20 20 20  20 20 20 20 
0DB1E7F0: 20 20 20 20  20 20 20 20  20 20 20 20  20 20 20 20 
0DB1E800: 20 20 20 20  20 20 20 20  20 20 20 20  20 20 20 20 
0DB1E810: 20 20 20 20  20 20 20 20  20 20 20 20  20 20 20 20 
0DB1E820: 20 0B 00 00  00 01 00 00  00 00 00 00  00 00 00 76 
0DB1E830: 37 01 00 65  37 01 00 00  00 00 00 00  00 00 00 00 
0DB1E840: 00 00 00 00  00 00 00 00  00 00 00 00  00 00 00 00 
0DB1E850: 00 00 00 00  00 00 00 00  00 00 00 00  00 00 00 00 
0DB1E860: 00 00 00 00  00 00 00 00  00 00 00 00  00 00 01 00 
0DB1E870: 00 00 00 01  00 00 00 00  00 53 00 00  AE F5 B1 0D 
0DB1E880: EC 2D 48 01  10 4B 50 0E  10 00 00 00  50 61 64 72 
0DB1E890: E3 6F 20 20  20 20 20 20  20 20 20 20  20 20 20 20 
0DB1E8A0: 20 20 20 20  20 20 20 20  20 20 20 20  20 20 20 20 
0DB1E8B0: 20 20 20 20  20 20 20 20  20 20 20 20  20 20 20 20 
0DB1E8C0: 20 20 20 20  20 20 20 20  20 20 20 20  20 20 20 20 
0DB1E8D0: 20 20 20 20  20 20 20 20  20 20 20 20  20 20 20 20 
0DB1E8E0: 20 20 20 20  20 20 20 20  20 20 20 20  20 20 20 20 
0DB1E8F0: 20 20 20 20  20 20 20 20  20 20 20 20  20 20 20 20 
0DB1E900: 20 20 20 20  20 20 20 20  20 20 20 20  20 20 20 20 
0DB1E910: 20 20 20 20  20 20 20 20  20 20 20 20  20 20 20 20 
0DB1E920: 20 20 20 20  20 20 20 20  20 20 20 20  20 20 20 20 
0DB1E930: 20 20 20 20  20 20 20 20  20 20 20 20  20 20 20 20 
0DB1E940: 20 20 20 20  20 20 20 20  20 20 20 20  20 20 20 20 
0DB1E950: 20 20 20 20  20 20 20 20  20 20 20 20  20 20 20 20 
0DB1E960: 20 20 20 20  20 20 20 20  20 20 20 20  20 20 20 20 
0DB1E970: 20 20 20 20  20 20 20 20  20 20 20 20  20 20 20 20 
0DB1E980: 20 20 20 20  20 20 20 20  20 20 20 41  4C 41 4E 20 
0DB1E990: 52 45 49 53  20 53 49 4C  56 41 20 20  20 20 20 20 
0DB1E9A0: 20 20 20 20  20 20 20 20  20 20 20 20  20 20 20 20 
0DB1E9B0: 20 20 20 20  20 20 20 20  20 20 20 20  20 20 20 20 
0DB1E9C0: 20 20 20 20  20 20 20 20  20 20 20 20  20 20 20 20 
0DB1E9D0: 20 20 20 20  20 20 20 20  20 20 20 20  20 20 20 20 
0DB1E9E0: 20 20 20 20  20 20 20 20  20 20 20 20  20 20 20 20 
0DB1E9F0: 20 20 20 20  20 20 20 20  20 20 20 20  20 20 20 20 
0DB1EA00: 20 20 20 20  20 20 20 20  20 20 20 20  20 20 20 20 
0DB1EA10: 20 20 20 20  20 20 20 20  20 20 20 20  20 20 20 20 
0DB1EA20: 20 20 20 20  20 20 20 20  20 20 20 20  20 20 20 20 
0DB1EA30: 20 20 20 20  20 20 20 20  20 20 20 20  20 20 20 20 
0DB1EA40: 20 20 20 20  20 20 20 20  20 20 20 20  20 20 20 20 
0DB1EA50: 20 20 20 20  20 20 20 20  20 20 20 20  20 20 20 20 
0DB1EA60: 20 20 20 20  20 20 20 20  20 20 20 20  20 20 20 20 
0DB1EA70: 20 20 20 20  20 20 20 20  20 20 20 20  20 20 20 20 
0DB1EA80: 20 20 20 20  20 20 20 20  20 20 30 30  39 2E 38 34 
0DB1EA90: 32 2E 32 37  35 2D 38 30  20 20 20 20  20 20 20 20 
0DB1EAA0: 20 20 20 20  20 20 20 20  20 20 20 20  20 20 20 20 
0DB1EAB0: 20 20 20 20  20 20 20 20  20 20 98 95  60 1C F0 36 
0DB1EAC0: 48 01 D0 F1  49 0E 25 01  00 00 00 00  00 14 58 96 
0DB1EAD0: 00 00 00 00  21 14 98 00  00 00 00 16  60 00 00 00 
0DB1EAE0: 00 00 00 32  00 00 00 00  00 31 18 96  00 00 00 00 
0DB1EAF0: 00 19 57 13  45 00 00 00  00 00 00 00  00 00 00 00 
0DB1EB00: 00 00 00 00  00 00 00 00  00 00 00 00  00 00 00 00 
0DB1EB10: 00 00 07 00  00 00 00 00  00 00 29 00  00 00 00 00 
0DB1EB20: 00 21 07 98  00 00 00 00  00 00 03 00  00 00 00 00 
0DB1EB30: 00 00 00 00  00 00 00 00  00 00 00 00  00 00 00 00 
0DB1EB40: 00 00 00 00  00 00 00 00  00 00 00 00  00 00 00 00 
0DB1EB50: 00 00 00 00  00 00 00 00  00 00 00 00  00 00 00 00 
0DB1EB60: 00 00 00 00  00 00 00 00  00 00 00 00  00 00 00 00 
0DB1EB70: 00 00 00 00  00 00 00 00  00 00 00 00  00 00 00 00 
0DB1EB80: 00 00 00 00  00 00 00 00  00 00 00 00  00 00 00 00 
0DB1EB90: 00 00 00 00  00 00 00 00  00 00 00 00  00 00 00 00 
0DB1EBA0: 00 00 00 00  00 00 00 00  00 00 00 00  00 00 00 00 
0DB1EBB0: 00 00 00 00  00 00 00 00  00 00 20 20  20 20 20 20 
0DB1EBC0: 20 20 20 20  20 20 43 20  20 20 20 20  20 20 20 20 
0DB1EBD0: 20 20 20 20  20 20 20 20  20 20 20 20  20 20 20 20 
0DB1EBE0: 20 20 20 20  20 20 20 20  20 20 20 20  20 20 20 20 
0DB1EBF0: 20 20 20 20  20 20 20 20  20 20 20 20  20 20 20 20 
0DB1EC00: 20 20 20 20  20 20 20 20  20 20 20 20  20 20 20 20 
0DB1EC10: 20 20 20 20  20 20 20 20  20 20 20 20  20 20 20 20 
0DB1EC20: 20 20 20 20  20 20 20 20  20 20 20 20  20 20 20 20 
0DB1EC30: 20 20 20 20  20 20 20 20  20 20 20 20  20 20 20 20 
0DB1EC40: 20 20 20 20  20 20 20 20  20 20 20 20  20 20 20 20 
0DB1EC50: 20 20 20 20  20 20 20 20  20 20 20 20  20 20 20 20 
0DB1EC60: 20 20 20 20  20 20 20 20  20 20 20 20  20 20 20 20 
0DB1EC70: 20 20 20 20  20 20 20 20  20 20 20 20  20 20 20 20 
0DB1EC80: 20 20 20 20  20 20 20 20  20 20 20 20  20 20 20 20 
0DB1EC90: 20 20 20 20  20 20 20 20  20 20 20 20  20 20 20 20 
0DB1ECA0: 20 20 20 20  20 20 20 20  20 20 20 20  20 20 20 20 
0DB1ECB0: 20 20 20 20  20 20 20 20  20 20 20 20  20 20 20 20 
0DB1ECC0: 20 20 20 20  20 20 20 20  20 20 20 20  20 20 20 20 
0DB1ECD0: 20 20 20 20  20 20 20 20  20 20 20 20  20 20 20 20 
0DB1ECE0: 20 20 20 20  20 20 20 20  20 20 20 20  20 20 20 20 
0DB1ECF0: 20 20 20 20  20 20 20 20  20 20 20 20  20 20 20 20 
0DB1ED00: 20 20 20 20  20 20 20 20  20 20 20 20  20 20 20 20 
0DB1ED10: 20 20 20 20  20 20 20 20  20 20 20 20  20 20 20 20 
0DB1ED20: 20 20 20 20  20 20 20 20  20 20 20 20  20 20 20 50 
0DB1ED30: 4F 52 54 4F  20 53 45 47  55 52 4F 20  43 4F 4D 50 
0DB1ED40: 41 4E 48 49  41 20 44 45  20 53 45 47  55 52 4F 53 
0DB1ED50: 20 47 45 52  41 49 53 53  65 67 75 72  61 64 6F 20 
0DB1ED60: 20 20 20 20  20 20 20 20  20 20 20 44  45 53 4D 4F 
0DB1ED70: 4E 54 41 47  45 4D 20 20  20 20 20 20  20 20 20 27 
0DB1ED80: F5 B1 0D 94  1D 48 01 10  89 90 0D 61  00 00 00 4E 
0DB1ED90: E3 6F 20 49  6E 69 63 69  61 64 6F 20  20 20 20 20 
0DB1EDA0: 20 20 20 00  00 00 00 00  00 00 00 00  00 02 90 00 
0DB1EDB0: 00 00 00 00  77 38 00 00  00 00 00 4E  E3 6F 20 63 
0DB1EDC0: 6F 6E 73 75  6C 74 61 64  6F 20 20 20  20 20 20 20 
0DB1EDD0: 20 20 20 20  20 20 20 20  20 20 20 20  20 20 20 20 
0DB1EDE0: 20 20 20 20  20 20 20 20  20 20 20 20  20 20 20 20 
0DB1EDF0: 20 20 20 20  20 20 20 53  45 47 55 52  41 44 4F 52 
0DB1EE00: 41 20 20 20  20 20 20 20  20 20 20 20  20 20 20 20 
0DB1EE10: 20 20 20 20  20 20 20 20  20 20 20 20  20 20 20 4E 
0DB1EE20: E3 6F 20 45  6E 76 69 61  64 6F 20 20  20 20 20 20 
0DB1EE30: 20 20 20 20  20 20 20 20  20 20 20 20  20 20 20 20 
0DB1EE40: 20 20 20 20  20 20 20 20  20 20 20 20  20 20 20 20 
0DB1EE50: 20 20 20 20  20 20 20 20  20 20 20 20  20 20 20 20 
0DB1EE60: 20 20 20 20  20 20 20 20  20 20 20 20  20 20 20 20 
0DB1EE70: 20 20 20 20  20 20 20 20  20 20 20 20  20 20 20 20 
0DB1EE80: 20 20 20 20  20 20 20 20  20 20 20 20  20 20 20 20 
0DB1EE90: 20 20 20 20  20 20 20 20  20 20 20 20  20 20 20 20 
0DB1EEA0: 20 20 20 20  20 20 20 20  20 20 20 20  20 20 20 20 
0DB1EEB0: 20 20 20 20  20 20 20 20  20 20 20 20  20 20 20 20 
0DB1EEC0: 20 20 20 20  20 20 20 20  20 20 20 20  20 20 20 20 
0DB1EED0: 20 20 20 20  20 20 20 20  20 20 20 20  20 20 20 20 
0DB1EEE0: 20 20 20 20  20 20 20 20  20 20 20 20  20 20 20 20 
0DB1EEF0: 20 20 20 20  20 20 20 20  20 20 20 20  20 20 20 20 
0DB1EF00: 20 20 20 20  20 20 20 20  20 20 20 20  20 20 20 20 
0DB1EF10: 20 20 20 20  20 20 20 20  20 20 20 20  20 20 20 20 
0DB1EF20: 20 20 20 20  20 20 20 20  20 20 20 20  20 20 20 20 
0DB1EF30: 20 20 20 20  20 20 20 20  20 20 20 20  20 20 20 20 
0DB1EF40: 20 20 20 20  20 20 20 20  20 20 20 20  20 20 20 20 
0DB1EF50: 20 20 20 20  20 20 20 20  20 20 20 20  20 20 20 20 
0DB1EF60: 20 20 20 20  20 20 20 20  20 20 20 20  20 20 20 20 
0DB1EF70: 20 20 20 20  20 20 20 20  20 20 20 20  20 20 20 20 
0DB1EF80: 20 20 20 20  20 20 20 20  20 20 20 20  20 20 20 20 
0DB1EF90: 20 20 20 20  20 20 20 20  20 20 20 20  20 20 20 20 
0DB1EFA0: 20 20 20 20  20 20 20 20  20 20 20 20  20 20 20 20 
0DB1EFB0: 20 20 20 20  20 20 20 20  20 20 20 20  20 20 20 20 
0DB1EFC0: 20 20 20 20  20 20 20 20  20 20 20 20  20 20 20 20 
0DB1EFD0: 20 20 20 20  20 20 20 20  20 20 20 20  20 20 20 20 
0DB1EFE0: 20 20 20 20  20 20 20 20  20 20 20 20  20 20 20 20 
0DB1EFF0: 20 20 20 20  20 20 20 20  20 20 20 20  20 20 20 20 
0DB1F000: 20 20 20 20  20 20 20 20  20 20 20 20  20 20 20 20 
0DB1F010: 20 20 20 20  20 20 20 20  20 20 20 20  20 20 20 20 
0DB1F020: 20 20 20 20  20 20 20 20  20 20 20 20  20 20 20 20 
0DB1F030: 20 20 20 20  20 20 20 20  20 20 45 4D  20 53 45 52 
0DB1F040: 56 49 C7 4F  20 20 20 20  20 20 20 20  20 20 20 20 
0DB1F050: 20 20 20 20  20 20 20 20  20 20 20 20  20 20 20 20 
0DB1F060: 20 20 20 20  20 20 20 20  20 20 20 20  43 6F 6C 69 
0DB1F070: 73 E3 6F 20  20 20 20 20  20 20 20 20  20 20 20 20 
0DB1F080: 20 20 20 20  20 20 20 20  20 20 32 20  2D 20 56 69 
0DB1F090: 73 74 2E 2F  41 75 74 6F  72 69 7A 61  64 6F 20 20 
0DB1F0A0: 20 20 20 20  20 20 20 20  28 37 37 29  20 39 39 39 
0DB1F0B0: 38 38 20 37  33 32 35 20  28 72 65 73  29 20 2F 20 
0DB1F0C0: 28 37 37 29  20 39 38 38  36 39 20 36  39 36 35 20 
0DB1F0D0: 28 63 6F 6D  29 20 2F 20  43 52 49 53  54 49 41 4E 
0DB1F0E0: 4F 44 41 4E  54 41 53 31  30 30 30 40  48 4F 54 4D 
0DB1F0F0: 41 49 4C 2E  43 4F 4D 20  28 6D 61 69  6C 29 20 20 
0DB1F100: 20 20 20 20  20 20 20 20  20 20 20 20  20 20 20 20 
0DB1F110: 20 20 20 20  20 20 20 20  20 20 20 20  20 20 20 20 
0DB1F120: 20 20 20 20  20 20 20 20  20 20 20 20  20 20 20 20 
0DB1F130: 20 20 20 20  20 20 20 20  20 20 20 20  20 20 20 20 
0DB1F140: 20 20 20 20  20 20 20 20  20 20 20 20  20 20 20 20 
0DB1F150: 20 20 20 20  20 20 20 20  20 20 20 20  20 20 20 20 
0DB1F160: 20 20 20 20  20 20 20 20  20 20 20 20  20 20 20 20 
0DB1F170: 20 20 20 20  20 20 20 20  20 20 20 20  20 20 20 20 
0DB1F180: 20 20 20 20  20 20 20 20  20 20 20 20  20 20 20 20 
0DB1F190: 20 20 20 20  20 20 20 20  20 20 20 20  20 20 20 20 
0DB1F1A0: 20 20 20 20  20 20 20 20  20 20 20 20  20 20 20 20 
0DB1F1B0: 20 20 20 20  20 20 20 20  20 20 20 20  20 20 20 20 
0DB1F1C0: 20 20 20 20  20 20 20 20  20 20 20 20  20 20 20 20 
0DB1F1D0: 20 20 20 20  20 20 20 20  20 20 20 20  20 20 20 20 
0DB1F1E0: 20 20 20 20  20 20 20 20  20 20 20 20  20 20 20 20 
0DB1F1F0: 20 20 20 20  20 20 20 20  20 20 20 20  20 20 20 20 
0DB1F200: 20 20 20 20  20 20 20 20  20 20 20 20  20 20 20 20 
0DB1F210: 20 20 20 20  20 20 20 20  20 20 20 20  20 20 20 20 
0DB1F220: 20 20 20 20  20 20 20 20  20 20 20 20  20 20 20 20 
0DB1F230: 20 20 20 20  20 20 20 20  20 20 20 20  20 20 20 20 
0DB1F240: 20 20 20 20  20 20 20 20  20 20 20 20  20 20 20 20 
0DB1F250: 20 20 20 20  20 20 20 20  20 20 20 20  20 20 20 20 
0DB1F260: 20 20 20 20  20 20 20 20  20 20 20 20  20 20 20 20 
0DB1F270: 20 20 20 20  20 20 20 20  20 20 20 20  20 20 20 20 
0DB1F280: 20 20 20 20  20 20 20 20  20 20 20 20  20 20 20 20 
0DB1F290: 20 20 20 20  20 20 20 20  20 20 20 20  20 20 20 20 
0DB1F2A0: 20 20 20 20  20 20 20 20  20 20 20 20  20 20 20 20 
0DB1F2B0: 20 20 20 20  20 20 20 20  20 20 20 20  20 20 20 20 
0DB1F2C0: 20 20 20 20  20 20 20 20  20 34 20 20  20 20 20 20 
0DB1F2D0: 20 20 20 20  20 20 20 20  20 20 45 20  20 41 4C 41 
0DB1F2E0: 4E 20 52 45  49 53 20 53  49 4C 56 41  20 20 20 20 
0DB1F2F0: 20 20 20 20  20 20 20 20  20 20 20 20  20 20 20 20 
0DB1F300: 20 20 20 20  20 20 20 20  20 20 20 20  20 20 20 20 
0DB1F310: 20 20 20 20  20 20 20 20  20 52 20 53  61 6E 74 69 
0DB1F320: 61 67 6F 20  34 38 20 20  20 20 20 20  20 20 20 20 
0DB1F330: 20 20 20 20  20 20 20 20  20 20 20 20  20 20 20 20 
0DB1F340: 20 20 20 20  20 20 20 20  20 20 20 20  20 20 20 20 
0DB1F350: 20 20 20 20  20 20 20 20  20 20 20 20  20 20 20 20 
0DB1F360: 20 20 20 20  20 20 20 20  20 4A 75 72  65 6D 61 20 
0DB1F370: 20 20 20 20  20 20 20 20  20 20 20 20  20 20 20 20 
0DB1F380: 20 20 20 20  20 20 20 56  69 74 6F 72  69 61 20 64 
0DB1F390: 61 20 43 6F  6E 71 75 69  73 74 61 20  20 20 20 20 
0DB1F3A0: 20 20 20 20  20 42 41 20  20 20 20 20  20 20 20 20 
0DB1F3B0: 20 20 20 20  20 20 20 20  20 34 35 30  32 33 2D 30 
0DB1F3C0: 31 30 20 30  34 31 2E 38  98 95 60 1C  00 00 00 00 
0DB1F3D0: 03 00 00 00  00 00 00 03  20 00 00 00  00 00 00 00 
0DB1F3E0: 00 00 00 00  00 00 00 00  00 00 00 00  00 00 00 00 
0DB1F3F0: 00 00 00 00  00 00 00 00  00 00 00 00  00 00 00 00 
0DB1F400: 00 00 00 00  00 00 00 00  00 00 00 00  00 00 00 00 
0DB1F410: 00 00 00 00  00 00 00 00  00 00 00 00  00 00 00 00 
0DB1F420: 00 00 00 00  00 00 00 00  00 00 00 00  00 00 00 00 
0DB1F430: 00 00 00 00  00 68 1F 95  0D 00 00 00  00 00 00 02 
0DB1F440: 00 00 00 00  00 00 00 00  00 00 00 00  00 20 20 20 
0DB1F450: 20 20 20 20  20 20 20 20  20 20 20 20  20 20 20 20 
0DB1F460: 20 20 20 20  20 20 20 20  20 20 20 20  20 20 20 20 
0DB1F470: 20 20 20 20  20 20 20 20  20 20 20 20  20 20 20 20 
0DB1F480: 20 20 20 20  20 20 20 20  20 20 20 20  20 20 20 20 
0DB1F490: 20 00 00 00  00 00 00 00  00 00 00 76  37 01 00 76 
0DB1F4A0: 37 01 00 00  00 00 00 00  00 00 00 48  F0 6E 1B 00 
0DB1F4B0: 00 00 00 00  00 01 00 00  00 00 00 00  00 00 00 00 
0DB1F4C0: 00 00 00 20  20 88 51 67  1C 48 EE 6E  1B 40 91 60 
0DB1F4D0: 1C 58 6C 91  0D 00 00 00  00 00 00 00  20 20 20 20 
0DB1F4E0: 20 20 20 20  20 20 20 20  20 20 20 20  20 20 20 20 
0DB1F4F0: 20 20 20 20  20 20 20 20  20 20 20 20  20 20 20 20 
0DB1F500: 20 20 20 20  20 20 20 20  20 20 20 20  20 20 20 20 
0DB1F510: 20 20 20 20  20 20 20 20  00 00 00 00  00 00 00 00 
0DB1F520: 00 00 00 00  00 07 00 34  03 00 00 44  45 53 4D 4F 
0DB1F530: 4E 54 41 47  45 4D 20 20  20 20 20 20  20 20 20 20 
0DB1F540: 20 20 20 20  20 20 20 20  20 20 20 20  20 20 20 20 
0DB1F550: 20 20 20 4E  E3 6F 20 49  6E 69 63 69  61 64 6F 20 
0DB1F560: 20 20 20 20  20 20 20 20  20 20 20 20  20 20 20 20 
0DB1F570: 20 20 20 20  20 20 20 20  20 20 20 01  07 00 00 00 
0DB1F580: 00 00 00 00  00 00 55 38  01 43 20 47  20 80 5F 95 
0DB1F590: 0D 05 00 00  00 07 00 00  00 01 00 01  01 01 01 01 
0DB1F5A0: 00 00 00 00  00 00 00 00  00 01 01 00  00 00 34 03 
0DB1F5B0: 00 00 00 00  00 00 20 20  20 20 20 20  20 20 1C F6 
0DB1F5C0: B1 0D 24 34  48 01 A0 1D  67 1C 1B 00  00 00 03 F6 
0DB1F5D0: B1 0D DC 33  48 01 D8 64  94 0D 19 00  00 00 18 A0 
0DB1F5E0: 64 1C 18 1F  48 01 38 D1  7D 1C 00 10  00 00 18 A0 
0DB1F5F0: 64 1C 00 00  00 00 88 6F  95 0D 00 00  00 00 00 00 
0DB1F600: 00 01 00 53  4F 4D 41 20  49 6E 69 63  69 61 6C 20 
0DB1F610: 20 20 20 20  20 20 20 01  20 03 00 00  53 45 52 56 
0DB1F620: 49 C7 4F 53  20 20 20 20  20 20 20 20  20 20 20 20 
0DB1F630: 02 00 00 00  01 00 01 00  B1 FD B1 0D  AC 33 48 01 
0DB1F640: 00 00 00 00  22 00 00 00  54 52 4F 43  41 52 20 20 
0DB1F650: 20 20 20 20  20 20 20 20  20 20 20 20  39 33 33 37 
0DB1F660: 38 34 32 38  20 20 20 20  20 20 20 20  20 20 20 20 
0DB1F670: 39 33 33 37  38 34 32 38  20 20 20 20  20 20 20 20 
0DB1F680: 20 20 20 20  50 41 52 41  43 48 4F 51  55 45 20 44 
0DB1F690: 49 41 4E 54  20 4F 55 20  43 41 50 41  20 28 63 69 
0DB1F6A0: 6E 7A 61 29  20 20 20 20  20 20 20 20  20 20 20 20 
0DB1F6B0: 20 20 20 20  20 20 20 20  20 20 20 20  20 20 20 20 
0DB1F6C0: 20 20 20 20  20 20 20 20  20 20 20 20  20 20 20 20 
0DB1F6D0: 20 20 20 20  20 20 20 20  20 20 20 20  20 20 20 20 
0DB1F6E0: 20 20 20 20  20 20 20 20  20 20 20 20  20 20 20 20 
0DB1F6F0: 20 20 20 20  20 20 20 20  20 20 20 20  20 20 20 20 
0DB1F700: 20 20 20 20  20 20 20 20  20 20 20 20  20 20 20 20 
0DB1F710: 00 00 00 00  00 10 00 00  00 00 09 41  22 00 00 00 
0DB1F720: 00 07 52 97  60 20 20 20  20 20 20 20  20 20 20 20 
0DB1F730: 20 20 20 20  20 20 20 20  20 20 00 00  00 00 02 00 
0DB1F740: 00 00 00 00  05 17 67 00  00 00 00 00  02 35 30 60 
0DB1F750: 00 00 00 00  00 31 25 01  00 00 68 74  99 20 20 20 
0DB1F760: 20 20 20 20  20 20 20 20  20 20 20 20  20 20 20 20 
0DB1F770: 20 20 20 20  20 20 20 20  20 20 20 20  20 20 20 20 
0DB1F780: 20 20 20 20  20 20 20 20  20 20 20 20  20 20 20 20 
0DB1F790: 20 20 20 20  20 20 20 20  20 20 20 20  20 20 20 20 
0DB1F7A0: 20 20 20 20  20 20 20 20  20 20 20 20  20 20 20 20 
0DB1F7B0: 20 20 20 20  20 20 20 20  20 20 20 20  20 20 20 20 
0DB1F7C0: 20 20 20 20  20 20 20 20  20 20 20 20  20 20 20 20 
0DB1F7D0: 20 20 20 20  20 20 20 20  20 20 20 20  20 20 20 20 
0DB1F7E0: 20 20 20 20  20 20 20 20  20 20 20 20  20 20 20 20 
0DB1F7F0: 20 20 20 20  20 20 20 20  20 20 20 20  20 20 20 20 
0DB1F800: 20 20 20 20  20 20 20 20  20 20 20 20  20 20 20 20 
0DB1F810: 20 20 20 20  20 20 20 20  20 20 20 20  20 20 20 20 
0DB1F820: 20 20 20 20  20 20 20 20  20 20 20 20  20 20 20 20 
0DB1F830: 20 20 20 20  20 20 20 20  20 20 20 20  20 20 20 20 
0DB1F840: 20 20 20 20  20 20 20 20  20 20 20 20  20 20 20 20 
0DB1F850: 20 20 20 20  20 20 20 20  20 20 20 20  20 20 20 20 
0DB1F860: 20 20 20 20  20 20 20 20  20 20 20 20  20 20 20 20 
0DB1F870: 20 20 20 20  20 20 20 20  20 20 4E 46  20 20 20 20 
0DB1F880: 20 20 20 20  20 20 20 20  20 20 20 20  20 20 20 20 
0DB1F890: 20 20 20 20  20 20 20 20  20 20 20 20  20 20 20 20 
0DB1F8A0: 20 20 20 20  20 20 20 20  20 20 20 20  30 30 30 36 
0DB1F8B0: 39 34 20 20  20 20 20 20  20 20 20 20  20 20 20 20 
0DB1F8C0: 20 20 20 20  20 20 20 20  20 20 20 20  20 20 20 20 
0DB1F8D0: 20 20 20 20  00 00 00 00  00 45 45 48  B0 B2 50 01 
0DB1F8E0: 35 F9 B1 0D  07 04 3C F9  B1 0D 07 03  43 F9 B1 0D 
0DB1F8F0: 07 04 4A F9  B1 0D 07 04  51 F9 B1 0D  07 04 58 F9 
0DB1F900: B1 0D 07 04  5F F9 B1 0D  03 00 62 F9  B1 0D 00 00 
0DB1F910: 00 00 00 00  00 00 00 00  00 00 00 00  00 00 00 00 
0DB1F920: 00 00 00 00  00 00 00 00  00 00 00 00  00 00 00 00 
0DB1F930: 00 00 00 00  01 00 00 00  00 46 72 73  00 00 00 00 
0DB1F940: 01 10 00 00  00 00 00 00  00 00 00 00  00 00 00 00 
0DB1F950: 00 00 00 00  00 00 00 00  00 00 00 05  14 00 03 00 
0DB1F960: 00 02 01 00  00 00 00 00  00 00 00 00  00 00 00 00 
0DB1F970: 00 00 00 00  00 00 00 00  00 00 00 00  00 00 00 00 
0DB1F980: 00 00 00 00  00 00 00 00  00 00 00 C8  27 20 10 00 
0DB1F990: 00 00 00 46  72 73 00 00  00 00 00 00  00 00 00 00 
0DB1F9A0: 00 00 00 00  00 00 00 00  00 00 00 00  00 00 00 00 
0DB1F9B0: 00 00 00 00  00 00 00 00  00 00 20 20  20 20 20 20 
0DB1F9C0: 20 20 20 20  20 20 20 20  20 20 20 20  20 20 20 20 
0DB1F9D0: 20 20 20 20  20 20 20 20  20 20 20 20  20 20 20 20 
0DB1F9E0: 20 20 20 20  20 20 20 20  20 20 20 20  20 20 20 20 
0DB1F9F0: 20 20 20 20  20 20 20 20  20 20 20 20  20 20 20 20 
0DB1FA00: 20 20 20 20  20 20 20 20  20 20 20 20  20 20 20 20 
0DB1FA10: 20 20 20 20  20 20 20 20  20 20 20 20  20 20 20 20 
0DB1FA20: 20 20 20 20  20 20 20 20  20 20 20 20  20 20 20 20 
0DB1FA30: 20 20 20 20  20 20 20 20  20 20 20 20  20 20 20 20 
0DB1FA40: 20 20 20 20  20 20 20 20  20 20 20 20  20 20 20 20 
0DB1FA50: 20 20 20 20  20 20 20 20  20 20 20 20  20 20 20 20 
0DB1FA60: 20 20 20 20  20 20 20 20  20 20 20 20  20 20 20 20 
0DB1FA70: 20 20 20 20  20 20 20 20  20 20 20 20  20 20 20 20 
0DB1FA80: 20 20 20 20  20 20 20 20  20 20 20 20  20 20 20 20 
0DB1FA90: 20 20 20 20  20 20 20 20  20 20 20 20  20 20 20 20 
0DB1FAA0: 20 20 20 20  20 20 20 20  20 20 20 20  20 20 20 20 
0DB1FAB0: 20 20 20 20  20 20 20 20  20 38 37 30  38 31 30 30 
0DB1FAC0: 30 20 20 20  20 20 20 20  20 20 20 20  20 20 20 20 
0DB1FAD0: 20 20 20 20  20 20 20 20  20 20 20 20  20 20 20 20 
0DB1FAE0: 20 20 20 20  20 20 20 20  20 20 20 20  20 20 20 20 
0DB1FAF0: 20 20 20 20  20 20 20 20  20 20 20 20  20 20 20 2F 
0DB1FB00: FC B1 0D 30  2B 48 01 20  88 4C 0E 81  00 00 00 90 
0DB1FB10: D0 60 1C 30  2E 48 01 F8  1B 7E 1C 0B  01 00 00 00 
0DB1FB20: 20 00 00 00  00 00 00 00  00 00 00 00  00 00 00 00 
0DB1FB30: 00 00 00 00  00 00 00 00  00 00 00 00  00 00 00 00 
0DB1FB40: 00 00 00 00  00 00 00 00  00 00 00 00  00 00 00 00 
0DB1FB50: 00 00 00 00  00 00 00 00  00 00 00 00  00 00 00 00 
0DB1FB60: 00 00 00 00  00 00 00 00  00 00 00 00  00 00 00 00 
0DB1FB70: 00 00 00 60  B6 95 0D 40  1A 48 01 00  00 00 00 12 
0DB1FB80: 01 00 00 50  2E 20 56 65  6E 64 61 20  20 20 20 20 
0DB1FB90: 20 20 20 20  20 20 20 20  20 20 20 20  20 20 20 20 
0DB1FBA0: 20 20 20 20  20 20 20 20  20 20 20 20  20 20 20 20 
0DB1FBB0: 20 20 20 20  20 20 20 20  20 20 20 20  20 20 20 20 
0DB1FBC0: 20 20 20 20  20 20 20 20  20 20 20 20  20 20 20 20 
0DB1FBD0: 20 20 20 20  20 20 20 20  20 20 20 20  20 20 20 20 
0DB1FBE0: 20 20 20 20  20 20 20 20  20 20 20 20  20 20 20 20 
0DB1FBF0: 20 20 20 20  20 20 20 20  20 20 20 4A  FD B1 0D E4 
0DB1FC00: 19 48 01 D0  C1 6F 1B 3D  00 00 00 20  20 20 20 20 
0DB1FC10: 20 20 20 20  20 20 20 20  20 20 20 20  20 20 20 28 
0DB1FC20: FD B1 0D C8  2A 48 01 20  7D 48 0E 0A  00 00 00 20 
0DB1FC30: 20 20 20 20  20 20 20 20  20 20 20 20  20 20 20 20 
0DB1FC40: 20 20 20 20  20 20 20 20  20 20 20 20  20 20 20 20 
0DB1FC50: 20 20 20 20  20 20 20 20  20 20 20 20  20 20 20 20 
0DB1FC60: 20 00 00 00  00 00 00 00  00 00 00 00  96 00 00 00 
0DB1FC70: 0A 00 00 00  20 20 20 20  20 20 20 20  20 20 20 20 
0DB1FC80: 20 20 20 20  20 20 20 20  00 00 00 00  00 00 00 00 
0DB1FC90: 44 72 6F 70  4C 69 73 74  20 20 00 20  20 20 20 20 
0DB1FCA0: 20 20 20 20  20 20 20 20  20 20 20 20  20 20 20 00 
0DB1FCB0: 60 B6 95 0D  10 C6 66 1C  00 00 80 00  00 FF 00 00 
0DB1FCC0: FF FF FF FF  00 80 00 00  00 00 80 00  FF FF 00 00 
0DB1FCD0: FF FF FF FF  FF D2 00 00  42 00 00 00  00 00 80 00 
0DB1FCE0: FF 53 53 00  FF FF FF FF  FF 00 00 00  21 00 00 00 
0DB1FCF0: 00 00 80 00  FF 53 53 00  FF FF FF FF  FF 00 00 00 
0DB1FD00: 00 00 80 00  FF FF 00 00  FF FF FF FF  FF D2 00 00 
0DB1FD10: 28 00 00 00  00 00 80 00  00 FF 00 00  FF FF FF FF 
0DB1FD20: 00 80 00 00  19 00 00 00  00 00 23 00  00 00 08 00 
0DB1FD30: 00 00 00 40  C5 96 0D 00  00 00 00 00  00 00 00 01 
0DB1FD40: 00 00 60 7C  91 0D 05 00  00 00 03 00  00 00 00 4D 
0DB1FD50: 45 43 41 4E  49 43 41 20  20 20 20 20  20 20 20 20 
0DB1FD60: 20 20 20 20  20 20 20 20  20 20 20 20  20 20 20 20 
0DB1FD70: 20 20 4D 65  63 E2 6E 69  63 61 20 20  20 20 20 20 
0DB1FD80: 20 20 20 20  20 20 01 00  58 10 00 00  20 40 DE 6E 
0DB1FD90: 1B 90 D0 60  1C 01 01 00  01 01 01 00  00 00 00 01 
0DB1FDA0: 01 00 00 00  00 6E 60 1C  00 70 AE 95  0D C8 96 60 
0DB1FDB0: 1C 20 20 20  20 20 20 20  20 20 20 20  20 20 20 20 
0DB1FDC0: 20 20 20 20  20 20 20 20  20 20 20 20  20 20 20 00 
0DB1FDD0: 00 00 00 00  E4 FD B1 0D  00 99 47 01  78 08 52 0E 
0DB1FDE0: D0 00 00 00  53 49 54 55  41 C7 C3 4F  20 43 4F 4D 
0DB1FDF0: 45 52 43 49  41 4C 20 20  20 20 20 20  20 20 20 20 
0DB1FE00: 20 20 20 20  20 20 20 20  20 20 20 20  00 00 50 65 
0DB1FE10: 73 71 2E 20  53 61 74 69  73 66 61 E7  E3 6F 20 20 
0DB1FE20: 20 20 20 20  20 20 20 20  20 20 20 20  20 20 20 20 
0DB1FE30: 20 20 20 20  20 20 20 20  20 20 20 20  20 20 20 20 
0DB1FE40: 20 20 20 20  20 20 20 20  20 20 20 20  20 20 20 20 
0DB1FE50: 20 20 20 20  20 20 20 20  20 20 20 20  20 20 20 20 
0DB1FE60: 20 20 20 20  20 20 20 20  20 20 20 20  20 20 20 20 
0DB1FE70: 20 20 20 20  20 20 20 20  20 20 20 20  20 20 20 20 
0DB1FE80: 20 20 20 20  20 20 20 20  20 20 20 20  20 20 20 20 
0DB1FE90: 20 20 20 20  20 20 20 20  20 20 20 20  20 20 20 20 
0DB1FEA0: 20 20 20 20  20 20 20 20  20 20 20 20  20 20 20 20 
0DB1FEB0: 20 20 20 01  08 8B 44 0E  BC FE B1 0D  FC FE B1 0D 
0DB1FEC0: 95 5E 3B 01  48 0E DE 0A  48 FF B1 0D  48 FF B1 0D 
0DB1FED0: 94 FF 42 72  77 4F 53 53  74 61 72 74  78 A0 60 1C 
0DB1FEE0: 00 10 00 00  F7 D9 0B 01  10 2A 13 01  56 59 11 01 
0DB1FEF0: 48 FF B1 0D  20 92 5B 00  2E C4 0B 01  94 FF B1 0D 
0DB1FF00: 1C D7 0B 01  CC FF B1 0D  CC FF B1 0D  71 59 11 01 
0DB1FF10: 48 FF B1 0D  48 FF B1 0D  48 FF B1 0D  04 00 00 00 
0DB1FF20: 1C D7 0B 01  48 FF B1 0D  2C D7 0B 01  68 FF B1 0D 
0DB1FF30: 94 FF B1 0D  48 FF B1 0D  48 0E DE 0A  00 00 00 00 
0DB1FF40: 52 23 7E 77  48 0E DE 0A  10 2A 13 01  00 00 00 00 
0DB1FF50: 04 00 00 00  78 2A 13 01  48 0E DE 0A  BC D7 0B 01 
0DB1FF60: 2C D7 0B 01  48 0E DE 0A  00 00 00 00  14 B0 00 00 
0DB1FF70: 00 00 00 00  00 00 00 00  86 EF 8B 7B  80 02 00 00 
0DB1FF80: 63 00 00 00  04 7C 6E 75  48 0E DE 0A  E0 7B 6E 75 
0DB1FF90: 9E 2F 7B C9  DC FF B1 0D  8F AD 90 77  48 0E DE 0A 
0DB1FFA0: 0B 56 9D CB  00 00 00 00  00 00 00 00  48 0E DE 0A 
0DB1FFB0: 00 00 00 00  00 00 00 00  00 00 00 00  00 00 00 00 
0DB1FFC0: 0B 56 9D CB  A0 FF B1 0D  00 00 00 00  E4 FF B1 0D 
0DB1FFD0: A0 74 94 77  77 04 BC B1  00 00 00 00  EC FF B1 0D 
0DB1FFE0: 5A AD 90 77  FF FF FF FF  B5 00 8F 77  00 00 00 00 
0DB1FFF0: 00 00 00 00  2C D7 0B 01  48 0E DE 0A  00 00 00 00 
